2019-04-19 21:27:45.351  INFO 4216 --- [restartedMain] c.e.candiandian.CandiandianApplication   : Starting CandiandianApplication on DESKTOP-KJ8GN76 with PID 4216 (I:\learn\java\ideaWorkspace\candiandian\target\classes started by dingmengdi in I:\learn\java\ideaWorkspace\candiandian)
2019-04-19 21:27:45.352  INFO 4216 --- [restartedMain] c.e.candiandian.CandiandianApplication   : No active profile set, falling back to default profiles: default
2019-04-19 21:27:45.669  INFO 4216 --- [background-preinit] o.h.validator.internal.util.Version      : HV000001: Hibernate Validator 5.3.5.Final
2019-04-19 21:27:45.945  INFO 4216 --- [restartedMain] ationConfigEmbeddedWebApplicationContext : Refreshing org.springframework.boot.context.embedded.AnnotationConfigEmbeddedWebApplicationContext@209b71ca: startup date [Fri Apr 19 21:27:45 CST 2019]; root of context hierarchy
2019-04-19 21:27:47.683  INFO 4216 --- [restartedMain] .s.d.r.c.RepositoryConfigurationDelegate : Multiple Spring Data modules found, entering strict repository configuration mode!
2019-04-19 21:27:47.857  INFO 4216 --- [restartedMain] .s.d.r.c.RepositoryConfigurationDelegate : Multiple Spring Data modules found, entering strict repository configuration mode!
2019-04-19 21:27:47.927  INFO 4216 --- [restartedMain] .RepositoryConfigurationExtensionSupport : Spring Data Redis - Could not safely identify store assignment for repository candidate interface cn.edkso.candiandian.dao.RestaurantImgDao.
2019-04-19 21:27:47.927  INFO 4216 --- [restartedMain] .RepositoryConfigurationExtensionSupport : Spring Data Redis - Could not safely identify store assignment for repository candidate interface cn.edkso.candiandian.dao.OrderDetailDao.
2019-04-19 21:27:47.928  INFO 4216 --- [restartedMain] .RepositoryConfigurationExtensionSupport : Spring Data Redis - Could not safely identify store assignment for repository candidate interface cn.edkso.candiandian.dao.OrderMasterDao.
2019-04-19 21:27:47.928  INFO 4216 --- [restartedMain] .RepositoryConfigurationExtensionSupport : Spring Data Redis - Could not safely identify store assignment for repository candidate interface cn.edkso.candiandian.dao.StoreDao.
2019-04-19 21:27:47.929  INFO 4216 --- [restartedMain] .RepositoryConfigurationExtensionSupport : Spring Data Redis - Could not safely identify store assignment for repository candidate interface cn.edkso.candiandian.dao.UserDao.
2019-04-19 21:27:47.930  INFO 4216 --- [restartedMain] .RepositoryConfigurationExtensionSupport : Spring Data Redis - Could not safely identify store assignment for repository candidate interface cn.edkso.candiandian.dao.ProductDao.
2019-04-19 21:27:47.930  INFO 4216 --- [restartedMain] .RepositoryConfigurationExtensionSupport : Spring Data Redis - Could not safely identify store assignment for repository candidate interface cn.edkso.candiandian.dao.RestaurantDao.
2019-04-19 21:27:49.558  INFO 4216 --- [restartedMain] s.b.c.e.t.TomcatEmbeddedServletContainer : Tomcat initialized with port(s): 8080 (http)
2019-04-19 21:27:49.591  INFO 4216 --- [restartedMain] o.apache.catalina.core.StandardService   : Starting service [Tomcat]
2019-04-19 21:27:49.592  INFO 4216 --- [restartedMain] org.apache.catalina.core.StandardEngine  : Starting Servlet Engine: Apache Tomcat/8.5.16
2019-04-19 21:27:49.710  INFO 4216 --- [localhost-startStop-1] o.a.c.c.C.[.[localhost].[/candiandian]   : Initializing Spring embedded WebApplicationContext
2019-04-19 21:27:49.710  INFO 4216 --- [localhost-startStop-1] o.s.web.context.ContextLoader            : Root WebApplicationContext: initialization completed in 3765 ms
2019-04-19 21:27:50.096  INFO 4216 --- [localhost-startStop-1] o.s.b.w.servlet.ServletRegistrationBean  : Mapping servlet: 'dispatcherServlet' to [/]
2019-04-19 21:27:50.099  INFO 4216 --- [localhost-startStop-1] o.s.b.w.servlet.FilterRegistrationBean   : Mapping filter: 'characterEncodingFilter' to: [/*]
2019-04-19 21:27:50.100  INFO 4216 --- [localhost-startStop-1] o.s.b.w.servlet.FilterRegistrationBean   : Mapping filter: 'springSessionRepositoryFilter' to: [/*]
2019-04-19 21:27:50.100  INFO 4216 --- [localhost-startStop-1] o.s.b.w.servlet.FilterRegistrationBean   : Mapping filter: 'hiddenHttpMethodFilter' to: [/*]
2019-04-19 21:27:50.100  INFO 4216 --- [localhost-startStop-1] o.s.b.w.servlet.FilterRegistrationBean   : Mapping filter: 'httpPutFormContentFilter' to: [/*]
2019-04-19 21:27:50.100  INFO 4216 --- [localhost-startStop-1] o.s.b.w.servlet.FilterRegistrationBean   : Mapping filter: 'requestContextFilter' to: [/*]
2019-04-19 21:27:52.668  INFO 4216 --- [restartedMain] j.LocalContainerEntityManagerFactoryBean : Building JPA container EntityManagerFactory for persistence unit 'default'
2019-04-19 21:27:52.760  INFO 4216 --- [restartedMain] o.hibernate.jpa.internal.util.LogHelper  : HHH000204: Processing PersistenceUnitInfo [
	name: default
	...]
2019-04-19 21:27:52.909  INFO 4216 --- [restartedMain] org.hibernate.Version                    : HHH000412: Hibernate Core {5.0.12.Final}
2019-04-19 21:27:52.910  INFO 4216 --- [restartedMain] org.hibernate.cfg.Environment            : HHH000206: hibernate.properties not found
2019-04-19 21:27:52.911  INFO 4216 --- [restartedMain] org.hibernate.cfg.Environment            : HHH000021: Bytecode provider name : javassist
2019-04-19 21:27:53.018  INFO 4216 --- [restartedMain] o.hibernate.annotations.common.Version   : HCANN000001: Hibernate Commons Annotations {5.0.1.Final}
2019-04-19 21:27:53.280  INFO 4216 --- [restartedMain] org.hibernate.dialect.Dialect            : HHH000400: Using dialect: org.hibernate.dialect.MySQL5Dialect
2019-04-19 21:27:53.964  INFO 4216 --- [restartedMain] j.LocalContainerEntityManagerFactoryBean : Initialized JPA EntityManagerFactory for persistence unit 'default'
2019-04-19 21:27:54.718  INFO 4216 --- [restartedMain] s.w.s.m.m.a.RequestMappingHandlerAdapter : Looking for @ControllerAdvice: org.springframework.boot.context.embedded.AnnotationConfigEmbeddedWebApplicationContext@209b71ca: startup date [Fri Apr 19 21:27:45 CST 2019]; root of context hierarchy
2019-04-19 21:27:54.788  INFO 4216 --- [restartedMain] s.w.s.m.m.a.RequestMappingHandlerMapping : Mapped "{[/buyer/order/create || /seller/order/create],methods=[POST]}" onto public java.util.List<cn.edkso.candiandian.domain.OrderMaster> cn.edkso.candiandian.controller.OrderController.create(cn.edkso.candiandian.form.RestaurantForm)
2019-04-19 21:27:54.789  INFO 4216 --- [restartedMain] s.w.s.m.m.a.RequestMappingHandlerMapping : Mapped "{[/buyer/order/cancel || /seller/order/cancel],methods=[POST]}" onto public java.lang.String cn.edkso.candiandian.controller.OrderController.cancel(java.lang.String)
2019-04-19 21:27:54.790  INFO 4216 --- [restartedMain] s.w.s.m.m.a.RequestMappingHandlerMapping : Mapped "{[/buyer/order/findAll || /seller/order/findAll],methods=[POST]}" onto public java.util.List<cn.edkso.candiandian.dto.OrderDTO> cn.edkso.candiandian.controller.OrderController.findAll(java.lang.String)
2019-04-19 21:27:54.790  INFO 4216 --- [restartedMain] s.w.s.m.m.a.RequestMappingHandlerMapping : Mapped "{[/buyer/order/productRank || /seller/order/productRank],methods=[POST]}" onto public cn.edkso.candiandian.vo.ResuleVo<java.util.List<cn.edkso.candiandian.domain.Product>> cn.edkso.candiandian.controller.OrderController.productRank()
2019-04-19 21:27:54.790  INFO 4216 --- [restartedMain] s.w.s.m.m.a.RequestMappingHandlerMapping : Mapped "{[/buyer/order/finshSend || /seller/order/finshSend],methods=[POST]}" onto public java.lang.String cn.edkso.candiandian.controller.OrderController.finshSend(java.lang.String,java.lang.String)
2019-04-19 21:27:54.790  INFO 4216 --- [restartedMain] s.w.s.m.m.a.RequestMappingHandlerMapping : Mapped "{[/buyer/order/waitOrder || /seller/order/waitOrder],methods=[POST]}" onto public cn.edkso.candiandian.vo.ResuleVo<cn.edkso.candiandian.domain.Store> cn.edkso.candiandian.controller.OrderController.waitOrder()
2019-04-19 21:27:54.791  INFO 4216 --- [restartedMain] s.w.s.m.m.a.RequestMappingHandlerMapping : Mapped "{[/buyer/order/receivedOrder || /seller/order/receivedOrder],methods=[POST]}" onto public cn.edkso.candiandian.vo.ResuleVo cn.edkso.candiandian.controller.OrderController.receivedOrder(java.lang.String)
2019-04-19 21:27:54.791  INFO 4216 --- [restartedMain] s.w.s.m.m.a.RequestMappingHandlerMapping : Mapped "{[/buyer/order/achivedOrder || /seller/order/achivedOrder],methods=[POST]}" onto public cn.edkso.candiandian.vo.ResuleVo cn.edkso.candiandian.controller.OrderController.achivedOrder(java.lang.String)
2019-04-19 21:27:54.791  INFO 4216 --- [restartedMain] s.w.s.m.m.a.RequestMappingHandlerMapping : Mapped "{[/buyer/order/toPay || /seller/order/toPay],methods=[POST]}" onto public java.lang.String cn.edkso.candiandian.controller.OrderController.toPay(java.util.List<java.lang.String>)
2019-04-19 21:27:54.791  INFO 4216 --- [restartedMain] s.w.s.m.m.a.RequestMappingHandlerMapping : Mapped "{[/buyer/order/orderSum || /seller/order/orderSum],methods=[POST]}" onto public cn.edkso.candiandian.vo.ResuleVo<java.lang.Integer> cn.edkso.candiandian.controller.OrderController.orderSum()
2019-04-19 21:27:54.792  INFO 4216 --- [restartedMain] s.w.s.m.m.a.RequestMappingHandlerMapping : Mapped "{[/buyer/order/buyerSum || /seller/order/buyerSum]}" onto public cn.edkso.candiandian.vo.ResuleVo<cn.edkso.candiandian.dto.IndexShowDTO> cn.edkso.candiandian.controller.OrderController.buyerSum()
2019-04-19 21:27:54.792  INFO 4216 --- [restartedMain] s.w.s.m.m.a.RequestMappingHandlerMapping : Mapped "{[/buyer/order/receiveSend || /seller/order/receiveSend],methods=[POST]}" onto public java.lang.String cn.edkso.candiandian.controller.OrderController.receiveSend(java.lang.String,java.lang.String)
2019-04-19 21:27:54.792  INFO 4216 --- [restartedMain] s.w.s.m.m.a.RequestMappingHandlerMapping : Mapped "{[/buyer/order/sendOrder || /seller/order/sendOrder],methods=[POST]}" onto public cn.edkso.candiandian.vo.ResuleVo<cn.edkso.candiandian.domain.Store> cn.edkso.candiandian.controller.OrderController.sendingOrder(java.lang.Integer,java.lang.Integer)
2019-04-19 21:27:54.793  INFO 4216 --- [restartedMain] s.w.s.m.m.a.RequestMappingHandlerMapping : Mapped "{[/buyer/order/finishOrder || /seller/order/finishOrder],methods=[POST]}" onto public cn.edkso.candiandian.vo.ResuleVo<cn.edkso.candiandian.domain.Store> cn.edkso.candiandian.controller.OrderController.finishOrder(java.lang.Integer,java.lang.Integer)
2019-04-19 21:27:54.793  INFO 4216 --- [restartedMain] s.w.s.m.m.a.RequestMappingHandlerMapping : Mapped "{[/buyer/order/acceptOrder || /seller/order/acceptOrder],methods=[POST]}" onto public cn.edkso.candiandian.vo.ResuleVo<cn.edkso.candiandian.domain.Store> cn.edkso.candiandian.controller.OrderController.acceptOrder(java.lang.Integer,java.lang.Integer)
2019-04-19 21:27:54.793  INFO 4216 --- [restartedMain] s.w.s.m.m.a.RequestMappingHandlerMapping : Mapped "{[/buyer/order/orderPriceSum || /seller/order/orderPriceSum],methods=[POST]}" onto public cn.edkso.candiandian.vo.ResuleVo<java.math.BigDecimal> cn.edkso.candiandian.controller.OrderController.orderPriceSum()
2019-04-19 21:27:54.793  INFO 4216 --- [restartedMain] s.w.s.m.m.a.RequestMappingHandlerMapping : Mapped "{[/buyer/order/sendedOrder || /seller/order/sendedOrder],methods=[POST]}" onto public cn.edkso.candiandian.vo.ResuleVo cn.edkso.candiandian.controller.OrderController.sendedOrder(java.lang.String)
2019-04-19 21:27:54.794  INFO 4216 --- [restartedMain] s.w.s.m.m.a.RequestMappingHandlerMapping : Mapped "{[/buyer/product/list],methods=[POST]}" onto public java.util.List<cn.edkso.candiandian.domain.Product> cn.edkso.candiandian.controller.ProductController.list(java.lang.String,javax.servlet.http.HttpServletRequest)
2019-04-19 21:27:54.795  INFO 4216 --- [restartedMain] s.w.s.m.m.a.RequestMappingHandlerMapping : Mapped "{[/buyer/restaurant/list],methods=[POST]}" onto public java.util.List<cn.edkso.candiandian.domain.Restaurant> cn.edkso.candiandian.controller.RestaurantController.list(java.lang.Double,java.lang.Double)
2019-04-19 21:27:54.795  INFO 4216 --- [restartedMain] s.w.s.m.m.a.RequestMappingHandlerMapping : Mapped "{[/buyer/restaurant/ordering],methods=[POST]}" onto public cn.edkso.candiandian.dto.RestaurantDTO cn.edkso.candiandian.controller.RestaurantController.ordering(java.lang.String)
2019-04-19 21:27:54.796  INFO 4216 --- [restartedMain] s.w.s.m.m.a.RequestMappingHandlerMapping : Mapped "{[/buyer/store/list],methods=[POST]}" onto public java.util.List<cn.edkso.candiandian.domain.Store> cn.edkso.candiandian.controller.StoreController.list(java.lang.String)
2019-04-19 21:27:54.797  INFO 4216 --- [restartedMain] s.w.s.m.m.a.RequestMappingHandlerMapping : Mapped "{[/buyer/store/addProduct],methods=[POST]}" onto public cn.edkso.candiandian.vo.ResuleVo cn.edkso.candiandian.controller.StoreController.addProduct(org.springframework.web.multipart.MultipartFile,cn.edkso.candiandian.domain.Product)
2019-04-19 21:27:54.797  INFO 4216 --- [restartedMain] s.w.s.m.m.a.RequestMappingHandlerMapping : Mapped "{[/buyer/store/findProductAll],methods=[POST]}" onto public cn.edkso.candiandian.vo.ResuleVo<java.util.List<cn.edkso.candiandian.domain.Product>> cn.edkso.candiandian.controller.StoreController.findProductAll()
2019-04-19 21:27:54.797  INFO 4216 --- [restartedMain] s.w.s.m.m.a.RequestMappingHandlerMapping : Mapped "{[/buyer/store/storeInfo],methods=[POST]}" onto public cn.edkso.candiandian.domain.Store cn.edkso.candiandian.controller.StoreController.storeInfo()
2019-04-19 21:27:54.797  INFO 4216 --- [restartedMain] s.w.s.m.m.a.RequestMappingHandlerMapping : Mapped "{[/buyer/store/findProductOne],methods=[POST]}" onto public cn.edkso.candiandian.vo.ResuleVo<cn.edkso.candiandian.domain.Product> cn.edkso.candiandian.controller.StoreController.findProductOne(java.lang.String)
2019-04-19 21:27:54.798  INFO 4216 --- [restartedMain] s.w.s.m.m.a.RequestMappingHandlerMapping : Mapped "{[/buyer/store/updataProduct],methods=[POST]}" onto public cn.edkso.candiandian.vo.ResuleVo cn.edkso.candiandian.controller.StoreController.updataProduct(org.springframework.web.multipart.MultipartFile,cn.edkso.candiandian.domain.Product)
2019-04-19 21:27:54.799  INFO 4216 --- [restartedMain] s.w.s.m.m.a.RequestMappingHandlerMapping : Mapped "{[/buyer/user/register || /seller/user/register],methods=[POST]}" onto public cn.edkso.candiandian.vo.ResuleVo<cn.edkso.candiandian.domain.Store> cn.edkso.candiandian.controller.UserController.register(cn.edkso.candiandian.domain.Store)
2019-04-19 21:27:54.800  INFO 4216 --- [restartedMain] s.w.s.m.m.a.RequestMappingHandlerMapping : Mapped "{[/buyer/user/update || /seller/user/update],methods=[POST]}" onto public cn.edkso.candiandian.vo.ResuleVo<cn.edkso.candiandian.domain.Store> cn.edkso.candiandian.controller.UserController.update(cn.edkso.candiandian.domain.Store)
2019-04-19 21:27:54.800  INFO 4216 --- [restartedMain] s.w.s.m.m.a.RequestMappingHandlerMapping : Mapped "{[/buyer/user/findStore || /seller/user/findStore],methods=[POST]}" onto public cn.edkso.candiandian.vo.ResuleVo<cn.edkso.candiandian.domain.Store> cn.edkso.candiandian.controller.UserController.findStore()
2019-04-19 21:27:54.800  INFO 4216 --- [restartedMain] s.w.s.m.m.a.RequestMappingHandlerMapping : Mapped "{[/buyer/user/login || /seller/user/login],methods=[POST]}" onto public cn.edkso.candiandian.domain.User cn.edkso.candiandian.controller.UserController.login(cn.edkso.candiandian.form.UserInfoForm,javax.servlet.http.HttpServletRequest)
2019-04-19 21:27:54.800  INFO 4216 --- [restartedMain] s.w.s.m.m.a.RequestMappingHandlerMapping : Mapped "{[/buyer/user/authenCheck || /seller/user/authenCheck],methods=[POST]}" onto public cn.edkso.candiandian.domain.User cn.edkso.candiandian.controller.UserController.authenCheck(java.lang.String)
2019-04-19 21:27:54.801  INFO 4216 --- [restartedMain] s.w.s.m.m.a.RequestMappingHandlerMapping : Mapped "{[/buyer/user/login_seller || /seller/user/login_seller],methods=[POST]}" onto public cn.edkso.candiandian.vo.ResuleVo<cn.edkso.candiandian.domain.Store> cn.edkso.candiandian.controller.UserController.login_seller(cn.edkso.candiandian.domain.Store)
2019-04-19 21:27:54.801  INFO 4216 --- [restartedMain] s.w.s.m.m.a.RequestMappingHandlerMapping : Mapped "{[/buyer/user/authenUpload || /seller/user/authenUpload],methods=[POST]}" onto public cn.edkso.candiandian.vo.ResuleVo cn.edkso.candiandian.controller.UserController.authenUpload(org.springframework.web.multipart.MultipartFile,java.lang.String,java.lang.String)
2019-04-19 21:27:54.802  INFO 4216 --- [restartedMain] s.w.s.m.m.a.RequestMappingHandlerMapping : Mapped "{[/error]}" onto public org.springframework.http.ResponseEntity<java.util.Map<java.lang.String, java.lang.Object>> org.springframework.boot.autoconfigure.web.BasicErrorController.error(javax.servlet.http.HttpServletRequest)
2019-04-19 21:27:54.803  INFO 4216 --- [restartedMain] s.w.s.m.m.a.RequestMappingHandlerMapping : Mapped "{[/error],produces=[text/html]}" onto public org.springframework.web.servlet.ModelAndView org.springframework.boot.autoconfigure.web.BasicErrorController.errorHtml(javax.servlet.http.HttpServletRequest,javax.servlet.http.HttpServletResponse)
2019-04-19 21:27:54.831  INFO 4216 --- [restartedMain] o.s.w.s.handler.SimpleUrlHandlerMapping  : Mapped URL path [/webjars/**] onto handler of type [class org.springframework.web.servlet.resource.ResourceHttpRequestHandler]
2019-04-19 21:27:54.831  INFO 4216 --- [restartedMain] o.s.w.s.handler.SimpleUrlHandlerMapping  : Mapped URL path [/**] onto handler of type [class org.springframework.web.servlet.resource.ResourceHttpRequestHandler]
2019-04-19 21:27:54.865  INFO 4216 --- [restartedMain] o.s.w.s.handler.SimpleUrlHandlerMapping  : Mapped URL path [/**/favicon.ico] onto handler of type [class org.springframework.web.servlet.resource.ResourceHttpRequestHandler]
2019-04-19 21:27:55.847  INFO 4216 --- [restartedMain] o.s.b.d.a.OptionalLiveReloadServer       : LiveReload server is running on port 35729
2019-04-19 21:27:55.924  INFO 4216 --- [restartedMain] o.s.w.s.s.s.ServerEndpointExporter       : Registering @ServerEndpoint class: class cn.edkso.candiandian.controller.WebSocket
2019-04-19 21:27:55.934  INFO 4216 --- [restartedMain] o.s.j.e.a.AnnotationMBeanExporter        : Registering beans for JMX exposure on startup
2019-04-19 21:27:56.069  INFO 4216 --- [restartedMain] o.s.c.support.DefaultLifecycleProcessor  : Starting beans in phase 2147483647
2019-04-19 21:27:56.172  INFO 4216 --- [restartedMain] s.a.ScheduledAnnotationBeanPostProcessor : No TaskScheduler/ScheduledExecutorService bean found for scheduled processing
2019-04-19 21:27:56.186  INFO 4216 --- [restartedMain] o.a.coyote.http11.Http11NioProtocol      : Initializing ProtocolHandler ["http-nio-8080"]
2019-04-19 21:27:56.194  INFO 4216 --- [restartedMain] o.a.coyote.http11.Http11NioProtocol      : Starting ProtocolHandler ["http-nio-8080"]
2019-04-19 21:27:56.204  INFO 4216 --- [restartedMain] o.a.tomcat.util.net.NioSelectorPool      : Using a shared selector for servlet write/read
2019-04-19 21:27:56.221  INFO 4216 --- [restartedMain] s.b.c.e.t.TomcatEmbeddedServletContainer : Tomcat started on port(s): 8080 (http)
2019-04-19 21:27:56.226  INFO 4216 --- [restartedMain] c.e.candiandian.CandiandianApplication   : Started CandiandianApplication in 12.207 seconds (JVM running for 14.989)
2019-04-19 21:28:07.657  INFO 4216 --- [http-nio-8080-exec-1] o.a.c.c.C.[.[localhost].[/candiandian]   : Initializing Spring FrameworkServlet 'dispatcherServlet'
2019-04-19 21:28:07.658  INFO 4216 --- [http-nio-8080-exec-1] o.s.web.servlet.DispatcherServlet        : FrameworkServlet 'dispatcherServlet': initialization started
2019-04-19 21:28:07.677  INFO 4216 --- [http-nio-8080-exec-1] o.s.web.servlet.DispatcherServlet        : FrameworkServlet 'dispatcherServlet': initialization completed in 19 ms
2019-04-19 21:28:08.917  INFO 4216 --- [http-nio-8080-exec-6] c.e.candiandian.controller.WebSocket     : [WebSocket消息]有新的连接，总数:1
2019-04-19 21:28:08.918  INFO 4216 --- [http-nio-8080-exec-6] c.e.candiandian.controller.WebSocket     : 新的连接，总数:1
2019-04-19 21:33:08.909  INFO 4216 --- [http-nio-8080-exec-7] c.e.candiandian.controller.WebSocket     : [WebSocket消息]连接断开，总数:0
2019-04-19 21:39:47.133  INFO 760 --- [restartedMain] c.e.candiandian.CandiandianApplication   : Starting CandiandianApplication on DESKTOP-KJ8GN76 with PID 760 (I:\learn\java\ideaWorkspace\candiandian\target\classes started by dingmengdi in I:\learn\java\ideaWorkspace\candiandian)
2019-04-19 21:39:47.134  INFO 760 --- [restartedMain] c.e.candiandian.CandiandianApplication   : No active profile set, falling back to default profiles: default
2019-04-19 21:39:47.354  INFO 760 --- [background-preinit] o.h.validator.internal.util.Version      : HV000001: Hibernate Validator 5.3.5.Final
2019-04-19 21:39:47.437  INFO 760 --- [restartedMain] ationConfigEmbeddedWebApplicationContext : Refreshing org.springframework.boot.context.embedded.AnnotationConfigEmbeddedWebApplicationContext@5c752ba7: startup date [Fri Apr 19 21:39:47 CST 2019]; root of context hierarchy
2019-04-19 21:39:48.349  INFO 760 --- [restartedMain] .s.d.r.c.RepositoryConfigurationDelegate : Multiple Spring Data modules found, entering strict repository configuration mode!
2019-04-19 21:39:48.431  INFO 760 --- [restartedMain] .s.d.r.c.RepositoryConfigurationDelegate : Multiple Spring Data modules found, entering strict repository configuration mode!
2019-04-19 21:39:48.459  INFO 760 --- [restartedMain] .RepositoryConfigurationExtensionSupport : Spring Data Redis - Could not safely identify store assignment for repository candidate interface cn.edkso.candiandian.dao.RestaurantImgDao.
2019-04-19 21:39:48.459  INFO 760 --- [restartedMain] .RepositoryConfigurationExtensionSupport : Spring Data Redis - Could not safely identify store assignment for repository candidate interface cn.edkso.candiandian.dao.OrderDetailDao.
2019-04-19 21:39:48.460  INFO 760 --- [restartedMain] .RepositoryConfigurationExtensionSupport : Spring Data Redis - Could not safely identify store assignment for repository candidate interface cn.edkso.candiandian.dao.OrderMasterDao.
2019-04-19 21:39:48.461  INFO 760 --- [restartedMain] .RepositoryConfigurationExtensionSupport : Spring Data Redis - Could not safely identify store assignment for repository candidate interface cn.edkso.candiandian.dao.StoreDao.
2019-04-19 21:39:48.461  INFO 760 --- [restartedMain] .RepositoryConfigurationExtensionSupport : Spring Data Redis - Could not safely identify store assignment for repository candidate interface cn.edkso.candiandian.dao.UserDao.
2019-04-19 21:39:48.462  INFO 760 --- [restartedMain] .RepositoryConfigurationExtensionSupport : Spring Data Redis - Could not safely identify store assignment for repository candidate interface cn.edkso.candiandian.dao.ProductDao.
2019-04-19 21:39:48.463  INFO 760 --- [restartedMain] .RepositoryConfigurationExtensionSupport : Spring Data Redis - Could not safely identify store assignment for repository candidate interface cn.edkso.candiandian.dao.RestaurantDao.
2019-04-19 21:39:49.235  INFO 760 --- [restartedMain] s.b.c.e.t.TomcatEmbeddedServletContainer : Tomcat initialized with port(s): 8080 (http)
2019-04-19 21:39:49.248  INFO 760 --- [restartedMain] o.apache.catalina.core.StandardService   : Starting service [Tomcat]
2019-04-19 21:39:49.249  INFO 760 --- [restartedMain] org.apache.catalina.core.StandardEngine  : Starting Servlet Engine: Apache Tomcat/8.5.16
2019-04-19 21:39:49.356  INFO 760 --- [localhost-startStop-1] o.a.c.c.C.[.[localhost].[/candiandian]   : Initializing Spring embedded WebApplicationContext
2019-04-19 21:39:49.357  INFO 760 --- [localhost-startStop-1] o.s.web.context.ContextLoader            : Root WebApplicationContext: initialization completed in 1920 ms
2019-04-19 21:39:49.876  INFO 760 --- [localhost-startStop-1] o.s.b.w.servlet.ServletRegistrationBean  : Mapping servlet: 'dispatcherServlet' to [/]
2019-04-19 21:39:49.880  INFO 760 --- [localhost-startStop-1] o.s.b.w.servlet.FilterRegistrationBean   : Mapping filter: 'characterEncodingFilter' to: [/*]
2019-04-19 21:39:49.881  INFO 760 --- [localhost-startStop-1] o.s.b.w.servlet.FilterRegistrationBean   : Mapping filter: 'springSessionRepositoryFilter' to: [/*]
2019-04-19 21:39:49.881  INFO 760 --- [localhost-startStop-1] o.s.b.w.servlet.FilterRegistrationBean   : Mapping filter: 'hiddenHttpMethodFilter' to: [/*]
2019-04-19 21:39:49.881  INFO 760 --- [localhost-startStop-1] o.s.b.w.servlet.FilterRegistrationBean   : Mapping filter: 'httpPutFormContentFilter' to: [/*]
2019-04-19 21:39:49.881  INFO 760 --- [localhost-startStop-1] o.s.b.w.servlet.FilterRegistrationBean   : Mapping filter: 'requestContextFilter' to: [/*]
2019-04-19 21:39:52.361  INFO 760 --- [restartedMain] j.LocalContainerEntityManagerFactoryBean : Building JPA container EntityManagerFactory for persistence unit 'default'
2019-04-19 21:39:52.372  INFO 760 --- [restartedMain] o.hibernate.jpa.internal.util.LogHelper  : HHH000204: Processing PersistenceUnitInfo [
	name: default
	...]
2019-04-19 21:39:52.562  INFO 760 --- [restartedMain] org.hibernate.Version                    : HHH000412: Hibernate Core {5.0.12.Final}
2019-04-19 21:39:52.564  INFO 760 --- [restartedMain] org.hibernate.cfg.Environment            : HHH000206: hibernate.properties not found
2019-04-19 21:39:52.565  INFO 760 --- [restartedMain] org.hibernate.cfg.Environment            : HHH000021: Bytecode provider name : javassist
2019-04-19 21:39:52.625  INFO 760 --- [restartedMain] o.hibernate.annotations.common.Version   : HCANN000001: Hibernate Commons Annotations {5.0.1.Final}
2019-04-19 21:39:52.848  INFO 760 --- [restartedMain] org.hibernate.dialect.Dialect            : HHH000400: Using dialect: org.hibernate.dialect.MySQL5Dialect
2019-04-19 21:39:53.217  INFO 760 --- [restartedMain] j.LocalContainerEntityManagerFactoryBean : Initialized JPA EntityManagerFactory for persistence unit 'default'
2019-04-19 21:39:53.977  INFO 760 --- [restartedMain] s.w.s.m.m.a.RequestMappingHandlerAdapter : Looking for @ControllerAdvice: org.springframework.boot.context.embedded.AnnotationConfigEmbeddedWebApplicationContext@5c752ba7: startup date [Fri Apr 19 21:39:47 CST 2019]; root of context hierarchy
2019-04-19 21:39:54.030  INFO 760 --- [restartedMain] s.w.s.m.m.a.RequestMappingHandlerMapping : Mapped "{[/buyer/order/create || /seller/order/create],methods=[POST]}" onto public java.util.List<cn.edkso.candiandian.domain.OrderMaster> cn.edkso.candiandian.controller.OrderController.create(cn.edkso.candiandian.form.RestaurantForm)
2019-04-19 21:39:54.030  INFO 760 --- [restartedMain] s.w.s.m.m.a.RequestMappingHandlerMapping : Mapped "{[/buyer/order/cancel || /seller/order/cancel],methods=[POST]}" onto public java.lang.String cn.edkso.candiandian.controller.OrderController.cancel(java.lang.String)
2019-04-19 21:39:54.031  INFO 760 --- [restartedMain] s.w.s.m.m.a.RequestMappingHandlerMapping : Mapped "{[/buyer/order/findAll || /seller/order/findAll],methods=[POST]}" onto public java.util.List<cn.edkso.candiandian.dto.OrderDTO> cn.edkso.candiandian.controller.OrderController.findAll(java.lang.String)
2019-04-19 21:39:54.031  INFO 760 --- [restartedMain] s.w.s.m.m.a.RequestMappingHandlerMapping : Mapped "{[/buyer/order/buyerSum || /seller/order/buyerSum]}" onto public cn.edkso.candiandian.vo.ResuleVo<cn.edkso.candiandian.dto.IndexShowDTO> cn.edkso.candiandian.controller.OrderController.buyerSum()
2019-04-19 21:39:54.031  INFO 760 --- [restartedMain] s.w.s.m.m.a.RequestMappingHandlerMapping : Mapped "{[/buyer/order/acceptOrder || /seller/order/acceptOrder],methods=[POST]}" onto public cn.edkso.candiandian.vo.ResuleVo<cn.edkso.candiandian.domain.Store> cn.edkso.candiandian.controller.OrderController.acceptOrder(java.lang.Integer,java.lang.Integer)
2019-04-19 21:39:54.032  INFO 760 --- [restartedMain] s.w.s.m.m.a.RequestMappingHandlerMapping : Mapped "{[/buyer/order/achivedOrder || /seller/order/achivedOrder],methods=[POST]}" onto public cn.edkso.candiandian.vo.ResuleVo cn.edkso.candiandian.controller.OrderController.achivedOrder(java.lang.String)
2019-04-19 21:39:54.032  INFO 760 --- [restartedMain] s.w.s.m.m.a.RequestMappingHandlerMapping : Mapped "{[/buyer/order/orderPriceSum || /seller/order/orderPriceSum],methods=[POST]}" onto public cn.edkso.candiandian.vo.ResuleVo<java.math.BigDecimal> cn.edkso.candiandian.controller.OrderController.orderPriceSum()
2019-04-19 21:39:54.032  INFO 760 --- [restartedMain] s.w.s.m.m.a.RequestMappingHandlerMapping : Mapped "{[/buyer/order/finshSend || /seller/order/finshSend],methods=[POST]}" onto public java.lang.String cn.edkso.candiandian.controller.OrderController.finshSend(java.lang.String,java.lang.String)
2019-04-19 21:39:54.032  INFO 760 --- [restartedMain] s.w.s.m.m.a.RequestMappingHandlerMapping : Mapped "{[/buyer/order/waitOrder || /seller/order/waitOrder],methods=[POST]}" onto public cn.edkso.candiandian.vo.ResuleVo<cn.edkso.candiandian.domain.Store> cn.edkso.candiandian.controller.OrderController.waitOrder()
2019-04-19 21:39:54.033  INFO 760 --- [restartedMain] s.w.s.m.m.a.RequestMappingHandlerMapping : Mapped "{[/buyer/order/sendedOrder || /seller/order/sendedOrder],methods=[POST]}" onto public cn.edkso.candiandian.vo.ResuleVo cn.edkso.candiandian.controller.OrderController.sendedOrder(java.lang.String)
2019-04-19 21:39:54.033  INFO 760 --- [restartedMain] s.w.s.m.m.a.RequestMappingHandlerMapping : Mapped "{[/buyer/order/finishOrder || /seller/order/finishOrder],methods=[POST]}" onto public cn.edkso.candiandian.vo.ResuleVo<cn.edkso.candiandian.domain.Store> cn.edkso.candiandian.controller.OrderController.finishOrder(java.lang.Integer,java.lang.Integer)
2019-04-19 21:39:54.033  INFO 760 --- [restartedMain] s.w.s.m.m.a.RequestMappingHandlerMapping : Mapped "{[/buyer/order/toPay || /seller/order/toPay],methods=[POST]}" onto public java.lang.String cn.edkso.candiandian.controller.OrderController.toPay(java.util.List<java.lang.String>)
2019-04-19 21:39:54.034  INFO 760 --- [restartedMain] s.w.s.m.m.a.RequestMappingHandlerMapping : Mapped "{[/buyer/order/receiveSend || /seller/order/receiveSend],methods=[POST]}" onto public java.lang.String cn.edkso.candiandian.controller.OrderController.receiveSend(java.lang.String,java.lang.String)
2019-04-19 21:39:54.034  INFO 760 --- [restartedMain] s.w.s.m.m.a.RequestMappingHandlerMapping : Mapped "{[/buyer/order/orderSum || /seller/order/orderSum],methods=[POST]}" onto public cn.edkso.candiandian.vo.ResuleVo<java.lang.Integer> cn.edkso.candiandian.controller.OrderController.orderSum()
2019-04-19 21:39:54.034  INFO 760 --- [restartedMain] s.w.s.m.m.a.RequestMappingHandlerMapping : Mapped "{[/buyer/order/receivedOrder || /seller/order/receivedOrder],methods=[POST]}" onto public cn.edkso.candiandian.vo.ResuleVo cn.edkso.candiandian.controller.OrderController.receivedOrder(java.lang.String)
2019-04-19 21:39:54.034  INFO 760 --- [restartedMain] s.w.s.m.m.a.RequestMappingHandlerMapping : Mapped "{[/buyer/order/productRank || /seller/order/productRank],methods=[POST]}" onto public cn.edkso.candiandian.vo.ResuleVo<java.util.List<cn.edkso.candiandian.domain.Product>> cn.edkso.candiandian.controller.OrderController.productRank()
2019-04-19 21:39:54.035  INFO 760 --- [restartedMain] s.w.s.m.m.a.RequestMappingHandlerMapping : Mapped "{[/buyer/order/sendOrder || /seller/order/sendOrder],methods=[POST]}" onto public cn.edkso.candiandian.vo.ResuleVo<cn.edkso.candiandian.domain.Store> cn.edkso.candiandian.controller.OrderController.sendingOrder(java.lang.Integer,java.lang.Integer)
2019-04-19 21:39:54.036  INFO 760 --- [restartedMain] s.w.s.m.m.a.RequestMappingHandlerMapping : Mapped "{[/buyer/product/list],methods=[POST]}" onto public java.util.List<cn.edkso.candiandian.domain.Product> cn.edkso.candiandian.controller.ProductController.list(java.lang.String,javax.servlet.http.HttpServletRequest)
2019-04-19 21:39:54.036  INFO 760 --- [restartedMain] s.w.s.m.m.a.RequestMappingHandlerMapping : Mapped "{[/buyer/restaurant/list],methods=[POST]}" onto public java.util.List<cn.edkso.candiandian.domain.Restaurant> cn.edkso.candiandian.controller.RestaurantController.list(java.lang.Double,java.lang.Double)
2019-04-19 21:39:54.037  INFO 760 --- [restartedMain] s.w.s.m.m.a.RequestMappingHandlerMapping : Mapped "{[/buyer/restaurant/ordering],methods=[POST]}" onto public cn.edkso.candiandian.dto.RestaurantDTO cn.edkso.candiandian.controller.RestaurantController.ordering(java.lang.String)
2019-04-19 21:39:54.038  INFO 760 --- [restartedMain] s.w.s.m.m.a.RequestMappingHandlerMapping : Mapped "{[/buyer/store/list],methods=[POST]}" onto public java.util.List<cn.edkso.candiandian.domain.Store> cn.edkso.candiandian.controller.StoreController.list(java.lang.String)
2019-04-19 21:39:54.038  INFO 760 --- [restartedMain] s.w.s.m.m.a.RequestMappingHandlerMapping : Mapped "{[/buyer/store/storeInfo],methods=[POST]}" onto public cn.edkso.candiandian.domain.Store cn.edkso.candiandian.controller.StoreController.storeInfo()
2019-04-19 21:39:54.039  INFO 760 --- [restartedMain] s.w.s.m.m.a.RequestMappingHandlerMapping : Mapped "{[/buyer/store/findProductAll],methods=[POST]}" onto public cn.edkso.candiandian.vo.ResuleVo<java.util.List<cn.edkso.candiandian.domain.Product>> cn.edkso.candiandian.controller.StoreController.findProductAll()
2019-04-19 21:39:54.039  INFO 760 --- [restartedMain] s.w.s.m.m.a.RequestMappingHandlerMapping : Mapped "{[/buyer/store/updataProduct],methods=[POST]}" onto public cn.edkso.candiandian.vo.ResuleVo cn.edkso.candiandian.controller.StoreController.updataProduct(org.springframework.web.multipart.MultipartFile,cn.edkso.candiandian.domain.Product)
2019-04-19 21:39:54.039  INFO 760 --- [restartedMain] s.w.s.m.m.a.RequestMappingHandlerMapping : Mapped "{[/buyer/store/findProductOne],methods=[POST]}" onto public cn.edkso.candiandian.vo.ResuleVo<cn.edkso.candiandian.domain.Product> cn.edkso.candiandian.controller.StoreController.findProductOne(java.lang.String)
2019-04-19 21:39:54.039  INFO 760 --- [restartedMain] s.w.s.m.m.a.RequestMappingHandlerMapping : Mapped "{[/buyer/store/addProduct],methods=[POST]}" onto public cn.edkso.candiandian.vo.ResuleVo cn.edkso.candiandian.controller.StoreController.addProduct(org.springframework.web.multipart.MultipartFile,cn.edkso.candiandian.domain.Product)
2019-04-19 21:39:54.041  INFO 760 --- [restartedMain] s.w.s.m.m.a.RequestMappingHandlerMapping : Mapped "{[/buyer/user/register || /seller/user/register],methods=[POST]}" onto public cn.edkso.candiandian.vo.ResuleVo<cn.edkso.candiandian.domain.Store> cn.edkso.candiandian.controller.UserController.register(cn.edkso.candiandian.domain.Store)
2019-04-19 21:39:54.042  INFO 760 --- [restartedMain] s.w.s.m.m.a.RequestMappingHandlerMapping : Mapped "{[/buyer/user/update || /seller/user/update],methods=[POST]}" onto public cn.edkso.candiandian.vo.ResuleVo<cn.edkso.candiandian.domain.Store> cn.edkso.candiandian.controller.UserController.update(cn.edkso.candiandian.domain.Store)
2019-04-19 21:39:54.042  INFO 760 --- [restartedMain] s.w.s.m.m.a.RequestMappingHandlerMapping : Mapped "{[/buyer/user/findStore || /seller/user/findStore],methods=[POST]}" onto public cn.edkso.candiandian.vo.ResuleVo<cn.edkso.candiandian.domain.Store> cn.edkso.candiandian.controller.UserController.findStore()
2019-04-19 21:39:54.042  INFO 760 --- [restartedMain] s.w.s.m.m.a.RequestMappingHandlerMapping : Mapped "{[/buyer/user/authenUpload || /seller/user/authenUpload],methods=[POST]}" onto public cn.edkso.candiandian.vo.ResuleVo cn.edkso.candiandian.controller.UserController.authenUpload(org.springframework.web.multipart.MultipartFile,java.lang.String,java.lang.String)
2019-04-19 21:39:54.043  INFO 760 --- [restartedMain] s.w.s.m.m.a.RequestMappingHandlerMapping : Mapped "{[/buyer/user/login_seller || /seller/user/login_seller],methods=[POST]}" onto public cn.edkso.candiandian.vo.ResuleVo<cn.edkso.candiandian.domain.Store> cn.edkso.candiandian.controller.UserController.login_seller(cn.edkso.candiandian.domain.Store)
2019-04-19 21:39:54.043  INFO 760 --- [restartedMain] s.w.s.m.m.a.RequestMappingHandlerMapping : Mapped "{[/buyer/user/login || /seller/user/login],methods=[POST]}" onto public cn.edkso.candiandian.domain.User cn.edkso.candiandian.controller.UserController.login(cn.edkso.candiandian.form.UserInfoForm,javax.servlet.http.HttpServletRequest)
2019-04-19 21:39:54.043  INFO 760 --- [restartedMain] s.w.s.m.m.a.RequestMappingHandlerMapping : Mapped "{[/buyer/user/authenCheck || /seller/user/authenCheck],methods=[POST]}" onto public cn.edkso.candiandian.domain.User cn.edkso.candiandian.controller.UserController.authenCheck(java.lang.String)
2019-04-19 21:39:54.045  INFO 760 --- [restartedMain] s.w.s.m.m.a.RequestMappingHandlerMapping : Mapped "{[/error]}" onto public org.springframework.http.ResponseEntity<java.util.Map<java.lang.String, java.lang.Object>> org.springframework.boot.autoconfigure.web.BasicErrorController.error(javax.servlet.http.HttpServletRequest)
2019-04-19 21:39:54.045  INFO 760 --- [restartedMain] s.w.s.m.m.a.RequestMappingHandlerMapping : Mapped "{[/error],produces=[text/html]}" onto public org.springframework.web.servlet.ModelAndView org.springframework.boot.autoconfigure.web.BasicErrorController.errorHtml(javax.servlet.http.HttpServletRequest,javax.servlet.http.HttpServletResponse)
2019-04-19 21:39:54.067  INFO 760 --- [restartedMain] o.s.w.s.handler.SimpleUrlHandlerMapping  : Mapped URL path [/webjars/**] onto handler of type [class org.springframework.web.servlet.resource.ResourceHttpRequestHandler]
2019-04-19 21:39:54.068  INFO 760 --- [restartedMain] o.s.w.s.handler.SimpleUrlHandlerMapping  : Mapped URL path [/**] onto handler of type [class org.springframework.web.servlet.resource.ResourceHttpRequestHandler]
2019-04-19 21:39:54.098  INFO 760 --- [restartedMain] o.s.w.s.handler.SimpleUrlHandlerMapping  : Mapped URL path [/**/favicon.ico] onto handler of type [class org.springframework.web.servlet.resource.ResourceHttpRequestHandler]
2019-04-19 21:39:54.734  INFO 760 --- [restartedMain] o.s.b.d.a.OptionalLiveReloadServer       : LiveReload server is running on port 35729
2019-04-19 21:39:54.784  INFO 760 --- [restartedMain] o.s.w.s.s.s.ServerEndpointExporter       : Registering @ServerEndpoint class: class cn.edkso.candiandian.controller.WebSocket
2019-04-19 21:39:54.791  INFO 760 --- [restartedMain] o.s.j.e.a.AnnotationMBeanExporter        : Registering beans for JMX exposure on startup
2019-04-19 21:39:54.798  INFO 760 --- [restartedMain] o.s.c.support.DefaultLifecycleProcessor  : Starting beans in phase 2147483647
2019-04-19 21:39:54.808  INFO 760 --- [restartedMain] s.a.ScheduledAnnotationBeanPostProcessor : No TaskScheduler/ScheduledExecutorService bean found for scheduled processing
2019-04-19 21:39:54.817  INFO 760 --- [restartedMain] o.a.coyote.http11.Http11NioProtocol      : Initializing ProtocolHandler ["http-nio-8080"]
2019-04-19 21:39:54.825  INFO 760 --- [restartedMain] o.a.coyote.http11.Http11NioProtocol      : Starting ProtocolHandler ["http-nio-8080"]
2019-04-19 21:39:54.834  INFO 760 --- [restartedMain] o.a.tomcat.util.net.NioSelectorPool      : Using a shared selector for servlet write/read
2019-04-19 21:39:54.848  INFO 760 --- [restartedMain] s.b.c.e.t.TomcatEmbeddedServletContainer : Tomcat started on port(s): 8080 (http)
2019-04-19 21:39:54.852  INFO 760 --- [restartedMain] c.e.candiandian.CandiandianApplication   : Started CandiandianApplication in 8.247 seconds (JVM running for 9.163)
2019-04-19 21:40:47.608  INFO 760 --- [Thread-20] ationConfigEmbeddedWebApplicationContext : Closing org.springframework.boot.context.embedded.AnnotationConfigEmbeddedWebApplicationContext@5c752ba7: startup date [Fri Apr 19 21:39:47 CST 2019]; root of context hierarchy
2019-04-19 21:40:47.673  INFO 760 --- [Thread-20] o.s.c.support.DefaultLifecycleProcessor  : Stopping beans in phase 2147483647
2019-04-19 21:40:47.740  INFO 760 --- [Thread-20] o.s.j.e.a.AnnotationMBeanExporter        : Unregistering JMX-exposed beans on shutdown
2019-04-19 21:40:47.742  INFO 760 --- [Thread-20] j.LocalContainerEntityManagerFactoryBean : Closing JPA EntityManagerFactory for persistence unit 'default'
2019-04-19 21:40:48.419  INFO 760 --- [restartedMain] c.e.candiandian.CandiandianApplication   : Starting CandiandianApplication on DESKTOP-KJ8GN76 with PID 760 (I:\learn\java\ideaWorkspace\candiandian\target\classes started by dingmengdi in I:\learn\java\ideaWorkspace\candiandian)
2019-04-19 21:40:48.419  INFO 760 --- [restartedMain] c.e.candiandian.CandiandianApplication   : No active profile set, falling back to default profiles: default
2019-04-19 21:40:48.421  INFO 760 --- [restartedMain] ationConfigEmbeddedWebApplicationContext : Refreshing org.springframework.boot.context.embedded.AnnotationConfigEmbeddedWebApplicationContext@262dcc16: startup date [Fri Apr 19 21:40:48 CST 2019]; root of context hierarchy
2019-04-19 21:40:49.142  INFO 760 --- [restartedMain] .s.d.r.c.RepositoryConfigurationDelegate : Multiple Spring Data modules found, entering strict repository configuration mode!
2019-04-19 21:40:49.187  INFO 760 --- [restartedMain] .s.d.r.c.RepositoryConfigurationDelegate : Multiple Spring Data modules found, entering strict repository configuration mode!
2019-04-19 21:40:49.208  INFO 760 --- [restartedMain] .RepositoryConfigurationExtensionSupport : Spring Data Redis - Could not safely identify store assignment for repository candidate interface cn.edkso.candiandian.dao.RestaurantImgDao.
2019-04-19 21:40:49.208  INFO 760 --- [restartedMain] .RepositoryConfigurationExtensionSupport : Spring Data Redis - Could not safely identify store assignment for repository candidate interface cn.edkso.candiandian.dao.OrderDetailDao.
2019-04-19 21:40:49.208  INFO 760 --- [restartedMain] .RepositoryConfigurationExtensionSupport : Spring Data Redis - Could not safely identify store assignment for repository candidate interface cn.edkso.candiandian.dao.OrderMasterDao.
2019-04-19 21:40:49.209  INFO 760 --- [restartedMain] .RepositoryConfigurationExtensionSupport : Spring Data Redis - Could not safely identify store assignment for repository candidate interface cn.edkso.candiandian.dao.StoreDao.
2019-04-19 21:40:49.209  INFO 760 --- [restartedMain] .RepositoryConfigurationExtensionSupport : Spring Data Redis - Could not safely identify store assignment for repository candidate interface cn.edkso.candiandian.dao.UserDao.
2019-04-19 21:40:49.209  INFO 760 --- [restartedMain] .RepositoryConfigurationExtensionSupport : Spring Data Redis - Could not safely identify store assignment for repository candidate interface cn.edkso.candiandian.dao.ProductDao.
2019-04-19 21:40:49.210  INFO 760 --- [restartedMain] .RepositoryConfigurationExtensionSupport : Spring Data Redis - Could not safely identify store assignment for repository candidate interface cn.edkso.candiandian.dao.RestaurantDao.
2019-04-19 21:40:49.514  INFO 760 --- [restartedMain] s.b.c.e.t.TomcatEmbeddedServletContainer : Tomcat initialized with port(s): 8080 (http)
2019-04-19 21:40:49.516  INFO 760 --- [restartedMain] o.apache.catalina.core.StandardService   : Starting service [Tomcat]
2019-04-19 21:40:49.517  INFO 760 --- [restartedMain] org.apache.catalina.core.StandardEngine  : Starting Servlet Engine: Apache Tomcat/8.5.16
2019-04-19 21:40:49.549  INFO 760 --- [localhost-startStop-1] o.a.c.c.C.[.[localhost].[/candiandian]   : Initializing Spring embedded WebApplicationContext
2019-04-19 21:40:49.550  INFO 760 --- [localhost-startStop-1] o.s.web.context.ContextLoader            : Root WebApplicationContext: initialization completed in 1129 ms
2019-04-19 21:40:49.648  INFO 760 --- [localhost-startStop-1] o.s.b.w.servlet.ServletRegistrationBean  : Mapping servlet: 'dispatcherServlet' to [/]
2019-04-19 21:40:49.649  INFO 760 --- [localhost-startStop-1] o.s.b.w.servlet.FilterRegistrationBean   : Mapping filter: 'characterEncodingFilter' to: [/*]
2019-04-19 21:40:49.649  INFO 760 --- [localhost-startStop-1] o.s.b.w.servlet.FilterRegistrationBean   : Mapping filter: 'springSessionRepositoryFilter' to: [/*]
2019-04-19 21:40:49.649  INFO 760 --- [localhost-startStop-1] o.s.b.w.servlet.FilterRegistrationBean   : Mapping filter: 'hiddenHttpMethodFilter' to: [/*]
2019-04-19 21:40:49.649  INFO 760 --- [localhost-startStop-1] o.s.b.w.servlet.FilterRegistrationBean   : Mapping filter: 'httpPutFormContentFilter' to: [/*]
2019-04-19 21:40:49.649  INFO 760 --- [localhost-startStop-1] o.s.b.w.servlet.FilterRegistrationBean   : Mapping filter: 'requestContextFilter' to: [/*]
2019-04-19 21:40:51.301  INFO 760 --- [restartedMain] j.LocalContainerEntityManagerFactoryBean : Building JPA container EntityManagerFactory for persistence unit 'default'
2019-04-19 21:40:51.301  INFO 760 --- [restartedMain] o.hibernate.jpa.internal.util.LogHelper  : HHH000204: Processing PersistenceUnitInfo [
	name: default
	...]
2019-04-19 21:40:51.325  INFO 760 --- [restartedMain] org.hibernate.dialect.Dialect            : HHH000400: Using dialect: org.hibernate.dialect.MySQL5Dialect
2019-04-19 21:40:51.380  INFO 760 --- [restartedMain] j.LocalContainerEntityManagerFactoryBean : Initialized JPA EntityManagerFactory for persistence unit 'default'
2019-04-19 21:40:51.789  INFO 760 --- [restartedMain] s.w.s.m.m.a.RequestMappingHandlerAdapter : Looking for @ControllerAdvice: org.springframework.boot.context.embedded.AnnotationConfigEmbeddedWebApplicationContext@262dcc16: startup date [Fri Apr 19 21:40:48 CST 2019]; root of context hierarchy
2019-04-19 21:40:51.799  INFO 760 --- [restartedMain] s.w.s.m.m.a.RequestMappingHandlerMapping : Mapped "{[/buyer/order/create || /seller/order/create],methods=[POST]}" onto public java.util.List<cn.edkso.candiandian.domain.OrderMaster> cn.edkso.candiandian.controller.OrderController.create(cn.edkso.candiandian.form.RestaurantForm)
2019-04-19 21:40:51.799  INFO 760 --- [restartedMain] s.w.s.m.m.a.RequestMappingHandlerMapping : Mapped "{[/buyer/order/cancel || /seller/order/cancel],methods=[POST]}" onto public java.lang.String cn.edkso.candiandian.controller.OrderController.cancel(java.lang.String)
2019-04-19 21:40:51.799  INFO 760 --- [restartedMain] s.w.s.m.m.a.RequestMappingHandlerMapping : Mapped "{[/buyer/order/findAll || /seller/order/findAll],methods=[POST]}" onto public java.util.List<cn.edkso.candiandian.dto.OrderDTO> cn.edkso.candiandian.controller.OrderController.findAll(java.lang.String)
2019-04-19 21:40:51.800  INFO 760 --- [restartedMain] s.w.s.m.m.a.RequestMappingHandlerMapping : Mapped "{[/buyer/order/buyerSum || /seller/order/buyerSum]}" onto public cn.edkso.candiandian.vo.ResuleVo<cn.edkso.candiandian.dto.IndexShowDTO> cn.edkso.candiandian.controller.OrderController.buyerSum()
2019-04-19 21:40:51.800  INFO 760 --- [restartedMain] s.w.s.m.m.a.RequestMappingHandlerMapping : Mapped "{[/buyer/order/acceptOrder || /seller/order/acceptOrder],methods=[POST]}" onto public cn.edkso.candiandian.vo.ResuleVo<cn.edkso.candiandian.domain.Store> cn.edkso.candiandian.controller.OrderController.acceptOrder(java.lang.Integer,java.lang.Integer)
2019-04-19 21:40:51.800  INFO 760 --- [restartedMain] s.w.s.m.m.a.RequestMappingHandlerMapping : Mapped "{[/buyer/order/achivedOrder || /seller/order/achivedOrder],methods=[POST]}" onto public cn.edkso.candiandian.vo.ResuleVo cn.edkso.candiandian.controller.OrderController.achivedOrder(java.lang.String)
2019-04-19 21:40:51.800  INFO 760 --- [restartedMain] s.w.s.m.m.a.RequestMappingHandlerMapping : Mapped "{[/buyer/order/orderPriceSum || /seller/order/orderPriceSum],methods=[POST]}" onto public cn.edkso.candiandian.vo.ResuleVo<java.math.BigDecimal> cn.edkso.candiandian.controller.OrderController.orderPriceSum()
2019-04-19 21:40:51.800  INFO 760 --- [restartedMain] s.w.s.m.m.a.RequestMappingHandlerMapping : Mapped "{[/buyer/order/finshSend || /seller/order/finshSend],methods=[POST]}" onto public java.lang.String cn.edkso.candiandian.controller.OrderController.finshSend(java.lang.String,java.lang.String)
2019-04-19 21:40:51.801  INFO 760 --- [restartedMain] s.w.s.m.m.a.RequestMappingHandlerMapping : Mapped "{[/buyer/order/waitOrder || /seller/order/waitOrder],methods=[POST]}" onto public cn.edkso.candiandian.vo.ResuleVo<cn.edkso.candiandian.domain.Store> cn.edkso.candiandian.controller.OrderController.waitOrder()
2019-04-19 21:40:51.801  INFO 760 --- [restartedMain] s.w.s.m.m.a.RequestMappingHandlerMapping : Mapped "{[/buyer/order/sendedOrder || /seller/order/sendedOrder],methods=[POST]}" onto public cn.edkso.candiandian.vo.ResuleVo cn.edkso.candiandian.controller.OrderController.sendedOrder(java.lang.String)
2019-04-19 21:40:51.801  INFO 760 --- [restartedMain] s.w.s.m.m.a.RequestMappingHandlerMapping : Mapped "{[/buyer/order/finishOrder || /seller/order/finishOrder],methods=[POST]}" onto public cn.edkso.candiandian.vo.ResuleVo<cn.edkso.candiandian.domain.Store> cn.edkso.candiandian.controller.OrderController.finishOrder(java.lang.Integer,java.lang.Integer)
2019-04-19 21:40:51.801  INFO 760 --- [restartedMain] s.w.s.m.m.a.RequestMappingHandlerMapping : Mapped "{[/buyer/order/toPay || /seller/order/toPay],methods=[POST]}" onto public java.lang.String cn.edkso.candiandian.controller.OrderController.toPay(java.util.List<java.lang.String>)
2019-04-19 21:40:51.801  INFO 760 --- [restartedMain] s.w.s.m.m.a.RequestMappingHandlerMapping : Mapped "{[/buyer/order/receiveSend || /seller/order/receiveSend],methods=[POST]}" onto public java.lang.String cn.edkso.candiandian.controller.OrderController.receiveSend(java.lang.String,java.lang.String)
2019-04-19 21:40:51.802  INFO 760 --- [restartedMain] s.w.s.m.m.a.RequestMappingHandlerMapping : Mapped "{[/buyer/order/orderSum || /seller/order/orderSum],methods=[POST]}" onto public cn.edkso.candiandian.vo.ResuleVo<java.lang.Integer> cn.edkso.candiandian.controller.OrderController.orderSum()
2019-04-19 21:40:51.802  INFO 760 --- [restartedMain] s.w.s.m.m.a.RequestMappingHandlerMapping : Mapped "{[/buyer/order/receivedOrder || /seller/order/receivedOrder],methods=[POST]}" onto public cn.edkso.candiandian.vo.ResuleVo cn.edkso.candiandian.controller.OrderController.receivedOrder(java.lang.String)
2019-04-19 21:40:51.802  INFO 760 --- [restartedMain] s.w.s.m.m.a.RequestMappingHandlerMapping : Mapped "{[/buyer/order/productRank || /seller/order/productRank],methods=[POST]}" onto public cn.edkso.candiandian.vo.ResuleVo<java.util.List<cn.edkso.candiandian.domain.Product>> cn.edkso.candiandian.controller.OrderController.productRank()
2019-04-19 21:40:51.802  INFO 760 --- [restartedMain] s.w.s.m.m.a.RequestMappingHandlerMapping : Mapped "{[/buyer/order/sendOrder || /seller/order/sendOrder],methods=[POST]}" onto public cn.edkso.candiandian.vo.ResuleVo<cn.edkso.candiandian.domain.Store> cn.edkso.candiandian.controller.OrderController.sendingOrder(java.lang.Integer,java.lang.Integer)
2019-04-19 21:40:51.803  INFO 760 --- [restartedMain] s.w.s.m.m.a.RequestMappingHandlerMapping : Mapped "{[/buyer/product/list],methods=[POST]}" onto public java.util.List<cn.edkso.candiandian.domain.Product> cn.edkso.candiandian.controller.ProductController.list(java.lang.String,javax.servlet.http.HttpServletRequest)
2019-04-19 21:40:51.803  INFO 760 --- [restartedMain] s.w.s.m.m.a.RequestMappingHandlerMapping : Mapped "{[/buyer/restaurant/list],methods=[POST]}" onto public java.util.List<cn.edkso.candiandian.domain.Restaurant> cn.edkso.candiandian.controller.RestaurantController.list(java.lang.Double,java.lang.Double)
2019-04-19 21:40:51.803  INFO 760 --- [restartedMain] s.w.s.m.m.a.RequestMappingHandlerMapping : Mapped "{[/buyer/restaurant/ordering],methods=[POST]}" onto public cn.edkso.candiandian.dto.RestaurantDTO cn.edkso.candiandian.controller.RestaurantController.ordering(java.lang.String)
2019-04-19 21:40:51.804  INFO 760 --- [restartedMain] s.w.s.m.m.a.RequestMappingHandlerMapping : Mapped "{[/buyer/store/list],methods=[POST]}" onto public java.util.List<cn.edkso.candiandian.domain.Store> cn.edkso.candiandian.controller.StoreController.list(java.lang.String)
2019-04-19 21:40:51.805  INFO 760 --- [restartedMain] s.w.s.m.m.a.RequestMappingHandlerMapping : Mapped "{[/buyer/store/storeInfo],methods=[POST]}" onto public cn.edkso.candiandian.domain.Store cn.edkso.candiandian.controller.StoreController.storeInfo()
2019-04-19 21:40:51.805  INFO 760 --- [restartedMain] s.w.s.m.m.a.RequestMappingHandlerMapping : Mapped "{[/buyer/store/findProductAll],methods=[POST]}" onto public cn.edkso.candiandian.vo.ResuleVo<java.util.List<cn.edkso.candiandian.domain.Product>> cn.edkso.candiandian.controller.StoreController.findProductAll()
2019-04-19 21:40:51.805  INFO 760 --- [restartedMain] s.w.s.m.m.a.RequestMappingHandlerMapping : Mapped "{[/buyer/store/updataProduct],methods=[POST]}" onto public cn.edkso.candiandian.vo.ResuleVo cn.edkso.candiandian.controller.StoreController.updataProduct(org.springframework.web.multipart.MultipartFile,cn.edkso.candiandian.domain.Product)
2019-04-19 21:40:51.805  INFO 760 --- [restartedMain] s.w.s.m.m.a.RequestMappingHandlerMapping : Mapped "{[/buyer/store/findProductOne],methods=[POST]}" onto public cn.edkso.candiandian.vo.ResuleVo<cn.edkso.candiandian.domain.Product> cn.edkso.candiandian.controller.StoreController.findProductOne(java.lang.String)
2019-04-19 21:40:51.805  INFO 760 --- [restartedMain] s.w.s.m.m.a.RequestMappingHandlerMapping : Mapped "{[/buyer/store/addProduct],methods=[POST]}" onto public cn.edkso.candiandian.vo.ResuleVo cn.edkso.candiandian.controller.StoreController.addProduct(org.springframework.web.multipart.MultipartFile,cn.edkso.candiandian.domain.Product)
2019-04-19 21:40:51.807  INFO 760 --- [restartedMain] s.w.s.m.m.a.RequestMappingHandlerMapping : Mapped "{[/buyer/user/register || /seller/user/register],methods=[POST]}" onto public cn.edkso.candiandian.vo.ResuleVo<cn.edkso.candiandian.domain.Store> cn.edkso.candiandian.controller.UserController.register(cn.edkso.candiandian.domain.Store)
2019-04-19 21:40:51.807  INFO 760 --- [restartedMain] s.w.s.m.m.a.RequestMappingHandlerMapping : Mapped "{[/buyer/user/update || /seller/user/update],methods=[POST]}" onto public cn.edkso.candiandian.vo.ResuleVo<cn.edkso.candiandian.domain.Store> cn.edkso.candiandian.controller.UserController.update(cn.edkso.candiandian.domain.Store)
2019-04-19 21:40:51.807  INFO 760 --- [restartedMain] s.w.s.m.m.a.RequestMappingHandlerMapping : Mapped "{[/buyer/user/findStore || /seller/user/findStore],methods=[POST]}" onto public cn.edkso.candiandian.vo.ResuleVo<cn.edkso.candiandian.domain.Store> cn.edkso.candiandian.controller.UserController.findStore()
2019-04-19 21:40:51.807  INFO 760 --- [restartedMain] s.w.s.m.m.a.RequestMappingHandlerMapping : Mapped "{[/buyer/user/authenUpload || /seller/user/authenUpload],methods=[POST]}" onto public cn.edkso.candiandian.vo.ResuleVo cn.edkso.candiandian.controller.UserController.authenUpload(org.springframework.web.multipart.MultipartFile,java.lang.String,java.lang.String)
2019-04-19 21:40:51.807  INFO 760 --- [restartedMain] s.w.s.m.m.a.RequestMappingHandlerMapping : Mapped "{[/buyer/user/login_seller || /seller/user/login_seller],methods=[POST]}" onto public cn.edkso.candiandian.vo.ResuleVo<cn.edkso.candiandian.domain.Store> cn.edkso.candiandian.controller.UserController.login_seller(cn.edkso.candiandian.domain.Store)
2019-04-19 21:40:51.808  INFO 760 --- [restartedMain] s.w.s.m.m.a.RequestMappingHandlerMapping : Mapped "{[/buyer/user/login || /seller/user/login],methods=[POST]}" onto public cn.edkso.candiandian.domain.User cn.edkso.candiandian.controller.UserController.login(cn.edkso.candiandian.form.UserInfoForm,javax.servlet.http.HttpServletRequest)
2019-04-19 21:40:51.808  INFO 760 --- [restartedMain] s.w.s.m.m.a.RequestMappingHandlerMapping : Mapped "{[/buyer/user/authenCheck || /seller/user/authenCheck],methods=[POST]}" onto public cn.edkso.candiandian.domain.User cn.edkso.candiandian.controller.UserController.authenCheck(java.lang.String)
2019-04-19 21:40:51.809  INFO 760 --- [restartedMain] s.w.s.m.m.a.RequestMappingHandlerMapping : Mapped "{[/error]}" onto public org.springframework.http.ResponseEntity<java.util.Map<java.lang.String, java.lang.Object>> org.springframework.boot.autoconfigure.web.BasicErrorController.error(javax.servlet.http.HttpServletRequest)
2019-04-19 21:40:51.809  INFO 760 --- [restartedMain] s.w.s.m.m.a.RequestMappingHandlerMapping : Mapped "{[/error],produces=[text/html]}" onto public org.springframework.web.servlet.ModelAndView org.springframework.boot.autoconfigure.web.BasicErrorController.errorHtml(javax.servlet.http.HttpServletRequest,javax.servlet.http.HttpServletResponse)
2019-04-19 21:40:51.817  INFO 760 --- [restartedMain] o.s.w.s.handler.SimpleUrlHandlerMapping  : Mapped URL path [/webjars/**] onto handler of type [class org.springframework.web.servlet.resource.ResourceHttpRequestHandler]
2019-04-19 21:40:51.817  INFO 760 --- [restartedMain] o.s.w.s.handler.SimpleUrlHandlerMapping  : Mapped URL path [/**] onto handler of type [class org.springframework.web.servlet.resource.ResourceHttpRequestHandler]
2019-04-19 21:40:51.830  INFO 760 --- [restartedMain] o.s.w.s.handler.SimpleUrlHandlerMapping  : Mapped URL path [/**/favicon.ico] onto handler of type [class org.springframework.web.servlet.resource.ResourceHttpRequestHandler]
2019-04-19 21:40:51.909  INFO 760 --- [restartedMain] o.s.b.d.a.OptionalLiveReloadServer       : LiveReload server is running on port 35729
2019-04-19 21:40:51.949  INFO 760 --- [restartedMain] o.s.w.s.s.s.ServerEndpointExporter       : Registering @ServerEndpoint class: class cn.edkso.candiandian.controller.WebSocket
2019-04-19 21:40:51.950  INFO 760 --- [restartedMain] o.s.j.e.a.AnnotationMBeanExporter        : Registering beans for JMX exposure on startup
2019-04-19 21:40:51.953  INFO 760 --- [restartedMain] o.s.c.support.DefaultLifecycleProcessor  : Starting beans in phase 2147483647
2019-04-19 21:40:51.958  INFO 760 --- [restartedMain] s.a.ScheduledAnnotationBeanPostProcessor : No TaskScheduler/ScheduledExecutorService bean found for scheduled processing
2019-04-19 21:40:51.959  INFO 760 --- [restartedMain] o.a.coyote.http11.Http11NioProtocol      : Initializing ProtocolHandler ["http-nio-8080"]
2019-04-19 21:40:51.959  INFO 760 --- [restartedMain] o.a.coyote.http11.Http11NioProtocol      : Starting ProtocolHandler ["http-nio-8080"]
2019-04-19 21:40:51.960  INFO 760 --- [restartedMain] o.a.tomcat.util.net.NioSelectorPool      : Using a shared selector for servlet write/read
2019-04-19 21:40:51.962  INFO 760 --- [restartedMain] s.b.c.e.t.TomcatEmbeddedServletContainer : Tomcat started on port(s): 8080 (http)
2019-04-19 21:40:51.964  INFO 760 --- [restartedMain] c.e.candiandian.CandiandianApplication   : Started CandiandianApplication in 3.605 seconds (JVM running for 66.274)
2019-04-19 21:46:20.006  INFO 760 --- [http-nio-8080-exec-1] o.a.c.c.C.[.[localhost].[/candiandian]   : Initializing Spring FrameworkServlet 'dispatcherServlet'
2019-04-19 21:46:20.006  INFO 760 --- [http-nio-8080-exec-1] o.s.web.servlet.DispatcherServlet        : FrameworkServlet 'dispatcherServlet': initialization started
2019-04-19 21:46:20.026  INFO 760 --- [http-nio-8080-exec-1] o.s.web.servlet.DispatcherServlet        : FrameworkServlet 'dispatcherServlet': initialization completed in 19 ms
2019-04-19 21:47:34.964  INFO 760 --- [http-nio-8080-exec-4] o.h.h.i.QueryTranslatorFactoryInitiator  : HHH000397: Using ASTQueryTranslatorFactory
2019-04-19 21:47:35.960  INFO 760 --- [http-nio-8080-exec-9] c.e.candiandian.controller.WebSocket     : [WebSocket消息]有新的连接，总数:1
2019-04-19 21:47:35.960  INFO 760 --- [http-nio-8080-exec-9] c.e.candiandian.controller.WebSocket     : 新的连接，总数:1
2019-04-19 21:49:18.136  INFO 760 --- [http-nio-8080-exec-1] c.e.candiandian.controller.WebSocket     : [WebSocket消息]有新的连接，总数:2
2019-04-19 21:49:18.136  INFO 760 --- [http-nio-8080-exec-1] c.e.candiandian.controller.WebSocket     : 新的连接，总数:2
2019-04-19 21:51:29.728  INFO 760 --- [http-nio-8080-exec-7] c.e.candiandian.controller.WebSocket     : [WebSocket消息]连接断开，总数:1
2019-04-19 21:51:41.965  INFO 760 --- [http-nio-8080-exec-2] c.e.candiandian.controller.WebSocket     : [WebSocket消息]有新的连接，总数:2
2019-04-19 21:51:41.965  INFO 760 --- [http-nio-8080-exec-2] c.e.candiandian.controller.WebSocket     : 新的连接，总数:2
2019-04-19 21:52:35.951  INFO 760 --- [http-nio-8080-exec-7] c.e.candiandian.controller.WebSocket     : [WebSocket消息]连接断开，总数:1
2019-04-19 21:56:41.968  INFO 760 --- [http-nio-8080-exec-1] c.e.candiandian.controller.WebSocket     : [WebSocket消息]连接断开，总数:0
2019-04-19 22:01:11.891  INFO 760 --- [http-nio-8080-exec-8] c.e.candiandian.controller.WebSocket     : [WebSocket消息]有新的连接，总数:1
2019-04-19 22:01:11.891  INFO 760 --- [http-nio-8080-exec-8] c.e.candiandian.controller.WebSocket     : 新的连接，总数:1
2019-04-19 22:01:24.082  INFO 760 --- [http-nio-8080-exec-10] c.e.candiandian.controller.WebSocket     : [WebSocket消息]连接断开，总数:0
2019-04-19 22:10:24.620  INFO 760 --- [http-nio-8080-exec-9] c.e.candiandian.controller.WebSocket     : [WebSocket消息]有新的连接，总数:1
2019-04-19 22:10:24.621  INFO 760 --- [http-nio-8080-exec-9] c.e.candiandian.controller.WebSocket     : 新的连接，总数:1
2019-04-19 22:11:52.842  INFO 760 --- [http-nio-8080-exec-1] c.e.candiandian.controller.WebSocket     : 【websocket消息】广播消息，message=:有新订单！
2019-04-19 22:16:52.846  INFO 760 --- [http-nio-8080-exec-10] c.e.candiandian.controller.WebSocket     : [WebSocket消息]连接断开，总数:0
2019-04-19 22:20:53.239  INFO 760 --- [http-nio-8080-exec-8] c.e.candiandian.controller.WebSocket     : [WebSocket消息]有新的连接，总数:1
2019-04-19 22:20:53.240  INFO 760 --- [http-nio-8080-exec-8] c.e.candiandian.controller.WebSocket     : 新的连接，总数:1
2019-04-19 22:21:28.496  INFO 760 --- [http-nio-8080-exec-4] c.e.candiandian.controller.WebSocket     : 【websocket消息】广播消息，message=:有新订单！
2019-04-19 22:21:49.106  INFO 760 --- [http-nio-8080-exec-4] c.e.candiandian.controller.WebSocket     : 【websocket消息】广播消息，message=:有新订单！
2019-04-19 22:22:25.623  INFO 760 --- [http-nio-8080-exec-6] c.e.candiandian.controller.WebSocket     : 【websocket消息】广播消息，message=:有新订单！
2019-04-19 22:24:23.835  INFO 760 --- [http-nio-8080-exec-4] c.e.candiandian.controller.WebSocket     : [WebSocket消息]连接断开，总数:0
2019-04-19 22:29:02.645  INFO 760 --- [http-nio-8080-exec-1] c.e.candiandian.controller.WebSocket     : [WebSocket消息]有新的连接，总数:1
2019-04-19 22:29:02.645  INFO 760 --- [http-nio-8080-exec-1] c.e.candiandian.controller.WebSocket     : 新的连接，总数:1
2019-04-19 22:32:55.699  INFO 760 --- [http-nio-8080-exec-6] c.e.candiandian.controller.WebSocket     : [WebSocket消息]连接断开，总数:0
2019-04-19 22:32:56.421  INFO 760 --- [http-nio-8080-exec-10] c.e.candiandian.controller.WebSocket     : [WebSocket消息]有新的连接，总数:1
2019-04-19 22:32:56.421  INFO 760 --- [http-nio-8080-exec-10] c.e.candiandian.controller.WebSocket     : 新的连接，总数:1
2019-04-19 22:37:56.424  INFO 760 --- [http-nio-8080-exec-10] c.e.candiandian.controller.WebSocket     : [WebSocket消息]连接断开，总数:0
2019-04-19 22:43:31.736  INFO 760 --- [http-nio-8080-exec-10] c.e.candiandian.controller.WebSocket     : [WebSocket消息]有新的连接，总数:1
2019-04-19 22:43:31.736  INFO 760 --- [http-nio-8080-exec-10] c.e.candiandian.controller.WebSocket     : 新的连接，总数:1
2019-04-19 22:48:31.741  INFO 760 --- [http-nio-8080-exec-9] c.e.candiandian.controller.WebSocket     : [WebSocket消息]连接断开，总数:0
