2019-02-26 11:36:40.788  INFO 16544 --- [main] c.e.c.service.impl.UserServiceImplTest   : Starting UserServiceImplTest on DESKTOP-AA1U7VH with PID 16544 (started by 14980 in J:\learn\java\idea workspace\candiandian)
2019-02-26 11:36:40.789  INFO 16544 --- [main] c.e.c.service.impl.UserServiceImplTest   : No active profile set, falling back to default profiles: default
2019-02-26 11:36:40.858  INFO 16544 --- [main] o.s.w.c.s.GenericWebApplicationContext   : Refreshing org.springframework.web.context.support.GenericWebApplicationContext@312aa7c: startup date [Tue Feb 26 11:36:40 CST 2019]; root of context hierarchy
2019-02-26 11:36:41.617  INFO 16544 --- [background-preinit] o.h.validator.internal.util.Version      : HV000001: Hibernate Validator 5.3.5.Final
2019-02-26 11:36:47.007  INFO 16544 --- [main] j.LocalContainerEntityManagerFactoryBean : Building JPA container EntityManagerFactory for persistence unit 'default'
2019-02-26 11:36:47.036  INFO 16544 --- [main] o.hibernate.jpa.internal.util.LogHelper  : HHH000204: Processing PersistenceUnitInfo [
	name: default
	...]
2019-02-26 11:36:47.243  INFO 16544 --- [main] org.hibernate.Version                    : HHH000412: Hibernate Core {5.0.12.Final}
2019-02-26 11:36:47.246  INFO 16544 --- [main] org.hibernate.cfg.Environment            : HHH000206: hibernate.properties not found
2019-02-26 11:36:47.248  INFO 16544 --- [main] org.hibernate.cfg.Environment            : HHH000021: Bytecode provider name : javassist
2019-02-26 11:36:47.398  INFO 16544 --- [main] o.hibernate.annotations.common.Version   : HCANN000001: Hibernate Commons Annotations {5.0.1.Final}
2019-02-26 11:36:47.896  INFO 16544 --- [main] org.hibernate.dialect.Dialect            : HHH000400: Using dialect: org.hibernate.dialect.MySQL5Dialect
2019-02-26 11:36:50.003  INFO 16544 --- [main] j.LocalContainerEntityManagerFactoryBean : Initialized JPA EntityManagerFactory for persistence unit 'default'
2019-02-26 11:36:51.341  INFO 16544 --- [main] s.w.s.m.m.a.RequestMappingHandlerAdapter : Looking for @ControllerAdvice: org.springframework.web.context.support.GenericWebApplicationContext@312aa7c: startup date [Tue Feb 26 11:36:40 CST 2019]; root of context hierarchy
2019-02-26 11:36:51.582  INFO 16544 --- [main] s.w.s.m.m.a.RequestMappingHandlerMapping : Mapped "{[/buyer/restaurant/list],methods=[POST]}" onto public java.util.List<cn.edkso.candiandian.domain.Restaurant> cn.edkso.candiandian.controller.RestaurantController.list(java.lang.Double,java.lang.Double)
2019-02-26 11:36:51.586  INFO 16544 --- [main] s.w.s.m.m.a.RequestMappingHandlerMapping : Mapped "{[/buyer/user/login],methods=[POST]}" onto public java.lang.String cn.edkso.candiandian.controller.UserController.login(cn.edkso.candiandian.form.UserInfoForm)
2019-02-26 11:36:51.594  INFO 16544 --- [main] s.w.s.m.m.a.RequestMappingHandlerMapping : Mapped "{[/error]}" onto public org.springframework.http.ResponseEntity<java.util.Map<java.lang.String, java.lang.Object>> org.springframework.boot.autoconfigure.web.BasicErrorController.error(javax.servlet.http.HttpServletRequest)
2019-02-26 11:36:51.595  INFO 16544 --- [main] s.w.s.m.m.a.RequestMappingHandlerMapping : Mapped "{[/error],produces=[text/html]}" onto public org.springframework.web.servlet.ModelAndView org.springframework.boot.autoconfigure.web.BasicErrorController.errorHtml(javax.servlet.http.HttpServletRequest,javax.servlet.http.HttpServletResponse)
2019-02-26 11:36:51.637  INFO 16544 --- [main] o.s.w.s.handler.SimpleUrlHandlerMapping  : Mapped URL path [/webjars/**] onto handler of type [class org.springframework.web.servlet.resource.ResourceHttpRequestHandler]
2019-02-26 11:36:51.637  INFO 16544 --- [main] o.s.w.s.handler.SimpleUrlHandlerMapping  : Mapped URL path [/**] onto handler of type [class org.springframework.web.servlet.resource.ResourceHttpRequestHandler]
2019-02-26 11:36:51.702  INFO 16544 --- [main] o.s.w.s.handler.SimpleUrlHandlerMapping  : Mapped URL path [/**/favicon.ico] onto handler of type [class org.springframework.web.servlet.resource.ResourceHttpRequestHandler]
2019-02-26 11:36:52.393  INFO 16544 --- [main] c.e.c.service.impl.UserServiceImplTest   : Started UserServiceImplTest in 14.467 seconds (JVM running for 16.686)
2019-02-26 11:36:52.716  INFO 16544 --- [Thread-3] o.s.w.c.s.GenericWebApplicationContext   : Closing org.springframework.web.context.support.GenericWebApplicationContext@312aa7c: startup date [Tue Feb 26 11:36:40 CST 2019]; root of context hierarchy
2019-02-26 11:36:52.719  INFO 16544 --- [Thread-3] j.LocalContainerEntityManagerFactoryBean : Closing JPA EntityManagerFactory for persistence unit 'default'
2019-02-26 11:37:07.652  INFO 15548 --- [main] c.e.candiandian.CandiandianApplication   : Starting CandiandianApplication on DESKTOP-AA1U7VH with PID 15548 (started by 14980 in J:\learn\java\idea workspace\candiandian)
2019-02-26 11:37:07.654  INFO 15548 --- [main] c.e.candiandian.CandiandianApplication   : No active profile set, falling back to default profiles: default
2019-02-26 11:37:07.708  INFO 15548 --- [main] ationConfigEmbeddedWebApplicationContext : Refreshing org.springframework.boot.context.embedded.AnnotationConfigEmbeddedWebApplicationContext@55182842: startup date [Tue Feb 26 11:37:07 CST 2019]; root of context hierarchy
2019-02-26 11:37:07.859  INFO 15548 --- [background-preinit] o.h.validator.internal.util.Version      : HV000001: Hibernate Validator 5.3.5.Final
2019-02-26 11:37:09.529  INFO 15548 --- [main] s.b.c.e.t.TomcatEmbeddedServletContainer : Tomcat initialized with port(s): 8080 (http)
2019-02-26 11:37:09.556  INFO 15548 --- [main] o.apache.catalina.core.StandardService   : Starting service [Tomcat]
2019-02-26 11:37:09.559  INFO 15548 --- [main] org.apache.catalina.core.StandardEngine  : Starting Servlet Engine: Apache Tomcat/8.5.16
2019-02-26 11:37:09.773  INFO 15548 --- [localhost-startStop-1] o.a.c.c.C.[.[localhost].[/candiandian]   : Initializing Spring embedded WebApplicationContext
2019-02-26 11:37:09.774  INFO 15548 --- [localhost-startStop-1] o.s.web.context.ContextLoader            : Root WebApplicationContext: initialization completed in 2066 ms
2019-02-26 11:37:10.098  INFO 15548 --- [localhost-startStop-1] o.s.b.w.servlet.ServletRegistrationBean  : Mapping servlet: 'dispatcherServlet' to [/]
2019-02-26 11:37:10.105  INFO 15548 --- [localhost-startStop-1] o.s.b.w.servlet.FilterRegistrationBean   : Mapping filter: 'characterEncodingFilter' to: [/*]
2019-02-26 11:37:10.106  INFO 15548 --- [localhost-startStop-1] o.s.b.w.servlet.FilterRegistrationBean   : Mapping filter: 'hiddenHttpMethodFilter' to: [/*]
2019-02-26 11:37:10.106  INFO 15548 --- [localhost-startStop-1] o.s.b.w.servlet.FilterRegistrationBean   : Mapping filter: 'httpPutFormContentFilter' to: [/*]
2019-02-26 11:37:10.106  INFO 15548 --- [localhost-startStop-1] o.s.b.w.servlet.FilterRegistrationBean   : Mapping filter: 'requestContextFilter' to: [/*]
2019-02-26 11:37:12.785  INFO 15548 --- [main] j.LocalContainerEntityManagerFactoryBean : Building JPA container EntityManagerFactory for persistence unit 'default'
2019-02-26 11:37:12.800  INFO 15548 --- [main] o.hibernate.jpa.internal.util.LogHelper  : HHH000204: Processing PersistenceUnitInfo [
	name: default
	...]
2019-02-26 11:37:12.868  INFO 15548 --- [main] org.hibernate.Version                    : HHH000412: Hibernate Core {5.0.12.Final}
2019-02-26 11:37:12.870  INFO 15548 --- [main] org.hibernate.cfg.Environment            : HHH000206: hibernate.properties not found
2019-02-26 11:37:12.871  INFO 15548 --- [main] org.hibernate.cfg.Environment            : HHH000021: Bytecode provider name : javassist
2019-02-26 11:37:12.932  INFO 15548 --- [main] o.hibernate.annotations.common.Version   : HCANN000001: Hibernate Commons Annotations {5.0.1.Final}
2019-02-26 11:37:13.058  INFO 15548 --- [main] org.hibernate.dialect.Dialect            : HHH000400: Using dialect: org.hibernate.dialect.MySQL5Dialect
2019-02-26 11:37:13.579  INFO 15548 --- [main] j.LocalContainerEntityManagerFactoryBean : Initialized JPA EntityManagerFactory for persistence unit 'default'
2019-02-26 11:37:14.090  INFO 15548 --- [main] s.w.s.m.m.a.RequestMappingHandlerAdapter : Looking for @ControllerAdvice: org.springframework.boot.context.embedded.AnnotationConfigEmbeddedWebApplicationContext@55182842: startup date [Tue Feb 26 11:37:07 CST 2019]; root of context hierarchy
2019-02-26 11:37:14.164  INFO 15548 --- [main] s.w.s.m.m.a.RequestMappingHandlerMapping : Mapped "{[/buyer/restaurant/list],methods=[POST]}" onto public java.util.List<cn.edkso.candiandian.domain.Restaurant> cn.edkso.candiandian.controller.RestaurantController.list(java.lang.Double,java.lang.Double)
2019-02-26 11:37:14.165  INFO 15548 --- [main] s.w.s.m.m.a.RequestMappingHandlerMapping : Mapped "{[/buyer/user/login],methods=[POST]}" onto public java.lang.String cn.edkso.candiandian.controller.UserController.login(cn.edkso.candiandian.form.UserInfoForm)
2019-02-26 11:37:14.167  INFO 15548 --- [main] s.w.s.m.m.a.RequestMappingHandlerMapping : Mapped "{[/error]}" onto public org.springframework.http.ResponseEntity<java.util.Map<java.lang.String, java.lang.Object>> org.springframework.boot.autoconfigure.web.BasicErrorController.error(javax.servlet.http.HttpServletRequest)
2019-02-26 11:37:14.168  INFO 15548 --- [main] s.w.s.m.m.a.RequestMappingHandlerMapping : Mapped "{[/error],produces=[text/html]}" onto public org.springframework.web.servlet.ModelAndView org.springframework.boot.autoconfigure.web.BasicErrorController.errorHtml(javax.servlet.http.HttpServletRequest,javax.servlet.http.HttpServletResponse)
2019-02-26 11:37:14.194  INFO 15548 --- [main] o.s.w.s.handler.SimpleUrlHandlerMapping  : Mapped URL path [/webjars/**] onto handler of type [class org.springframework.web.servlet.resource.ResourceHttpRequestHandler]
2019-02-26 11:37:14.195  INFO 15548 --- [main] o.s.w.s.handler.SimpleUrlHandlerMapping  : Mapped URL path [/**] onto handler of type [class org.springframework.web.servlet.resource.ResourceHttpRequestHandler]
2019-02-26 11:37:14.230  INFO 15548 --- [main] o.s.w.s.handler.SimpleUrlHandlerMapping  : Mapped URL path [/**/favicon.ico] onto handler of type [class org.springframework.web.servlet.resource.ResourceHttpRequestHandler]
2019-02-26 11:37:14.651  INFO 15548 --- [main] o.s.j.e.a.AnnotationMBeanExporter        : Registering beans for JMX exposure on startup
2019-02-26 11:37:14.667  INFO 15548 --- [main] o.a.coyote.http11.Http11NioProtocol      : Initializing ProtocolHandler ["http-nio-8080"]
2019-02-26 11:37:14.678  INFO 15548 --- [main] o.a.coyote.http11.Http11NioProtocol      : Starting ProtocolHandler ["http-nio-8080"]
2019-02-26 11:37:14.692  INFO 15548 --- [main] o.a.tomcat.util.net.NioSelectorPool      : Using a shared selector for servlet write/read
2019-02-26 11:37:14.711  INFO 15548 --- [main] s.b.c.e.t.TomcatEmbeddedServletContainer : Tomcat started on port(s): 8080 (http)
2019-02-26 11:37:14.716  INFO 15548 --- [main] c.e.candiandian.CandiandianApplication   : Started CandiandianApplication in 7.632 seconds (JVM running for 10.012)
2019-02-26 11:37:41.174  INFO 15548 --- [http-nio-8080-exec-1] o.a.c.c.C.[.[localhost].[/candiandian]   : Initializing Spring FrameworkServlet 'dispatcherServlet'
2019-02-26 11:37:41.175  INFO 15548 --- [http-nio-8080-exec-1] o.s.web.servlet.DispatcherServlet        : FrameworkServlet 'dispatcherServlet': initialization started
2019-02-26 11:37:41.204  INFO 15548 --- [http-nio-8080-exec-1] o.s.web.servlet.DispatcherServlet        : FrameworkServlet 'dispatcherServlet': initialization completed in 29 ms
2019-02-26 11:47:04.306  INFO 14616 --- [main] c.e.candiandian.CandiandianApplication   : Starting CandiandianApplication on DESKTOP-AA1U7VH with PID 14616 (started by 14980 in J:\learn\java\idea workspace\candiandian)
2019-02-26 11:47:04.308  INFO 14616 --- [main] c.e.candiandian.CandiandianApplication   : No active profile set, falling back to default profiles: default
2019-02-26 11:47:04.375  INFO 14616 --- [main] ationConfigEmbeddedWebApplicationContext : Refreshing org.springframework.boot.context.embedded.AnnotationConfigEmbeddedWebApplicationContext@1aafa419: startup date [Tue Feb 26 11:47:04 CST 2019]; root of context hierarchy
2019-02-26 11:47:04.674  INFO 14616 --- [background-preinit] o.h.validator.internal.util.Version      : HV000001: Hibernate Validator 5.3.5.Final
2019-02-26 11:47:06.040  INFO 14616 --- [main] s.b.c.e.t.TomcatEmbeddedServletContainer : Tomcat initialized with port(s): 8080 (http)
2019-02-26 11:47:06.056  INFO 14616 --- [main] o.apache.catalina.core.StandardService   : Starting service [Tomcat]
2019-02-26 11:47:06.057  INFO 14616 --- [main] org.apache.catalina.core.StandardEngine  : Starting Servlet Engine: Apache Tomcat/8.5.16
2019-02-26 11:47:06.191  INFO 14616 --- [localhost-startStop-1] o.a.c.c.C.[.[localhost].[/candiandian]   : Initializing Spring embedded WebApplicationContext
2019-02-26 11:47:06.191  INFO 14616 --- [localhost-startStop-1] o.s.web.context.ContextLoader            : Root WebApplicationContext: initialization completed in 1816 ms
2019-02-26 11:47:06.397  INFO 14616 --- [localhost-startStop-1] o.s.b.w.servlet.ServletRegistrationBean  : Mapping servlet: 'dispatcherServlet' to [/]
2019-02-26 11:47:06.401  INFO 14616 --- [localhost-startStop-1] o.s.b.w.servlet.FilterRegistrationBean   : Mapping filter: 'characterEncodingFilter' to: [/*]
2019-02-26 11:47:06.403  INFO 14616 --- [localhost-startStop-1] o.s.b.w.servlet.FilterRegistrationBean   : Mapping filter: 'hiddenHttpMethodFilter' to: [/*]
2019-02-26 11:47:06.403  INFO 14616 --- [localhost-startStop-1] o.s.b.w.servlet.FilterRegistrationBean   : Mapping filter: 'httpPutFormContentFilter' to: [/*]
2019-02-26 11:47:06.403  INFO 14616 --- [localhost-startStop-1] o.s.b.w.servlet.FilterRegistrationBean   : Mapping filter: 'requestContextFilter' to: [/*]
2019-02-26 11:47:08.611  INFO 14616 --- [main] j.LocalContainerEntityManagerFactoryBean : Building JPA container EntityManagerFactory for persistence unit 'default'
2019-02-26 11:47:08.627  INFO 14616 --- [main] o.hibernate.jpa.internal.util.LogHelper  : HHH000204: Processing PersistenceUnitInfo [
	name: default
	...]
2019-02-26 11:47:08.716  INFO 14616 --- [main] org.hibernate.Version                    : HHH000412: Hibernate Core {5.0.12.Final}
2019-02-26 11:47:08.718  INFO 14616 --- [main] org.hibernate.cfg.Environment            : HHH000206: hibernate.properties not found
2019-02-26 11:47:08.720  INFO 14616 --- [main] org.hibernate.cfg.Environment            : HHH000021: Bytecode provider name : javassist
2019-02-26 11:47:08.776  INFO 14616 --- [main] o.hibernate.annotations.common.Version   : HCANN000001: Hibernate Commons Annotations {5.0.1.Final}
2019-02-26 11:47:08.937  INFO 14616 --- [main] org.hibernate.dialect.Dialect            : HHH000400: Using dialect: org.hibernate.dialect.MySQL5Dialect
2019-02-26 11:47:09.476  INFO 14616 --- [main] j.LocalContainerEntityManagerFactoryBean : Initialized JPA EntityManagerFactory for persistence unit 'default'
2019-02-26 11:47:10.071  INFO 14616 --- [main] s.w.s.m.m.a.RequestMappingHandlerAdapter : Looking for @ControllerAdvice: org.springframework.boot.context.embedded.AnnotationConfigEmbeddedWebApplicationContext@1aafa419: startup date [Tue Feb 26 11:47:04 CST 2019]; root of context hierarchy
2019-02-26 11:47:10.140  INFO 14616 --- [main] s.w.s.m.m.a.RequestMappingHandlerMapping : Mapped "{[/buyer/restaurant/list],methods=[POST]}" onto public java.util.List<cn.edkso.candiandian.domain.Restaurant> cn.edkso.candiandian.controller.RestaurantController.list(java.lang.Double,java.lang.Double)
2019-02-26 11:47:10.142  INFO 14616 --- [main] s.w.s.m.m.a.RequestMappingHandlerMapping : Mapped "{[/buyer/user/login],methods=[POST]}" onto public java.lang.String cn.edkso.candiandian.controller.UserController.login(cn.edkso.candiandian.form.UserInfoForm)
2019-02-26 11:47:10.144  INFO 14616 --- [main] s.w.s.m.m.a.RequestMappingHandlerMapping : Mapped "{[/error]}" onto public org.springframework.http.ResponseEntity<java.util.Map<java.lang.String, java.lang.Object>> org.springframework.boot.autoconfigure.web.BasicErrorController.error(javax.servlet.http.HttpServletRequest)
2019-02-26 11:47:10.145  INFO 14616 --- [main] s.w.s.m.m.a.RequestMappingHandlerMapping : Mapped "{[/error],produces=[text/html]}" onto public org.springframework.web.servlet.ModelAndView org.springframework.boot.autoconfigure.web.BasicErrorController.errorHtml(javax.servlet.http.HttpServletRequest,javax.servlet.http.HttpServletResponse)
2019-02-26 11:47:10.172  INFO 14616 --- [main] o.s.w.s.handler.SimpleUrlHandlerMapping  : Mapped URL path [/webjars/**] onto handler of type [class org.springframework.web.servlet.resource.ResourceHttpRequestHandler]
2019-02-26 11:47:10.173  INFO 14616 --- [main] o.s.w.s.handler.SimpleUrlHandlerMapping  : Mapped URL path [/**] onto handler of type [class org.springframework.web.servlet.resource.ResourceHttpRequestHandler]
2019-02-26 11:47:10.211  INFO 14616 --- [main] o.s.w.s.handler.SimpleUrlHandlerMapping  : Mapped URL path [/**/favicon.ico] onto handler of type [class org.springframework.web.servlet.resource.ResourceHttpRequestHandler]
2019-02-26 11:47:10.477  INFO 14616 --- [main] o.s.j.e.a.AnnotationMBeanExporter        : Registering beans for JMX exposure on startup
2019-02-26 11:47:10.494  INFO 14616 --- [main] o.a.coyote.http11.Http11NioProtocol      : Initializing ProtocolHandler ["http-nio-8080"]
2019-02-26 11:47:10.502  INFO 14616 --- [main] o.a.coyote.http11.Http11NioProtocol      : Starting ProtocolHandler ["http-nio-8080"]
2019-02-26 11:47:10.514  INFO 14616 --- [main] o.a.tomcat.util.net.NioSelectorPool      : Using a shared selector for servlet write/read
2019-02-26 11:47:10.531  INFO 14616 --- [main] s.b.c.e.t.TomcatEmbeddedServletContainer : Tomcat started on port(s): 8080 (http)
2019-02-26 11:47:10.536  INFO 14616 --- [main] c.e.candiandian.CandiandianApplication   : Started CandiandianApplication in 7.188 seconds (JVM running for 8.794)
2019-02-26 11:47:27.204  INFO 14616 --- [http-nio-8080-exec-2] o.a.c.c.C.[.[localhost].[/candiandian]   : Initializing Spring FrameworkServlet 'dispatcherServlet'
2019-02-26 11:47:27.204  INFO 14616 --- [http-nio-8080-exec-2] o.s.web.servlet.DispatcherServlet        : FrameworkServlet 'dispatcherServlet': initialization started
2019-02-26 11:47:27.230  INFO 14616 --- [http-nio-8080-exec-2] o.s.web.servlet.DispatcherServlet        : FrameworkServlet 'dispatcherServlet': initialization completed in 26 ms
2019-02-26 11:49:24.117  INFO 11848 --- [main] c.e.candiandian.CandiandianApplication   : Starting CandiandianApplication on DESKTOP-AA1U7VH with PID 11848 (started by 14980 in J:\learn\java\idea workspace\candiandian)
2019-02-26 11:49:24.120  INFO 11848 --- [main] c.e.candiandian.CandiandianApplication   : No active profile set, falling back to default profiles: default
2019-02-26 11:49:24.182  INFO 11848 --- [main] ationConfigEmbeddedWebApplicationContext : Refreshing org.springframework.boot.context.embedded.AnnotationConfigEmbeddedWebApplicationContext@1aafa419: startup date [Tue Feb 26 11:49:24 CST 2019]; root of context hierarchy
2019-02-26 11:49:24.385  INFO 11848 --- [background-preinit] o.h.validator.internal.util.Version      : HV000001: Hibernate Validator 5.3.5.Final
2019-02-26 11:49:25.759  INFO 11848 --- [main] s.b.c.e.t.TomcatEmbeddedServletContainer : Tomcat initialized with port(s): 8080 (http)
2019-02-26 11:49:25.775  INFO 11848 --- [main] o.apache.catalina.core.StandardService   : Starting service [Tomcat]
2019-02-26 11:49:25.776  INFO 11848 --- [main] org.apache.catalina.core.StandardEngine  : Starting Servlet Engine: Apache Tomcat/8.5.16
2019-02-26 11:49:25.904  INFO 11848 --- [localhost-startStop-1] o.a.c.c.C.[.[localhost].[/candiandian]   : Initializing Spring embedded WebApplicationContext
2019-02-26 11:49:25.905  INFO 11848 --- [localhost-startStop-1] o.s.web.context.ContextLoader            : Root WebApplicationContext: initialization completed in 1724 ms
2019-02-26 11:49:26.096  INFO 11848 --- [localhost-startStop-1] o.s.b.w.servlet.ServletRegistrationBean  : Mapping servlet: 'dispatcherServlet' to [/]
2019-02-26 11:49:26.100  INFO 11848 --- [localhost-startStop-1] o.s.b.w.servlet.FilterRegistrationBean   : Mapping filter: 'characterEncodingFilter' to: [/*]
2019-02-26 11:49:26.100  INFO 11848 --- [localhost-startStop-1] o.s.b.w.servlet.FilterRegistrationBean   : Mapping filter: 'hiddenHttpMethodFilter' to: [/*]
2019-02-26 11:49:26.101  INFO 11848 --- [localhost-startStop-1] o.s.b.w.servlet.FilterRegistrationBean   : Mapping filter: 'httpPutFormContentFilter' to: [/*]
2019-02-26 11:49:26.101  INFO 11848 --- [localhost-startStop-1] o.s.b.w.servlet.FilterRegistrationBean   : Mapping filter: 'requestContextFilter' to: [/*]
2019-02-26 11:49:28.499  INFO 11848 --- [main] j.LocalContainerEntityManagerFactoryBean : Building JPA container EntityManagerFactory for persistence unit 'default'
2019-02-26 11:49:28.512  INFO 11848 --- [main] o.hibernate.jpa.internal.util.LogHelper  : HHH000204: Processing PersistenceUnitInfo [
	name: default
	...]
2019-02-26 11:49:28.590  INFO 11848 --- [main] org.hibernate.Version                    : HHH000412: Hibernate Core {5.0.12.Final}
2019-02-26 11:49:28.592  INFO 11848 --- [main] org.hibernate.cfg.Environment            : HHH000206: hibernate.properties not found
2019-02-26 11:49:28.593  INFO 11848 --- [main] org.hibernate.cfg.Environment            : HHH000021: Bytecode provider name : javassist
2019-02-26 11:49:28.640  INFO 11848 --- [main] o.hibernate.annotations.common.Version   : HCANN000001: Hibernate Commons Annotations {5.0.1.Final}
2019-02-26 11:49:28.760  INFO 11848 --- [main] org.hibernate.dialect.Dialect            : HHH000400: Using dialect: org.hibernate.dialect.MySQL5Dialect
2019-02-26 11:49:29.267  INFO 11848 --- [main] j.LocalContainerEntityManagerFactoryBean : Initialized JPA EntityManagerFactory for persistence unit 'default'
2019-02-26 11:49:30.090  INFO 11848 --- [main] s.w.s.m.m.a.RequestMappingHandlerAdapter : Looking for @ControllerAdvice: org.springframework.boot.context.embedded.AnnotationConfigEmbeddedWebApplicationContext@1aafa419: startup date [Tue Feb 26 11:49:24 CST 2019]; root of context hierarchy
2019-02-26 11:49:30.162  INFO 11848 --- [main] s.w.s.m.m.a.RequestMappingHandlerMapping : Mapped "{[/buyer/restaurant/list],methods=[POST]}" onto public java.util.List<cn.edkso.candiandian.domain.Restaurant> cn.edkso.candiandian.controller.RestaurantController.list(java.lang.Double,java.lang.Double)
2019-02-26 11:49:30.163  INFO 11848 --- [main] s.w.s.m.m.a.RequestMappingHandlerMapping : Mapped "{[/buyer/user/login],methods=[POST]}" onto public java.lang.String cn.edkso.candiandian.controller.UserController.login(cn.edkso.candiandian.form.UserInfoForm)
2019-02-26 11:49:30.165  INFO 11848 --- [main] s.w.s.m.m.a.RequestMappingHandlerMapping : Mapped "{[/error]}" onto public org.springframework.http.ResponseEntity<java.util.Map<java.lang.String, java.lang.Object>> org.springframework.boot.autoconfigure.web.BasicErrorController.error(javax.servlet.http.HttpServletRequest)
2019-02-26 11:49:30.165  INFO 11848 --- [main] s.w.s.m.m.a.RequestMappingHandlerMapping : Mapped "{[/error],produces=[text/html]}" onto public org.springframework.web.servlet.ModelAndView org.springframework.boot.autoconfigure.web.BasicErrorController.errorHtml(javax.servlet.http.HttpServletRequest,javax.servlet.http.HttpServletResponse)
2019-02-26 11:49:30.191  INFO 11848 --- [main] o.s.w.s.handler.SimpleUrlHandlerMapping  : Mapped URL path [/webjars/**] onto handler of type [class org.springframework.web.servlet.resource.ResourceHttpRequestHandler]
2019-02-26 11:49:30.191  INFO 11848 --- [main] o.s.w.s.handler.SimpleUrlHandlerMapping  : Mapped URL path [/**] onto handler of type [class org.springframework.web.servlet.resource.ResourceHttpRequestHandler]
2019-02-26 11:49:30.236  INFO 11848 --- [main] o.s.w.s.handler.SimpleUrlHandlerMapping  : Mapped URL path [/**/favicon.ico] onto handler of type [class org.springframework.web.servlet.resource.ResourceHttpRequestHandler]
2019-02-26 11:49:30.502  INFO 11848 --- [main] o.s.j.e.a.AnnotationMBeanExporter        : Registering beans for JMX exposure on startup
2019-02-26 11:49:30.518  INFO 11848 --- [main] o.a.coyote.http11.Http11NioProtocol      : Initializing ProtocolHandler ["http-nio-8080"]
2019-02-26 11:49:30.528  INFO 11848 --- [main] o.a.coyote.http11.Http11NioProtocol      : Starting ProtocolHandler ["http-nio-8080"]
2019-02-26 11:49:30.539  INFO 11848 --- [main] o.a.tomcat.util.net.NioSelectorPool      : Using a shared selector for servlet write/read
2019-02-26 11:49:30.557  INFO 11848 --- [main] s.b.c.e.t.TomcatEmbeddedServletContainer : Tomcat started on port(s): 8080 (http)
2019-02-26 11:49:30.561  INFO 11848 --- [main] c.e.candiandian.CandiandianApplication   : Started CandiandianApplication in 7.01 seconds (JVM running for 8.219)
2019-02-26 11:49:40.358  INFO 11848 --- [http-nio-8080-exec-1] o.a.c.c.C.[.[localhost].[/candiandian]   : Initializing Spring FrameworkServlet 'dispatcherServlet'
2019-02-26 11:49:40.359  INFO 11848 --- [http-nio-8080-exec-1] o.s.web.servlet.DispatcherServlet        : FrameworkServlet 'dispatcherServlet': initialization started
2019-02-26 11:49:40.385  INFO 11848 --- [http-nio-8080-exec-1] o.s.web.servlet.DispatcherServlet        : FrameworkServlet 'dispatcherServlet': initialization completed in 26 ms
2019-02-26 11:56:25.531  INFO 15660 --- [main] c.e.candiandian.CandiandianApplication   : Starting CandiandianApplication on DESKTOP-AA1U7VH with PID 15660 (started by 14980 in J:\learn\java\idea workspace\candiandian)
2019-02-26 11:56:25.535  INFO 15660 --- [main] c.e.candiandian.CandiandianApplication   : No active profile set, falling back to default profiles: default
2019-02-26 11:56:25.588  INFO 15660 --- [main] ationConfigEmbeddedWebApplicationContext : Refreshing org.springframework.boot.context.embedded.AnnotationConfigEmbeddedWebApplicationContext@1aafa419: startup date [Tue Feb 26 11:56:25 CST 2019]; root of context hierarchy
2019-02-26 11:56:25.724  INFO 15660 --- [background-preinit] o.h.validator.internal.util.Version      : HV000001: Hibernate Validator 5.3.5.Final
2019-02-26 11:56:27.313  INFO 15660 --- [main] s.b.c.e.t.TomcatEmbeddedServletContainer : Tomcat initialized with port(s): 8080 (http)
2019-02-26 11:56:27.328  INFO 15660 --- [main] o.apache.catalina.core.StandardService   : Starting service [Tomcat]
2019-02-26 11:56:27.330  INFO 15660 --- [main] org.apache.catalina.core.StandardEngine  : Starting Servlet Engine: Apache Tomcat/8.5.16
2019-02-26 11:56:27.557  INFO 15660 --- [localhost-startStop-1] o.a.c.c.C.[.[localhost].[/candiandian]   : Initializing Spring embedded WebApplicationContext
2019-02-26 11:56:27.558  INFO 15660 --- [localhost-startStop-1] o.s.web.context.ContextLoader            : Root WebApplicationContext: initialization completed in 1970 ms
2019-02-26 11:56:27.772  INFO 15660 --- [localhost-startStop-1] o.s.b.w.servlet.ServletRegistrationBean  : Mapping servlet: 'dispatcherServlet' to [/]
2019-02-26 11:56:27.777  INFO 15660 --- [localhost-startStop-1] o.s.b.w.servlet.FilterRegistrationBean   : Mapping filter: 'characterEncodingFilter' to: [/*]
2019-02-26 11:56:27.777  INFO 15660 --- [localhost-startStop-1] o.s.b.w.servlet.FilterRegistrationBean   : Mapping filter: 'hiddenHttpMethodFilter' to: [/*]
2019-02-26 11:56:27.777  INFO 15660 --- [localhost-startStop-1] o.s.b.w.servlet.FilterRegistrationBean   : Mapping filter: 'httpPutFormContentFilter' to: [/*]
2019-02-26 11:56:27.777  INFO 15660 --- [localhost-startStop-1] o.s.b.w.servlet.FilterRegistrationBean   : Mapping filter: 'requestContextFilter' to: [/*]
2019-02-26 11:56:31.172  INFO 15660 --- [main] j.LocalContainerEntityManagerFactoryBean : Building JPA container EntityManagerFactory for persistence unit 'default'
2019-02-26 11:56:31.187  INFO 15660 --- [main] o.hibernate.jpa.internal.util.LogHelper  : HHH000204: Processing PersistenceUnitInfo [
	name: default
	...]
2019-02-26 11:56:31.279  INFO 15660 --- [main] org.hibernate.Version                    : HHH000412: Hibernate Core {5.0.12.Final}
2019-02-26 11:56:31.282  INFO 15660 --- [main] org.hibernate.cfg.Environment            : HHH000206: hibernate.properties not found
2019-02-26 11:56:31.284  INFO 15660 --- [main] org.hibernate.cfg.Environment            : HHH000021: Bytecode provider name : javassist
2019-02-26 11:56:31.355  INFO 15660 --- [main] o.hibernate.annotations.common.Version   : HCANN000001: Hibernate Commons Annotations {5.0.1.Final}
2019-02-26 11:56:31.610  INFO 15660 --- [main] org.hibernate.dialect.Dialect            : HHH000400: Using dialect: org.hibernate.dialect.MySQL5Dialect
2019-02-26 11:56:32.362  INFO 15660 --- [main] j.LocalContainerEntityManagerFactoryBean : Initialized JPA EntityManagerFactory for persistence unit 'default'
2019-02-26 11:56:33.390  INFO 15660 --- [main] s.w.s.m.m.a.RequestMappingHandlerAdapter : Looking for @ControllerAdvice: org.springframework.boot.context.embedded.AnnotationConfigEmbeddedWebApplicationContext@1aafa419: startup date [Tue Feb 26 11:56:25 CST 2019]; root of context hierarchy
2019-02-26 11:56:33.510  INFO 15660 --- [main] s.w.s.m.m.a.RequestMappingHandlerMapping : Mapped "{[/buyer/restaurant/list],methods=[POST]}" onto public java.util.List<cn.edkso.candiandian.domain.Restaurant> cn.edkso.candiandian.controller.RestaurantController.list(java.lang.Double,java.lang.Double)
2019-02-26 11:56:33.512  INFO 15660 --- [main] s.w.s.m.m.a.RequestMappingHandlerMapping : Mapped "{[/buyer/user/login],methods=[POST]}" onto public java.lang.String cn.edkso.candiandian.controller.UserController.login(cn.edkso.candiandian.form.UserInfoForm)
2019-02-26 11:56:33.515  INFO 15660 --- [main] s.w.s.m.m.a.RequestMappingHandlerMapping : Mapped "{[/error]}" onto public org.springframework.http.ResponseEntity<java.util.Map<java.lang.String, java.lang.Object>> org.springframework.boot.autoconfigure.web.BasicErrorController.error(javax.servlet.http.HttpServletRequest)
2019-02-26 11:56:33.515  INFO 15660 --- [main] s.w.s.m.m.a.RequestMappingHandlerMapping : Mapped "{[/error],produces=[text/html]}" onto public org.springframework.web.servlet.ModelAndView org.springframework.boot.autoconfigure.web.BasicErrorController.errorHtml(javax.servlet.http.HttpServletRequest,javax.servlet.http.HttpServletResponse)
2019-02-26 11:56:33.544  INFO 15660 --- [main] o.s.w.s.handler.SimpleUrlHandlerMapping  : Mapped URL path [/webjars/**] onto handler of type [class org.springframework.web.servlet.resource.ResourceHttpRequestHandler]
2019-02-26 11:56:33.545  INFO 15660 --- [main] o.s.w.s.handler.SimpleUrlHandlerMapping  : Mapped URL path [/**] onto handler of type [class org.springframework.web.servlet.resource.ResourceHttpRequestHandler]
2019-02-26 11:56:33.591  INFO 15660 --- [main] o.s.w.s.handler.SimpleUrlHandlerMapping  : Mapped URL path [/**/favicon.ico] onto handler of type [class org.springframework.web.servlet.resource.ResourceHttpRequestHandler]
2019-02-26 11:56:33.887  INFO 15660 --- [main] o.s.j.e.a.AnnotationMBeanExporter        : Registering beans for JMX exposure on startup
2019-02-26 11:56:33.904  INFO 15660 --- [main] o.a.coyote.http11.Http11NioProtocol      : Initializing ProtocolHandler ["http-nio-8080"]
2019-02-26 11:56:33.913  INFO 15660 --- [main] o.a.coyote.http11.Http11NioProtocol      : Starting ProtocolHandler ["http-nio-8080"]
2019-02-26 11:56:33.927  INFO 15660 --- [main] o.a.tomcat.util.net.NioSelectorPool      : Using a shared selector for servlet write/read
2019-02-26 11:56:33.944  INFO 15660 --- [main] s.b.c.e.t.TomcatEmbeddedServletContainer : Tomcat started on port(s): 8080 (http)
2019-02-26 11:56:33.948  INFO 15660 --- [main] c.e.candiandian.CandiandianApplication   : Started CandiandianApplication in 9.398 seconds (JVM running for 10.842)
2019-02-26 11:56:46.386  INFO 15660 --- [http-nio-8080-exec-1] o.a.c.c.C.[.[localhost].[/candiandian]   : Initializing Spring FrameworkServlet 'dispatcherServlet'
2019-02-26 11:56:46.388  INFO 15660 --- [http-nio-8080-exec-1] o.s.web.servlet.DispatcherServlet        : FrameworkServlet 'dispatcherServlet': initialization started
2019-02-26 11:56:46.440  INFO 15660 --- [http-nio-8080-exec-1] o.s.web.servlet.DispatcherServlet        : FrameworkServlet 'dispatcherServlet': initialization completed in 51 ms
2019-02-26 13:11:27.916  INFO 3948 --- [main] c.e.candiandian.CandiandianApplication   : Starting CandiandianApplication on DESKTOP-AA1U7VH with PID 3948 (started by 14980 in J:\learn\java\idea workspace\candiandian)
2019-02-26 13:11:27.920  INFO 3948 --- [main] c.e.candiandian.CandiandianApplication   : No active profile set, falling back to default profiles: default
2019-02-26 13:11:28.040  INFO 3948 --- [main] ationConfigEmbeddedWebApplicationContext : Refreshing org.springframework.boot.context.embedded.AnnotationConfigEmbeddedWebApplicationContext@1aafa419: startup date [Tue Feb 26 13:11:28 CST 2019]; root of context hierarchy
2019-02-26 13:11:28.306  INFO 3948 --- [background-preinit] o.h.validator.internal.util.Version      : HV000001: Hibernate Validator 5.3.5.Final
2019-02-26 13:11:30.695  INFO 3948 --- [main] s.b.c.e.t.TomcatEmbeddedServletContainer : Tomcat initialized with port(s): 8080 (http)
2019-02-26 13:11:30.714  INFO 3948 --- [main] o.apache.catalina.core.StandardService   : Starting service [Tomcat]
2019-02-26 13:11:30.719  INFO 3948 --- [main] org.apache.catalina.core.StandardEngine  : Starting Servlet Engine: Apache Tomcat/8.5.16
2019-02-26 13:11:30.915  INFO 3948 --- [localhost-startStop-1] o.a.c.c.C.[.[localhost].[/candiandian]   : Initializing Spring embedded WebApplicationContext
2019-02-26 13:11:30.916  INFO 3948 --- [localhost-startStop-1] o.s.web.context.ContextLoader            : Root WebApplicationContext: initialization completed in 2876 ms
2019-02-26 13:11:31.106  INFO 3948 --- [localhost-startStop-1] o.s.b.w.servlet.ServletRegistrationBean  : Mapping servlet: 'dispatcherServlet' to [/]
2019-02-26 13:11:31.112  INFO 3948 --- [localhost-startStop-1] o.s.b.w.servlet.FilterRegistrationBean   : Mapping filter: 'characterEncodingFilter' to: [/*]
2019-02-26 13:11:31.112  INFO 3948 --- [localhost-startStop-1] o.s.b.w.servlet.FilterRegistrationBean   : Mapping filter: 'hiddenHttpMethodFilter' to: [/*]
2019-02-26 13:11:31.113  INFO 3948 --- [localhost-startStop-1] o.s.b.w.servlet.FilterRegistrationBean   : Mapping filter: 'httpPutFormContentFilter' to: [/*]
2019-02-26 13:11:31.113  INFO 3948 --- [localhost-startStop-1] o.s.b.w.servlet.FilterRegistrationBean   : Mapping filter: 'requestContextFilter' to: [/*]
2019-02-26 13:11:38.451  INFO 3948 --- [main] j.LocalContainerEntityManagerFactoryBean : Building JPA container EntityManagerFactory for persistence unit 'default'
2019-02-26 13:11:38.494  INFO 3948 --- [main] o.hibernate.jpa.internal.util.LogHelper  : HHH000204: Processing PersistenceUnitInfo [
	name: default
	...]
2019-02-26 13:11:38.652  INFO 3948 --- [main] org.hibernate.Version                    : HHH000412: Hibernate Core {5.0.12.Final}
2019-02-26 13:11:38.654  INFO 3948 --- [main] org.hibernate.cfg.Environment            : HHH000206: hibernate.properties not found
2019-02-26 13:11:38.666  INFO 3948 --- [main] org.hibernate.cfg.Environment            : HHH000021: Bytecode provider name : javassist
2019-02-26 13:11:38.843  INFO 3948 --- [main] o.hibernate.annotations.common.Version   : HCANN000001: Hibernate Commons Annotations {5.0.1.Final}
2019-02-26 13:11:39.158  INFO 3948 --- [main] org.hibernate.dialect.Dialect            : HHH000400: Using dialect: org.hibernate.dialect.MySQL5Dialect
2019-02-26 13:11:39.980  INFO 3948 --- [main] j.LocalContainerEntityManagerFactoryBean : Initialized JPA EntityManagerFactory for persistence unit 'default'
2019-02-26 13:11:40.615  INFO 3948 --- [main] s.w.s.m.m.a.RequestMappingHandlerAdapter : Looking for @ControllerAdvice: org.springframework.boot.context.embedded.AnnotationConfigEmbeddedWebApplicationContext@1aafa419: startup date [Tue Feb 26 13:11:28 CST 2019]; root of context hierarchy
2019-02-26 13:11:40.736  INFO 3948 --- [main] s.w.s.m.m.a.RequestMappingHandlerMapping : Mapped "{[/buyer/restaurant/list],methods=[POST]}" onto public java.util.List<cn.edkso.candiandian.domain.Restaurant> cn.edkso.candiandian.controller.RestaurantController.list(java.lang.Double,java.lang.Double)
2019-02-26 13:11:40.740  INFO 3948 --- [main] s.w.s.m.m.a.RequestMappingHandlerMapping : Mapped "{[/buyer/user/login],methods=[POST]}" onto public cn.edkso.candiandian.domain.User cn.edkso.candiandian.controller.UserController.login(cn.edkso.candiandian.form.UserInfoForm)
2019-02-26 13:11:40.744  INFO 3948 --- [main] s.w.s.m.m.a.RequestMappingHandlerMapping : Mapped "{[/error]}" onto public org.springframework.http.ResponseEntity<java.util.Map<java.lang.String, java.lang.Object>> org.springframework.boot.autoconfigure.web.BasicErrorController.error(javax.servlet.http.HttpServletRequest)
2019-02-26 13:11:40.744  INFO 3948 --- [main] s.w.s.m.m.a.RequestMappingHandlerMapping : Mapped "{[/error],produces=[text/html]}" onto public org.springframework.web.servlet.ModelAndView org.springframework.boot.autoconfigure.web.BasicErrorController.errorHtml(javax.servlet.http.HttpServletRequest,javax.servlet.http.HttpServletResponse)
2019-02-26 13:11:40.786  INFO 3948 --- [main] o.s.w.s.handler.SimpleUrlHandlerMapping  : Mapped URL path [/webjars/**] onto handler of type [class org.springframework.web.servlet.resource.ResourceHttpRequestHandler]
2019-02-26 13:11:40.786  INFO 3948 --- [main] o.s.w.s.handler.SimpleUrlHandlerMapping  : Mapped URL path [/**] onto handler of type [class org.springframework.web.servlet.resource.ResourceHttpRequestHandler]
2019-02-26 13:11:40.848  INFO 3948 --- [main] o.s.w.s.handler.SimpleUrlHandlerMapping  : Mapped URL path [/**/favicon.ico] onto handler of type [class org.springframework.web.servlet.resource.ResourceHttpRequestHandler]
2019-02-26 13:11:41.347  INFO 3948 --- [main] o.s.j.e.a.AnnotationMBeanExporter        : Registering beans for JMX exposure on startup
2019-02-26 13:11:41.367  INFO 3948 --- [main] o.a.coyote.http11.Http11NioProtocol      : Initializing ProtocolHandler ["http-nio-8080"]
2019-02-26 13:11:41.386  INFO 3948 --- [main] o.a.coyote.http11.Http11NioProtocol      : Starting ProtocolHandler ["http-nio-8080"]
2019-02-26 13:11:41.399  INFO 3948 --- [main] o.a.tomcat.util.net.NioSelectorPool      : Using a shared selector for servlet write/read
2019-02-26 13:11:41.451  INFO 3948 --- [main] s.b.c.e.t.TomcatEmbeddedServletContainer : Tomcat started on port(s): 8080 (http)
2019-02-26 13:11:41.458  INFO 3948 --- [main] c.e.candiandian.CandiandianApplication   : Started CandiandianApplication in 14.482 seconds (JVM running for 16.002)
2019-02-26 13:27:25.944  INFO 3948 --- [http-nio-8080-exec-10] o.a.c.c.C.[.[localhost].[/candiandian]   : Initializing Spring FrameworkServlet 'dispatcherServlet'
2019-02-26 13:27:25.944  INFO 3948 --- [http-nio-8080-exec-10] o.s.web.servlet.DispatcherServlet        : FrameworkServlet 'dispatcherServlet': initialization started
2019-02-26 13:27:25.968  INFO 3948 --- [http-nio-8080-exec-10] o.s.web.servlet.DispatcherServlet        : FrameworkServlet 'dispatcherServlet': initialization completed in 24 ms
2019-02-26 13:31:06.506  INFO 12760 --- [main] c.e.candiandian.CandiandianApplication   : Starting CandiandianApplication on DESKTOP-AA1U7VH with PID 12760 (started by 14980 in J:\learn\java\idea workspace\candiandian)
2019-02-26 13:31:06.509  INFO 12760 --- [main] c.e.candiandian.CandiandianApplication   : No active profile set, falling back to default profiles: default
2019-02-26 13:31:06.575  INFO 12760 --- [main] ationConfigEmbeddedWebApplicationContext : Refreshing org.springframework.boot.context.embedded.AnnotationConfigEmbeddedWebApplicationContext@1aafa419: startup date [Tue Feb 26 13:31:06 CST 2019]; root of context hierarchy
2019-02-26 13:31:06.755  INFO 12760 --- [background-preinit] o.h.validator.internal.util.Version      : HV000001: Hibernate Validator 5.3.5.Final
2019-02-26 13:31:08.091  INFO 12760 --- [main] s.b.c.e.t.TomcatEmbeddedServletContainer : Tomcat initialized with port(s): 8080 (http)
2019-02-26 13:31:08.106  INFO 12760 --- [main] o.apache.catalina.core.StandardService   : Starting service [Tomcat]
2019-02-26 13:31:08.107  INFO 12760 --- [main] org.apache.catalina.core.StandardEngine  : Starting Servlet Engine: Apache Tomcat/8.5.16
2019-02-26 13:31:08.227  INFO 12760 --- [localhost-startStop-1] o.a.c.c.C.[.[localhost].[/candiandian]   : Initializing Spring embedded WebApplicationContext
2019-02-26 13:31:08.227  INFO 12760 --- [localhost-startStop-1] o.s.web.context.ContextLoader            : Root WebApplicationContext: initialization completed in 1652 ms
2019-02-26 13:31:08.398  INFO 12760 --- [localhost-startStop-1] o.s.b.w.servlet.ServletRegistrationBean  : Mapping servlet: 'dispatcherServlet' to [/]
2019-02-26 13:31:08.403  INFO 12760 --- [localhost-startStop-1] o.s.b.w.servlet.FilterRegistrationBean   : Mapping filter: 'characterEncodingFilter' to: [/*]
2019-02-26 13:31:08.403  INFO 12760 --- [localhost-startStop-1] o.s.b.w.servlet.FilterRegistrationBean   : Mapping filter: 'hiddenHttpMethodFilter' to: [/*]
2019-02-26 13:31:08.404  INFO 12760 --- [localhost-startStop-1] o.s.b.w.servlet.FilterRegistrationBean   : Mapping filter: 'httpPutFormContentFilter' to: [/*]
2019-02-26 13:31:08.404  INFO 12760 --- [localhost-startStop-1] o.s.b.w.servlet.FilterRegistrationBean   : Mapping filter: 'requestContextFilter' to: [/*]
2019-02-26 13:31:14.844  INFO 12760 --- [main] j.LocalContainerEntityManagerFactoryBean : Building JPA container EntityManagerFactory for persistence unit 'default'
2019-02-26 13:31:14.857  INFO 12760 --- [main] o.hibernate.jpa.internal.util.LogHelper  : HHH000204: Processing PersistenceUnitInfo [
	name: default
	...]
2019-02-26 13:31:14.921  INFO 12760 --- [main] org.hibernate.Version                    : HHH000412: Hibernate Core {5.0.12.Final}
2019-02-26 13:31:14.923  INFO 12760 --- [main] org.hibernate.cfg.Environment            : HHH000206: hibernate.properties not found
2019-02-26 13:31:14.924  INFO 12760 --- [main] org.hibernate.cfg.Environment            : HHH000021: Bytecode provider name : javassist
2019-02-26 13:31:14.967  INFO 12760 --- [main] o.hibernate.annotations.common.Version   : HCANN000001: Hibernate Commons Annotations {5.0.1.Final}
2019-02-26 13:31:15.089  INFO 12760 --- [main] org.hibernate.dialect.Dialect            : HHH000400: Using dialect: org.hibernate.dialect.MySQL5Dialect
2019-02-26 13:31:15.636  INFO 12760 --- [main] j.LocalContainerEntityManagerFactoryBean : Initialized JPA EntityManagerFactory for persistence unit 'default'
2019-02-26 13:31:16.127  INFO 12760 --- [main] s.w.s.m.m.a.RequestMappingHandlerAdapter : Looking for @ControllerAdvice: org.springframework.boot.context.embedded.AnnotationConfigEmbeddedWebApplicationContext@1aafa419: startup date [Tue Feb 26 13:31:06 CST 2019]; root of context hierarchy
2019-02-26 13:31:16.190  INFO 12760 --- [main] s.w.s.m.m.a.RequestMappingHandlerMapping : Mapped "{[/buyer/restaurant/list],methods=[POST]}" onto public java.util.List<cn.edkso.candiandian.domain.Restaurant> cn.edkso.candiandian.controller.RestaurantController.list(java.lang.Double,java.lang.Double)
2019-02-26 13:31:16.192  INFO 12760 --- [main] s.w.s.m.m.a.RequestMappingHandlerMapping : Mapped "{[/buyer/user/login],methods=[POST]}" onto public cn.edkso.candiandian.domain.User cn.edkso.candiandian.controller.UserController.login(cn.edkso.candiandian.form.UserInfoForm)
2019-02-26 13:31:16.194  INFO 12760 --- [main] s.w.s.m.m.a.RequestMappingHandlerMapping : Mapped "{[/error]}" onto public org.springframework.http.ResponseEntity<java.util.Map<java.lang.String, java.lang.Object>> org.springframework.boot.autoconfigure.web.BasicErrorController.error(javax.servlet.http.HttpServletRequest)
2019-02-26 13:31:16.194  INFO 12760 --- [main] s.w.s.m.m.a.RequestMappingHandlerMapping : Mapped "{[/error],produces=[text/html]}" onto public org.springframework.web.servlet.ModelAndView org.springframework.boot.autoconfigure.web.BasicErrorController.errorHtml(javax.servlet.http.HttpServletRequest,javax.servlet.http.HttpServletResponse)
2019-02-26 13:31:16.219  INFO 12760 --- [main] o.s.w.s.handler.SimpleUrlHandlerMapping  : Mapped URL path [/webjars/**] onto handler of type [class org.springframework.web.servlet.resource.ResourceHttpRequestHandler]
2019-02-26 13:31:16.219  INFO 12760 --- [main] o.s.w.s.handler.SimpleUrlHandlerMapping  : Mapped URL path [/**] onto handler of type [class org.springframework.web.servlet.resource.ResourceHttpRequestHandler]
2019-02-26 13:31:16.253  INFO 12760 --- [main] o.s.w.s.handler.SimpleUrlHandlerMapping  : Mapped URL path [/**/favicon.ico] onto handler of type [class org.springframework.web.servlet.resource.ResourceHttpRequestHandler]
2019-02-26 13:31:16.533  INFO 12760 --- [main] o.s.j.e.a.AnnotationMBeanExporter        : Registering beans for JMX exposure on startup
2019-02-26 13:31:16.550  INFO 12760 --- [main] o.a.coyote.http11.Http11NioProtocol      : Initializing ProtocolHandler ["http-nio-8080"]
2019-02-26 13:31:16.561  INFO 12760 --- [main] o.a.coyote.http11.Http11NioProtocol      : Starting ProtocolHandler ["http-nio-8080"]
2019-02-26 13:31:16.573  INFO 12760 --- [main] o.a.tomcat.util.net.NioSelectorPool      : Using a shared selector for servlet write/read
2019-02-26 13:31:16.591  INFO 12760 --- [main] s.b.c.e.t.TomcatEmbeddedServletContainer : Tomcat started on port(s): 8080 (http)
2019-02-26 13:31:16.596  INFO 12760 --- [main] c.e.candiandian.CandiandianApplication   : Started CandiandianApplication in 10.753 seconds (JVM running for 12.211)
2019-02-26 13:31:33.276  INFO 12760 --- [http-nio-8080-exec-1] o.a.c.c.C.[.[localhost].[/candiandian]   : Initializing Spring FrameworkServlet 'dispatcherServlet'
2019-02-26 13:31:33.276  INFO 12760 --- [http-nio-8080-exec-1] o.s.web.servlet.DispatcherServlet        : FrameworkServlet 'dispatcherServlet': initialization started
2019-02-26 13:31:33.301  INFO 12760 --- [http-nio-8080-exec-1] o.s.web.servlet.DispatcherServlet        : FrameworkServlet 'dispatcherServlet': initialization completed in 24 ms
2019-02-26 13:32:30.024  INFO 9040 --- [main] c.e.candiandian.CandiandianApplication   : Starting CandiandianApplication on DESKTOP-AA1U7VH with PID 9040 (started by 14980 in J:\learn\java\idea workspace\candiandian)
2019-02-26 13:32:30.027  INFO 9040 --- [main] c.e.candiandian.CandiandianApplication   : No active profile set, falling back to default profiles: default
2019-02-26 13:32:30.093  INFO 9040 --- [main] ationConfigEmbeddedWebApplicationContext : Refreshing org.springframework.boot.context.embedded.AnnotationConfigEmbeddedWebApplicationContext@1aafa419: startup date [Tue Feb 26 13:32:30 CST 2019]; root of context hierarchy
2019-02-26 13:32:30.205  INFO 9040 --- [background-preinit] o.h.validator.internal.util.Version      : HV000001: Hibernate Validator 5.3.5.Final
2019-02-26 13:32:31.763  INFO 9040 --- [main] s.b.c.e.t.TomcatEmbeddedServletContainer : Tomcat initialized with port(s): 8080 (http)
2019-02-26 13:32:31.777  INFO 9040 --- [main] o.apache.catalina.core.StandardService   : Starting service [Tomcat]
2019-02-26 13:32:31.778  INFO 9040 --- [main] org.apache.catalina.core.StandardEngine  : Starting Servlet Engine: Apache Tomcat/8.5.16
2019-02-26 13:32:31.893  INFO 9040 --- [localhost-startStop-1] o.a.c.c.C.[.[localhost].[/candiandian]   : Initializing Spring embedded WebApplicationContext
2019-02-26 13:32:31.894  INFO 9040 --- [localhost-startStop-1] o.s.web.context.ContextLoader            : Root WebApplicationContext: initialization completed in 1801 ms
2019-02-26 13:32:32.069  INFO 9040 --- [localhost-startStop-1] o.s.b.w.servlet.ServletRegistrationBean  : Mapping servlet: 'dispatcherServlet' to [/]
2019-02-26 13:32:32.073  INFO 9040 --- [localhost-startStop-1] o.s.b.w.servlet.FilterRegistrationBean   : Mapping filter: 'characterEncodingFilter' to: [/*]
2019-02-26 13:32:32.074  INFO 9040 --- [localhost-startStop-1] o.s.b.w.servlet.FilterRegistrationBean   : Mapping filter: 'hiddenHttpMethodFilter' to: [/*]
2019-02-26 13:32:32.074  INFO 9040 --- [localhost-startStop-1] o.s.b.w.servlet.FilterRegistrationBean   : Mapping filter: 'httpPutFormContentFilter' to: [/*]
2019-02-26 13:32:32.074  INFO 9040 --- [localhost-startStop-1] o.s.b.w.servlet.FilterRegistrationBean   : Mapping filter: 'requestContextFilter' to: [/*]
2019-02-26 13:32:38.602  INFO 9040 --- [main] j.LocalContainerEntityManagerFactoryBean : Building JPA container EntityManagerFactory for persistence unit 'default'
2019-02-26 13:32:38.614  INFO 9040 --- [main] o.hibernate.jpa.internal.util.LogHelper  : HHH000204: Processing PersistenceUnitInfo [
	name: default
	...]
2019-02-26 13:32:38.679  INFO 9040 --- [main] org.hibernate.Version                    : HHH000412: Hibernate Core {5.0.12.Final}
2019-02-26 13:32:38.680  INFO 9040 --- [main] org.hibernate.cfg.Environment            : HHH000206: hibernate.properties not found
2019-02-26 13:32:38.681  INFO 9040 --- [main] org.hibernate.cfg.Environment            : HHH000021: Bytecode provider name : javassist
2019-02-26 13:32:38.728  INFO 9040 --- [main] o.hibernate.annotations.common.Version   : HCANN000001: Hibernate Commons Annotations {5.0.1.Final}
2019-02-26 13:32:38.850  INFO 9040 --- [main] org.hibernate.dialect.Dialect            : HHH000400: Using dialect: org.hibernate.dialect.MySQL5Dialect
2019-02-26 13:32:39.323  INFO 9040 --- [main] j.LocalContainerEntityManagerFactoryBean : Initialized JPA EntityManagerFactory for persistence unit 'default'
2019-02-26 13:32:39.801  INFO 9040 --- [main] s.w.s.m.m.a.RequestMappingHandlerAdapter : Looking for @ControllerAdvice: org.springframework.boot.context.embedded.AnnotationConfigEmbeddedWebApplicationContext@1aafa419: startup date [Tue Feb 26 13:32:30 CST 2019]; root of context hierarchy
2019-02-26 13:32:39.865  INFO 9040 --- [main] s.w.s.m.m.a.RequestMappingHandlerMapping : Mapped "{[/buyer/restaurant/list],methods=[POST]}" onto public java.util.List<cn.edkso.candiandian.domain.Restaurant> cn.edkso.candiandian.controller.RestaurantController.list(java.lang.Double,java.lang.Double)
2019-02-26 13:32:39.867  INFO 9040 --- [main] s.w.s.m.m.a.RequestMappingHandlerMapping : Mapped "{[/buyer/user/login],methods=[POST]}" onto public cn.edkso.candiandian.domain.User cn.edkso.candiandian.controller.UserController.login(cn.edkso.candiandian.form.UserInfoForm)
2019-02-26 13:32:39.869  INFO 9040 --- [main] s.w.s.m.m.a.RequestMappingHandlerMapping : Mapped "{[/error]}" onto public org.springframework.http.ResponseEntity<java.util.Map<java.lang.String, java.lang.Object>> org.springframework.boot.autoconfigure.web.BasicErrorController.error(javax.servlet.http.HttpServletRequest)
2019-02-26 13:32:39.870  INFO 9040 --- [main] s.w.s.m.m.a.RequestMappingHandlerMapping : Mapped "{[/error],produces=[text/html]}" onto public org.springframework.web.servlet.ModelAndView org.springframework.boot.autoconfigure.web.BasicErrorController.errorHtml(javax.servlet.http.HttpServletRequest,javax.servlet.http.HttpServletResponse)
2019-02-26 13:32:39.896  INFO 9040 --- [main] o.s.w.s.handler.SimpleUrlHandlerMapping  : Mapped URL path [/webjars/**] onto handler of type [class org.springframework.web.servlet.resource.ResourceHttpRequestHandler]
2019-02-26 13:32:39.896  INFO 9040 --- [main] o.s.w.s.handler.SimpleUrlHandlerMapping  : Mapped URL path [/**] onto handler of type [class org.springframework.web.servlet.resource.ResourceHttpRequestHandler]
2019-02-26 13:32:39.939  INFO 9040 --- [main] o.s.w.s.handler.SimpleUrlHandlerMapping  : Mapped URL path [/**/favicon.ico] onto handler of type [class org.springframework.web.servlet.resource.ResourceHttpRequestHandler]
2019-02-26 13:32:40.178  INFO 9040 --- [main] o.s.j.e.a.AnnotationMBeanExporter        : Registering beans for JMX exposure on startup
2019-02-26 13:32:40.194  INFO 9040 --- [main] o.a.coyote.http11.Http11NioProtocol      : Initializing ProtocolHandler ["http-nio-8080"]
2019-02-26 13:32:40.203  INFO 9040 --- [main] o.a.coyote.http11.Http11NioProtocol      : Starting ProtocolHandler ["http-nio-8080"]
2019-02-26 13:32:40.216  INFO 9040 --- [main] o.a.tomcat.util.net.NioSelectorPool      : Using a shared selector for servlet write/read
2019-02-26 13:32:40.234  INFO 9040 --- [main] s.b.c.e.t.TomcatEmbeddedServletContainer : Tomcat started on port(s): 8080 (http)
2019-02-26 13:32:40.238  INFO 9040 --- [main] c.e.candiandian.CandiandianApplication   : Started CandiandianApplication in 11.006 seconds (JVM running for 12.307)
2019-02-26 13:32:49.874  INFO 9040 --- [http-nio-8080-exec-1] o.a.c.c.C.[.[localhost].[/candiandian]   : Initializing Spring FrameworkServlet 'dispatcherServlet'
2019-02-26 13:32:49.875  INFO 9040 --- [http-nio-8080-exec-1] o.s.web.servlet.DispatcherServlet        : FrameworkServlet 'dispatcherServlet': initialization started
2019-02-26 13:32:49.900  INFO 9040 --- [http-nio-8080-exec-1] o.s.web.servlet.DispatcherServlet        : FrameworkServlet 'dispatcherServlet': initialization completed in 25 ms
2019-02-26 13:34:54.311  INFO 16852 --- [main] c.e.candiandian.CandiandianApplication   : Starting CandiandianApplication on DESKTOP-AA1U7VH with PID 16852 (started by 14980 in J:\learn\java\idea workspace\candiandian)
2019-02-26 13:34:54.314  INFO 16852 --- [main] c.e.candiandian.CandiandianApplication   : No active profile set, falling back to default profiles: default
2019-02-26 13:34:54.395  INFO 16852 --- [main] ationConfigEmbeddedWebApplicationContext : Refreshing org.springframework.boot.context.embedded.AnnotationConfigEmbeddedWebApplicationContext@1aafa419: startup date [Tue Feb 26 13:34:54 CST 2019]; root of context hierarchy
2019-02-26 13:34:54.571  INFO 16852 --- [background-preinit] o.h.validator.internal.util.Version      : HV000001: Hibernate Validator 5.3.5.Final
2019-02-26 13:34:55.973  INFO 16852 --- [main] s.b.c.e.t.TomcatEmbeddedServletContainer : Tomcat initialized with port(s): 8080 (http)
2019-02-26 13:34:55.987  INFO 16852 --- [main] o.apache.catalina.core.StandardService   : Starting service [Tomcat]
2019-02-26 13:34:55.989  INFO 16852 --- [main] org.apache.catalina.core.StandardEngine  : Starting Servlet Engine: Apache Tomcat/8.5.16
2019-02-26 13:34:56.103  INFO 16852 --- [localhost-startStop-1] o.a.c.c.C.[.[localhost].[/candiandian]   : Initializing Spring embedded WebApplicationContext
2019-02-26 13:34:56.103  INFO 16852 --- [localhost-startStop-1] o.s.web.context.ContextLoader            : Root WebApplicationContext: initialization completed in 1708 ms
2019-02-26 13:34:56.282  INFO 16852 --- [localhost-startStop-1] o.s.b.w.servlet.ServletRegistrationBean  : Mapping servlet: 'dispatcherServlet' to [/]
2019-02-26 13:34:56.286  INFO 16852 --- [localhost-startStop-1] o.s.b.w.servlet.FilterRegistrationBean   : Mapping filter: 'characterEncodingFilter' to: [/*]
2019-02-26 13:34:56.287  INFO 16852 --- [localhost-startStop-1] o.s.b.w.servlet.FilterRegistrationBean   : Mapping filter: 'hiddenHttpMethodFilter' to: [/*]
2019-02-26 13:34:56.287  INFO 16852 --- [localhost-startStop-1] o.s.b.w.servlet.FilterRegistrationBean   : Mapping filter: 'httpPutFormContentFilter' to: [/*]
2019-02-26 13:34:56.287  INFO 16852 --- [localhost-startStop-1] o.s.b.w.servlet.FilterRegistrationBean   : Mapping filter: 'requestContextFilter' to: [/*]
2019-02-26 13:35:02.798  INFO 16852 --- [main] j.LocalContainerEntityManagerFactoryBean : Building JPA container EntityManagerFactory for persistence unit 'default'
2019-02-26 13:35:02.831  INFO 16852 --- [main] o.hibernate.jpa.internal.util.LogHelper  : HHH000204: Processing PersistenceUnitInfo [
	name: default
	...]
2019-02-26 13:35:02.923  INFO 16852 --- [main] org.hibernate.Version                    : HHH000412: Hibernate Core {5.0.12.Final}
2019-02-26 13:35:02.926  INFO 16852 --- [main] org.hibernate.cfg.Environment            : HHH000206: hibernate.properties not found
2019-02-26 13:35:02.927  INFO 16852 --- [main] org.hibernate.cfg.Environment            : HHH000021: Bytecode provider name : javassist
2019-02-26 13:35:02.987  INFO 16852 --- [main] o.hibernate.annotations.common.Version   : HCANN000001: Hibernate Commons Annotations {5.0.1.Final}
2019-02-26 13:35:03.139  INFO 16852 --- [main] org.hibernate.dialect.Dialect            : HHH000400: Using dialect: org.hibernate.dialect.MySQL5Dialect
2019-02-26 13:35:03.727  INFO 16852 --- [main] j.LocalContainerEntityManagerFactoryBean : Initialized JPA EntityManagerFactory for persistence unit 'default'
2019-02-26 13:35:04.274  INFO 16852 --- [main] s.w.s.m.m.a.RequestMappingHandlerAdapter : Looking for @ControllerAdvice: org.springframework.boot.context.embedded.AnnotationConfigEmbeddedWebApplicationContext@1aafa419: startup date [Tue Feb 26 13:34:54 CST 2019]; root of context hierarchy
2019-02-26 13:35:04.342  INFO 16852 --- [main] s.w.s.m.m.a.RequestMappingHandlerMapping : Mapped "{[/buyer/restaurant/list],methods=[POST]}" onto public java.util.List<cn.edkso.candiandian.domain.Restaurant> cn.edkso.candiandian.controller.RestaurantController.list(java.lang.Double,java.lang.Double)
2019-02-26 13:35:04.344  INFO 16852 --- [main] s.w.s.m.m.a.RequestMappingHandlerMapping : Mapped "{[/buyer/user/login],methods=[POST]}" onto public cn.edkso.candiandian.domain.User cn.edkso.candiandian.controller.UserController.login(cn.edkso.candiandian.form.UserInfoForm)
2019-02-26 13:35:04.346  INFO 16852 --- [main] s.w.s.m.m.a.RequestMappingHandlerMapping : Mapped "{[/error]}" onto public org.springframework.http.ResponseEntity<java.util.Map<java.lang.String, java.lang.Object>> org.springframework.boot.autoconfigure.web.BasicErrorController.error(javax.servlet.http.HttpServletRequest)
2019-02-26 13:35:04.346  INFO 16852 --- [main] s.w.s.m.m.a.RequestMappingHandlerMapping : Mapped "{[/error],produces=[text/html]}" onto public org.springframework.web.servlet.ModelAndView org.springframework.boot.autoconfigure.web.BasicErrorController.errorHtml(javax.servlet.http.HttpServletRequest,javax.servlet.http.HttpServletResponse)
2019-02-26 13:35:04.375  INFO 16852 --- [main] o.s.w.s.handler.SimpleUrlHandlerMapping  : Mapped URL path [/webjars/**] onto handler of type [class org.springframework.web.servlet.resource.ResourceHttpRequestHandler]
2019-02-26 13:35:04.376  INFO 16852 --- [main] o.s.w.s.handler.SimpleUrlHandlerMapping  : Mapped URL path [/**] onto handler of type [class org.springframework.web.servlet.resource.ResourceHttpRequestHandler]
2019-02-26 13:35:04.426  INFO 16852 --- [main] o.s.w.s.handler.SimpleUrlHandlerMapping  : Mapped URL path [/**/favicon.ico] onto handler of type [class org.springframework.web.servlet.resource.ResourceHttpRequestHandler]
2019-02-26 13:35:04.676  INFO 16852 --- [main] o.s.j.e.a.AnnotationMBeanExporter        : Registering beans for JMX exposure on startup
2019-02-26 13:35:04.691  INFO 16852 --- [main] o.a.coyote.http11.Http11NioProtocol      : Initializing ProtocolHandler ["http-nio-8080"]
2019-02-26 13:35:04.701  INFO 16852 --- [main] o.a.coyote.http11.Http11NioProtocol      : Starting ProtocolHandler ["http-nio-8080"]
2019-02-26 13:35:04.713  INFO 16852 --- [main] o.a.tomcat.util.net.NioSelectorPool      : Using a shared selector for servlet write/read
2019-02-26 13:35:04.729  INFO 16852 --- [main] s.b.c.e.t.TomcatEmbeddedServletContainer : Tomcat started on port(s): 8080 (http)
2019-02-26 13:35:04.735  INFO 16852 --- [main] c.e.candiandian.CandiandianApplication   : Started CandiandianApplication in 10.996 seconds (JVM running for 12.235)
2019-02-26 13:35:56.344  INFO 16852 --- [http-nio-8080-exec-1] o.a.c.c.C.[.[localhost].[/candiandian]   : Initializing Spring FrameworkServlet 'dispatcherServlet'
2019-02-26 13:35:56.344  INFO 16852 --- [http-nio-8080-exec-1] o.s.web.servlet.DispatcherServlet        : FrameworkServlet 'dispatcherServlet': initialization started
2019-02-26 13:35:56.368  INFO 16852 --- [http-nio-8080-exec-1] o.s.web.servlet.DispatcherServlet        : FrameworkServlet 'dispatcherServlet': initialization completed in 22 ms
2019-02-26 19:31:01.669  INFO 15648 --- [main] c.e.candiandian.CandiandianApplication   : Starting CandiandianApplication on DESKTOP-AA1U7VH with PID 15648 (started by 14980 in J:\learn\java\idea workspace\candiandian)
2019-02-26 19:31:01.672  INFO 15648 --- [main] c.e.candiandian.CandiandianApplication   : No active profile set, falling back to default profiles: default
2019-02-26 19:31:01.754  INFO 15648 --- [main] ationConfigEmbeddedWebApplicationContext : Refreshing org.springframework.boot.context.embedded.AnnotationConfigEmbeddedWebApplicationContext@a1153bc: startup date [Tue Feb 26 19:31:01 CST 2019]; root of context hierarchy
2019-02-26 19:31:02.086  INFO 15648 --- [background-preinit] o.h.validator.internal.util.Version      : HV000001: Hibernate Validator 5.3.5.Final
2019-02-26 19:31:04.071  INFO 15648 --- [main] s.b.c.e.t.TomcatEmbeddedServletContainer : Tomcat initialized with port(s): 8080 (http)
2019-02-26 19:31:04.098  INFO 15648 --- [main] o.apache.catalina.core.StandardService   : Starting service [Tomcat]
2019-02-26 19:31:04.100  INFO 15648 --- [main] org.apache.catalina.core.StandardEngine  : Starting Servlet Engine: Apache Tomcat/8.5.16
2019-02-26 19:31:04.466  INFO 15648 --- [localhost-startStop-1] o.a.c.c.C.[.[localhost].[/candiandian]   : Initializing Spring embedded WebApplicationContext
2019-02-26 19:31:04.466  INFO 15648 --- [localhost-startStop-1] o.s.web.context.ContextLoader            : Root WebApplicationContext: initialization completed in 2712 ms
2019-02-26 19:31:04.632  INFO 15648 --- [localhost-startStop-1] o.s.b.w.servlet.ServletRegistrationBean  : Mapping servlet: 'dispatcherServlet' to [/]
2019-02-26 19:31:04.637  INFO 15648 --- [localhost-startStop-1] o.s.b.w.servlet.FilterRegistrationBean   : Mapping filter: 'characterEncodingFilter' to: [/*]
2019-02-26 19:31:04.637  INFO 15648 --- [localhost-startStop-1] o.s.b.w.servlet.FilterRegistrationBean   : Mapping filter: 'hiddenHttpMethodFilter' to: [/*]
2019-02-26 19:31:04.638  INFO 15648 --- [localhost-startStop-1] o.s.b.w.servlet.FilterRegistrationBean   : Mapping filter: 'httpPutFormContentFilter' to: [/*]
2019-02-26 19:31:04.638  INFO 15648 --- [localhost-startStop-1] o.s.b.w.servlet.FilterRegistrationBean   : Mapping filter: 'requestContextFilter' to: [/*]
2019-02-26 19:31:11.917  INFO 15648 --- [main] j.LocalContainerEntityManagerFactoryBean : Building JPA container EntityManagerFactory for persistence unit 'default'
2019-02-26 19:31:11.932  INFO 15648 --- [main] o.hibernate.jpa.internal.util.LogHelper  : HHH000204: Processing PersistenceUnitInfo [
	name: default
	...]
2019-02-26 19:31:12.061  INFO 15648 --- [main] org.hibernate.Version                    : HHH000412: Hibernate Core {5.0.12.Final}
2019-02-26 19:31:12.063  INFO 15648 --- [main] org.hibernate.cfg.Environment            : HHH000206: hibernate.properties not found
2019-02-26 19:31:12.064  INFO 15648 --- [main] org.hibernate.cfg.Environment            : HHH000021: Bytecode provider name : javassist
2019-02-26 19:31:12.193  INFO 15648 --- [main] o.hibernate.annotations.common.Version   : HCANN000001: Hibernate Commons Annotations {5.0.1.Final}
2019-02-26 19:31:12.483  INFO 15648 --- [main] org.hibernate.dialect.Dialect            : HHH000400: Using dialect: org.hibernate.dialect.MySQL5Dialect
2019-02-26 19:31:13.222  INFO 15648 --- [main] j.LocalContainerEntityManagerFactoryBean : Initialized JPA EntityManagerFactory for persistence unit 'default'
2019-02-26 19:31:14.221  INFO 15648 --- [main] s.w.s.m.m.a.RequestMappingHandlerAdapter : Looking for @ControllerAdvice: org.springframework.boot.context.embedded.AnnotationConfigEmbeddedWebApplicationContext@a1153bc: startup date [Tue Feb 26 19:31:01 CST 2019]; root of context hierarchy
2019-02-26 19:31:14.302  INFO 15648 --- [main] s.w.s.m.m.a.RequestMappingHandlerMapping : Mapped "{[/buyer/restaurant/list],methods=[POST]}" onto public java.util.List<cn.edkso.candiandian.domain.Restaurant> cn.edkso.candiandian.controller.RestaurantController.list(java.lang.Double,java.lang.Double)
2019-02-26 19:31:14.304  INFO 15648 --- [main] s.w.s.m.m.a.RequestMappingHandlerMapping : Mapped "{[/buyer/user/login],methods=[POST]}" onto public cn.edkso.candiandian.domain.User cn.edkso.candiandian.controller.UserController.login(cn.edkso.candiandian.form.UserInfoForm)
2019-02-26 19:31:14.307  INFO 15648 --- [main] s.w.s.m.m.a.RequestMappingHandlerMapping : Mapped "{[/error]}" onto public org.springframework.http.ResponseEntity<java.util.Map<java.lang.String, java.lang.Object>> org.springframework.boot.autoconfigure.web.BasicErrorController.error(javax.servlet.http.HttpServletRequest)
2019-02-26 19:31:14.308  INFO 15648 --- [main] s.w.s.m.m.a.RequestMappingHandlerMapping : Mapped "{[/error],produces=[text/html]}" onto public org.springframework.web.servlet.ModelAndView org.springframework.boot.autoconfigure.web.BasicErrorController.errorHtml(javax.servlet.http.HttpServletRequest,javax.servlet.http.HttpServletResponse)
2019-02-26 19:31:14.373  INFO 15648 --- [main] o.s.w.s.handler.SimpleUrlHandlerMapping  : Mapped URL path [/webjars/**] onto handler of type [class org.springframework.web.servlet.resource.ResourceHttpRequestHandler]
2019-02-26 19:31:14.373  INFO 15648 --- [main] o.s.w.s.handler.SimpleUrlHandlerMapping  : Mapped URL path [/**] onto handler of type [class org.springframework.web.servlet.resource.ResourceHttpRequestHandler]
2019-02-26 19:31:14.465  INFO 15648 --- [main] o.s.w.s.handler.SimpleUrlHandlerMapping  : Mapped URL path [/**/favicon.ico] onto handler of type [class org.springframework.web.servlet.resource.ResourceHttpRequestHandler]
2019-02-26 19:31:14.954  INFO 15648 --- [main] o.s.j.e.a.AnnotationMBeanExporter        : Registering beans for JMX exposure on startup
2019-02-26 19:31:14.986  INFO 15648 --- [main] o.a.coyote.http11.Http11NioProtocol      : Initializing ProtocolHandler ["http-nio-8080"]
2019-02-26 19:31:15.000  INFO 15648 --- [main] o.a.coyote.http11.Http11NioProtocol      : Starting ProtocolHandler ["http-nio-8080"]
2019-02-26 19:31:15.013  INFO 15648 --- [main] o.a.tomcat.util.net.NioSelectorPool      : Using a shared selector for servlet write/read
2019-02-26 19:31:15.034  INFO 15648 --- [main] s.b.c.e.t.TomcatEmbeddedServletContainer : Tomcat started on port(s): 8080 (http)
2019-02-26 19:31:15.051  INFO 15648 --- [main] c.e.candiandian.CandiandianApplication   : Started CandiandianApplication in 14.56 seconds (JVM running for 18.07)
2019-02-26 19:31:29.683  INFO 15648 --- [http-nio-8080-exec-2] o.a.c.c.C.[.[localhost].[/candiandian]   : Initializing Spring FrameworkServlet 'dispatcherServlet'
2019-02-26 19:31:29.684  INFO 15648 --- [http-nio-8080-exec-2] o.s.web.servlet.DispatcherServlet        : FrameworkServlet 'dispatcherServlet': initialization started
2019-02-26 19:31:29.711  INFO 15648 --- [http-nio-8080-exec-2] o.s.web.servlet.DispatcherServlet        : FrameworkServlet 'dispatcherServlet': initialization completed in 27 ms
2019-02-26 22:55:47.820  INFO 3772 --- [main] c.e.candiandian.CandiandianApplication   : Starting CandiandianApplication on DESKTOP-AA1U7VH with PID 3772 (started by 14980 in J:\learn\java\idea workspace\candiandian)
2019-02-26 22:55:47.893  INFO 3772 --- [main] c.e.candiandian.CandiandianApplication   : No active profile set, falling back to default profiles: default
2019-02-26 22:55:48.660  INFO 3772 --- [main] ationConfigEmbeddedWebApplicationContext : Refreshing org.springframework.boot.context.embedded.AnnotationConfigEmbeddedWebApplicationContext@7b2bbc3: startup date [Tue Feb 26 22:55:48 CST 2019]; root of context hierarchy
2019-02-26 22:55:50.255  INFO 3772 --- [background-preinit] o.h.validator.internal.util.Version      : HV000001: Hibernate Validator 5.3.5.Final
2019-02-26 22:56:09.939  INFO 3772 --- [main] s.b.c.e.t.TomcatEmbeddedServletContainer : Tomcat initialized with port(s): 8080 (http)
2019-02-26 22:56:09.985  INFO 3772 --- [main] o.apache.catalina.core.StandardService   : Starting service [Tomcat]
2019-02-26 22:56:09.988  INFO 3772 --- [main] org.apache.catalina.core.StandardEngine  : Starting Servlet Engine: Apache Tomcat/8.5.16
2019-02-26 22:56:10.699  INFO 3772 --- [localhost-startStop-1] o.a.c.c.C.[.[localhost].[/candiandian]   : Initializing Spring embedded WebApplicationContext
2019-02-26 22:56:10.700  INFO 3772 --- [localhost-startStop-1] o.s.web.context.ContextLoader            : Root WebApplicationContext: initialization completed in 22040 ms
2019-02-26 22:56:10.925  INFO 3772 --- [localhost-startStop-1] o.s.b.w.servlet.ServletRegistrationBean  : Mapping servlet: 'dispatcherServlet' to [/]
2019-02-26 22:56:10.959  INFO 3772 --- [localhost-startStop-1] o.s.b.w.servlet.FilterRegistrationBean   : Mapping filter: 'characterEncodingFilter' to: [/*]
2019-02-26 22:56:10.960  INFO 3772 --- [localhost-startStop-1] o.s.b.w.servlet.FilterRegistrationBean   : Mapping filter: 'hiddenHttpMethodFilter' to: [/*]
2019-02-26 22:56:10.961  INFO 3772 --- [localhost-startStop-1] o.s.b.w.servlet.FilterRegistrationBean   : Mapping filter: 'httpPutFormContentFilter' to: [/*]
2019-02-26 22:56:10.961  INFO 3772 --- [localhost-startStop-1] o.s.b.w.servlet.FilterRegistrationBean   : Mapping filter: 'requestContextFilter' to: [/*]
2019-02-26 22:56:21.371  INFO 3772 --- [main] j.LocalContainerEntityManagerFactoryBean : Building JPA container EntityManagerFactory for persistence unit 'default'
2019-02-26 22:56:21.435  INFO 3772 --- [main] o.hibernate.jpa.internal.util.LogHelper  : HHH000204: Processing PersistenceUnitInfo [
	name: default
	...]
2019-02-26 22:56:22.265  INFO 3772 --- [main] org.hibernate.Version                    : HHH000412: Hibernate Core {5.0.12.Final}
2019-02-26 22:56:22.266  INFO 3772 --- [main] org.hibernate.cfg.Environment            : HHH000206: hibernate.properties not found
2019-02-26 22:56:22.268  INFO 3772 --- [main] org.hibernate.cfg.Environment            : HHH000021: Bytecode provider name : javassist
2019-02-26 22:56:22.684  INFO 3772 --- [main] o.hibernate.annotations.common.Version   : HCANN000001: Hibernate Commons Annotations {5.0.1.Final}
2019-02-26 22:56:23.345  INFO 3772 --- [main] org.hibernate.dialect.Dialect            : HHH000400: Using dialect: org.hibernate.dialect.MySQL5Dialect
2019-02-26 22:56:25.566  INFO 3772 --- [main] j.LocalContainerEntityManagerFactoryBean : Initialized JPA EntityManagerFactory for persistence unit 'default'
2019-02-26 22:56:28.183  INFO 3772 --- [main] s.w.s.m.m.a.RequestMappingHandlerAdapter : Looking for @ControllerAdvice: org.springframework.boot.context.embedded.AnnotationConfigEmbeddedWebApplicationContext@7b2bbc3: startup date [Tue Feb 26 22:55:48 CST 2019]; root of context hierarchy
2019-02-26 22:56:28.404  INFO 3772 --- [main] s.w.s.m.m.a.RequestMappingHandlerMapping : Mapped "{[/buyer/restaurant/list],methods=[POST]}" onto public java.util.List<cn.edkso.candiandian.domain.Restaurant> cn.edkso.candiandian.controller.RestaurantController.list(java.lang.Double,java.lang.Double)
2019-02-26 22:56:28.406  INFO 3772 --- [main] s.w.s.m.m.a.RequestMappingHandlerMapping : Mapped "{[/buyer/user/login],methods=[POST]}" onto public cn.edkso.candiandian.domain.User cn.edkso.candiandian.controller.UserController.login(cn.edkso.candiandian.form.UserInfoForm)
2019-02-26 22:56:28.409  INFO 3772 --- [main] s.w.s.m.m.a.RequestMappingHandlerMapping : Mapped "{[/error]}" onto public org.springframework.http.ResponseEntity<java.util.Map<java.lang.String, java.lang.Object>> org.springframework.boot.autoconfigure.web.BasicErrorController.error(javax.servlet.http.HttpServletRequest)
2019-02-26 22:56:28.410  INFO 3772 --- [main] s.w.s.m.m.a.RequestMappingHandlerMapping : Mapped "{[/error],produces=[text/html]}" onto public org.springframework.web.servlet.ModelAndView org.springframework.boot.autoconfigure.web.BasicErrorController.errorHtml(javax.servlet.http.HttpServletRequest,javax.servlet.http.HttpServletResponse)
2019-02-26 22:56:28.438  INFO 3772 --- [main] o.s.w.s.handler.SimpleUrlHandlerMapping  : Mapped URL path [/webjars/**] onto handler of type [class org.springframework.web.servlet.resource.ResourceHttpRequestHandler]
2019-02-26 22:56:28.439  INFO 3772 --- [main] o.s.w.s.handler.SimpleUrlHandlerMapping  : Mapped URL path [/**] onto handler of type [class org.springframework.web.servlet.resource.ResourceHttpRequestHandler]
2019-02-26 22:56:28.570  INFO 3772 --- [main] o.s.w.s.handler.SimpleUrlHandlerMapping  : Mapped URL path [/**/favicon.ico] onto handler of type [class org.springframework.web.servlet.resource.ResourceHttpRequestHandler]
2019-02-26 22:56:29.345  INFO 3772 --- [main] o.s.j.e.a.AnnotationMBeanExporter        : Registering beans for JMX exposure on startup
2019-02-26 22:56:29.405  INFO 3772 --- [main] o.a.coyote.http11.Http11NioProtocol      : Initializing ProtocolHandler ["http-nio-8080"]
2019-02-26 22:56:29.446  INFO 3772 --- [main] o.a.coyote.http11.Http11NioProtocol      : Starting ProtocolHandler ["http-nio-8080"]
2019-02-26 22:56:29.459  INFO 3772 --- [main] o.a.tomcat.util.net.NioSelectorPool      : Using a shared selector for servlet write/read
2019-02-26 22:56:29.684  INFO 3772 --- [main] s.b.c.e.t.TomcatEmbeddedServletContainer : Tomcat started on port(s): 8080 (http)
2019-02-26 22:56:29.689  INFO 3772 --- [main] c.e.candiandian.CandiandianApplication   : Started CandiandianApplication in 56.092 seconds (JVM running for 82.215)
2019-02-26 23:11:12.104  INFO 3772 --- [http-nio-8080-exec-1] o.a.c.c.C.[.[localhost].[/candiandian]   : Initializing Spring FrameworkServlet 'dispatcherServlet'
2019-02-26 23:11:12.104  INFO 3772 --- [http-nio-8080-exec-1] o.s.web.servlet.DispatcherServlet        : FrameworkServlet 'dispatcherServlet': initialization started
2019-02-26 23:11:12.179  INFO 3772 --- [http-nio-8080-exec-1] o.s.web.servlet.DispatcherServlet        : FrameworkServlet 'dispatcherServlet': initialization completed in 74 ms
