2019-03-01 13:45:18.666  INFO 9520 --- [main] c.e.candiandian.CandiandianApplication   : Starting CandiandianApplication on DESKTOP-AA1U7VH with PID 9520 (started by Dingmengdi in J:\learn\java\idea workspace\candiandian)
2019-03-01 13:45:18.669  INFO 9520 --- [main] c.e.candiandian.CandiandianApplication   : No active profile set, falling back to default profiles: default
2019-03-01 13:45:19.282  INFO 9520 --- [background-preinit] o.h.validator.internal.util.Version      : HV000001: Hibernate Validator 5.3.5.Final
2019-03-01 13:45:19.519  INFO 9520 --- [main] ationConfigEmbeddedWebApplicationContext : Refreshing org.springframework.boot.context.embedded.AnnotationConfigEmbeddedWebApplicationContext@3590fc5b: startup date [Fri Mar 01 13:45:19 CST 2019]; root of context hierarchy
2019-03-01 13:45:22.241  INFO 9520 --- [main] s.b.c.e.t.TomcatEmbeddedServletContainer : Tomcat initialized with port(s): 8080 (http)
2019-03-01 13:45:22.260  INFO 9520 --- [main] o.apache.catalina.core.StandardService   : Starting service [Tomcat]
2019-03-01 13:45:22.263  INFO 9520 --- [main] org.apache.catalina.core.StandardEngine  : Starting Servlet Engine: Apache Tomcat/8.5.16
2019-03-01 13:45:22.484  INFO 9520 --- [localhost-startStop-1] o.a.c.c.C.[.[localhost].[/candiandian]   : Initializing Spring embedded WebApplicationContext
2019-03-01 13:45:22.486  INFO 9520 --- [localhost-startStop-1] o.s.web.context.ContextLoader            : Root WebApplicationContext: initialization completed in 2967 ms
2019-03-01 13:45:22.741  INFO 9520 --- [localhost-startStop-1] o.s.b.w.servlet.ServletRegistrationBean  : Mapping servlet: 'dispatcherServlet' to [/]
2019-03-01 13:45:22.749  INFO 9520 --- [localhost-startStop-1] o.s.b.w.servlet.FilterRegistrationBean   : Mapping filter: 'characterEncodingFilter' to: [/*]
2019-03-01 13:45:22.751  INFO 9520 --- [localhost-startStop-1] o.s.b.w.servlet.FilterRegistrationBean   : Mapping filter: 'hiddenHttpMethodFilter' to: [/*]
2019-03-01 13:45:22.751  INFO 9520 --- [localhost-startStop-1] o.s.b.w.servlet.FilterRegistrationBean   : Mapping filter: 'httpPutFormContentFilter' to: [/*]
2019-03-01 13:45:22.752  INFO 9520 --- [localhost-startStop-1] o.s.b.w.servlet.FilterRegistrationBean   : Mapping filter: 'requestContextFilter' to: [/*]
2019-03-01 13:45:25.809  INFO 9520 --- [main] j.LocalContainerEntityManagerFactoryBean : Building JPA container EntityManagerFactory for persistence unit 'default'
2019-03-01 13:45:25.840  INFO 9520 --- [main] o.hibernate.jpa.internal.util.LogHelper  : HHH000204: Processing PersistenceUnitInfo [
	name: default
	...]
2019-03-01 13:45:26.010  INFO 9520 --- [main] org.hibernate.Version                    : HHH000412: Hibernate Core {5.0.12.Final}
2019-03-01 13:45:26.014  INFO 9520 --- [main] org.hibernate.cfg.Environment            : HHH000206: hibernate.properties not found
2019-03-01 13:45:26.015  INFO 9520 --- [main] org.hibernate.cfg.Environment            : HHH000021: Bytecode provider name : javassist
2019-03-01 13:45:26.130  INFO 9520 --- [main] o.hibernate.annotations.common.Version   : HCANN000001: Hibernate Commons Annotations {5.0.1.Final}
2019-03-01 13:45:26.422  INFO 9520 --- [main] org.hibernate.dialect.Dialect            : HHH000400: Using dialect: org.hibernate.dialect.MySQL5Dialect
2019-03-01 13:45:27.437  INFO 9520 --- [main] j.LocalContainerEntityManagerFactoryBean : Initialized JPA EntityManagerFactory for persistence unit 'default'
2019-03-01 13:45:28.407  INFO 9520 --- [main] s.w.s.m.m.a.RequestMappingHandlerAdapter : Looking for @ControllerAdvice: org.springframework.boot.context.embedded.AnnotationConfigEmbeddedWebApplicationContext@3590fc5b: startup date [Fri Mar 01 13:45:19 CST 2019]; root of context hierarchy
2019-03-01 13:45:28.515  INFO 9520 --- [main] s.w.s.m.m.a.RequestMappingHandlerMapping : Mapped "{[/buyer/restaurant/list],methods=[POST]}" onto public java.util.List<cn.edkso.candiandian.domain.Restaurant> cn.edkso.candiandian.controller.RestaurantController.list(java.lang.Double,java.lang.Double)
2019-03-01 13:45:28.517  INFO 9520 --- [main] s.w.s.m.m.a.RequestMappingHandlerMapping : Mapped "{[/buyer/restaurant/ordering],methods=[POST]}" onto public cn.edkso.candiandian.dto.RestaurantDTO cn.edkso.candiandian.controller.RestaurantController.ordering(java.lang.String)
2019-03-01 13:45:28.518  INFO 9520 --- [main] s.w.s.m.m.a.RequestMappingHandlerMapping : Mapped "{[/buyer/store/list],methods=[POST]}" onto public java.util.List<cn.edkso.candiandian.domain.Store> cn.edkso.candiandian.controller.StoreController.list(java.lang.String)
2019-03-01 13:45:28.519  INFO 9520 --- [main] s.w.s.m.m.a.RequestMappingHandlerMapping : Mapped "{[/buyer/user/login],methods=[POST]}" onto public cn.edkso.candiandian.domain.User cn.edkso.candiandian.controller.UserController.login(cn.edkso.candiandian.form.UserInfoForm)
2019-03-01 13:45:28.522  INFO 9520 --- [main] s.w.s.m.m.a.RequestMappingHandlerMapping : Mapped "{[/error]}" onto public org.springframework.http.ResponseEntity<java.util.Map<java.lang.String, java.lang.Object>> org.springframework.boot.autoconfigure.web.BasicErrorController.error(javax.servlet.http.HttpServletRequest)
2019-03-01 13:45:28.522  INFO 9520 --- [main] s.w.s.m.m.a.RequestMappingHandlerMapping : Mapped "{[/error],produces=[text/html]}" onto public org.springframework.web.servlet.ModelAndView org.springframework.boot.autoconfigure.web.BasicErrorController.errorHtml(javax.servlet.http.HttpServletRequest,javax.servlet.http.HttpServletResponse)
2019-03-01 13:45:28.562  INFO 9520 --- [main] o.s.w.s.handler.SimpleUrlHandlerMapping  : Mapped URL path [/webjars/**] onto handler of type [class org.springframework.web.servlet.resource.ResourceHttpRequestHandler]
2019-03-01 13:45:28.562  INFO 9520 --- [main] o.s.w.s.handler.SimpleUrlHandlerMapping  : Mapped URL path [/**] onto handler of type [class org.springframework.web.servlet.resource.ResourceHttpRequestHandler]
2019-03-01 13:45:28.612  INFO 9520 --- [main] o.s.w.s.handler.SimpleUrlHandlerMapping  : Mapped URL path [/**/favicon.ico] onto handler of type [class org.springframework.web.servlet.resource.ResourceHttpRequestHandler]
2019-03-01 13:45:29.596  INFO 9520 --- [main] o.s.j.e.a.AnnotationMBeanExporter        : Registering beans for JMX exposure on startup
2019-03-01 13:45:29.626  INFO 9520 --- [main] o.a.coyote.http11.Http11NioProtocol      : Initializing ProtocolHandler ["http-nio-8080"]
2019-03-01 13:45:29.639  INFO 9520 --- [main] o.a.coyote.http11.Http11NioProtocol      : Starting ProtocolHandler ["http-nio-8080"]
2019-03-01 13:45:29.657  INFO 9520 --- [main] o.a.coyote.http11.Http11NioProtocol      : Pausing ProtocolHandler ["http-nio-8080"]
2019-03-01 13:45:29.657  INFO 9520 --- [main] o.apache.catalina.core.StandardService   : Stopping service [Tomcat]
2019-03-01 13:45:29.668  INFO 9520 --- [main] org.apache.catalina.util.LifecycleBase   : The stop() method was called on component [StandardServer[-1]] after stop() had already been called. The second call will be ignored.
2019-03-01 13:45:29.668  INFO 9520 --- [main] o.a.coyote.http11.Http11NioProtocol      : Stopping ProtocolHandler ["http-nio-8080"]
2019-03-01 13:45:29.669  INFO 9520 --- [main] o.a.coyote.http11.Http11NioProtocol      : Destroying ProtocolHandler ["http-nio-8080"]
2019-03-01 13:45:29.679  INFO 9520 --- [main] utoConfigurationReportLoggingInitializer : 

Error starting ApplicationContext. To display the auto-configuration report re-run your application with 'debug' enabled.
2019-03-01 13:45:29.690  INFO 9520 --- [main] ationConfigEmbeddedWebApplicationContext : Closing org.springframework.boot.context.embedded.AnnotationConfigEmbeddedWebApplicationContext@3590fc5b: startup date [Fri Mar 01 13:45:19 CST 2019]; root of context hierarchy
2019-03-01 13:45:29.692  INFO 9520 --- [main] o.s.j.e.a.AnnotationMBeanExporter        : Unregistering JMX-exposed beans on shutdown
2019-03-01 13:45:29.694  INFO 9520 --- [main] j.LocalContainerEntityManagerFactoryBean : Closing JPA EntityManagerFactory for persistence unit 'default'
2019-03-01 13:46:24.753  INFO 5036 --- [main] c.e.candiandian.CandiandianApplication   : Starting CandiandianApplication on DESKTOP-AA1U7VH with PID 5036 (started by Dingmengdi in J:\learn\java\idea workspace\candiandian)
2019-03-01 13:46:24.755  INFO 5036 --- [main] c.e.candiandian.CandiandianApplication   : No active profile set, falling back to default profiles: default
2019-03-01 13:46:25.034  INFO 5036 --- [main] ationConfigEmbeddedWebApplicationContext : Refreshing org.springframework.boot.context.embedded.AnnotationConfigEmbeddedWebApplicationContext@3590fc5b: startup date [Fri Mar 01 13:46:25 CST 2019]; root of context hierarchy
2019-03-01 13:46:25.059  INFO 5036 --- [background-preinit] o.h.validator.internal.util.Version      : HV000001: Hibernate Validator 5.3.5.Final
2019-03-01 13:46:26.577  INFO 5036 --- [main] s.b.c.e.t.TomcatEmbeddedServletContainer : Tomcat initialized with port(s): 8080 (http)
2019-03-01 13:46:26.587  INFO 5036 --- [main] o.apache.catalina.core.StandardService   : Starting service [Tomcat]
2019-03-01 13:46:26.588  INFO 5036 --- [main] org.apache.catalina.core.StandardEngine  : Starting Servlet Engine: Apache Tomcat/8.5.16
2019-03-01 13:46:26.701  INFO 5036 --- [localhost-startStop-1] o.a.c.c.C.[.[localhost].[/candiandian]   : Initializing Spring embedded WebApplicationContext
2019-03-01 13:46:26.702  INFO 5036 --- [localhost-startStop-1] o.s.web.context.ContextLoader            : Root WebApplicationContext: initialization completed in 1668 ms
2019-03-01 13:46:26.871  INFO 5036 --- [localhost-startStop-1] o.s.b.w.servlet.ServletRegistrationBean  : Mapping servlet: 'dispatcherServlet' to [/]
2019-03-01 13:46:26.876  INFO 5036 --- [localhost-startStop-1] o.s.b.w.servlet.FilterRegistrationBean   : Mapping filter: 'characterEncodingFilter' to: [/*]
2019-03-01 13:46:26.877  INFO 5036 --- [localhost-startStop-1] o.s.b.w.servlet.FilterRegistrationBean   : Mapping filter: 'hiddenHttpMethodFilter' to: [/*]
2019-03-01 13:46:26.877  INFO 5036 --- [localhost-startStop-1] o.s.b.w.servlet.FilterRegistrationBean   : Mapping filter: 'httpPutFormContentFilter' to: [/*]
2019-03-01 13:46:26.877  INFO 5036 --- [localhost-startStop-1] o.s.b.w.servlet.FilterRegistrationBean   : Mapping filter: 'requestContextFilter' to: [/*]
2019-03-01 13:46:29.295  INFO 5036 --- [main] j.LocalContainerEntityManagerFactoryBean : Building JPA container EntityManagerFactory for persistence unit 'default'
2019-03-01 13:46:29.310  INFO 5036 --- [main] o.hibernate.jpa.internal.util.LogHelper  : HHH000204: Processing PersistenceUnitInfo [
	name: default
	...]
2019-03-01 13:46:29.385  INFO 5036 --- [main] org.hibernate.Version                    : HHH000412: Hibernate Core {5.0.12.Final}
2019-03-01 13:46:29.386  INFO 5036 --- [main] org.hibernate.cfg.Environment            : HHH000206: hibernate.properties not found
2019-03-01 13:46:29.388  INFO 5036 --- [main] org.hibernate.cfg.Environment            : HHH000021: Bytecode provider name : javassist
2019-03-01 13:46:29.439  INFO 5036 --- [main] o.hibernate.annotations.common.Version   : HCANN000001: Hibernate Commons Annotations {5.0.1.Final}
2019-03-01 13:46:29.565  INFO 5036 --- [main] org.hibernate.dialect.Dialect            : HHH000400: Using dialect: org.hibernate.dialect.MySQL5Dialect
2019-03-01 13:46:30.094  INFO 5036 --- [main] j.LocalContainerEntityManagerFactoryBean : Initialized JPA EntityManagerFactory for persistence unit 'default'
2019-03-01 13:46:30.716  INFO 5036 --- [main] s.w.s.m.m.a.RequestMappingHandlerAdapter : Looking for @ControllerAdvice: org.springframework.boot.context.embedded.AnnotationConfigEmbeddedWebApplicationContext@3590fc5b: startup date [Fri Mar 01 13:46:25 CST 2019]; root of context hierarchy
2019-03-01 13:46:30.788  INFO 5036 --- [main] s.w.s.m.m.a.RequestMappingHandlerMapping : Mapped "{[/buyer/restaurant/list],methods=[POST]}" onto public java.util.List<cn.edkso.candiandian.domain.Restaurant> cn.edkso.candiandian.controller.RestaurantController.list(java.lang.Double,java.lang.Double)
2019-03-01 13:46:30.790  INFO 5036 --- [main] s.w.s.m.m.a.RequestMappingHandlerMapping : Mapped "{[/buyer/restaurant/ordering],methods=[POST]}" onto public cn.edkso.candiandian.dto.RestaurantDTO cn.edkso.candiandian.controller.RestaurantController.ordering(java.lang.String)
2019-03-01 13:46:30.791  INFO 5036 --- [main] s.w.s.m.m.a.RequestMappingHandlerMapping : Mapped "{[/buyer/store/list],methods=[POST]}" onto public java.util.List<cn.edkso.candiandian.domain.Store> cn.edkso.candiandian.controller.StoreController.list(java.lang.String)
2019-03-01 13:46:30.792  INFO 5036 --- [main] s.w.s.m.m.a.RequestMappingHandlerMapping : Mapped "{[/buyer/user/login],methods=[POST]}" onto public cn.edkso.candiandian.domain.User cn.edkso.candiandian.controller.UserController.login(cn.edkso.candiandian.form.UserInfoForm)
2019-03-01 13:46:30.794  INFO 5036 --- [main] s.w.s.m.m.a.RequestMappingHandlerMapping : Mapped "{[/error]}" onto public org.springframework.http.ResponseEntity<java.util.Map<java.lang.String, java.lang.Object>> org.springframework.boot.autoconfigure.web.BasicErrorController.error(javax.servlet.http.HttpServletRequest)
2019-03-01 13:46:30.794  INFO 5036 --- [main] s.w.s.m.m.a.RequestMappingHandlerMapping : Mapped "{[/error],produces=[text/html]}" onto public org.springframework.web.servlet.ModelAndView org.springframework.boot.autoconfigure.web.BasicErrorController.errorHtml(javax.servlet.http.HttpServletRequest,javax.servlet.http.HttpServletResponse)
2019-03-01 13:46:30.823  INFO 5036 --- [main] o.s.w.s.handler.SimpleUrlHandlerMapping  : Mapped URL path [/webjars/**] onto handler of type [class org.springframework.web.servlet.resource.ResourceHttpRequestHandler]
2019-03-01 13:46:30.823  INFO 5036 --- [main] o.s.w.s.handler.SimpleUrlHandlerMapping  : Mapped URL path [/**] onto handler of type [class org.springframework.web.servlet.resource.ResourceHttpRequestHandler]
2019-03-01 13:46:30.862  INFO 5036 --- [main] o.s.w.s.handler.SimpleUrlHandlerMapping  : Mapped URL path [/**/favicon.ico] onto handler of type [class org.springframework.web.servlet.resource.ResourceHttpRequestHandler]
2019-03-01 13:46:31.384  INFO 5036 --- [main] o.s.j.e.a.AnnotationMBeanExporter        : Registering beans for JMX exposure on startup
2019-03-01 13:46:31.404  INFO 5036 --- [main] o.a.coyote.http11.Http11NioProtocol      : Initializing ProtocolHandler ["http-nio-8080"]
2019-03-01 13:46:31.415  INFO 5036 --- [main] o.a.coyote.http11.Http11NioProtocol      : Starting ProtocolHandler ["http-nio-8080"]
2019-03-01 13:46:31.428  INFO 5036 --- [main] o.a.tomcat.util.net.NioSelectorPool      : Using a shared selector for servlet write/read
2019-03-01 13:46:31.446  INFO 5036 --- [main] s.b.c.e.t.TomcatEmbeddedServletContainer : Tomcat started on port(s): 8080 (http)
2019-03-01 13:46:31.451  INFO 5036 --- [main] c.e.candiandian.CandiandianApplication   : Started CandiandianApplication in 7.336 seconds (JVM running for 8.393)
2019-03-01 13:47:25.360  INFO 5036 --- [http-nio-8080-exec-1] o.a.c.c.C.[.[localhost].[/candiandian]   : Initializing Spring FrameworkServlet 'dispatcherServlet'
2019-03-01 13:47:25.360  INFO 5036 --- [http-nio-8080-exec-1] o.s.web.servlet.DispatcherServlet        : FrameworkServlet 'dispatcherServlet': initialization started
2019-03-01 13:47:25.428  INFO 5036 --- [http-nio-8080-exec-1] o.s.web.servlet.DispatcherServlet        : FrameworkServlet 'dispatcherServlet': initialization completed in 68 ms
2019-03-01 13:47:25.619  INFO 5036 --- [http-nio-8080-exec-3] o.h.h.i.QueryTranslatorFactoryInitiator  : HHH000397: Using ASTQueryTranslatorFactory
2019-03-01 14:35:41.585  INFO 15708 --- [main] c.e.candiandian.CandiandianApplication   : Starting CandiandianApplication on DESKTOP-AA1U7VH with PID 15708 (started by Dingmengdi in J:\learn\java\idea workspace\candiandian)
2019-03-01 14:35:41.587  INFO 15708 --- [main] c.e.candiandian.CandiandianApplication   : No active profile set, falling back to default profiles: default
2019-03-01 14:35:41.887  INFO 15708 --- [background-preinit] o.h.validator.internal.util.Version      : HV000001: Hibernate Validator 5.3.5.Final
2019-03-01 14:35:42.047  INFO 15708 --- [main] ationConfigEmbeddedWebApplicationContext : Refreshing org.springframework.boot.context.embedded.AnnotationConfigEmbeddedWebApplicationContext@3590fc5b: startup date [Fri Mar 01 14:35:42 CST 2019]; root of context hierarchy
2019-03-01 14:35:43.586  INFO 15708 --- [main] s.b.c.e.t.TomcatEmbeddedServletContainer : Tomcat initialized with port(s): 8080 (http)
2019-03-01 14:35:43.595  INFO 15708 --- [main] o.apache.catalina.core.StandardService   : Starting service [Tomcat]
2019-03-01 14:35:43.596  INFO 15708 --- [main] org.apache.catalina.core.StandardEngine  : Starting Servlet Engine: Apache Tomcat/8.5.16
2019-03-01 14:35:43.728  INFO 15708 --- [localhost-startStop-1] o.a.c.c.C.[.[localhost].[/candiandian]   : Initializing Spring embedded WebApplicationContext
2019-03-01 14:35:43.728  INFO 15708 --- [localhost-startStop-1] o.s.web.context.ContextLoader            : Root WebApplicationContext: initialization completed in 1681 ms
2019-03-01 14:35:43.887  INFO 15708 --- [localhost-startStop-1] o.s.b.w.servlet.ServletRegistrationBean  : Mapping servlet: 'dispatcherServlet' to [/]
2019-03-01 14:35:43.891  INFO 15708 --- [localhost-startStop-1] o.s.b.w.servlet.FilterRegistrationBean   : Mapping filter: 'characterEncodingFilter' to: [/*]
2019-03-01 14:35:43.892  INFO 15708 --- [localhost-startStop-1] o.s.b.w.servlet.FilterRegistrationBean   : Mapping filter: 'hiddenHttpMethodFilter' to: [/*]
2019-03-01 14:35:43.892  INFO 15708 --- [localhost-startStop-1] o.s.b.w.servlet.FilterRegistrationBean   : Mapping filter: 'httpPutFormContentFilter' to: [/*]
2019-03-01 14:35:43.892  INFO 15708 --- [localhost-startStop-1] o.s.b.w.servlet.FilterRegistrationBean   : Mapping filter: 'requestContextFilter' to: [/*]
2019-03-01 14:35:46.323  INFO 15708 --- [main] j.LocalContainerEntityManagerFactoryBean : Building JPA container EntityManagerFactory for persistence unit 'default'
2019-03-01 14:35:46.340  INFO 15708 --- [main] o.hibernate.jpa.internal.util.LogHelper  : HHH000204: Processing PersistenceUnitInfo [
	name: default
	...]
2019-03-01 14:35:46.422  INFO 15708 --- [main] org.hibernate.Version                    : HHH000412: Hibernate Core {5.0.12.Final}
2019-03-01 14:35:46.424  INFO 15708 --- [main] org.hibernate.cfg.Environment            : HHH000206: hibernate.properties not found
2019-03-01 14:35:46.426  INFO 15708 --- [main] org.hibernate.cfg.Environment            : HHH000021: Bytecode provider name : javassist
2019-03-01 14:35:46.491  INFO 15708 --- [main] o.hibernate.annotations.common.Version   : HCANN000001: Hibernate Commons Annotations {5.0.1.Final}
2019-03-01 14:35:46.629  INFO 15708 --- [main] org.hibernate.dialect.Dialect            : HHH000400: Using dialect: org.hibernate.dialect.MySQL5Dialect
2019-03-01 14:35:47.197  INFO 15708 --- [main] j.LocalContainerEntityManagerFactoryBean : Initialized JPA EntityManagerFactory for persistence unit 'default'
2019-03-01 14:35:47.785  INFO 15708 --- [main] s.w.s.m.m.a.RequestMappingHandlerAdapter : Looking for @ControllerAdvice: org.springframework.boot.context.embedded.AnnotationConfigEmbeddedWebApplicationContext@3590fc5b: startup date [Fri Mar 01 14:35:42 CST 2019]; root of context hierarchy
2019-03-01 14:35:47.851  INFO 15708 --- [main] s.w.s.m.m.a.RequestMappingHandlerMapping : Mapped "{[/buyer/restaurant/list],methods=[POST]}" onto public java.util.List<cn.edkso.candiandian.domain.Restaurant> cn.edkso.candiandian.controller.RestaurantController.list(java.lang.Double,java.lang.Double)
2019-03-01 14:35:47.852  INFO 15708 --- [main] s.w.s.m.m.a.RequestMappingHandlerMapping : Mapped "{[/buyer/restaurant/ordering],methods=[POST]}" onto public cn.edkso.candiandian.dto.RestaurantDTO cn.edkso.candiandian.controller.RestaurantController.ordering(java.lang.String)
2019-03-01 14:35:47.853  INFO 15708 --- [main] s.w.s.m.m.a.RequestMappingHandlerMapping : Mapped "{[/buyer/store/list],methods=[POST]}" onto public java.util.List<cn.edkso.candiandian.domain.Store> cn.edkso.candiandian.controller.StoreController.list(java.lang.String)
2019-03-01 14:35:47.853  INFO 15708 --- [main] s.w.s.m.m.a.RequestMappingHandlerMapping : Mapped "{[/buyer/user/login],methods=[POST]}" onto public cn.edkso.candiandian.domain.User cn.edkso.candiandian.controller.UserController.login(cn.edkso.candiandian.form.UserInfoForm)
2019-03-01 14:35:47.855  INFO 15708 --- [main] s.w.s.m.m.a.RequestMappingHandlerMapping : Mapped "{[/error]}" onto public org.springframework.http.ResponseEntity<java.util.Map<java.lang.String, java.lang.Object>> org.springframework.boot.autoconfigure.web.BasicErrorController.error(javax.servlet.http.HttpServletRequest)
2019-03-01 14:35:47.856  INFO 15708 --- [main] s.w.s.m.m.a.RequestMappingHandlerMapping : Mapped "{[/error],produces=[text/html]}" onto public org.springframework.web.servlet.ModelAndView org.springframework.boot.autoconfigure.web.BasicErrorController.errorHtml(javax.servlet.http.HttpServletRequest,javax.servlet.http.HttpServletResponse)
2019-03-01 14:35:47.881  INFO 15708 --- [main] o.s.w.s.handler.SimpleUrlHandlerMapping  : Mapped URL path [/webjars/**] onto handler of type [class org.springframework.web.servlet.resource.ResourceHttpRequestHandler]
2019-03-01 14:35:47.881  INFO 15708 --- [main] o.s.w.s.handler.SimpleUrlHandlerMapping  : Mapped URL path [/**] onto handler of type [class org.springframework.web.servlet.resource.ResourceHttpRequestHandler]
2019-03-01 14:35:47.917  INFO 15708 --- [main] o.s.w.s.handler.SimpleUrlHandlerMapping  : Mapped URL path [/**/favicon.ico] onto handler of type [class org.springframework.web.servlet.resource.ResourceHttpRequestHandler]
2019-03-01 14:35:48.420  INFO 15708 --- [main] o.s.j.e.a.AnnotationMBeanExporter        : Registering beans for JMX exposure on startup
2019-03-01 14:35:48.437  INFO 15708 --- [main] o.a.coyote.http11.Http11NioProtocol      : Initializing ProtocolHandler ["http-nio-8080"]
2019-03-01 14:35:48.445  INFO 15708 --- [main] o.a.coyote.http11.Http11NioProtocol      : Starting ProtocolHandler ["http-nio-8080"]
2019-03-01 14:35:48.458  INFO 15708 --- [main] o.a.tomcat.util.net.NioSelectorPool      : Using a shared selector for servlet write/read
2019-03-01 14:35:48.475  INFO 15708 --- [main] s.b.c.e.t.TomcatEmbeddedServletContainer : Tomcat started on port(s): 8080 (http)
2019-03-01 14:35:48.479  INFO 15708 --- [main] c.e.candiandian.CandiandianApplication   : Started CandiandianApplication in 7.564 seconds (JVM running for 8.701)
2019-03-01 14:36:30.568  INFO 15708 --- [http-nio-8080-exec-1] o.a.c.c.C.[.[localhost].[/candiandian]   : Initializing Spring FrameworkServlet 'dispatcherServlet'
2019-03-01 14:36:30.568  INFO 15708 --- [http-nio-8080-exec-1] o.s.web.servlet.DispatcherServlet        : FrameworkServlet 'dispatcherServlet': initialization started
2019-03-01 14:36:30.593  INFO 15708 --- [http-nio-8080-exec-1] o.s.web.servlet.DispatcherServlet        : FrameworkServlet 'dispatcherServlet': initialization completed in 24 ms
2019-03-01 14:36:30.650  INFO 15708 --- [http-nio-8080-exec-3] o.h.h.i.QueryTranslatorFactoryInitiator  : HHH000397: Using ASTQueryTranslatorFactory
2019-03-01 16:56:46.501  INFO 18044 --- [main] c.e.candiandian.CandiandianApplication   : Starting CandiandianApplication on DESKTOP-AA1U7VH with PID 18044 (started by Dingmengdi in J:\learn\java\idea workspace\candiandian)
2019-03-01 16:56:46.531  INFO 18044 --- [main] c.e.candiandian.CandiandianApplication   : No active profile set, falling back to default profiles: default
2019-03-01 16:56:46.757  INFO 18044 --- [background-preinit] o.h.validator.internal.util.Version      : HV000001: Hibernate Validator 5.3.5.Final
2019-03-01 16:56:46.823  INFO 18044 --- [main] ationConfigEmbeddedWebApplicationContext : Refreshing org.springframework.boot.context.embedded.AnnotationConfigEmbeddedWebApplicationContext@3590fc5b: startup date [Fri Mar 01 16:56:46 CST 2019]; root of context hierarchy
2019-03-01 16:56:48.338  INFO 18044 --- [main] s.b.c.e.t.TomcatEmbeddedServletContainer : Tomcat initialized with port(s): 8080 (http)
2019-03-01 16:56:48.349  INFO 18044 --- [main] o.apache.catalina.core.StandardService   : Starting service [Tomcat]
2019-03-01 16:56:48.350  INFO 18044 --- [main] org.apache.catalina.core.StandardEngine  : Starting Servlet Engine: Apache Tomcat/8.5.16
2019-03-01 16:56:48.464  INFO 18044 --- [localhost-startStop-1] o.a.c.c.C.[.[localhost].[/candiandian]   : Initializing Spring embedded WebApplicationContext
2019-03-01 16:56:48.464  INFO 18044 --- [localhost-startStop-1] o.s.web.context.ContextLoader            : Root WebApplicationContext: initialization completed in 1641 ms
2019-03-01 16:56:48.628  INFO 18044 --- [localhost-startStop-1] o.s.b.w.servlet.ServletRegistrationBean  : Mapping servlet: 'dispatcherServlet' to [/]
2019-03-01 16:56:48.632  INFO 18044 --- [localhost-startStop-1] o.s.b.w.servlet.FilterRegistrationBean   : Mapping filter: 'characterEncodingFilter' to: [/*]
2019-03-01 16:56:48.633  INFO 18044 --- [localhost-startStop-1] o.s.b.w.servlet.FilterRegistrationBean   : Mapping filter: 'hiddenHttpMethodFilter' to: [/*]
2019-03-01 16:56:48.633  INFO 18044 --- [localhost-startStop-1] o.s.b.w.servlet.FilterRegistrationBean   : Mapping filter: 'httpPutFormContentFilter' to: [/*]
2019-03-01 16:56:48.633  INFO 18044 --- [localhost-startStop-1] o.s.b.w.servlet.FilterRegistrationBean   : Mapping filter: 'requestContextFilter' to: [/*]
2019-03-01 16:57:29.272  INFO 17600 --- [main] c.e.candiandian.CandiandianApplication   : Starting CandiandianApplication on DESKTOP-AA1U7VH with PID 17600 (started by Dingmengdi in J:\learn\java\idea workspace\candiandian)
2019-03-01 16:57:29.276  INFO 17600 --- [main] c.e.candiandian.CandiandianApplication   : No active profile set, falling back to default profiles: default
2019-03-01 16:57:29.640  INFO 17600 --- [background-preinit] o.h.validator.internal.util.Version      : HV000001: Hibernate Validator 5.3.5.Final
2019-03-01 16:57:29.744  INFO 17600 --- [main] ationConfigEmbeddedWebApplicationContext : Refreshing org.springframework.boot.context.embedded.AnnotationConfigEmbeddedWebApplicationContext@3590fc5b: startup date [Fri Mar 01 16:57:29 CST 2019]; root of context hierarchy
2019-03-01 16:57:31.579  INFO 17600 --- [main] s.b.c.e.t.TomcatEmbeddedServletContainer : Tomcat initialized with port(s): 8080 (http)
2019-03-01 16:57:31.588  INFO 17600 --- [main] o.apache.catalina.core.StandardService   : Starting service [Tomcat]
2019-03-01 16:57:31.589  INFO 17600 --- [main] org.apache.catalina.core.StandardEngine  : Starting Servlet Engine: Apache Tomcat/8.5.16
2019-03-01 16:57:31.699  INFO 17600 --- [localhost-startStop-1] o.a.c.c.C.[.[localhost].[/candiandian]   : Initializing Spring embedded WebApplicationContext
2019-03-01 16:57:31.699  INFO 17600 --- [localhost-startStop-1] o.s.web.context.ContextLoader            : Root WebApplicationContext: initialization completed in 1955 ms
2019-03-01 16:57:31.879  INFO 17600 --- [localhost-startStop-1] o.s.b.w.servlet.ServletRegistrationBean  : Mapping servlet: 'dispatcherServlet' to [/]
2019-03-01 16:57:31.886  INFO 17600 --- [localhost-startStop-1] o.s.b.w.servlet.FilterRegistrationBean   : Mapping filter: 'characterEncodingFilter' to: [/*]
2019-03-01 16:57:31.887  INFO 17600 --- [localhost-startStop-1] o.s.b.w.servlet.FilterRegistrationBean   : Mapping filter: 'hiddenHttpMethodFilter' to: [/*]
2019-03-01 16:57:31.887  INFO 17600 --- [localhost-startStop-1] o.s.b.w.servlet.FilterRegistrationBean   : Mapping filter: 'httpPutFormContentFilter' to: [/*]
2019-03-01 16:57:31.888  INFO 17600 --- [localhost-startStop-1] o.s.b.w.servlet.FilterRegistrationBean   : Mapping filter: 'requestContextFilter' to: [/*]
2019-03-01 16:57:34.340  INFO 17600 --- [main] j.LocalContainerEntityManagerFactoryBean : Building JPA container EntityManagerFactory for persistence unit 'default'
2019-03-01 16:57:34.356  INFO 17600 --- [main] o.hibernate.jpa.internal.util.LogHelper  : HHH000204: Processing PersistenceUnitInfo [
	name: default
	...]
2019-03-01 16:57:34.442  INFO 17600 --- [main] org.hibernate.Version                    : HHH000412: Hibernate Core {5.0.12.Final}
2019-03-01 16:57:34.443  INFO 17600 --- [main] org.hibernate.cfg.Environment            : HHH000206: hibernate.properties not found
2019-03-01 16:57:34.444  INFO 17600 --- [main] org.hibernate.cfg.Environment            : HHH000021: Bytecode provider name : javassist
2019-03-01 16:57:34.501  INFO 17600 --- [main] o.hibernate.annotations.common.Version   : HCANN000001: Hibernate Commons Annotations {5.0.1.Final}
2019-03-01 16:57:34.668  INFO 17600 --- [main] org.hibernate.dialect.Dialect            : HHH000400: Using dialect: org.hibernate.dialect.MySQL5Dialect
2019-03-01 16:57:35.336  INFO 17600 --- [main] j.LocalContainerEntityManagerFactoryBean : Initialized JPA EntityManagerFactory for persistence unit 'default'
2019-03-01 16:57:35.919  INFO 17600 --- [main] s.w.s.m.m.a.RequestMappingHandlerAdapter : Looking for @ControllerAdvice: org.springframework.boot.context.embedded.AnnotationConfigEmbeddedWebApplicationContext@3590fc5b: startup date [Fri Mar 01 16:57:29 CST 2019]; root of context hierarchy
2019-03-01 16:57:35.985  INFO 17600 --- [main] s.w.s.m.m.a.RequestMappingHandlerMapping : Mapped "{[/buyer/restaurant/list],methods=[POST]}" onto public java.util.List<cn.edkso.candiandian.domain.Restaurant> cn.edkso.candiandian.controller.RestaurantController.list(java.lang.Double,java.lang.Double)
2019-03-01 16:57:35.986  INFO 17600 --- [main] s.w.s.m.m.a.RequestMappingHandlerMapping : Mapped "{[/buyer/restaurant/ordering],methods=[POST]}" onto public cn.edkso.candiandian.dto.RestaurantDTO cn.edkso.candiandian.controller.RestaurantController.ordering(java.lang.String)
2019-03-01 16:57:35.987  INFO 17600 --- [main] s.w.s.m.m.a.RequestMappingHandlerMapping : Mapped "{[/buyer/store/list],methods=[POST]}" onto public java.util.List<cn.edkso.candiandian.domain.Store> cn.edkso.candiandian.controller.StoreController.list(java.lang.String)
2019-03-01 16:57:35.987  INFO 17600 --- [main] s.w.s.m.m.a.RequestMappingHandlerMapping : Mapped "{[/buyer/user/login],methods=[POST]}" onto public cn.edkso.candiandian.domain.User cn.edkso.candiandian.controller.UserController.login(cn.edkso.candiandian.form.UserInfoForm)
2019-03-01 16:57:35.989  INFO 17600 --- [main] s.w.s.m.m.a.RequestMappingHandlerMapping : Mapped "{[/error]}" onto public org.springframework.http.ResponseEntity<java.util.Map<java.lang.String, java.lang.Object>> org.springframework.boot.autoconfigure.web.BasicErrorController.error(javax.servlet.http.HttpServletRequest)
2019-03-01 16:57:35.989  INFO 17600 --- [main] s.w.s.m.m.a.RequestMappingHandlerMapping : Mapped "{[/error],produces=[text/html]}" onto public org.springframework.web.servlet.ModelAndView org.springframework.boot.autoconfigure.web.BasicErrorController.errorHtml(javax.servlet.http.HttpServletRequest,javax.servlet.http.HttpServletResponse)
2019-03-01 16:57:36.017  INFO 17600 --- [main] o.s.w.s.handler.SimpleUrlHandlerMapping  : Mapped URL path [/webjars/**] onto handler of type [class org.springframework.web.servlet.resource.ResourceHttpRequestHandler]
2019-03-01 16:57:36.018  INFO 17600 --- [main] o.s.w.s.handler.SimpleUrlHandlerMapping  : Mapped URL path [/**] onto handler of type [class org.springframework.web.servlet.resource.ResourceHttpRequestHandler]
2019-03-01 16:57:36.052  INFO 17600 --- [main] o.s.w.s.handler.SimpleUrlHandlerMapping  : Mapped URL path [/**/favicon.ico] onto handler of type [class org.springframework.web.servlet.resource.ResourceHttpRequestHandler]
2019-03-01 16:57:36.601  INFO 17600 --- [main] o.s.j.e.a.AnnotationMBeanExporter        : Registering beans for JMX exposure on startup
2019-03-01 16:57:36.618  INFO 17600 --- [main] o.a.coyote.http11.Http11NioProtocol      : Initializing ProtocolHandler ["http-nio-8080"]
2019-03-01 16:57:36.627  INFO 17600 --- [main] o.a.coyote.http11.Http11NioProtocol      : Starting ProtocolHandler ["http-nio-8080"]
2019-03-01 16:57:36.638  INFO 17600 --- [main] o.a.tomcat.util.net.NioSelectorPool      : Using a shared selector for servlet write/read
2019-03-01 16:57:36.661  INFO 17600 --- [main] s.b.c.e.t.TomcatEmbeddedServletContainer : Tomcat started on port(s): 8080 (http)
2019-03-01 16:57:36.668  INFO 17600 --- [main] c.e.candiandian.CandiandianApplication   : Started CandiandianApplication in 8.078 seconds (JVM running for 9.079)
2019-03-01 16:58:03.975  INFO 17600 --- [http-nio-8080-exec-2] o.a.c.c.C.[.[localhost].[/candiandian]   : Initializing Spring FrameworkServlet 'dispatcherServlet'
2019-03-01 16:58:03.976  INFO 17600 --- [http-nio-8080-exec-2] o.s.web.servlet.DispatcherServlet        : FrameworkServlet 'dispatcherServlet': initialization started
2019-03-01 16:58:04.006  INFO 17600 --- [http-nio-8080-exec-2] o.s.web.servlet.DispatcherServlet        : FrameworkServlet 'dispatcherServlet': initialization completed in 30 ms
2019-03-01 16:58:04.069  INFO 17600 --- [http-nio-8080-exec-2] o.h.h.i.QueryTranslatorFactoryInitiator  : HHH000397: Using ASTQueryTranslatorFactory
2019-03-01 17:23:54.874  INFO 10760 --- [main] c.e.candiandian.CandiandianApplication   : Starting CandiandianApplication on DESKTOP-AA1U7VH with PID 10760 (started by Dingmengdi in J:\learn\java\idea workspace\candiandian)
2019-03-01 17:23:54.878  INFO 10760 --- [main] c.e.candiandian.CandiandianApplication   : No active profile set, falling back to default profiles: default
2019-03-01 17:23:55.157  INFO 10760 --- [background-preinit] o.h.validator.internal.util.Version      : HV000001: Hibernate Validator 5.3.5.Final
2019-03-01 17:23:55.182  INFO 10760 --- [main] ationConfigEmbeddedWebApplicationContext : Refreshing org.springframework.boot.context.embedded.AnnotationConfigEmbeddedWebApplicationContext@3590fc5b: startup date [Fri Mar 01 17:23:55 CST 2019]; root of context hierarchy
2019-03-01 17:23:56.633  INFO 10760 --- [main] s.b.c.e.t.TomcatEmbeddedServletContainer : Tomcat initialized with port(s): 8080 (http)
2019-03-01 17:23:56.642  INFO 10760 --- [main] o.apache.catalina.core.StandardService   : Starting service [Tomcat]
2019-03-01 17:23:56.643  INFO 10760 --- [main] org.apache.catalina.core.StandardEngine  : Starting Servlet Engine: Apache Tomcat/8.5.16
2019-03-01 17:23:56.765  INFO 10760 --- [localhost-startStop-1] o.a.c.c.C.[.[localhost].[/candiandian]   : Initializing Spring embedded WebApplicationContext
2019-03-01 17:23:56.765  INFO 10760 --- [localhost-startStop-1] o.s.web.context.ContextLoader            : Root WebApplicationContext: initialization completed in 1583 ms
2019-03-01 17:23:56.938  INFO 10760 --- [localhost-startStop-1] o.s.b.w.servlet.ServletRegistrationBean  : Mapping servlet: 'dispatcherServlet' to [/]
2019-03-01 17:23:56.942  INFO 10760 --- [localhost-startStop-1] o.s.b.w.servlet.FilterRegistrationBean   : Mapping filter: 'characterEncodingFilter' to: [/*]
2019-03-01 17:23:56.943  INFO 10760 --- [localhost-startStop-1] o.s.b.w.servlet.FilterRegistrationBean   : Mapping filter: 'hiddenHttpMethodFilter' to: [/*]
2019-03-01 17:23:56.943  INFO 10760 --- [localhost-startStop-1] o.s.b.w.servlet.FilterRegistrationBean   : Mapping filter: 'httpPutFormContentFilter' to: [/*]
2019-03-01 17:23:56.943  INFO 10760 --- [localhost-startStop-1] o.s.b.w.servlet.FilterRegistrationBean   : Mapping filter: 'requestContextFilter' to: [/*]
2019-03-01 17:23:59.392  INFO 10760 --- [main] j.LocalContainerEntityManagerFactoryBean : Building JPA container EntityManagerFactory for persistence unit 'default'
2019-03-01 17:23:59.404  INFO 10760 --- [main] o.hibernate.jpa.internal.util.LogHelper  : HHH000204: Processing PersistenceUnitInfo [
	name: default
	...]
2019-03-01 17:23:59.469  INFO 10760 --- [main] org.hibernate.Version                    : HHH000412: Hibernate Core {5.0.12.Final}
2019-03-01 17:23:59.470  INFO 10760 --- [main] org.hibernate.cfg.Environment            : HHH000206: hibernate.properties not found
2019-03-01 17:23:59.472  INFO 10760 --- [main] org.hibernate.cfg.Environment            : HHH000021: Bytecode provider name : javassist
2019-03-01 17:23:59.516  INFO 10760 --- [main] o.hibernate.annotations.common.Version   : HCANN000001: Hibernate Commons Annotations {5.0.1.Final}
2019-03-01 17:23:59.637  INFO 10760 --- [main] org.hibernate.dialect.Dialect            : HHH000400: Using dialect: org.hibernate.dialect.MySQL5Dialect
2019-03-01 17:24:00.138  INFO 10760 --- [main] j.LocalContainerEntityManagerFactoryBean : Initialized JPA EntityManagerFactory for persistence unit 'default'
2019-03-01 17:24:01.134  INFO 10760 --- [main] s.w.s.m.m.a.RequestMappingHandlerAdapter : Looking for @ControllerAdvice: org.springframework.boot.context.embedded.AnnotationConfigEmbeddedWebApplicationContext@3590fc5b: startup date [Fri Mar 01 17:23:55 CST 2019]; root of context hierarchy
2019-03-01 17:24:01.282  INFO 10760 --- [main] s.w.s.m.m.a.RequestMappingHandlerMapping : Mapped "{[/buyer/restaurant/list],methods=[POST]}" onto public java.util.List<cn.edkso.candiandian.domain.Restaurant> cn.edkso.candiandian.controller.RestaurantController.list(java.lang.Double,java.lang.Double)
2019-03-01 17:24:01.283  INFO 10760 --- [main] s.w.s.m.m.a.RequestMappingHandlerMapping : Mapped "{[/buyer/restaurant/ordering],methods=[POST]}" onto public cn.edkso.candiandian.dto.RestaurantDTO cn.edkso.candiandian.controller.RestaurantController.ordering(java.lang.String)
2019-03-01 17:24:01.284  INFO 10760 --- [main] s.w.s.m.m.a.RequestMappingHandlerMapping : Mapped "{[/buyer/store/list],methods=[POST]}" onto public java.util.List<cn.edkso.candiandian.domain.Store> cn.edkso.candiandian.controller.StoreController.list(java.lang.String)
2019-03-01 17:24:01.285  INFO 10760 --- [main] s.w.s.m.m.a.RequestMappingHandlerMapping : Mapped "{[/buyer/user/login],methods=[POST]}" onto public cn.edkso.candiandian.domain.User cn.edkso.candiandian.controller.UserController.login(cn.edkso.candiandian.form.UserInfoForm)
2019-03-01 17:24:01.287  INFO 10760 --- [main] s.w.s.m.m.a.RequestMappingHandlerMapping : Mapped "{[/error]}" onto public org.springframework.http.ResponseEntity<java.util.Map<java.lang.String, java.lang.Object>> org.springframework.boot.autoconfigure.web.BasicErrorController.error(javax.servlet.http.HttpServletRequest)
2019-03-01 17:24:01.287  INFO 10760 --- [main] s.w.s.m.m.a.RequestMappingHandlerMapping : Mapped "{[/error],produces=[text/html]}" onto public org.springframework.web.servlet.ModelAndView org.springframework.boot.autoconfigure.web.BasicErrorController.errorHtml(javax.servlet.http.HttpServletRequest,javax.servlet.http.HttpServletResponse)
2019-03-01 17:24:01.336  INFO 10760 --- [main] o.s.w.s.handler.SimpleUrlHandlerMapping  : Mapped URL path [/webjars/**] onto handler of type [class org.springframework.web.servlet.resource.ResourceHttpRequestHandler]
2019-03-01 17:24:01.337  INFO 10760 --- [main] o.s.w.s.handler.SimpleUrlHandlerMapping  : Mapped URL path [/**] onto handler of type [class org.springframework.web.servlet.resource.ResourceHttpRequestHandler]
2019-03-01 17:24:01.464  INFO 10760 --- [main] o.s.w.s.handler.SimpleUrlHandlerMapping  : Mapped URL path [/**/favicon.ico] onto handler of type [class org.springframework.web.servlet.resource.ResourceHttpRequestHandler]
2019-03-01 17:24:02.213  INFO 10760 --- [main] o.s.j.e.a.AnnotationMBeanExporter        : Registering beans for JMX exposure on startup
2019-03-01 17:24:02.232  INFO 10760 --- [main] o.a.coyote.http11.Http11NioProtocol      : Initializing ProtocolHandler ["http-nio-8080"]
2019-03-01 17:24:02.242  INFO 10760 --- [main] o.a.coyote.http11.Http11NioProtocol      : Starting ProtocolHandler ["http-nio-8080"]
2019-03-01 17:24:02.257  INFO 10760 --- [main] o.a.tomcat.util.net.NioSelectorPool      : Using a shared selector for servlet write/read
2019-03-01 17:24:02.274  INFO 10760 --- [main] s.b.c.e.t.TomcatEmbeddedServletContainer : Tomcat started on port(s): 8080 (http)
2019-03-01 17:24:02.282  INFO 10760 --- [main] c.e.candiandian.CandiandianApplication   : Started CandiandianApplication in 7.971 seconds (JVM running for 8.964)
2019-03-01 17:25:13.123  INFO 10760 --- [http-nio-8080-exec-1] o.a.c.c.C.[.[localhost].[/candiandian]   : Initializing Spring FrameworkServlet 'dispatcherServlet'
2019-03-01 17:25:13.124  INFO 10760 --- [http-nio-8080-exec-1] o.s.web.servlet.DispatcherServlet        : FrameworkServlet 'dispatcherServlet': initialization started
2019-03-01 17:25:13.147  INFO 10760 --- [http-nio-8080-exec-1] o.s.web.servlet.DispatcherServlet        : FrameworkServlet 'dispatcherServlet': initialization completed in 23 ms
2019-03-01 17:25:13.200  INFO 10760 --- [http-nio-8080-exec-1] o.h.h.i.QueryTranslatorFactoryInitiator  : HHH000397: Using ASTQueryTranslatorFactory
