2019-03-14 20:17:56.189  INFO 7060 --- [main] c.e.candiandian.CandiandianApplication   : Starting CandiandianApplication on DESKTOP-AA1U7VH with PID 7060 (started by Dingmengdi in J:\learn\java\idea workspace\candiandian)
2019-03-14 20:17:56.196  INFO 7060 --- [main] c.e.candiandian.CandiandianApplication   : No active profile set, falling back to default profiles: default
2019-03-14 20:17:56.744  INFO 7060 --- [background-preinit] o.h.validator.internal.util.Version      : HV000001: Hibernate Validator 5.3.5.Final
2019-03-14 20:17:56.873  INFO 7060 --- [main] ationConfigEmbeddedWebApplicationContext : Refreshing org.springframework.boot.context.embedded.AnnotationConfigEmbeddedWebApplicationContext@5bda8e08: startup date [Thu Mar 14 20:17:56 CST 2019]; root of context hierarchy
2019-03-14 20:18:00.510  INFO 7060 --- [main] .s.d.r.c.RepositoryConfigurationDelegate : Multiple Spring Data modules found, entering strict repository configuration mode!
2019-03-14 20:18:00.682  INFO 7060 --- [main] .s.d.r.c.RepositoryConfigurationDelegate : Multiple Spring Data modules found, entering strict repository configuration mode!
2019-03-14 20:18:00.792  INFO 7060 --- [main] .RepositoryConfigurationExtensionSupport : Spring Data Redis - Could not safely identify store assignment for repository candidate interface cn.edkso.candiandian.dao.RestaurantImgDao.
2019-03-14 20:18:00.794  INFO 7060 --- [main] .RepositoryConfigurationExtensionSupport : Spring Data Redis - Could not safely identify store assignment for repository candidate interface cn.edkso.candiandian.dao.OrderDetailDao.
2019-03-14 20:18:00.795  INFO 7060 --- [main] .RepositoryConfigurationExtensionSupport : Spring Data Redis - Could not safely identify store assignment for repository candidate interface cn.edkso.candiandian.dao.OrderMasterDao.
2019-03-14 20:18:00.796  INFO 7060 --- [main] .RepositoryConfigurationExtensionSupport : Spring Data Redis - Could not safely identify store assignment for repository candidate interface cn.edkso.candiandian.dao.StoreDao.
2019-03-14 20:18:00.796  INFO 7060 --- [main] .RepositoryConfigurationExtensionSupport : Spring Data Redis - Could not safely identify store assignment for repository candidate interface cn.edkso.candiandian.dao.UserDao.
2019-03-14 20:18:00.799  INFO 7060 --- [main] .RepositoryConfigurationExtensionSupport : Spring Data Redis - Could not safely identify store assignment for repository candidate interface cn.edkso.candiandian.dao.ProductDao.
2019-03-14 20:18:00.801  INFO 7060 --- [main] .RepositoryConfigurationExtensionSupport : Spring Data Redis - Could not safely identify store assignment for repository candidate interface cn.edkso.candiandian.dao.RestaurantDao.
2019-03-14 20:18:02.628  INFO 7060 --- [main] s.b.c.e.t.TomcatEmbeddedServletContainer : Tomcat initialized with port(s): 8080 (http)
2019-03-14 20:18:02.654  INFO 7060 --- [main] o.apache.catalina.core.StandardService   : Starting service [Tomcat]
2019-03-14 20:18:02.656  INFO 7060 --- [main] org.apache.catalina.core.StandardEngine  : Starting Servlet Engine: Apache Tomcat/8.5.16
2019-03-14 20:18:02.885  INFO 7060 --- [localhost-startStop-1] o.a.c.c.C.[.[localhost].[/candiandian]   : Initializing Spring embedded WebApplicationContext
2019-03-14 20:18:02.885  INFO 7060 --- [localhost-startStop-1] o.s.web.context.ContextLoader            : Root WebApplicationContext: initialization completed in 6012 ms
2019-03-14 20:18:03.076  INFO 7060 --- [localhost-startStop-1] o.s.b.w.servlet.ServletRegistrationBean  : Mapping servlet: 'dispatcherServlet' to [/]
2019-03-14 20:18:03.084  INFO 7060 --- [localhost-startStop-1] o.s.b.w.servlet.FilterRegistrationBean   : Mapping filter: 'characterEncodingFilter' to: [/*]
2019-03-14 20:18:03.085  INFO 7060 --- [localhost-startStop-1] o.s.b.w.servlet.FilterRegistrationBean   : Mapping filter: 'hiddenHttpMethodFilter' to: [/*]
2019-03-14 20:18:03.085  INFO 7060 --- [localhost-startStop-1] o.s.b.w.servlet.FilterRegistrationBean   : Mapping filter: 'httpPutFormContentFilter' to: [/*]
2019-03-14 20:18:03.085  INFO 7060 --- [localhost-startStop-1] o.s.b.w.servlet.FilterRegistrationBean   : Mapping filter: 'requestContextFilter' to: [/*]
2019-03-14 20:18:05.665  INFO 7060 --- [main] j.LocalContainerEntityManagerFactoryBean : Building JPA container EntityManagerFactory for persistence unit 'default'
2019-03-14 20:18:05.700  INFO 7060 --- [main] o.hibernate.jpa.internal.util.LogHelper  : HHH000204: Processing PersistenceUnitInfo [
	name: default
	...]
2019-03-14 20:18:05.849  INFO 7060 --- [main] org.hibernate.Version                    : HHH000412: Hibernate Core {5.0.12.Final}
2019-03-14 20:18:05.850  INFO 7060 --- [main] org.hibernate.cfg.Environment            : HHH000206: hibernate.properties not found
2019-03-14 20:18:05.851  INFO 7060 --- [main] org.hibernate.cfg.Environment            : HHH000021: Bytecode provider name : javassist
2019-03-14 20:18:05.966  INFO 7060 --- [main] o.hibernate.annotations.common.Version   : HCANN000001: Hibernate Commons Annotations {5.0.1.Final}
2019-03-14 20:18:06.527  INFO 7060 --- [main] org.hibernate.dialect.Dialect            : HHH000400: Using dialect: org.hibernate.dialect.MySQL5Dialect
2019-03-14 20:18:07.265  INFO 7060 --- [main] j.LocalContainerEntityManagerFactoryBean : Initialized JPA EntityManagerFactory for persistence unit 'default'
2019-03-14 20:18:08.055  INFO 7060 --- [main] s.w.s.m.m.a.RequestMappingHandlerAdapter : Looking for @ControllerAdvice: org.springframework.boot.context.embedded.AnnotationConfigEmbeddedWebApplicationContext@5bda8e08: startup date [Thu Mar 14 20:17:56 CST 2019]; root of context hierarchy
2019-03-14 20:18:08.117  INFO 7060 --- [main] s.w.s.m.m.a.RequestMappingHandlerMapping : Mapped "{[/buyer/order/create || /seller/order/create],methods=[POST]}" onto public java.util.List<cn.edkso.candiandian.domain.OrderMaster> cn.edkso.candiandian.controller.OrderController.create(cn.edkso.candiandian.form.RestaurantForm)
2019-03-14 20:18:08.118  INFO 7060 --- [main] s.w.s.m.m.a.RequestMappingHandlerMapping : Mapped "{[/buyer/order/cancel || /seller/order/cancel],methods=[POST]}" onto public java.lang.String cn.edkso.candiandian.controller.OrderController.cancel(java.lang.String)
2019-03-14 20:18:08.119  INFO 7060 --- [main] s.w.s.m.m.a.RequestMappingHandlerMapping : Mapped "{[/buyer/order/findAll || /seller/order/findAll],methods=[POST]}" onto public java.util.List<cn.edkso.candiandian.dto.OrderDTO> cn.edkso.candiandian.controller.OrderController.findAll(java.lang.String)
2019-03-14 20:18:08.119  INFO 7060 --- [main] s.w.s.m.m.a.RequestMappingHandlerMapping : Mapped "{[/buyer/order/acceptOrder || /seller/order/acceptOrder],methods=[POST]}" onto public cn.edkso.candiandian.vo.ResuleVo<cn.edkso.candiandian.domain.Store> cn.edkso.candiandian.controller.OrderController.acceptOrder(java.lang.Integer,java.lang.Integer)
2019-03-14 20:18:08.119  INFO 7060 --- [main] s.w.s.m.m.a.RequestMappingHandlerMapping : Mapped "{[/buyer/order/waitOrder || /seller/order/waitOrder],methods=[POST]}" onto public cn.edkso.candiandian.vo.ResuleVo<cn.edkso.candiandian.domain.Store> cn.edkso.candiandian.controller.OrderController.waitOrder()
2019-03-14 20:18:08.120  INFO 7060 --- [main] s.w.s.m.m.a.RequestMappingHandlerMapping : Mapped "{[/buyer/order/finishOrder || /seller/order/finishOrder],methods=[POST]}" onto public cn.edkso.candiandian.vo.ResuleVo<cn.edkso.candiandian.domain.Store> cn.edkso.candiandian.controller.OrderController.finishOrder(java.lang.Integer,java.lang.Integer)
2019-03-14 20:18:08.120  INFO 7060 --- [main] s.w.s.m.m.a.RequestMappingHandlerMapping : Mapped "{[/buyer/order/sendOrder || /seller/order/sendOrder],methods=[POST]}" onto public cn.edkso.candiandian.vo.ResuleVo<cn.edkso.candiandian.domain.Store> cn.edkso.candiandian.controller.OrderController.sendingOrder(java.lang.Integer,java.lang.Integer)
2019-03-14 20:18:08.121  INFO 7060 --- [main] s.w.s.m.m.a.RequestMappingHandlerMapping : Mapped "{[/buyer/order/toPay || /seller/order/toPay],methods=[POST]}" onto public java.lang.String cn.edkso.candiandian.controller.OrderController.toPay(java.util.List<java.lang.String>)
2019-03-14 20:18:08.121  INFO 7060 --- [main] s.w.s.m.m.a.RequestMappingHandlerMapping : Mapped "{[/buyer/product/list],methods=[POST]}" onto public java.util.List<cn.edkso.candiandian.domain.Product> cn.edkso.candiandian.controller.ProductController.list(java.lang.String,javax.servlet.http.HttpServletRequest)
2019-03-14 20:18:08.122  INFO 7060 --- [main] s.w.s.m.m.a.RequestMappingHandlerMapping : Mapped "{[/buyer/restaurant/list],methods=[POST]}" onto public java.util.List<cn.edkso.candiandian.domain.Restaurant> cn.edkso.candiandian.controller.RestaurantController.list(java.lang.Double,java.lang.Double)
2019-03-14 20:18:08.122  INFO 7060 --- [main] s.w.s.m.m.a.RequestMappingHandlerMapping : Mapped "{[/buyer/restaurant/ordering],methods=[POST]}" onto public cn.edkso.candiandian.dto.RestaurantDTO cn.edkso.candiandian.controller.RestaurantController.ordering(java.lang.String)
2019-03-14 20:18:08.123  INFO 7060 --- [main] s.w.s.m.m.a.RequestMappingHandlerMapping : Mapped "{[/buyer/store/list],methods=[POST]}" onto public java.util.List<cn.edkso.candiandian.domain.Store> cn.edkso.candiandian.controller.StoreController.list(java.lang.String)
2019-03-14 20:18:08.125  INFO 7060 --- [main] s.w.s.m.m.a.RequestMappingHandlerMapping : Mapped "{[/buyer/user/register || /seller/user/register],methods=[POST]}" onto public cn.edkso.candiandian.vo.ResuleVo<cn.edkso.candiandian.domain.Store> cn.edkso.candiandian.controller.UserController.register(cn.edkso.candiandian.domain.Store)
2019-03-14 20:18:08.125  INFO 7060 --- [main] s.w.s.m.m.a.RequestMappingHandlerMapping : Mapped "{[/buyer/user/login_seller || /seller/user/login_seller],methods=[POST]}" onto public cn.edkso.candiandian.vo.ResuleVo<cn.edkso.candiandian.domain.Store> cn.edkso.candiandian.controller.UserController.login_seller(cn.edkso.candiandian.domain.Store)
2019-03-14 20:18:08.126  INFO 7060 --- [main] s.w.s.m.m.a.RequestMappingHandlerMapping : Mapped "{[/buyer/user/login || /seller/user/login],methods=[POST]}" onto public cn.edkso.candiandian.domain.User cn.edkso.candiandian.controller.UserController.login(cn.edkso.candiandian.form.UserInfoForm,javax.servlet.http.HttpServletRequest)
2019-03-14 20:18:08.126  INFO 7060 --- [main] s.w.s.m.m.a.RequestMappingHandlerMapping : Mapped "{[/error]}" onto public org.springframework.http.ResponseEntity<java.util.Map<java.lang.String, java.lang.Object>> org.springframework.boot.autoconfigure.web.BasicErrorController.error(javax.servlet.http.HttpServletRequest)
2019-03-14 20:18:08.127  INFO 7060 --- [main] s.w.s.m.m.a.RequestMappingHandlerMapping : Mapped "{[/error],produces=[text/html]}" onto public org.springframework.web.servlet.ModelAndView org.springframework.boot.autoconfigure.web.BasicErrorController.errorHtml(javax.servlet.http.HttpServletRequest,javax.servlet.http.HttpServletResponse)
2019-03-14 20:18:08.162  INFO 7060 --- [main] o.s.w.s.handler.SimpleUrlHandlerMapping  : Mapped URL path [/webjars/**] onto handler of type [class org.springframework.web.servlet.resource.ResourceHttpRequestHandler]
2019-03-14 20:18:08.162  INFO 7060 --- [main] o.s.w.s.handler.SimpleUrlHandlerMapping  : Mapped URL path [/**] onto handler of type [class org.springframework.web.servlet.resource.ResourceHttpRequestHandler]
2019-03-14 20:18:08.199  INFO 7060 --- [main] o.s.w.s.handler.SimpleUrlHandlerMapping  : Mapped URL path [/**/favicon.ico] onto handler of type [class org.springframework.web.servlet.resource.ResourceHttpRequestHandler]
2019-03-14 20:18:09.301  INFO 7060 --- [main] o.s.j.e.a.AnnotationMBeanExporter        : Registering beans for JMX exposure on startup
2019-03-14 20:18:09.331  INFO 7060 --- [main] o.a.coyote.http11.Http11NioProtocol      : Initializing ProtocolHandler ["http-nio-8080"]
2019-03-14 20:18:09.340  INFO 7060 --- [main] o.a.coyote.http11.Http11NioProtocol      : Starting ProtocolHandler ["http-nio-8080"]
2019-03-14 20:18:09.369  INFO 7060 --- [main] o.a.coyote.http11.Http11NioProtocol      : Pausing ProtocolHandler ["http-nio-8080"]
2019-03-14 20:18:09.370  INFO 7060 --- [main] o.apache.catalina.core.StandardService   : Stopping service [Tomcat]
2019-03-14 20:18:09.384  INFO 7060 --- [main] org.apache.catalina.util.LifecycleBase   : The stop() method was called on component [StandardServer[-1]] after stop() had already been called. The second call will be ignored.
2019-03-14 20:18:09.384  INFO 7060 --- [main] o.a.coyote.http11.Http11NioProtocol      : Stopping ProtocolHandler ["http-nio-8080"]
2019-03-14 20:18:09.384  INFO 7060 --- [main] o.a.coyote.http11.Http11NioProtocol      : Destroying ProtocolHandler ["http-nio-8080"]
2019-03-14 20:18:09.389  INFO 7060 --- [main] utoConfigurationReportLoggingInitializer : 

Error starting ApplicationContext. To display the auto-configuration report re-run your application with 'debug' enabled.
2019-03-14 20:18:09.395  INFO 7060 --- [main] ationConfigEmbeddedWebApplicationContext : Closing org.springframework.boot.context.embedded.AnnotationConfigEmbeddedWebApplicationContext@5bda8e08: startup date [Thu Mar 14 20:17:56 CST 2019]; root of context hierarchy
2019-03-14 20:18:09.398  INFO 7060 --- [main] o.s.j.e.a.AnnotationMBeanExporter        : Unregistering JMX-exposed beans on shutdown
2019-03-14 20:18:09.399  INFO 7060 --- [main] j.LocalContainerEntityManagerFactoryBean : Closing JPA EntityManagerFactory for persistence unit 'default'
2019-03-14 20:19:26.100  INFO 14748 --- [main] c.e.candiandian.CandiandianApplication   : Starting CandiandianApplication on DESKTOP-AA1U7VH with PID 14748 (started by Dingmengdi in J:\learn\java\idea workspace\candiandian)
2019-03-14 20:19:26.104  INFO 14748 --- [main] c.e.candiandian.CandiandianApplication   : No active profile set, falling back to default profiles: default
2019-03-14 20:19:26.383  INFO 14748 --- [background-preinit] o.h.validator.internal.util.Version      : HV000001: Hibernate Validator 5.3.5.Final
2019-03-14 20:19:26.520  INFO 14748 --- [main] ationConfigEmbeddedWebApplicationContext : Refreshing org.springframework.boot.context.embedded.AnnotationConfigEmbeddedWebApplicationContext@9d5509a: startup date [Thu Mar 14 20:19:26 CST 2019]; root of context hierarchy
2019-03-14 20:19:27.317  INFO 14748 --- [main] .s.d.r.c.RepositoryConfigurationDelegate : Multiple Spring Data modules found, entering strict repository configuration mode!
2019-03-14 20:19:27.403  INFO 14748 --- [main] .s.d.r.c.RepositoryConfigurationDelegate : Multiple Spring Data modules found, entering strict repository configuration mode!
2019-03-14 20:19:27.433  INFO 14748 --- [main] .RepositoryConfigurationExtensionSupport : Spring Data Redis - Could not safely identify store assignment for repository candidate interface cn.edkso.candiandian.dao.RestaurantImgDao.
2019-03-14 20:19:27.434  INFO 14748 --- [main] .RepositoryConfigurationExtensionSupport : Spring Data Redis - Could not safely identify store assignment for repository candidate interface cn.edkso.candiandian.dao.OrderDetailDao.
2019-03-14 20:19:27.434  INFO 14748 --- [main] .RepositoryConfigurationExtensionSupport : Spring Data Redis - Could not safely identify store assignment for repository candidate interface cn.edkso.candiandian.dao.OrderMasterDao.
2019-03-14 20:19:27.435  INFO 14748 --- [main] .RepositoryConfigurationExtensionSupport : Spring Data Redis - Could not safely identify store assignment for repository candidate interface cn.edkso.candiandian.dao.StoreDao.
2019-03-14 20:19:27.435  INFO 14748 --- [main] .RepositoryConfigurationExtensionSupport : Spring Data Redis - Could not safely identify store assignment for repository candidate interface cn.edkso.candiandian.dao.UserDao.
2019-03-14 20:19:27.436  INFO 14748 --- [main] .RepositoryConfigurationExtensionSupport : Spring Data Redis - Could not safely identify store assignment for repository candidate interface cn.edkso.candiandian.dao.ProductDao.
2019-03-14 20:19:27.436  INFO 14748 --- [main] .RepositoryConfigurationExtensionSupport : Spring Data Redis - Could not safely identify store assignment for repository candidate interface cn.edkso.candiandian.dao.RestaurantDao.
2019-03-14 20:19:28.219  INFO 14748 --- [main] s.b.c.e.t.TomcatEmbeddedServletContainer : Tomcat initialized with port(s): 8080 (http)
2019-03-14 20:19:28.229  INFO 14748 --- [main] o.apache.catalina.core.StandardService   : Starting service [Tomcat]
2019-03-14 20:19:28.230  INFO 14748 --- [main] org.apache.catalina.core.StandardEngine  : Starting Servlet Engine: Apache Tomcat/8.5.16
2019-03-14 20:19:28.341  INFO 14748 --- [localhost-startStop-1] o.a.c.c.C.[.[localhost].[/candiandian]   : Initializing Spring embedded WebApplicationContext
2019-03-14 20:19:28.342  INFO 14748 --- [localhost-startStop-1] o.s.web.context.ContextLoader            : Root WebApplicationContext: initialization completed in 1823 ms
2019-03-14 20:19:28.495  INFO 14748 --- [localhost-startStop-1] o.s.b.w.servlet.ServletRegistrationBean  : Mapping servlet: 'dispatcherServlet' to [/]
2019-03-14 20:19:28.499  INFO 14748 --- [localhost-startStop-1] o.s.b.w.servlet.FilterRegistrationBean   : Mapping filter: 'characterEncodingFilter' to: [/*]
2019-03-14 20:19:28.500  INFO 14748 --- [localhost-startStop-1] o.s.b.w.servlet.FilterRegistrationBean   : Mapping filter: 'hiddenHttpMethodFilter' to: [/*]
2019-03-14 20:19:28.501  INFO 14748 --- [localhost-startStop-1] o.s.b.w.servlet.FilterRegistrationBean   : Mapping filter: 'httpPutFormContentFilter' to: [/*]
2019-03-14 20:19:28.501  INFO 14748 --- [localhost-startStop-1] o.s.b.w.servlet.FilterRegistrationBean   : Mapping filter: 'requestContextFilter' to: [/*]
2019-03-14 20:19:30.493  INFO 14748 --- [main] j.LocalContainerEntityManagerFactoryBean : Building JPA container EntityManagerFactory for persistence unit 'default'
2019-03-14 20:19:30.506  INFO 14748 --- [main] o.hibernate.jpa.internal.util.LogHelper  : HHH000204: Processing PersistenceUnitInfo [
	name: default
	...]
2019-03-14 20:19:30.567  INFO 14748 --- [main] org.hibernate.Version                    : HHH000412: Hibernate Core {5.0.12.Final}
2019-03-14 20:19:30.569  INFO 14748 --- [main] org.hibernate.cfg.Environment            : HHH000206: hibernate.properties not found
2019-03-14 20:19:30.570  INFO 14748 --- [main] org.hibernate.cfg.Environment            : HHH000021: Bytecode provider name : javassist
2019-03-14 20:19:30.611  INFO 14748 --- [main] o.hibernate.annotations.common.Version   : HCANN000001: Hibernate Commons Annotations {5.0.1.Final}
2019-03-14 20:19:30.836  INFO 14748 --- [main] org.hibernate.dialect.Dialect            : HHH000400: Using dialect: org.hibernate.dialect.MySQL5Dialect
2019-03-14 20:19:31.300  INFO 14748 --- [main] j.LocalContainerEntityManagerFactoryBean : Initialized JPA EntityManagerFactory for persistence unit 'default'
2019-03-14 20:19:31.915  INFO 14748 --- [main] s.w.s.m.m.a.RequestMappingHandlerAdapter : Looking for @ControllerAdvice: org.springframework.boot.context.embedded.AnnotationConfigEmbeddedWebApplicationContext@9d5509a: startup date [Thu Mar 14 20:19:26 CST 2019]; root of context hierarchy
2019-03-14 20:19:31.974  INFO 14748 --- [main] s.w.s.m.m.a.RequestMappingHandlerMapping : Mapped "{[/buyer/order/create || /seller/order/create],methods=[POST]}" onto public java.util.List<cn.edkso.candiandian.domain.OrderMaster> cn.edkso.candiandian.controller.OrderController.create(cn.edkso.candiandian.form.RestaurantForm)
2019-03-14 20:19:31.975  INFO 14748 --- [main] s.w.s.m.m.a.RequestMappingHandlerMapping : Mapped "{[/buyer/order/cancel || /seller/order/cancel],methods=[POST]}" onto public java.lang.String cn.edkso.candiandian.controller.OrderController.cancel(java.lang.String)
2019-03-14 20:19:31.975  INFO 14748 --- [main] s.w.s.m.m.a.RequestMappingHandlerMapping : Mapped "{[/buyer/order/findAll || /seller/order/findAll],methods=[POST]}" onto public java.util.List<cn.edkso.candiandian.dto.OrderDTO> cn.edkso.candiandian.controller.OrderController.findAll(java.lang.String)
2019-03-14 20:19:31.976  INFO 14748 --- [main] s.w.s.m.m.a.RequestMappingHandlerMapping : Mapped "{[/buyer/order/acceptOrder || /seller/order/acceptOrder],methods=[POST]}" onto public cn.edkso.candiandian.vo.ResuleVo<cn.edkso.candiandian.domain.Store> cn.edkso.candiandian.controller.OrderController.acceptOrder(java.lang.Integer,java.lang.Integer)
2019-03-14 20:19:31.976  INFO 14748 --- [main] s.w.s.m.m.a.RequestMappingHandlerMapping : Mapped "{[/buyer/order/sendOrder || /seller/order/sendOrder],methods=[POST]}" onto public cn.edkso.candiandian.vo.ResuleVo<cn.edkso.candiandian.domain.Store> cn.edkso.candiandian.controller.OrderController.sendingOrder(java.lang.Integer,java.lang.Integer)
2019-03-14 20:19:31.976  INFO 14748 --- [main] s.w.s.m.m.a.RequestMappingHandlerMapping : Mapped "{[/buyer/order/waitOrder || /seller/order/waitOrder],methods=[POST]}" onto public cn.edkso.candiandian.vo.ResuleVo<cn.edkso.candiandian.domain.Store> cn.edkso.candiandian.controller.OrderController.waitOrder()
2019-03-14 20:19:31.977  INFO 14748 --- [main] s.w.s.m.m.a.RequestMappingHandlerMapping : Mapped "{[/buyer/order/finishOrder || /seller/order/finishOrder],methods=[POST]}" onto public cn.edkso.candiandian.vo.ResuleVo<cn.edkso.candiandian.domain.Store> cn.edkso.candiandian.controller.OrderController.finishOrder(java.lang.Integer,java.lang.Integer)
2019-03-14 20:19:31.977  INFO 14748 --- [main] s.w.s.m.m.a.RequestMappingHandlerMapping : Mapped "{[/buyer/order/toPay || /seller/order/toPay],methods=[POST]}" onto public java.lang.String cn.edkso.candiandian.controller.OrderController.toPay(java.util.List<java.lang.String>)
2019-03-14 20:19:31.978  INFO 14748 --- [main] s.w.s.m.m.a.RequestMappingHandlerMapping : Mapped "{[/buyer/product/list],methods=[POST]}" onto public java.util.List<cn.edkso.candiandian.domain.Product> cn.edkso.candiandian.controller.ProductController.list(java.lang.String,javax.servlet.http.HttpServletRequest)
2019-03-14 20:19:31.979  INFO 14748 --- [main] s.w.s.m.m.a.RequestMappingHandlerMapping : Mapped "{[/buyer/restaurant/list],methods=[POST]}" onto public java.util.List<cn.edkso.candiandian.domain.Restaurant> cn.edkso.candiandian.controller.RestaurantController.list(java.lang.Double,java.lang.Double)
2019-03-14 20:19:31.979  INFO 14748 --- [main] s.w.s.m.m.a.RequestMappingHandlerMapping : Mapped "{[/buyer/restaurant/ordering],methods=[POST]}" onto public cn.edkso.candiandian.dto.RestaurantDTO cn.edkso.candiandian.controller.RestaurantController.ordering(java.lang.String)
2019-03-14 20:19:31.980  INFO 14748 --- [main] s.w.s.m.m.a.RequestMappingHandlerMapping : Mapped "{[/buyer/store/list],methods=[POST]}" onto public java.util.List<cn.edkso.candiandian.domain.Store> cn.edkso.candiandian.controller.StoreController.list(java.lang.String)
2019-03-14 20:19:31.981  INFO 14748 --- [main] s.w.s.m.m.a.RequestMappingHandlerMapping : Mapped "{[/buyer/user/register || /seller/user/register],methods=[POST]}" onto public cn.edkso.candiandian.vo.ResuleVo<cn.edkso.candiandian.domain.Store> cn.edkso.candiandian.controller.UserController.register(cn.edkso.candiandian.domain.Store)
2019-03-14 20:19:31.982  INFO 14748 --- [main] s.w.s.m.m.a.RequestMappingHandlerMapping : Mapped "{[/buyer/user/login || /seller/user/login],methods=[POST]}" onto public cn.edkso.candiandian.domain.User cn.edkso.candiandian.controller.UserController.login(cn.edkso.candiandian.form.UserInfoForm,javax.servlet.http.HttpServletRequest)
2019-03-14 20:19:31.982  INFO 14748 --- [main] s.w.s.m.m.a.RequestMappingHandlerMapping : Mapped "{[/buyer/user/login_seller || /seller/user/login_seller],methods=[POST]}" onto public cn.edkso.candiandian.vo.ResuleVo<cn.edkso.candiandian.domain.Store> cn.edkso.candiandian.controller.UserController.login_seller(cn.edkso.candiandian.domain.Store)
2019-03-14 20:19:31.984  INFO 14748 --- [main] s.w.s.m.m.a.RequestMappingHandlerMapping : Mapped "{[/error]}" onto public org.springframework.http.ResponseEntity<java.util.Map<java.lang.String, java.lang.Object>> org.springframework.boot.autoconfigure.web.BasicErrorController.error(javax.servlet.http.HttpServletRequest)
2019-03-14 20:19:31.984  INFO 14748 --- [main] s.w.s.m.m.a.RequestMappingHandlerMapping : Mapped "{[/error],produces=[text/html]}" onto public org.springframework.web.servlet.ModelAndView org.springframework.boot.autoconfigure.web.BasicErrorController.errorHtml(javax.servlet.http.HttpServletRequest,javax.servlet.http.HttpServletResponse)
2019-03-14 20:19:32.008  INFO 14748 --- [main] o.s.w.s.handler.SimpleUrlHandlerMapping  : Mapped URL path [/webjars/**] onto handler of type [class org.springframework.web.servlet.resource.ResourceHttpRequestHandler]
2019-03-14 20:19:32.008  INFO 14748 --- [main] o.s.w.s.handler.SimpleUrlHandlerMapping  : Mapped URL path [/**] onto handler of type [class org.springframework.web.servlet.resource.ResourceHttpRequestHandler]
2019-03-14 20:19:32.040  INFO 14748 --- [main] o.s.w.s.handler.SimpleUrlHandlerMapping  : Mapped URL path [/**/favicon.ico] onto handler of type [class org.springframework.web.servlet.resource.ResourceHttpRequestHandler]
2019-03-14 20:19:32.681  INFO 14748 --- [main] o.s.j.e.a.AnnotationMBeanExporter        : Registering beans for JMX exposure on startup
2019-03-14 20:19:32.698  INFO 14748 --- [main] o.a.coyote.http11.Http11NioProtocol      : Initializing ProtocolHandler ["http-nio-8080"]
2019-03-14 20:19:32.707  INFO 14748 --- [main] o.a.coyote.http11.Http11NioProtocol      : Starting ProtocolHandler ["http-nio-8080"]
2019-03-14 20:19:32.719  INFO 14748 --- [main] o.a.tomcat.util.net.NioSelectorPool      : Using a shared selector for servlet write/read
2019-03-14 20:19:32.846  INFO 14748 --- [main] s.b.c.e.t.TomcatEmbeddedServletContainer : Tomcat started on port(s): 8080 (http)
2019-03-14 20:19:32.852  INFO 14748 --- [main] c.e.candiandian.CandiandianApplication   : Started CandiandianApplication in 7.342 seconds (JVM running for 8.314)
2019-03-14 20:19:41.251  INFO 14748 --- [http-nio-8080-exec-1] o.a.c.c.C.[.[localhost].[/candiandian]   : Initializing Spring FrameworkServlet 'dispatcherServlet'
2019-03-14 20:19:41.251  INFO 14748 --- [http-nio-8080-exec-1] o.s.web.servlet.DispatcherServlet        : FrameworkServlet 'dispatcherServlet': initialization started
2019-03-14 20:19:41.274  INFO 14748 --- [http-nio-8080-exec-1] o.s.web.servlet.DispatcherServlet        : FrameworkServlet 'dispatcherServlet': initialization completed in 23 ms
2019-03-14 20:19:41.375  INFO 14748 --- [http-nio-8080-exec-1] o.h.h.i.QueryTranslatorFactoryInitiator  : HHH000397: Using ASTQueryTranslatorFactory
2019-03-14 20:48:35.836  INFO 11540 --- [main] c.e.candiandian.CandiandianApplication   : Starting CandiandianApplication on DESKTOP-AA1U7VH with PID 11540 (started by Dingmengdi in J:\learn\java\idea workspace\candiandian)
2019-03-14 20:48:35.845  INFO 11540 --- [main] c.e.candiandian.CandiandianApplication   : No active profile set, falling back to default profiles: default
2019-03-14 20:48:36.120  INFO 11540 --- [background-preinit] o.h.validator.internal.util.Version      : HV000001: Hibernate Validator 5.3.5.Final
2019-03-14 20:48:36.211  INFO 11540 --- [main] ationConfigEmbeddedWebApplicationContext : Refreshing org.springframework.boot.context.embedded.AnnotationConfigEmbeddedWebApplicationContext@9d5509a: startup date [Thu Mar 14 20:48:36 CST 2019]; root of context hierarchy
2019-03-14 20:48:37.068  INFO 11540 --- [main] .s.d.r.c.RepositoryConfigurationDelegate : Multiple Spring Data modules found, entering strict repository configuration mode!
2019-03-14 20:48:37.174  INFO 11540 --- [main] .s.d.r.c.RepositoryConfigurationDelegate : Multiple Spring Data modules found, entering strict repository configuration mode!
2019-03-14 20:48:37.208  INFO 11540 --- [main] .RepositoryConfigurationExtensionSupport : Spring Data Redis - Could not safely identify store assignment for repository candidate interface cn.edkso.candiandian.dao.RestaurantImgDao.
2019-03-14 20:48:37.209  INFO 11540 --- [main] .RepositoryConfigurationExtensionSupport : Spring Data Redis - Could not safely identify store assignment for repository candidate interface cn.edkso.candiandian.dao.OrderDetailDao.
2019-03-14 20:48:37.210  INFO 11540 --- [main] .RepositoryConfigurationExtensionSupport : Spring Data Redis - Could not safely identify store assignment for repository candidate interface cn.edkso.candiandian.dao.OrderMasterDao.
2019-03-14 20:48:37.211  INFO 11540 --- [main] .RepositoryConfigurationExtensionSupport : Spring Data Redis - Could not safely identify store assignment for repository candidate interface cn.edkso.candiandian.dao.StoreDao.
2019-03-14 20:48:37.212  INFO 11540 --- [main] .RepositoryConfigurationExtensionSupport : Spring Data Redis - Could not safely identify store assignment for repository candidate interface cn.edkso.candiandian.dao.UserDao.
2019-03-14 20:48:37.212  INFO 11540 --- [main] .RepositoryConfigurationExtensionSupport : Spring Data Redis - Could not safely identify store assignment for repository candidate interface cn.edkso.candiandian.dao.ProductDao.
2019-03-14 20:48:37.213  INFO 11540 --- [main] .RepositoryConfigurationExtensionSupport : Spring Data Redis - Could not safely identify store assignment for repository candidate interface cn.edkso.candiandian.dao.RestaurantDao.
2019-03-14 20:48:37.945  INFO 11540 --- [main] s.b.c.e.t.TomcatEmbeddedServletContainer : Tomcat initialized with port(s): 8080 (http)
2019-03-14 20:48:37.955  INFO 11540 --- [main] o.apache.catalina.core.StandardService   : Starting service [Tomcat]
2019-03-14 20:48:37.955  INFO 11540 --- [main] org.apache.catalina.core.StandardEngine  : Starting Servlet Engine: Apache Tomcat/8.5.16
2019-03-14 20:48:38.056  INFO 11540 --- [localhost-startStop-1] o.a.c.c.C.[.[localhost].[/candiandian]   : Initializing Spring embedded WebApplicationContext
2019-03-14 20:48:38.057  INFO 11540 --- [localhost-startStop-1] o.s.web.context.ContextLoader            : Root WebApplicationContext: initialization completed in 1846 ms
2019-03-14 20:48:38.227  INFO 11540 --- [localhost-startStop-1] o.s.b.w.servlet.ServletRegistrationBean  : Mapping servlet: 'dispatcherServlet' to [/]
2019-03-14 20:48:38.234  INFO 11540 --- [localhost-startStop-1] o.s.b.w.servlet.FilterRegistrationBean   : Mapping filter: 'characterEncodingFilter' to: [/*]
2019-03-14 20:48:38.235  INFO 11540 --- [localhost-startStop-1] o.s.b.w.servlet.FilterRegistrationBean   : Mapping filter: 'hiddenHttpMethodFilter' to: [/*]
2019-03-14 20:48:38.235  INFO 11540 --- [localhost-startStop-1] o.s.b.w.servlet.FilterRegistrationBean   : Mapping filter: 'httpPutFormContentFilter' to: [/*]
2019-03-14 20:48:38.235  INFO 11540 --- [localhost-startStop-1] o.s.b.w.servlet.FilterRegistrationBean   : Mapping filter: 'requestContextFilter' to: [/*]
2019-03-14 20:48:47.201  INFO 11540 --- [main] j.LocalContainerEntityManagerFactoryBean : Building JPA container EntityManagerFactory for persistence unit 'default'
2019-03-14 20:48:47.213  INFO 11540 --- [main] o.hibernate.jpa.internal.util.LogHelper  : HHH000204: Processing PersistenceUnitInfo [
	name: default
	...]
2019-03-14 20:48:47.273  INFO 11540 --- [main] org.hibernate.Version                    : HHH000412: Hibernate Core {5.0.12.Final}
2019-03-14 20:48:47.274  INFO 11540 --- [main] org.hibernate.cfg.Environment            : HHH000206: hibernate.properties not found
2019-03-14 20:48:47.275  INFO 11540 --- [main] org.hibernate.cfg.Environment            : HHH000021: Bytecode provider name : javassist
2019-03-14 20:48:47.312  INFO 11540 --- [main] o.hibernate.annotations.common.Version   : HCANN000001: Hibernate Commons Annotations {5.0.1.Final}
2019-03-14 20:48:47.529  INFO 11540 --- [main] org.hibernate.dialect.Dialect            : HHH000400: Using dialect: org.hibernate.dialect.MySQL5Dialect
2019-03-14 20:48:48.010  INFO 11540 --- [main] j.LocalContainerEntityManagerFactoryBean : Initialized JPA EntityManagerFactory for persistence unit 'default'
2019-03-14 20:48:48.629  INFO 11540 --- [main] s.w.s.m.m.a.RequestMappingHandlerAdapter : Looking for @ControllerAdvice: org.springframework.boot.context.embedded.AnnotationConfigEmbeddedWebApplicationContext@9d5509a: startup date [Thu Mar 14 20:48:36 CST 2019]; root of context hierarchy
2019-03-14 20:48:48.686  INFO 11540 --- [main] s.w.s.m.m.a.RequestMappingHandlerMapping : Mapped "{[/buyer/order/create || /seller/order/create],methods=[POST]}" onto public java.util.List<cn.edkso.candiandian.domain.OrderMaster> cn.edkso.candiandian.controller.OrderController.create(cn.edkso.candiandian.form.RestaurantForm)
2019-03-14 20:48:48.686  INFO 11540 --- [main] s.w.s.m.m.a.RequestMappingHandlerMapping : Mapped "{[/buyer/order/cancel || /seller/order/cancel],methods=[POST]}" onto public java.lang.String cn.edkso.candiandian.controller.OrderController.cancel(java.lang.String)
2019-03-14 20:48:48.687  INFO 11540 --- [main] s.w.s.m.m.a.RequestMappingHandlerMapping : Mapped "{[/buyer/order/findAll || /seller/order/findAll],methods=[POST]}" onto public java.util.List<cn.edkso.candiandian.dto.OrderDTO> cn.edkso.candiandian.controller.OrderController.findAll(java.lang.String)
2019-03-14 20:48:48.688  INFO 11540 --- [main] s.w.s.m.m.a.RequestMappingHandlerMapping : Mapped "{[/buyer/order/finishOrder || /seller/order/finishOrder],methods=[POST]}" onto public cn.edkso.candiandian.vo.ResuleVo<cn.edkso.candiandian.domain.Store> cn.edkso.candiandian.controller.OrderController.finishOrder(java.lang.Integer,java.lang.Integer)
2019-03-14 20:48:48.688  INFO 11540 --- [main] s.w.s.m.m.a.RequestMappingHandlerMapping : Mapped "{[/buyer/order/sendOrder || /seller/order/sendOrder],methods=[POST]}" onto public cn.edkso.candiandian.vo.ResuleVo<cn.edkso.candiandian.domain.Store> cn.edkso.candiandian.controller.OrderController.sendingOrder(java.lang.Integer,java.lang.Integer)
2019-03-14 20:48:48.688  INFO 11540 --- [main] s.w.s.m.m.a.RequestMappingHandlerMapping : Mapped "{[/buyer/order/toPay || /seller/order/toPay],methods=[POST]}" onto public java.lang.String cn.edkso.candiandian.controller.OrderController.toPay(java.util.List<java.lang.String>)
2019-03-14 20:48:48.689  INFO 11540 --- [main] s.w.s.m.m.a.RequestMappingHandlerMapping : Mapped "{[/buyer/order/acceptOrder || /seller/order/acceptOrder],methods=[POST]}" onto public cn.edkso.candiandian.vo.ResuleVo<cn.edkso.candiandian.domain.Store> cn.edkso.candiandian.controller.OrderController.acceptOrder(java.lang.Integer,java.lang.Integer)
2019-03-14 20:48:48.689  INFO 11540 --- [main] s.w.s.m.m.a.RequestMappingHandlerMapping : Mapped "{[/buyer/order/waitOrder || /seller/order/waitOrder],methods=[POST]}" onto public cn.edkso.candiandian.vo.ResuleVo<cn.edkso.candiandian.domain.Store> cn.edkso.candiandian.controller.OrderController.waitOrder()
2019-03-14 20:48:48.690  INFO 11540 --- [main] s.w.s.m.m.a.RequestMappingHandlerMapping : Mapped "{[/buyer/product/list],methods=[POST]}" onto public java.util.List<cn.edkso.candiandian.domain.Product> cn.edkso.candiandian.controller.ProductController.list(java.lang.String,javax.servlet.http.HttpServletRequest)
2019-03-14 20:48:48.691  INFO 11540 --- [main] s.w.s.m.m.a.RequestMappingHandlerMapping : Mapped "{[/buyer/restaurant/list],methods=[POST]}" onto public java.util.List<cn.edkso.candiandian.domain.Restaurant> cn.edkso.candiandian.controller.RestaurantController.list(java.lang.Double,java.lang.Double)
2019-03-14 20:48:48.691  INFO 11540 --- [main] s.w.s.m.m.a.RequestMappingHandlerMapping : Mapped "{[/buyer/restaurant/ordering],methods=[POST]}" onto public cn.edkso.candiandian.dto.RestaurantDTO cn.edkso.candiandian.controller.RestaurantController.ordering(java.lang.String)
2019-03-14 20:48:48.692  INFO 11540 --- [main] s.w.s.m.m.a.RequestMappingHandlerMapping : Mapped "{[/buyer/store/list],methods=[POST]}" onto public java.util.List<cn.edkso.candiandian.domain.Store> cn.edkso.candiandian.controller.StoreController.list(java.lang.String)
2019-03-14 20:48:48.693  INFO 11540 --- [main] s.w.s.m.m.a.RequestMappingHandlerMapping : Mapped "{[/buyer/user/register || /seller/user/register],methods=[POST]}" onto public cn.edkso.candiandian.vo.ResuleVo<cn.edkso.candiandian.domain.Store> cn.edkso.candiandian.controller.UserController.register(cn.edkso.candiandian.domain.Store)
2019-03-14 20:48:48.693  INFO 11540 --- [main] s.w.s.m.m.a.RequestMappingHandlerMapping : Mapped "{[/buyer/user/login || /seller/user/login],methods=[POST]}" onto public cn.edkso.candiandian.domain.User cn.edkso.candiandian.controller.UserController.login(cn.edkso.candiandian.form.UserInfoForm,javax.servlet.http.HttpServletRequest)
2019-03-14 20:48:48.693  INFO 11540 --- [main] s.w.s.m.m.a.RequestMappingHandlerMapping : Mapped "{[/buyer/user/login_seller || /seller/user/login_seller],methods=[POST]}" onto public cn.edkso.candiandian.vo.ResuleVo<cn.edkso.candiandian.domain.Store> cn.edkso.candiandian.controller.UserController.login_seller(cn.edkso.candiandian.domain.Store)
2019-03-14 20:48:48.695  INFO 11540 --- [main] s.w.s.m.m.a.RequestMappingHandlerMapping : Mapped "{[/error]}" onto public org.springframework.http.ResponseEntity<java.util.Map<java.lang.String, java.lang.Object>> org.springframework.boot.autoconfigure.web.BasicErrorController.error(javax.servlet.http.HttpServletRequest)
2019-03-14 20:48:48.696  INFO 11540 --- [main] s.w.s.m.m.a.RequestMappingHandlerMapping : Mapped "{[/error],produces=[text/html]}" onto public org.springframework.web.servlet.ModelAndView org.springframework.boot.autoconfigure.web.BasicErrorController.errorHtml(javax.servlet.http.HttpServletRequest,javax.servlet.http.HttpServletResponse)
2019-03-14 20:48:48.726  INFO 11540 --- [main] o.s.w.s.handler.SimpleUrlHandlerMapping  : Mapped URL path [/webjars/**] onto handler of type [class org.springframework.web.servlet.resource.ResourceHttpRequestHandler]
2019-03-14 20:48:48.726  INFO 11540 --- [main] o.s.w.s.handler.SimpleUrlHandlerMapping  : Mapped URL path [/**] onto handler of type [class org.springframework.web.servlet.resource.ResourceHttpRequestHandler]
2019-03-14 20:48:48.760  INFO 11540 --- [main] o.s.w.s.handler.SimpleUrlHandlerMapping  : Mapped URL path [/**/favicon.ico] onto handler of type [class org.springframework.web.servlet.resource.ResourceHttpRequestHandler]
2019-03-14 20:48:49.439  INFO 11540 --- [main] o.s.j.e.a.AnnotationMBeanExporter        : Registering beans for JMX exposure on startup
2019-03-14 20:48:49.456  INFO 11540 --- [main] o.a.coyote.http11.Http11NioProtocol      : Initializing ProtocolHandler ["http-nio-8080"]
2019-03-14 20:48:49.465  INFO 11540 --- [main] o.a.coyote.http11.Http11NioProtocol      : Starting ProtocolHandler ["http-nio-8080"]
2019-03-14 20:48:49.476  INFO 11540 --- [main] o.a.tomcat.util.net.NioSelectorPool      : Using a shared selector for servlet write/read
2019-03-14 20:48:49.492  INFO 11540 --- [main] s.b.c.e.t.TomcatEmbeddedServletContainer : Tomcat started on port(s): 8080 (http)
2019-03-14 20:48:49.496  INFO 11540 --- [main] c.e.candiandian.CandiandianApplication   : Started CandiandianApplication in 14.197 seconds (JVM running for 15.136)
2019-03-14 20:48:58.090  INFO 11540 --- [http-nio-8080-exec-1] o.a.c.c.C.[.[localhost].[/candiandian]   : Initializing Spring FrameworkServlet 'dispatcherServlet'
2019-03-14 20:48:58.090  INFO 11540 --- [http-nio-8080-exec-1] o.s.web.servlet.DispatcherServlet        : FrameworkServlet 'dispatcherServlet': initialization started
2019-03-14 20:48:58.113  INFO 11540 --- [http-nio-8080-exec-1] o.s.web.servlet.DispatcherServlet        : FrameworkServlet 'dispatcherServlet': initialization completed in 23 ms
2019-03-14 20:48:58.928  INFO 11540 --- [http-nio-8080-exec-1] o.h.h.i.QueryTranslatorFactoryInitiator  : HHH000397: Using ASTQueryTranslatorFactory
