2019-03-13 13:56:26.283  INFO 6080 --- [main] c.e.candiandian.CandiandianApplication   : Starting CandiandianApplication on DESKTOP-AA1U7VH with PID 6080 (started by Dingmengdi in J:\learn\java\idea workspace\candiandian)
2019-03-13 13:56:26.295  INFO 6080 --- [main] c.e.candiandian.CandiandianApplication   : No active profile set, falling back to default profiles: default
2019-03-13 13:56:26.839  INFO 6080 --- [background-preinit] o.h.validator.internal.util.Version      : HV000001: Hibernate Validator 5.3.5.Final
2019-03-13 13:56:27.016  INFO 6080 --- [main] ationConfigEmbeddedWebApplicationContext : Refreshing org.springframework.boot.context.embedded.AnnotationConfigEmbeddedWebApplicationContext@9d5509a: startup date [Wed Mar 13 13:56:27 CST 2019]; root of context hierarchy
2019-03-13 13:56:28.630  INFO 6080 --- [main] .s.d.r.c.RepositoryConfigurationDelegate : Multiple Spring Data modules found, entering strict repository configuration mode!
2019-03-13 13:56:28.881  INFO 6080 --- [main] .s.d.r.c.RepositoryConfigurationDelegate : Multiple Spring Data modules found, entering strict repository configuration mode!
2019-03-13 13:56:28.928  INFO 6080 --- [main] .RepositoryConfigurationExtensionSupport : Spring Data Redis - Could not safely identify store assignment for repository candidate interface cn.edkso.candiandian.dao.RestaurantImgDao.
2019-03-13 13:56:28.929  INFO 6080 --- [main] .RepositoryConfigurationExtensionSupport : Spring Data Redis - Could not safely identify store assignment for repository candidate interface cn.edkso.candiandian.dao.OrderDetailDao.
2019-03-13 13:56:28.929  INFO 6080 --- [main] .RepositoryConfigurationExtensionSupport : Spring Data Redis - Could not safely identify store assignment for repository candidate interface cn.edkso.candiandian.dao.OrderMasterDao.
2019-03-13 13:56:28.930  INFO 6080 --- [main] .RepositoryConfigurationExtensionSupport : Spring Data Redis - Could not safely identify store assignment for repository candidate interface cn.edkso.candiandian.dao.StoreDao.
2019-03-13 13:56:28.930  INFO 6080 --- [main] .RepositoryConfigurationExtensionSupport : Spring Data Redis - Could not safely identify store assignment for repository candidate interface cn.edkso.candiandian.dao.UserDao.
2019-03-13 13:56:28.931  INFO 6080 --- [main] .RepositoryConfigurationExtensionSupport : Spring Data Redis - Could not safely identify store assignment for repository candidate interface cn.edkso.candiandian.dao.ProductDao.
2019-03-13 13:56:28.932  INFO 6080 --- [main] .RepositoryConfigurationExtensionSupport : Spring Data Redis - Could not safely identify store assignment for repository candidate interface cn.edkso.candiandian.dao.RestaurantDao.
2019-03-13 13:56:30.665  INFO 6080 --- [main] s.b.c.e.t.TomcatEmbeddedServletContainer : Tomcat initialized with port(s): 8080 (http)
2019-03-13 13:56:30.681  INFO 6080 --- [main] o.apache.catalina.core.StandardService   : Starting service [Tomcat]
2019-03-13 13:56:30.685  INFO 6080 --- [main] org.apache.catalina.core.StandardEngine  : Starting Servlet Engine: Apache Tomcat/8.5.16
2019-03-13 13:56:30.847  INFO 6080 --- [localhost-startStop-1] o.a.c.c.C.[.[localhost].[/candiandian]   : Initializing Spring embedded WebApplicationContext
2019-03-13 13:56:30.847  INFO 6080 --- [localhost-startStop-1] o.s.web.context.ContextLoader            : Root WebApplicationContext: initialization completed in 3831 ms
2019-03-13 13:56:31.069  INFO 6080 --- [localhost-startStop-1] o.s.b.w.servlet.ServletRegistrationBean  : Mapping servlet: 'dispatcherServlet' to [/]
2019-03-13 13:56:31.075  INFO 6080 --- [localhost-startStop-1] o.s.b.w.servlet.FilterRegistrationBean   : Mapping filter: 'characterEncodingFilter' to: [/*]
2019-03-13 13:56:31.076  INFO 6080 --- [localhost-startStop-1] o.s.b.w.servlet.FilterRegistrationBean   : Mapping filter: 'hiddenHttpMethodFilter' to: [/*]
2019-03-13 13:56:31.076  INFO 6080 --- [localhost-startStop-1] o.s.b.w.servlet.FilterRegistrationBean   : Mapping filter: 'httpPutFormContentFilter' to: [/*]
2019-03-13 13:56:31.076  INFO 6080 --- [localhost-startStop-1] o.s.b.w.servlet.FilterRegistrationBean   : Mapping filter: 'requestContextFilter' to: [/*]
2019-03-13 13:56:33.916  INFO 6080 --- [main] j.LocalContainerEntityManagerFactoryBean : Building JPA container EntityManagerFactory for persistence unit 'default'
2019-03-13 13:56:34.097  INFO 6080 --- [main] o.hibernate.jpa.internal.util.LogHelper  : HHH000204: Processing PersistenceUnitInfo [
	name: default
	...]
2019-03-13 13:56:34.297  INFO 6080 --- [main] org.hibernate.Version                    : HHH000412: Hibernate Core {5.0.12.Final}
2019-03-13 13:56:34.299  INFO 6080 --- [main] org.hibernate.cfg.Environment            : HHH000206: hibernate.properties not found
2019-03-13 13:56:34.300  INFO 6080 --- [main] org.hibernate.cfg.Environment            : HHH000021: Bytecode provider name : javassist
2019-03-13 13:56:34.381  INFO 6080 --- [main] o.hibernate.annotations.common.Version   : HCANN000001: Hibernate Commons Annotations {5.0.1.Final}
2019-03-13 13:56:34.879  INFO 6080 --- [main] org.hibernate.dialect.Dialect            : HHH000400: Using dialect: org.hibernate.dialect.MySQL5Dialect
2019-03-13 13:56:35.540  INFO 6080 --- [main] j.LocalContainerEntityManagerFactoryBean : Initialized JPA EntityManagerFactory for persistence unit 'default'
2019-03-13 13:56:36.328  INFO 6080 --- [main] s.w.s.m.m.a.RequestMappingHandlerAdapter : Looking for @ControllerAdvice: org.springframework.boot.context.embedded.AnnotationConfigEmbeddedWebApplicationContext@9d5509a: startup date [Wed Mar 13 13:56:27 CST 2019]; root of context hierarchy
2019-03-13 13:56:36.398  INFO 6080 --- [main] s.w.s.m.m.a.RequestMappingHandlerMapping : Mapped "{[/buyer/order/create || /seller/order/create],methods=[POST]}" onto public java.util.List<cn.edkso.candiandian.domain.OrderMaster> cn.edkso.candiandian.controller.OrderController.create(cn.edkso.candiandian.form.RestaurantForm)
2019-03-13 13:56:36.399  INFO 6080 --- [main] s.w.s.m.m.a.RequestMappingHandlerMapping : Mapped "{[/buyer/order/cancel || /seller/order/cancel],methods=[POST]}" onto public java.lang.String cn.edkso.candiandian.controller.OrderController.cancel(java.lang.String)
2019-03-13 13:56:36.400  INFO 6080 --- [main] s.w.s.m.m.a.RequestMappingHandlerMapping : Mapped "{[/buyer/order/findAll || /seller/order/findAll],methods=[POST]}" onto public java.util.List<cn.edkso.candiandian.dto.OrderDTO> cn.edkso.candiandian.controller.OrderController.findAll(java.lang.String)
2019-03-13 13:56:36.400  INFO 6080 --- [main] s.w.s.m.m.a.RequestMappingHandlerMapping : Mapped "{[/buyer/order/acceptOrder || /seller/order/acceptOrder],methods=[POST]}" onto public cn.edkso.candiandian.vo.ResuleVo<cn.edkso.candiandian.domain.Store> cn.edkso.candiandian.controller.OrderController.acceptOrder(java.lang.Integer,java.lang.Integer)
2019-03-13 13:56:36.400  INFO 6080 --- [main] s.w.s.m.m.a.RequestMappingHandlerMapping : Mapped "{[/buyer/order/waitOrder || /seller/order/waitOrder],methods=[POST]}" onto public cn.edkso.candiandian.vo.ResuleVo<cn.edkso.candiandian.domain.Store> cn.edkso.candiandian.controller.OrderController.waitOrder()
2019-03-13 13:56:36.401  INFO 6080 --- [main] s.w.s.m.m.a.RequestMappingHandlerMapping : Mapped "{[/buyer/order/toPay || /seller/order/toPay],methods=[POST]}" onto public java.lang.String cn.edkso.candiandian.controller.OrderController.toPay(java.util.List<java.lang.String>)
2019-03-13 13:56:36.401  INFO 6080 --- [main] s.w.s.m.m.a.RequestMappingHandlerMapping : Mapped "{[/buyer/order/finishOrder || /seller/order/finishOrder],methods=[POST]}" onto public cn.edkso.candiandian.vo.ResuleVo<cn.edkso.candiandian.domain.Store> cn.edkso.candiandian.controller.OrderController.finishOrder(java.lang.Integer,java.lang.Integer)
2019-03-13 13:56:36.402  INFO 6080 --- [main] s.w.s.m.m.a.RequestMappingHandlerMapping : Mapped "{[/buyer/product/list],methods=[POST]}" onto public java.util.List<cn.edkso.candiandian.domain.Product> cn.edkso.candiandian.controller.ProductController.list(java.lang.String,javax.servlet.http.HttpServletRequest)
2019-03-13 13:56:36.403  INFO 6080 --- [main] s.w.s.m.m.a.RequestMappingHandlerMapping : Mapped "{[/buyer/restaurant/list],methods=[POST]}" onto public java.util.List<cn.edkso.candiandian.domain.Restaurant> cn.edkso.candiandian.controller.RestaurantController.list(java.lang.Double,java.lang.Double)
2019-03-13 13:56:36.403  INFO 6080 --- [main] s.w.s.m.m.a.RequestMappingHandlerMapping : Mapped "{[/buyer/restaurant/ordering],methods=[POST]}" onto public cn.edkso.candiandian.dto.RestaurantDTO cn.edkso.candiandian.controller.RestaurantController.ordering(java.lang.String)
2019-03-13 13:56:36.404  INFO 6080 --- [main] s.w.s.m.m.a.RequestMappingHandlerMapping : Mapped "{[/buyer/store/list],methods=[POST]}" onto public java.util.List<cn.edkso.candiandian.domain.Store> cn.edkso.candiandian.controller.StoreController.list(java.lang.String)
2019-03-13 13:56:36.406  INFO 6080 --- [main] s.w.s.m.m.a.RequestMappingHandlerMapping : Mapped "{[/buyer/user/register || /seller/user/register],methods=[POST]}" onto public cn.edkso.candiandian.vo.ResuleVo<cn.edkso.candiandian.domain.Store> cn.edkso.candiandian.controller.UserController.register(cn.edkso.candiandian.domain.Store)
2019-03-13 13:56:36.406  INFO 6080 --- [main] s.w.s.m.m.a.RequestMappingHandlerMapping : Mapped "{[/buyer/user/login_seller || /seller/user/login_seller],methods=[POST]}" onto public cn.edkso.candiandian.vo.ResuleVo<cn.edkso.candiandian.domain.Store> cn.edkso.candiandian.controller.UserController.login_seller(cn.edkso.candiandian.domain.Store)
2019-03-13 13:56:36.406  INFO 6080 --- [main] s.w.s.m.m.a.RequestMappingHandlerMapping : Mapped "{[/buyer/user/login || /seller/user/login],methods=[POST]}" onto public cn.edkso.candiandian.domain.User cn.edkso.candiandian.controller.UserController.login(cn.edkso.candiandian.form.UserInfoForm,javax.servlet.http.HttpServletRequest)
2019-03-13 13:56:36.409  INFO 6080 --- [main] s.w.s.m.m.a.RequestMappingHandlerMapping : Mapped "{[/error]}" onto public org.springframework.http.ResponseEntity<java.util.Map<java.lang.String, java.lang.Object>> org.springframework.boot.autoconfigure.web.BasicErrorController.error(javax.servlet.http.HttpServletRequest)
2019-03-13 13:56:36.409  INFO 6080 --- [main] s.w.s.m.m.a.RequestMappingHandlerMapping : Mapped "{[/error],produces=[text/html]}" onto public org.springframework.web.servlet.ModelAndView org.springframework.boot.autoconfigure.web.BasicErrorController.errorHtml(javax.servlet.http.HttpServletRequest,javax.servlet.http.HttpServletResponse)
2019-03-13 13:56:36.439  INFO 6080 --- [main] o.s.w.s.handler.SimpleUrlHandlerMapping  : Mapped URL path [/webjars/**] onto handler of type [class org.springframework.web.servlet.resource.ResourceHttpRequestHandler]
2019-03-13 13:56:36.439  INFO 6080 --- [main] o.s.w.s.handler.SimpleUrlHandlerMapping  : Mapped URL path [/**] onto handler of type [class org.springframework.web.servlet.resource.ResourceHttpRequestHandler]
2019-03-13 13:56:36.474  INFO 6080 --- [main] o.s.w.s.handler.SimpleUrlHandlerMapping  : Mapped URL path [/**/favicon.ico] onto handler of type [class org.springframework.web.servlet.resource.ResourceHttpRequestHandler]
2019-03-13 13:56:37.333  INFO 6080 --- [main] o.s.j.e.a.AnnotationMBeanExporter        : Registering beans for JMX exposure on startup
2019-03-13 13:56:37.353  INFO 6080 --- [main] o.a.coyote.http11.Http11NioProtocol      : Initializing ProtocolHandler ["http-nio-8080"]
2019-03-13 13:56:37.366  INFO 6080 --- [main] o.a.coyote.http11.Http11NioProtocol      : Starting ProtocolHandler ["http-nio-8080"]
2019-03-13 13:56:37.387  INFO 6080 --- [main] o.a.tomcat.util.net.NioSelectorPool      : Using a shared selector for servlet write/read
2019-03-13 13:56:37.410  INFO 6080 --- [main] s.b.c.e.t.TomcatEmbeddedServletContainer : Tomcat started on port(s): 8080 (http)
2019-03-13 13:56:37.416  INFO 6080 --- [main] c.e.candiandian.CandiandianApplication   : Started CandiandianApplication in 12.013 seconds (JVM running for 13.978)
2019-03-13 13:56:58.192  INFO 6080 --- [http-nio-8080-exec-1] o.a.c.c.C.[.[localhost].[/candiandian]   : Initializing Spring FrameworkServlet 'dispatcherServlet'
2019-03-13 13:56:58.193  INFO 6080 --- [http-nio-8080-exec-1] o.s.web.servlet.DispatcherServlet        : FrameworkServlet 'dispatcherServlet': initialization started
2019-03-13 13:56:58.216  INFO 6080 --- [http-nio-8080-exec-1] o.s.web.servlet.DispatcherServlet        : FrameworkServlet 'dispatcherServlet': initialization completed in 23 ms
2019-03-13 13:56:58.439  INFO 6080 --- [http-nio-8080-exec-1] o.h.h.i.QueryTranslatorFactoryInitiator  : HHH000397: Using ASTQueryTranslatorFactory
2019-03-13 13:58:52.106  INFO 7340 --- [main] c.e.candiandian.CandiandianApplication   : Starting CandiandianApplication on DESKTOP-AA1U7VH with PID 7340 (started by Dingmengdi in J:\learn\java\idea workspace\candiandian)
2019-03-13 13:58:52.122  INFO 7340 --- [main] c.e.candiandian.CandiandianApplication   : No active profile set, falling back to default profiles: default
2019-03-13 13:58:52.309  INFO 7340 --- [background-preinit] o.h.validator.internal.util.Version      : HV000001: Hibernate Validator 5.3.5.Final
2019-03-13 13:58:52.340  INFO 7340 --- [main] ationConfigEmbeddedWebApplicationContext : Refreshing org.springframework.boot.context.embedded.AnnotationConfigEmbeddedWebApplicationContext@9d5509a: startup date [Wed Mar 13 13:58:52 CST 2019]; root of context hierarchy
2019-03-13 13:58:53.153  INFO 7340 --- [main] .s.d.r.c.RepositoryConfigurationDelegate : Multiple Spring Data modules found, entering strict repository configuration mode!
2019-03-13 13:58:53.240  INFO 7340 --- [main] .s.d.r.c.RepositoryConfigurationDelegate : Multiple Spring Data modules found, entering strict repository configuration mode!
2019-03-13 13:58:53.271  INFO 7340 --- [main] .RepositoryConfigurationExtensionSupport : Spring Data Redis - Could not safely identify store assignment for repository candidate interface cn.edkso.candiandian.dao.RestaurantImgDao.
2019-03-13 13:58:53.272  INFO 7340 --- [main] .RepositoryConfigurationExtensionSupport : Spring Data Redis - Could not safely identify store assignment for repository candidate interface cn.edkso.candiandian.dao.OrderDetailDao.
2019-03-13 13:58:53.272  INFO 7340 --- [main] .RepositoryConfigurationExtensionSupport : Spring Data Redis - Could not safely identify store assignment for repository candidate interface cn.edkso.candiandian.dao.OrderMasterDao.
2019-03-13 13:58:53.273  INFO 7340 --- [main] .RepositoryConfigurationExtensionSupport : Spring Data Redis - Could not safely identify store assignment for repository candidate interface cn.edkso.candiandian.dao.StoreDao.
2019-03-13 13:58:53.273  INFO 7340 --- [main] .RepositoryConfigurationExtensionSupport : Spring Data Redis - Could not safely identify store assignment for repository candidate interface cn.edkso.candiandian.dao.UserDao.
2019-03-13 13:58:53.274  INFO 7340 --- [main] .RepositoryConfigurationExtensionSupport : Spring Data Redis - Could not safely identify store assignment for repository candidate interface cn.edkso.candiandian.dao.ProductDao.
2019-03-13 13:58:53.274  INFO 7340 --- [main] .RepositoryConfigurationExtensionSupport : Spring Data Redis - Could not safely identify store assignment for repository candidate interface cn.edkso.candiandian.dao.RestaurantDao.
2019-03-13 13:58:53.992  INFO 7340 --- [main] s.b.c.e.t.TomcatEmbeddedServletContainer : Tomcat initialized with port(s): 8080 (http)
2019-03-13 13:58:54.001  INFO 7340 --- [main] o.apache.catalina.core.StandardService   : Starting service [Tomcat]
2019-03-13 13:58:54.002  INFO 7340 --- [main] org.apache.catalina.core.StandardEngine  : Starting Servlet Engine: Apache Tomcat/8.5.16
2019-03-13 13:58:54.108  INFO 7340 --- [localhost-startStop-1] o.a.c.c.C.[.[localhost].[/candiandian]   : Initializing Spring embedded WebApplicationContext
2019-03-13 13:58:54.108  INFO 7340 --- [localhost-startStop-1] o.s.web.context.ContextLoader            : Root WebApplicationContext: initialization completed in 1768 ms
2019-03-13 13:58:54.261  INFO 7340 --- [localhost-startStop-1] o.s.b.w.servlet.ServletRegistrationBean  : Mapping servlet: 'dispatcherServlet' to [/]
2019-03-13 13:58:54.265  INFO 7340 --- [localhost-startStop-1] o.s.b.w.servlet.FilterRegistrationBean   : Mapping filter: 'characterEncodingFilter' to: [/*]
2019-03-13 13:58:54.266  INFO 7340 --- [localhost-startStop-1] o.s.b.w.servlet.FilterRegistrationBean   : Mapping filter: 'hiddenHttpMethodFilter' to: [/*]
2019-03-13 13:58:54.266  INFO 7340 --- [localhost-startStop-1] o.s.b.w.servlet.FilterRegistrationBean   : Mapping filter: 'httpPutFormContentFilter' to: [/*]
2019-03-13 13:58:54.266  INFO 7340 --- [localhost-startStop-1] o.s.b.w.servlet.FilterRegistrationBean   : Mapping filter: 'requestContextFilter' to: [/*]
2019-03-13 13:58:56.395  INFO 7340 --- [main] j.LocalContainerEntityManagerFactoryBean : Building JPA container EntityManagerFactory for persistence unit 'default'
2019-03-13 13:58:56.408  INFO 7340 --- [main] o.hibernate.jpa.internal.util.LogHelper  : HHH000204: Processing PersistenceUnitInfo [
	name: default
	...]
2019-03-13 13:58:56.468  INFO 7340 --- [main] org.hibernate.Version                    : HHH000412: Hibernate Core {5.0.12.Final}
2019-03-13 13:58:56.469  INFO 7340 --- [main] org.hibernate.cfg.Environment            : HHH000206: hibernate.properties not found
2019-03-13 13:58:56.470  INFO 7340 --- [main] org.hibernate.cfg.Environment            : HHH000021: Bytecode provider name : javassist
2019-03-13 13:58:56.510  INFO 7340 --- [main] o.hibernate.annotations.common.Version   : HCANN000001: Hibernate Commons Annotations {5.0.1.Final}
2019-03-13 13:58:56.738  INFO 7340 --- [main] org.hibernate.dialect.Dialect            : HHH000400: Using dialect: org.hibernate.dialect.MySQL5Dialect
2019-03-13 13:58:57.136  INFO 7340 --- [main] j.LocalContainerEntityManagerFactoryBean : Initialized JPA EntityManagerFactory for persistence unit 'default'
2019-03-13 13:58:57.733  INFO 7340 --- [main] s.w.s.m.m.a.RequestMappingHandlerAdapter : Looking for @ControllerAdvice: org.springframework.boot.context.embedded.AnnotationConfigEmbeddedWebApplicationContext@9d5509a: startup date [Wed Mar 13 13:58:52 CST 2019]; root of context hierarchy
2019-03-13 13:58:57.797  INFO 7340 --- [main] s.w.s.m.m.a.RequestMappingHandlerMapping : Mapped "{[/buyer/order/create || /seller/order/create],methods=[POST]}" onto public java.util.List<cn.edkso.candiandian.domain.OrderMaster> cn.edkso.candiandian.controller.OrderController.create(cn.edkso.candiandian.form.RestaurantForm)
2019-03-13 13:58:57.798  INFO 7340 --- [main] s.w.s.m.m.a.RequestMappingHandlerMapping : Mapped "{[/buyer/order/cancel || /seller/order/cancel],methods=[POST]}" onto public java.lang.String cn.edkso.candiandian.controller.OrderController.cancel(java.lang.String)
2019-03-13 13:58:57.799  INFO 7340 --- [main] s.w.s.m.m.a.RequestMappingHandlerMapping : Mapped "{[/buyer/order/findAll || /seller/order/findAll],methods=[POST]}" onto public java.util.List<cn.edkso.candiandian.dto.OrderDTO> cn.edkso.candiandian.controller.OrderController.findAll(java.lang.String)
2019-03-13 13:58:57.799  INFO 7340 --- [main] s.w.s.m.m.a.RequestMappingHandlerMapping : Mapped "{[/buyer/order/finishOrder || /seller/order/finishOrder],methods=[POST]}" onto public cn.edkso.candiandian.vo.ResuleVo<cn.edkso.candiandian.domain.Store> cn.edkso.candiandian.controller.OrderController.finishOrder(java.lang.Integer,java.lang.Integer)
2019-03-13 13:58:57.799  INFO 7340 --- [main] s.w.s.m.m.a.RequestMappingHandlerMapping : Mapped "{[/buyer/order/waitOrder || /seller/order/waitOrder],methods=[POST]}" onto public cn.edkso.candiandian.vo.ResuleVo<cn.edkso.candiandian.domain.Store> cn.edkso.candiandian.controller.OrderController.waitOrder()
2019-03-13 13:58:57.800  INFO 7340 --- [main] s.w.s.m.m.a.RequestMappingHandlerMapping : Mapped "{[/buyer/order/sendOrder || /seller/order/sendOrder],methods=[POST]}" onto public cn.edkso.candiandian.vo.ResuleVo<cn.edkso.candiandian.domain.Store> cn.edkso.candiandian.controller.OrderController.sendingOrder(java.lang.Integer,java.lang.Integer)
2019-03-13 13:58:57.800  INFO 7340 --- [main] s.w.s.m.m.a.RequestMappingHandlerMapping : Mapped "{[/buyer/order/toPay || /seller/order/toPay],methods=[POST]}" onto public java.lang.String cn.edkso.candiandian.controller.OrderController.toPay(java.util.List<java.lang.String>)
2019-03-13 13:58:57.801  INFO 7340 --- [main] s.w.s.m.m.a.RequestMappingHandlerMapping : Mapped "{[/buyer/order/acceptOrder || /seller/order/acceptOrder],methods=[POST]}" onto public cn.edkso.candiandian.vo.ResuleVo<cn.edkso.candiandian.domain.Store> cn.edkso.candiandian.controller.OrderController.acceptOrder(java.lang.Integer,java.lang.Integer)
2019-03-13 13:58:57.801  INFO 7340 --- [main] s.w.s.m.m.a.RequestMappingHandlerMapping : Mapped "{[/buyer/product/list],methods=[POST]}" onto public java.util.List<cn.edkso.candiandian.domain.Product> cn.edkso.candiandian.controller.ProductController.list(java.lang.String,javax.servlet.http.HttpServletRequest)
2019-03-13 13:58:57.802  INFO 7340 --- [main] s.w.s.m.m.a.RequestMappingHandlerMapping : Mapped "{[/buyer/restaurant/list],methods=[POST]}" onto public java.util.List<cn.edkso.candiandian.domain.Restaurant> cn.edkso.candiandian.controller.RestaurantController.list(java.lang.Double,java.lang.Double)
2019-03-13 13:58:57.803  INFO 7340 --- [main] s.w.s.m.m.a.RequestMappingHandlerMapping : Mapped "{[/buyer/restaurant/ordering],methods=[POST]}" onto public cn.edkso.candiandian.dto.RestaurantDTO cn.edkso.candiandian.controller.RestaurantController.ordering(java.lang.String)
2019-03-13 13:58:57.803  INFO 7340 --- [main] s.w.s.m.m.a.RequestMappingHandlerMapping : Mapped "{[/buyer/store/list],methods=[POST]}" onto public java.util.List<cn.edkso.candiandian.domain.Store> cn.edkso.candiandian.controller.StoreController.list(java.lang.String)
2019-03-13 13:58:57.805  INFO 7340 --- [main] s.w.s.m.m.a.RequestMappingHandlerMapping : Mapped "{[/buyer/user/register || /seller/user/register],methods=[POST]}" onto public cn.edkso.candiandian.vo.ResuleVo<cn.edkso.candiandian.domain.Store> cn.edkso.candiandian.controller.UserController.register(cn.edkso.candiandian.domain.Store)
2019-03-13 13:58:57.805  INFO 7340 --- [main] s.w.s.m.m.a.RequestMappingHandlerMapping : Mapped "{[/buyer/user/login || /seller/user/login],methods=[POST]}" onto public cn.edkso.candiandian.domain.User cn.edkso.candiandian.controller.UserController.login(cn.edkso.candiandian.form.UserInfoForm,javax.servlet.http.HttpServletRequest)
2019-03-13 13:58:57.805  INFO 7340 --- [main] s.w.s.m.m.a.RequestMappingHandlerMapping : Mapped "{[/buyer/user/login_seller || /seller/user/login_seller],methods=[POST]}" onto public cn.edkso.candiandian.vo.ResuleVo<cn.edkso.candiandian.domain.Store> cn.edkso.candiandian.controller.UserController.login_seller(cn.edkso.candiandian.domain.Store)
2019-03-13 13:58:57.807  INFO 7340 --- [main] s.w.s.m.m.a.RequestMappingHandlerMapping : Mapped "{[/error]}" onto public org.springframework.http.ResponseEntity<java.util.Map<java.lang.String, java.lang.Object>> org.springframework.boot.autoconfigure.web.BasicErrorController.error(javax.servlet.http.HttpServletRequest)
2019-03-13 13:58:57.807  INFO 7340 --- [main] s.w.s.m.m.a.RequestMappingHandlerMapping : Mapped "{[/error],produces=[text/html]}" onto public org.springframework.web.servlet.ModelAndView org.springframework.boot.autoconfigure.web.BasicErrorController.errorHtml(javax.servlet.http.HttpServletRequest,javax.servlet.http.HttpServletResponse)
2019-03-13 13:58:57.847  INFO 7340 --- [main] o.s.w.s.handler.SimpleUrlHandlerMapping  : Mapped URL path [/webjars/**] onto handler of type [class org.springframework.web.servlet.resource.ResourceHttpRequestHandler]
2019-03-13 13:58:57.848  INFO 7340 --- [main] o.s.w.s.handler.SimpleUrlHandlerMapping  : Mapped URL path [/**] onto handler of type [class org.springframework.web.servlet.resource.ResourceHttpRequestHandler]
2019-03-13 13:58:57.883  INFO 7340 --- [main] o.s.w.s.handler.SimpleUrlHandlerMapping  : Mapped URL path [/**/favicon.ico] onto handler of type [class org.springframework.web.servlet.resource.ResourceHttpRequestHandler]
2019-03-13 13:58:58.479  INFO 7340 --- [main] o.s.j.e.a.AnnotationMBeanExporter        : Registering beans for JMX exposure on startup
2019-03-13 13:58:58.495  INFO 7340 --- [main] o.a.coyote.http11.Http11NioProtocol      : Initializing ProtocolHandler ["http-nio-8080"]
2019-03-13 13:58:58.504  INFO 7340 --- [main] o.a.coyote.http11.Http11NioProtocol      : Starting ProtocolHandler ["http-nio-8080"]
2019-03-13 13:58:58.515  INFO 7340 --- [main] o.a.tomcat.util.net.NioSelectorPool      : Using a shared selector for servlet write/read
2019-03-13 13:58:58.530  INFO 7340 --- [main] s.b.c.e.t.TomcatEmbeddedServletContainer : Tomcat started on port(s): 8080 (http)
2019-03-13 13:58:58.535  INFO 7340 --- [main] c.e.candiandian.CandiandianApplication   : Started CandiandianApplication in 6.974 seconds (JVM running for 7.893)
2019-03-13 14:00:37.411  INFO 7340 --- [http-nio-8080-exec-2] o.a.c.c.C.[.[localhost].[/candiandian]   : Initializing Spring FrameworkServlet 'dispatcherServlet'
2019-03-13 14:00:37.411  INFO 7340 --- [http-nio-8080-exec-2] o.s.web.servlet.DispatcherServlet        : FrameworkServlet 'dispatcherServlet': initialization started
2019-03-13 14:00:37.436  INFO 7340 --- [http-nio-8080-exec-2] o.s.web.servlet.DispatcherServlet        : FrameworkServlet 'dispatcherServlet': initialization completed in 25 ms
2019-03-13 14:00:37.595  INFO 7340 --- [http-nio-8080-exec-1] o.h.h.i.QueryTranslatorFactoryInitiator  : HHH000397: Using ASTQueryTranslatorFactory
