2019-05-17 16:09:36.731  INFO 19348 --- [restartedMain] c.e.candiandian.CandiandianApplication   : Starting CandiandianApplication on DESKTOP-KJ8GN76 with PID 19348 (I:\learn\java\ideaWorkspace\candiandian\target\classes started by dingmengdi in I:\learn\java\ideaWorkspace\candiandian)
2019-05-17 16:09:36.732  INFO 19348 --- [restartedMain] c.e.candiandian.CandiandianApplication   : No active profile set, falling back to default profiles: default
2019-05-17 16:09:37.021  INFO 19348 --- [background-preinit] o.h.validator.internal.util.Version      : HV000001: Hibernate Validator 5.3.5.Final
2019-05-17 16:09:37.234  INFO 19348 --- [restartedMain] ationConfigEmbeddedWebApplicationContext : Refreshing org.springframework.boot.context.embedded.AnnotationConfigEmbeddedWebApplicationContext@71396cdf: startup date [Fri May 17 16:09:37 CST 2019]; root of context hierarchy
2019-05-17 16:09:38.825  INFO 19348 --- [restartedMain] .s.d.r.c.RepositoryConfigurationDelegate : Multiple Spring Data modules found, entering strict repository configuration mode!
2019-05-17 16:09:38.927  INFO 19348 --- [restartedMain] .s.d.r.c.RepositoryConfigurationDelegate : Multiple Spring Data modules found, entering strict repository configuration mode!
2019-05-17 16:09:38.988  INFO 19348 --- [restartedMain] .RepositoryConfigurationExtensionSupport : Spring Data Redis - Could not safely identify store assignment for repository candidate interface cn.edkso.candiandian.dao.RestaurantImgDao.
2019-05-17 16:09:38.988  INFO 19348 --- [restartedMain] .RepositoryConfigurationExtensionSupport : Spring Data Redis - Could not safely identify store assignment for repository candidate interface cn.edkso.candiandian.dao.OrderDetailDao.
2019-05-17 16:09:38.989  INFO 19348 --- [restartedMain] .RepositoryConfigurationExtensionSupport : Spring Data Redis - Could not safely identify store assignment for repository candidate interface cn.edkso.candiandian.dao.OrderMasterDao.
2019-05-17 16:09:38.989  INFO 19348 --- [restartedMain] .RepositoryConfigurationExtensionSupport : Spring Data Redis - Could not safely identify store assignment for repository candidate interface cn.edkso.candiandian.dao.StoreDao.
2019-05-17 16:09:38.990  INFO 19348 --- [restartedMain] .RepositoryConfigurationExtensionSupport : Spring Data Redis - Could not safely identify store assignment for repository candidate interface cn.edkso.candiandian.dao.UserDao.
2019-05-17 16:09:38.990  INFO 19348 --- [restartedMain] .RepositoryConfigurationExtensionSupport : Spring Data Redis - Could not safely identify store assignment for repository candidate interface cn.edkso.candiandian.dao.ProductDao.
2019-05-17 16:09:38.991  INFO 19348 --- [restartedMain] .RepositoryConfigurationExtensionSupport : Spring Data Redis - Could not safely identify store assignment for repository candidate interface cn.edkso.candiandian.dao.RestaurantDao.
2019-05-17 16:09:40.206  INFO 19348 --- [restartedMain] s.b.c.e.t.TomcatEmbeddedServletContainer : Tomcat initialized with port(s): 8080 (http)
2019-05-17 16:09:40.220  INFO 19348 --- [restartedMain] o.apache.catalina.core.StandardService   : Starting service [Tomcat]
2019-05-17 16:09:40.220  INFO 19348 --- [restartedMain] org.apache.catalina.core.StandardEngine  : Starting Servlet Engine: Apache Tomcat/8.5.16
2019-05-17 16:09:40.344  INFO 19348 --- [localhost-startStop-1] o.a.c.c.C.[.[localhost].[/candiandian]   : Initializing Spring embedded WebApplicationContext
2019-05-17 16:09:40.345  INFO 19348 --- [localhost-startStop-1] o.s.web.context.ContextLoader            : Root WebApplicationContext: initialization completed in 3111 ms
2019-05-17 16:09:40.668  INFO 19348 --- [localhost-startStop-1] o.s.b.w.servlet.ServletRegistrationBean  : Mapping servlet: 'dispatcherServlet' to [/]
2019-05-17 16:09:40.671  INFO 19348 --- [localhost-startStop-1] o.s.b.w.servlet.FilterRegistrationBean   : Mapping filter: 'characterEncodingFilter' to: [/*]
2019-05-17 16:09:40.672  INFO 19348 --- [localhost-startStop-1] o.s.b.w.servlet.FilterRegistrationBean   : Mapping filter: 'springSessionRepositoryFilter' to: [/*]
2019-05-17 16:09:40.672  INFO 19348 --- [localhost-startStop-1] o.s.b.w.servlet.FilterRegistrationBean   : Mapping filter: 'hiddenHttpMethodFilter' to: [/*]
2019-05-17 16:09:40.672  INFO 19348 --- [localhost-startStop-1] o.s.b.w.servlet.FilterRegistrationBean   : Mapping filter: 'httpPutFormContentFilter' to: [/*]
2019-05-17 16:09:40.672  INFO 19348 --- [localhost-startStop-1] o.s.b.w.servlet.FilterRegistrationBean   : Mapping filter: 'requestContextFilter' to: [/*]
2019-05-17 16:09:43.896  INFO 19348 --- [restartedMain] j.LocalContainerEntityManagerFactoryBean : Building JPA container EntityManagerFactory for persistence unit 'default'
2019-05-17 16:09:43.994  INFO 19348 --- [restartedMain] o.hibernate.jpa.internal.util.LogHelper  : HHH000204: Processing PersistenceUnitInfo [
	name: default
	...]
2019-05-17 16:09:44.118  INFO 19348 --- [restartedMain] org.hibernate.Version                    : HHH000412: Hibernate Core {5.0.12.Final}
2019-05-17 16:09:44.120  INFO 19348 --- [restartedMain] org.hibernate.cfg.Environment            : HHH000206: hibernate.properties not found
2019-05-17 16:09:44.121  INFO 19348 --- [restartedMain] org.hibernate.cfg.Environment            : HHH000021: Bytecode provider name : javassist
2019-05-17 16:09:44.192  INFO 19348 --- [restartedMain] o.hibernate.annotations.common.Version   : HCANN000001: Hibernate Commons Annotations {5.0.1.Final}
2019-05-17 16:09:44.480  INFO 19348 --- [restartedMain] org.hibernate.dialect.Dialect            : HHH000400: Using dialect: org.hibernate.dialect.MySQL5Dialect
2019-05-17 16:09:45.205  INFO 19348 --- [restartedMain] j.LocalContainerEntityManagerFactoryBean : Initialized JPA EntityManagerFactory for persistence unit 'default'
2019-05-17 16:09:46.100  INFO 19348 --- [restartedMain] s.w.s.m.m.a.RequestMappingHandlerAdapter : Looking for @ControllerAdvice: org.springframework.boot.context.embedded.AnnotationConfigEmbeddedWebApplicationContext@71396cdf: startup date [Fri May 17 16:09:37 CST 2019]; root of context hierarchy
2019-05-17 16:09:46.196  INFO 19348 --- [restartedMain] s.w.s.m.m.a.RequestMappingHandlerMapping : Mapped "{[/buyer/order/create || /seller/order/create],methods=[POST]}" onto public java.util.List<cn.edkso.candiandian.domain.OrderMaster> cn.edkso.candiandian.controller.OrderController.create(cn.edkso.candiandian.form.RestaurantForm)
2019-05-17 16:09:46.196  INFO 19348 --- [restartedMain] s.w.s.m.m.a.RequestMappingHandlerMapping : Mapped "{[/buyer/order/cancel || /seller/order/cancel],methods=[POST]}" onto public java.lang.String cn.edkso.candiandian.controller.OrderController.cancel(java.lang.String)
2019-05-17 16:09:46.197  INFO 19348 --- [restartedMain] s.w.s.m.m.a.RequestMappingHandlerMapping : Mapped "{[/buyer/order/findAll || /seller/order/findAll],methods=[POST]}" onto public java.util.List<cn.edkso.candiandian.dto.OrderDTO> cn.edkso.candiandian.controller.OrderController.findAll(java.lang.String)
2019-05-17 16:09:46.197  INFO 19348 --- [restartedMain] s.w.s.m.m.a.RequestMappingHandlerMapping : Mapped "{[/buyer/order/productRank || /seller/order/productRank],methods=[POST]}" onto public cn.edkso.candiandian.vo.ResuleVo<java.util.List<cn.edkso.candiandian.domain.Product>> cn.edkso.candiandian.controller.OrderController.productRank()
2019-05-17 16:09:46.197  INFO 19348 --- [restartedMain] s.w.s.m.m.a.RequestMappingHandlerMapping : Mapped "{[/buyer/order/receivedOrder || /seller/order/receivedOrder],methods=[POST]}" onto public cn.edkso.candiandian.vo.ResuleVo cn.edkso.candiandian.controller.OrderController.receivedOrder(java.lang.String)
2019-05-17 16:09:46.197  INFO 19348 --- [restartedMain] s.w.s.m.m.a.RequestMappingHandlerMapping : Mapped "{[/buyer/order/sendedOrder || /seller/order/sendedOrder],methods=[POST]}" onto public cn.edkso.candiandian.vo.ResuleVo cn.edkso.candiandian.controller.OrderController.sendedOrder(java.lang.String)
2019-05-17 16:09:46.198  INFO 19348 --- [restartedMain] s.w.s.m.m.a.RequestMappingHandlerMapping : Mapped "{[/buyer/order/orderSum || /seller/order/orderSum],methods=[POST]}" onto public cn.edkso.candiandian.vo.ResuleVo<java.lang.Integer> cn.edkso.candiandian.controller.OrderController.orderSum()
2019-05-17 16:09:46.198  INFO 19348 --- [restartedMain] s.w.s.m.m.a.RequestMappingHandlerMapping : Mapped "{[/buyer/order/achivedOrder || /seller/order/achivedOrder],methods=[POST]}" onto public cn.edkso.candiandian.vo.ResuleVo cn.edkso.candiandian.controller.OrderController.achivedOrder(java.lang.String)
2019-05-17 16:09:46.198  INFO 19348 --- [restartedMain] s.w.s.m.m.a.RequestMappingHandlerMapping : Mapped "{[/buyer/order/toPay || /seller/order/toPay],methods=[POST]}" onto public java.lang.String cn.edkso.candiandian.controller.OrderController.toPay(java.util.List<java.lang.String>)
2019-05-17 16:09:46.199  INFO 19348 --- [restartedMain] s.w.s.m.m.a.RequestMappingHandlerMapping : Mapped "{[/buyer/order/finshSend || /seller/order/finshSend],methods=[POST]}" onto public java.lang.String cn.edkso.candiandian.controller.OrderController.finshSend(java.lang.String,java.lang.String)
2019-05-17 16:09:46.199  INFO 19348 --- [restartedMain] s.w.s.m.m.a.RequestMappingHandlerMapping : Mapped "{[/buyer/order/waitOrder || /seller/order/waitOrder],methods=[POST]}" onto public cn.edkso.candiandian.vo.ResuleVo<cn.edkso.candiandian.domain.Store> cn.edkso.candiandian.controller.OrderController.waitOrder()
2019-05-17 16:09:46.199  INFO 19348 --- [restartedMain] s.w.s.m.m.a.RequestMappingHandlerMapping : Mapped "{[/buyer/order/acceptOrder || /seller/order/acceptOrder],methods=[POST]}" onto public cn.edkso.candiandian.vo.ResuleVo<cn.edkso.candiandian.domain.Store> cn.edkso.candiandian.controller.OrderController.acceptOrder(java.lang.Integer,java.lang.Integer)
2019-05-17 16:09:46.199  INFO 19348 --- [restartedMain] s.w.s.m.m.a.RequestMappingHandlerMapping : Mapped "{[/buyer/order/receiveSend || /seller/order/receiveSend],methods=[POST]}" onto public java.lang.String cn.edkso.candiandian.controller.OrderController.receiveSend(java.lang.String,java.lang.String)
2019-05-17 16:09:46.200  INFO 19348 --- [restartedMain] s.w.s.m.m.a.RequestMappingHandlerMapping : Mapped "{[/buyer/order/finishOrder || /seller/order/finishOrder],methods=[POST]}" onto public cn.edkso.candiandian.vo.ResuleVo<cn.edkso.candiandian.domain.Store> cn.edkso.candiandian.controller.OrderController.finishOrder(java.lang.Integer,java.lang.Integer)
2019-05-17 16:09:46.200  INFO 19348 --- [restartedMain] s.w.s.m.m.a.RequestMappingHandlerMapping : Mapped "{[/buyer/order/sendOrder || /seller/order/sendOrder],methods=[POST]}" onto public cn.edkso.candiandian.vo.ResuleVo<cn.edkso.candiandian.domain.Store> cn.edkso.candiandian.controller.OrderController.sendingOrder(java.lang.Integer,java.lang.Integer)
2019-05-17 16:09:46.200  INFO 19348 --- [restartedMain] s.w.s.m.m.a.RequestMappingHandlerMapping : Mapped "{[/buyer/order/orderPriceSum || /seller/order/orderPriceSum],methods=[POST]}" onto public cn.edkso.candiandian.vo.ResuleVo<java.math.BigDecimal> cn.edkso.candiandian.controller.OrderController.orderPriceSum()
2019-05-17 16:09:46.201  INFO 19348 --- [restartedMain] s.w.s.m.m.a.RequestMappingHandlerMapping : Mapped "{[/buyer/order/buyerSum || /seller/order/buyerSum]}" onto public cn.edkso.candiandian.vo.ResuleVo<cn.edkso.candiandian.dto.IndexShowDTO> cn.edkso.candiandian.controller.OrderController.buyerSum()
2019-05-17 16:09:46.201  INFO 19348 --- [restartedMain] s.w.s.m.m.a.RequestMappingHandlerMapping : Mapped "{[/buyer/product/list],methods=[POST]}" onto public java.util.List<cn.edkso.candiandian.domain.Product> cn.edkso.candiandian.controller.ProductController.list(java.lang.String,javax.servlet.http.HttpServletRequest)
2019-05-17 16:09:46.202  INFO 19348 --- [restartedMain] s.w.s.m.m.a.RequestMappingHandlerMapping : Mapped "{[/buyer/restaurant/list],methods=[POST]}" onto public java.util.List<cn.edkso.candiandian.domain.Restaurant> cn.edkso.candiandian.controller.RestaurantController.list(java.lang.Double,java.lang.Double)
2019-05-17 16:09:46.202  INFO 19348 --- [restartedMain] s.w.s.m.m.a.RequestMappingHandlerMapping : Mapped "{[/buyer/restaurant/ordering],methods=[POST]}" onto public cn.edkso.candiandian.dto.RestaurantDTO cn.edkso.candiandian.controller.RestaurantController.ordering(java.lang.String)
2019-05-17 16:09:46.204  INFO 19348 --- [restartedMain] s.w.s.m.m.a.RequestMappingHandlerMapping : Mapped "{[/buyer/store/list],methods=[POST]}" onto public java.util.List<cn.edkso.candiandian.domain.Store> cn.edkso.candiandian.controller.StoreController.list(java.lang.String)
2019-05-17 16:09:46.204  INFO 19348 --- [restartedMain] s.w.s.m.m.a.RequestMappingHandlerMapping : Mapped "{[/buyer/store/findProductAll],methods=[POST]}" onto public cn.edkso.candiandian.vo.ResuleVo<java.util.List<cn.edkso.candiandian.domain.Product>> cn.edkso.candiandian.controller.StoreController.findProductAll()
2019-05-17 16:09:46.204  INFO 19348 --- [restartedMain] s.w.s.m.m.a.RequestMappingHandlerMapping : Mapped "{[/buyer/store/findProductOne],methods=[POST]}" onto public cn.edkso.candiandian.vo.ResuleVo<cn.edkso.candiandian.domain.Product> cn.edkso.candiandian.controller.StoreController.findProductOne(java.lang.String)
2019-05-17 16:09:46.204  INFO 19348 --- [restartedMain] s.w.s.m.m.a.RequestMappingHandlerMapping : Mapped "{[/buyer/store/addProduct],methods=[POST]}" onto public cn.edkso.candiandian.vo.ResuleVo cn.edkso.candiandian.controller.StoreController.addProduct(org.springframework.web.multipart.MultipartFile,cn.edkso.candiandian.domain.Product)
2019-05-17 16:09:46.205  INFO 19348 --- [restartedMain] s.w.s.m.m.a.RequestMappingHandlerMapping : Mapped "{[/buyer/store/updataProduct],methods=[POST]}" onto public cn.edkso.candiandian.vo.ResuleVo cn.edkso.candiandian.controller.StoreController.updataProduct(org.springframework.web.multipart.MultipartFile,cn.edkso.candiandian.domain.Product)
2019-05-17 16:09:46.205  INFO 19348 --- [restartedMain] s.w.s.m.m.a.RequestMappingHandlerMapping : Mapped "{[/buyer/store/storeInfo],methods=[POST]}" onto public cn.edkso.candiandian.domain.Store cn.edkso.candiandian.controller.StoreController.storeInfo()
2019-05-17 16:09:46.207  INFO 19348 --- [restartedMain] s.w.s.m.m.a.RequestMappingHandlerMapping : Mapped "{[/buyer/user/register || /seller/user/register],methods=[POST]}" onto public cn.edkso.candiandian.vo.ResuleVo<cn.edkso.candiandian.domain.Store> cn.edkso.candiandian.controller.UserController.register(cn.edkso.candiandian.domain.Store)
2019-05-17 16:09:46.210  INFO 19348 --- [restartedMain] s.w.s.m.m.a.RequestMappingHandlerMapping : Mapped "{[/buyer/user/update || /seller/user/update],methods=[POST]}" onto public cn.edkso.candiandian.vo.ResuleVo<cn.edkso.candiandian.domain.Store> cn.edkso.candiandian.controller.UserController.update(cn.edkso.candiandian.domain.Store)
2019-05-17 16:09:46.211  INFO 19348 --- [restartedMain] s.w.s.m.m.a.RequestMappingHandlerMapping : Mapped "{[/buyer/user/findStore || /seller/user/findStore],methods=[POST]}" onto public cn.edkso.candiandian.vo.ResuleVo<cn.edkso.candiandian.domain.Store> cn.edkso.candiandian.controller.UserController.findStore()
2019-05-17 16:09:46.211  INFO 19348 --- [restartedMain] s.w.s.m.m.a.RequestMappingHandlerMapping : Mapped "{[/buyer/user/login || /seller/user/login],methods=[POST]}" onto public cn.edkso.candiandian.domain.User cn.edkso.candiandian.controller.UserController.login(cn.edkso.candiandian.form.UserInfoForm,javax.servlet.http.HttpServletRequest)
2019-05-17 16:09:46.213  INFO 19348 --- [restartedMain] s.w.s.m.m.a.RequestMappingHandlerMapping : Mapped "{[/buyer/user/login_seller || /seller/user/login_seller],methods=[POST]}" onto public cn.edkso.candiandian.vo.ResuleVo<cn.edkso.candiandian.domain.Store> cn.edkso.candiandian.controller.UserController.login_seller(cn.edkso.candiandian.domain.Store)
2019-05-17 16:09:46.215  INFO 19348 --- [restartedMain] s.w.s.m.m.a.RequestMappingHandlerMapping : Mapped "{[/buyer/user/authenCheck || /seller/user/authenCheck],methods=[POST]}" onto public cn.edkso.candiandian.domain.User cn.edkso.candiandian.controller.UserController.authenCheck(java.lang.String)
2019-05-17 16:09:46.215  INFO 19348 --- [restartedMain] s.w.s.m.m.a.RequestMappingHandlerMapping : Mapped "{[/buyer/user/authenUpload || /seller/user/authenUpload],methods=[POST]}" onto public cn.edkso.candiandian.vo.ResuleVo cn.edkso.candiandian.controller.UserController.authenUpload(org.springframework.web.multipart.MultipartFile,java.lang.String,java.lang.String)
2019-05-17 16:09:46.217  INFO 19348 --- [restartedMain] s.w.s.m.m.a.RequestMappingHandlerMapping : Mapped "{[/error]}" onto public org.springframework.http.ResponseEntity<java.util.Map<java.lang.String, java.lang.Object>> org.springframework.boot.autoconfigure.web.BasicErrorController.error(javax.servlet.http.HttpServletRequest)
2019-05-17 16:09:46.217  INFO 19348 --- [restartedMain] s.w.s.m.m.a.RequestMappingHandlerMapping : Mapped "{[/error],produces=[text/html]}" onto public org.springframework.web.servlet.ModelAndView org.springframework.boot.autoconfigure.web.BasicErrorController.errorHtml(javax.servlet.http.HttpServletRequest,javax.servlet.http.HttpServletResponse)
2019-05-17 16:09:46.248  INFO 19348 --- [restartedMain] o.s.w.s.handler.SimpleUrlHandlerMapping  : Mapped URL path [/webjars/**] onto handler of type [class org.springframework.web.servlet.resource.ResourceHttpRequestHandler]
2019-05-17 16:09:46.248  INFO 19348 --- [restartedMain] o.s.w.s.handler.SimpleUrlHandlerMapping  : Mapped URL path [/**] onto handler of type [class org.springframework.web.servlet.resource.ResourceHttpRequestHandler]
2019-05-17 16:09:46.283  INFO 19348 --- [restartedMain] o.s.w.s.handler.SimpleUrlHandlerMapping  : Mapped URL path [/**/favicon.ico] onto handler of type [class org.springframework.web.servlet.resource.ResourceHttpRequestHandler]
2019-05-17 16:09:47.058  INFO 19348 --- [restartedMain] o.s.b.d.a.OptionalLiveReloadServer       : LiveReload server is running on port 35729
2019-05-17 16:09:47.115  INFO 19348 --- [restartedMain] o.s.w.s.s.s.ServerEndpointExporter       : Registering @ServerEndpoint class: class cn.edkso.candiandian.controller.WebSocket
2019-05-17 16:09:47.121  INFO 19348 --- [restartedMain] o.s.j.e.a.AnnotationMBeanExporter        : Registering beans for JMX exposure on startup
2019-05-17 16:09:47.130  INFO 19348 --- [restartedMain] o.s.c.support.DefaultLifecycleProcessor  : Starting beans in phase 2147483647
2019-05-17 16:09:47.141  INFO 19348 --- [restartedMain] s.a.ScheduledAnnotationBeanPostProcessor : No TaskScheduler/ScheduledExecutorService bean found for scheduled processing
2019-05-17 16:09:47.152  INFO 19348 --- [restartedMain] o.a.coyote.http11.Http11NioProtocol      : Initializing ProtocolHandler ["http-nio-8080"]
2019-05-17 16:09:47.161  INFO 19348 --- [restartedMain] o.a.coyote.http11.Http11NioProtocol      : Starting ProtocolHandler ["http-nio-8080"]
2019-05-17 16:09:47.172  INFO 19348 --- [restartedMain] o.a.coyote.http11.Http11NioProtocol      : Pausing ProtocolHandler ["http-nio-8080"]
2019-05-17 16:09:47.172  INFO 19348 --- [restartedMain] o.apache.catalina.core.StandardService   : Stopping service [Tomcat]
2019-05-17 16:09:47.179  INFO 19348 --- [restartedMain] org.apache.catalina.util.LifecycleBase   : The stop() method was called on component [StandardServer[-1]] after stop() had already been called. The second call will be ignored.
2019-05-17 16:09:47.180  INFO 19348 --- [restartedMain] o.a.coyote.http11.Http11NioProtocol      : Stopping ProtocolHandler ["http-nio-8080"]
2019-05-17 16:09:47.180  INFO 19348 --- [restartedMain] o.a.coyote.http11.Http11NioProtocol      : Destroying ProtocolHandler ["http-nio-8080"]
2019-05-17 16:09:47.183  INFO 19348 --- [restartedMain] utoConfigurationReportLoggingInitializer : 

Error starting ApplicationContext. To display the auto-configuration report re-run your application with 'debug' enabled.
2019-05-17 16:09:47.188  INFO 19348 --- [restartedMain] ationConfigEmbeddedWebApplicationContext : Closing org.springframework.boot.context.embedded.AnnotationConfigEmbeddedWebApplicationContext@71396cdf: startup date [Fri May 17 16:09:37 CST 2019]; root of context hierarchy
2019-05-17 16:09:47.190  INFO 19348 --- [restartedMain] o.s.c.support.DefaultLifecycleProcessor  : Stopping beans in phase 2147483647
2019-05-17 16:09:47.212  INFO 19348 --- [restartedMain] o.s.j.e.a.AnnotationMBeanExporter        : Unregistering JMX-exposed beans on shutdown
2019-05-17 16:09:47.214  INFO 19348 --- [restartedMain] j.LocalContainerEntityManagerFactoryBean : Closing JPA EntityManagerFactory for persistence unit 'default'
2019-05-17 16:12:21.127  INFO 14680 --- [restartedMain] c.e.candiandian.CandiandianApplication   : Starting CandiandianApplication on DESKTOP-KJ8GN76 with PID 14680 (I:\learn\java\ideaWorkspace\candiandian\target\classes started by dingmengdi in I:\learn\java\ideaWorkspace\candiandian)
2019-05-17 16:12:21.128  INFO 14680 --- [restartedMain] c.e.candiandian.CandiandianApplication   : No active profile set, falling back to default profiles: default
2019-05-17 16:12:21.290  INFO 14680 --- [background-preinit] o.h.validator.internal.util.Version      : HV000001: Hibernate Validator 5.3.5.Final
2019-05-17 16:12:21.426  INFO 14680 --- [restartedMain] ationConfigEmbeddedWebApplicationContext : Refreshing org.springframework.boot.context.embedded.AnnotationConfigEmbeddedWebApplicationContext@70995b1d: startup date [Fri May 17 16:12:21 CST 2019]; root of context hierarchy
2019-05-17 16:12:22.359  INFO 14680 --- [restartedMain] .s.d.r.c.RepositoryConfigurationDelegate : Multiple Spring Data modules found, entering strict repository configuration mode!
2019-05-17 16:12:22.438  INFO 14680 --- [restartedMain] .s.d.r.c.RepositoryConfigurationDelegate : Multiple Spring Data modules found, entering strict repository configuration mode!
2019-05-17 16:12:22.468  INFO 14680 --- [restartedMain] .RepositoryConfigurationExtensionSupport : Spring Data Redis - Could not safely identify store assignment for repository candidate interface cn.edkso.candiandian.dao.RestaurantImgDao.
2019-05-17 16:12:22.469  INFO 14680 --- [restartedMain] .RepositoryConfigurationExtensionSupport : Spring Data Redis - Could not safely identify store assignment for repository candidate interface cn.edkso.candiandian.dao.OrderDetailDao.
2019-05-17 16:12:22.470  INFO 14680 --- [restartedMain] .RepositoryConfigurationExtensionSupport : Spring Data Redis - Could not safely identify store assignment for repository candidate interface cn.edkso.candiandian.dao.OrderMasterDao.
2019-05-17 16:12:22.470  INFO 14680 --- [restartedMain] .RepositoryConfigurationExtensionSupport : Spring Data Redis - Could not safely identify store assignment for repository candidate interface cn.edkso.candiandian.dao.StoreDao.
2019-05-17 16:12:22.471  INFO 14680 --- [restartedMain] .RepositoryConfigurationExtensionSupport : Spring Data Redis - Could not safely identify store assignment for repository candidate interface cn.edkso.candiandian.dao.UserDao.
2019-05-17 16:12:22.471  INFO 14680 --- [restartedMain] .RepositoryConfigurationExtensionSupport : Spring Data Redis - Could not safely identify store assignment for repository candidate interface cn.edkso.candiandian.dao.ProductDao.
2019-05-17 16:12:22.472  INFO 14680 --- [restartedMain] .RepositoryConfigurationExtensionSupport : Spring Data Redis - Could not safely identify store assignment for repository candidate interface cn.edkso.candiandian.dao.RestaurantDao.
2019-05-17 16:12:23.333  INFO 14680 --- [restartedMain] s.b.c.e.t.TomcatEmbeddedServletContainer : Tomcat initialized with port(s): 8080 (http)
2019-05-17 16:12:23.343  INFO 14680 --- [restartedMain] o.apache.catalina.core.StandardService   : Starting service [Tomcat]
2019-05-17 16:12:23.343  INFO 14680 --- [restartedMain] org.apache.catalina.core.StandardEngine  : Starting Servlet Engine: Apache Tomcat/8.5.16
2019-05-17 16:12:23.432  INFO 14680 --- [localhost-startStop-1] o.a.c.c.C.[.[localhost].[/candiandian]   : Initializing Spring embedded WebApplicationContext
2019-05-17 16:12:23.432  INFO 14680 --- [localhost-startStop-1] o.s.web.context.ContextLoader            : Root WebApplicationContext: initialization completed in 2006 ms
2019-05-17 16:12:23.805  INFO 14680 --- [localhost-startStop-1] o.s.b.w.servlet.ServletRegistrationBean  : Mapping servlet: 'dispatcherServlet' to [/]
2019-05-17 16:12:23.808  INFO 14680 --- [localhost-startStop-1] o.s.b.w.servlet.FilterRegistrationBean   : Mapping filter: 'characterEncodingFilter' to: [/*]
2019-05-17 16:12:23.809  INFO 14680 --- [localhost-startStop-1] o.s.b.w.servlet.FilterRegistrationBean   : Mapping filter: 'springSessionRepositoryFilter' to: [/*]
2019-05-17 16:12:23.809  INFO 14680 --- [localhost-startStop-1] o.s.b.w.servlet.FilterRegistrationBean   : Mapping filter: 'hiddenHttpMethodFilter' to: [/*]
2019-05-17 16:12:23.809  INFO 14680 --- [localhost-startStop-1] o.s.b.w.servlet.FilterRegistrationBean   : Mapping filter: 'httpPutFormContentFilter' to: [/*]
2019-05-17 16:12:23.809  INFO 14680 --- [localhost-startStop-1] o.s.b.w.servlet.FilterRegistrationBean   : Mapping filter: 'requestContextFilter' to: [/*]
2019-05-17 16:12:25.737  INFO 14680 --- [restartedMain] j.LocalContainerEntityManagerFactoryBean : Building JPA container EntityManagerFactory for persistence unit 'default'
2019-05-17 16:12:25.749  INFO 14680 --- [restartedMain] o.hibernate.jpa.internal.util.LogHelper  : HHH000204: Processing PersistenceUnitInfo [
	name: default
	...]
2019-05-17 16:12:25.889  INFO 14680 --- [restartedMain] org.hibernate.Version                    : HHH000412: Hibernate Core {5.0.12.Final}
2019-05-17 16:12:25.890  INFO 14680 --- [restartedMain] org.hibernate.cfg.Environment            : HHH000206: hibernate.properties not found
2019-05-17 16:12:25.891  INFO 14680 --- [restartedMain] org.hibernate.cfg.Environment            : HHH000021: Bytecode provider name : javassist
2019-05-17 16:12:25.926  INFO 14680 --- [restartedMain] o.hibernate.annotations.common.Version   : HCANN000001: Hibernate Commons Annotations {5.0.1.Final}
2019-05-17 16:12:26.090  INFO 14680 --- [restartedMain] org.hibernate.dialect.Dialect            : HHH000400: Using dialect: org.hibernate.dialect.MySQL5Dialect
2019-05-17 16:12:26.455  INFO 14680 --- [restartedMain] j.LocalContainerEntityManagerFactoryBean : Initialized JPA EntityManagerFactory for persistence unit 'default'
2019-05-17 16:12:27.238  INFO 14680 --- [restartedMain] s.w.s.m.m.a.RequestMappingHandlerAdapter : Looking for @ControllerAdvice: org.springframework.boot.context.embedded.AnnotationConfigEmbeddedWebApplicationContext@70995b1d: startup date [Fri May 17 16:12:21 CST 2019]; root of context hierarchy
2019-05-17 16:12:27.296  INFO 14680 --- [restartedMain] s.w.s.m.m.a.RequestMappingHandlerMapping : Mapped "{[/buyer/order/create || /seller/order/create],methods=[POST]}" onto public java.util.List<cn.edkso.candiandian.domain.OrderMaster> cn.edkso.candiandian.controller.OrderController.create(cn.edkso.candiandian.form.RestaurantForm)
2019-05-17 16:12:27.296  INFO 14680 --- [restartedMain] s.w.s.m.m.a.RequestMappingHandlerMapping : Mapped "{[/buyer/order/cancel || /seller/order/cancel],methods=[POST]}" onto public java.lang.String cn.edkso.candiandian.controller.OrderController.cancel(java.lang.String)
2019-05-17 16:12:27.297  INFO 14680 --- [restartedMain] s.w.s.m.m.a.RequestMappingHandlerMapping : Mapped "{[/buyer/order/findAll || /seller/order/findAll],methods=[POST]}" onto public java.util.List<cn.edkso.candiandian.dto.OrderDTO> cn.edkso.candiandian.controller.OrderController.findAll(java.lang.String)
2019-05-17 16:12:27.297  INFO 14680 --- [restartedMain] s.w.s.m.m.a.RequestMappingHandlerMapping : Mapped "{[/buyer/order/productRank || /seller/order/productRank],methods=[POST]}" onto public cn.edkso.candiandian.vo.ResuleVo<java.util.List<cn.edkso.candiandian.domain.Product>> cn.edkso.candiandian.controller.OrderController.productRank()
2019-05-17 16:12:27.297  INFO 14680 --- [restartedMain] s.w.s.m.m.a.RequestMappingHandlerMapping : Mapped "{[/buyer/order/buyerSum || /seller/order/buyerSum]}" onto public cn.edkso.candiandian.vo.ResuleVo<cn.edkso.candiandian.dto.IndexShowDTO> cn.edkso.candiandian.controller.OrderController.buyerSum()
2019-05-17 16:12:27.298  INFO 14680 --- [restartedMain] s.w.s.m.m.a.RequestMappingHandlerMapping : Mapped "{[/buyer/order/orderPriceSum || /seller/order/orderPriceSum],methods=[POST]}" onto public cn.edkso.candiandian.vo.ResuleVo<java.math.BigDecimal> cn.edkso.candiandian.controller.OrderController.orderPriceSum()
2019-05-17 16:12:27.298  INFO 14680 --- [restartedMain] s.w.s.m.m.a.RequestMappingHandlerMapping : Mapped "{[/buyer/order/waitOrder || /seller/order/waitOrder],methods=[POST]}" onto public cn.edkso.candiandian.vo.ResuleVo<cn.edkso.candiandian.domain.Store> cn.edkso.candiandian.controller.OrderController.waitOrder()
2019-05-17 16:12:27.298  INFO 14680 --- [restartedMain] s.w.s.m.m.a.RequestMappingHandlerMapping : Mapped "{[/buyer/order/toPay || /seller/order/toPay],methods=[POST]}" onto public java.lang.String cn.edkso.candiandian.controller.OrderController.toPay(java.util.List<java.lang.String>)
2019-05-17 16:12:27.299  INFO 14680 --- [restartedMain] s.w.s.m.m.a.RequestMappingHandlerMapping : Mapped "{[/buyer/order/receiveSend || /seller/order/receiveSend],methods=[POST]}" onto public java.lang.String cn.edkso.candiandian.controller.OrderController.receiveSend(java.lang.String,java.lang.String)
2019-05-17 16:12:27.299  INFO 14680 --- [restartedMain] s.w.s.m.m.a.RequestMappingHandlerMapping : Mapped "{[/buyer/order/finshSend || /seller/order/finshSend],methods=[POST]}" onto public java.lang.String cn.edkso.candiandian.controller.OrderController.finshSend(java.lang.String,java.lang.String)
2019-05-17 16:12:27.299  INFO 14680 --- [restartedMain] s.w.s.m.m.a.RequestMappingHandlerMapping : Mapped "{[/buyer/order/orderSum || /seller/order/orderSum],methods=[POST]}" onto public cn.edkso.candiandian.vo.ResuleVo<java.lang.Integer> cn.edkso.candiandian.controller.OrderController.orderSum()
2019-05-17 16:12:27.299  INFO 14680 --- [restartedMain] s.w.s.m.m.a.RequestMappingHandlerMapping : Mapped "{[/buyer/order/receivedOrder || /seller/order/receivedOrder],methods=[POST]}" onto public cn.edkso.candiandian.vo.ResuleVo cn.edkso.candiandian.controller.OrderController.receivedOrder(java.lang.String)
2019-05-17 16:12:27.300  INFO 14680 --- [restartedMain] s.w.s.m.m.a.RequestMappingHandlerMapping : Mapped "{[/buyer/order/acceptOrder || /seller/order/acceptOrder],methods=[POST]}" onto public cn.edkso.candiandian.vo.ResuleVo<cn.edkso.candiandian.domain.Store> cn.edkso.candiandian.controller.OrderController.acceptOrder(java.lang.Integer,java.lang.Integer)
2019-05-17 16:12:27.300  INFO 14680 --- [restartedMain] s.w.s.m.m.a.RequestMappingHandlerMapping : Mapped "{[/buyer/order/sendedOrder || /seller/order/sendedOrder],methods=[POST]}" onto public cn.edkso.candiandian.vo.ResuleVo cn.edkso.candiandian.controller.OrderController.sendedOrder(java.lang.String)
2019-05-17 16:12:27.300  INFO 14680 --- [restartedMain] s.w.s.m.m.a.RequestMappingHandlerMapping : Mapped "{[/buyer/order/sendOrder || /seller/order/sendOrder],methods=[POST]}" onto public cn.edkso.candiandian.vo.ResuleVo<cn.edkso.candiandian.domain.Store> cn.edkso.candiandian.controller.OrderController.sendingOrder(java.lang.Integer,java.lang.Integer)
2019-05-17 16:12:27.301  INFO 14680 --- [restartedMain] s.w.s.m.m.a.RequestMappingHandlerMapping : Mapped "{[/buyer/order/finishOrder || /seller/order/finishOrder],methods=[POST]}" onto public cn.edkso.candiandian.vo.ResuleVo<cn.edkso.candiandian.domain.Store> cn.edkso.candiandian.controller.OrderController.finishOrder(java.lang.Integer,java.lang.Integer)
2019-05-17 16:12:27.301  INFO 14680 --- [restartedMain] s.w.s.m.m.a.RequestMappingHandlerMapping : Mapped "{[/buyer/order/achivedOrder || /seller/order/achivedOrder],methods=[POST]}" onto public cn.edkso.candiandian.vo.ResuleVo cn.edkso.candiandian.controller.OrderController.achivedOrder(java.lang.String)
2019-05-17 16:12:27.302  INFO 14680 --- [restartedMain] s.w.s.m.m.a.RequestMappingHandlerMapping : Mapped "{[/buyer/product/list],methods=[POST]}" onto public java.util.List<cn.edkso.candiandian.domain.Product> cn.edkso.candiandian.controller.ProductController.list(java.lang.String,javax.servlet.http.HttpServletRequest)
2019-05-17 16:12:27.303  INFO 14680 --- [restartedMain] s.w.s.m.m.a.RequestMappingHandlerMapping : Mapped "{[/buyer/restaurant/list],methods=[POST]}" onto public java.util.List<cn.edkso.candiandian.domain.Restaurant> cn.edkso.candiandian.controller.RestaurantController.list(java.lang.Double,java.lang.Double)
2019-05-17 16:12:27.304  INFO 14680 --- [restartedMain] s.w.s.m.m.a.RequestMappingHandlerMapping : Mapped "{[/buyer/restaurant/ordering],methods=[POST]}" onto public cn.edkso.candiandian.dto.RestaurantDTO cn.edkso.candiandian.controller.RestaurantController.ordering(java.lang.String)
2019-05-17 16:12:27.305  INFO 14680 --- [restartedMain] s.w.s.m.m.a.RequestMappingHandlerMapping : Mapped "{[/buyer/store/list],methods=[POST]}" onto public java.util.List<cn.edkso.candiandian.domain.Store> cn.edkso.candiandian.controller.StoreController.list(java.lang.String)
2019-05-17 16:12:27.305  INFO 14680 --- [restartedMain] s.w.s.m.m.a.RequestMappingHandlerMapping : Mapped "{[/buyer/store/addProduct],methods=[POST]}" onto public cn.edkso.candiandian.vo.ResuleVo cn.edkso.candiandian.controller.StoreController.addProduct(org.springframework.web.multipart.MultipartFile,cn.edkso.candiandian.domain.Product)
2019-05-17 16:12:27.306  INFO 14680 --- [restartedMain] s.w.s.m.m.a.RequestMappingHandlerMapping : Mapped "{[/buyer/store/storeInfo],methods=[POST]}" onto public cn.edkso.candiandian.domain.Store cn.edkso.candiandian.controller.StoreController.storeInfo()
2019-05-17 16:12:27.306  INFO 14680 --- [restartedMain] s.w.s.m.m.a.RequestMappingHandlerMapping : Mapped "{[/buyer/store/findProductOne],methods=[POST]}" onto public cn.edkso.candiandian.vo.ResuleVo<cn.edkso.candiandian.domain.Product> cn.edkso.candiandian.controller.StoreController.findProductOne(java.lang.String)
2019-05-17 16:12:27.306  INFO 14680 --- [restartedMain] s.w.s.m.m.a.RequestMappingHandlerMapping : Mapped "{[/buyer/store/updataProduct],methods=[POST]}" onto public cn.edkso.candiandian.vo.ResuleVo cn.edkso.candiandian.controller.StoreController.updataProduct(org.springframework.web.multipart.MultipartFile,cn.edkso.candiandian.domain.Product)
2019-05-17 16:12:27.306  INFO 14680 --- [restartedMain] s.w.s.m.m.a.RequestMappingHandlerMapping : Mapped "{[/buyer/store/findProductAll],methods=[POST]}" onto public cn.edkso.candiandian.vo.ResuleVo<java.util.List<cn.edkso.candiandian.domain.Product>> cn.edkso.candiandian.controller.StoreController.findProductAll()
2019-05-17 16:12:27.308  INFO 14680 --- [restartedMain] s.w.s.m.m.a.RequestMappingHandlerMapping : Mapped "{[/buyer/user/register || /seller/user/register],methods=[POST]}" onto public cn.edkso.candiandian.vo.ResuleVo<cn.edkso.candiandian.domain.Store> cn.edkso.candiandian.controller.UserController.register(cn.edkso.candiandian.domain.Store)
2019-05-17 16:12:27.308  INFO 14680 --- [restartedMain] s.w.s.m.m.a.RequestMappingHandlerMapping : Mapped "{[/buyer/user/update || /seller/user/update],methods=[POST]}" onto public cn.edkso.candiandian.vo.ResuleVo<cn.edkso.candiandian.domain.Store> cn.edkso.candiandian.controller.UserController.update(cn.edkso.candiandian.domain.Store)
2019-05-17 16:12:27.309  INFO 14680 --- [restartedMain] s.w.s.m.m.a.RequestMappingHandlerMapping : Mapped "{[/buyer/user/findStore || /seller/user/findStore],methods=[POST]}" onto public cn.edkso.candiandian.vo.ResuleVo<cn.edkso.candiandian.domain.Store> cn.edkso.candiandian.controller.UserController.findStore()
2019-05-17 16:12:27.309  INFO 14680 --- [restartedMain] s.w.s.m.m.a.RequestMappingHandlerMapping : Mapped "{[/buyer/user/authenCheck || /seller/user/authenCheck],methods=[POST]}" onto public cn.edkso.candiandian.domain.User cn.edkso.candiandian.controller.UserController.authenCheck(java.lang.String)
2019-05-17 16:12:27.309  INFO 14680 --- [restartedMain] s.w.s.m.m.a.RequestMappingHandlerMapping : Mapped "{[/buyer/user/login || /seller/user/login],methods=[POST]}" onto public cn.edkso.candiandian.domain.User cn.edkso.candiandian.controller.UserController.login(cn.edkso.candiandian.form.UserInfoForm,javax.servlet.http.HttpServletRequest)
2019-05-17 16:12:27.309  INFO 14680 --- [restartedMain] s.w.s.m.m.a.RequestMappingHandlerMapping : Mapped "{[/buyer/user/login_seller || /seller/user/login_seller],methods=[POST]}" onto public cn.edkso.candiandian.vo.ResuleVo<cn.edkso.candiandian.domain.Store> cn.edkso.candiandian.controller.UserController.login_seller(cn.edkso.candiandian.domain.Store)
2019-05-17 16:12:27.310  INFO 14680 --- [restartedMain] s.w.s.m.m.a.RequestMappingHandlerMapping : Mapped "{[/buyer/user/authenUpload || /seller/user/authenUpload],methods=[POST]}" onto public cn.edkso.candiandian.vo.ResuleVo cn.edkso.candiandian.controller.UserController.authenUpload(org.springframework.web.multipart.MultipartFile,java.lang.String,java.lang.String)
2019-05-17 16:12:27.311  INFO 14680 --- [restartedMain] s.w.s.m.m.a.RequestMappingHandlerMapping : Mapped "{[/error]}" onto public org.springframework.http.ResponseEntity<java.util.Map<java.lang.String, java.lang.Object>> org.springframework.boot.autoconfigure.web.BasicErrorController.error(javax.servlet.http.HttpServletRequest)
2019-05-17 16:12:27.312  INFO 14680 --- [restartedMain] s.w.s.m.m.a.RequestMappingHandlerMapping : Mapped "{[/error],produces=[text/html]}" onto public org.springframework.web.servlet.ModelAndView org.springframework.boot.autoconfigure.web.BasicErrorController.errorHtml(javax.servlet.http.HttpServletRequest,javax.servlet.http.HttpServletResponse)
2019-05-17 16:12:27.334  INFO 14680 --- [restartedMain] o.s.w.s.handler.SimpleUrlHandlerMapping  : Mapped URL path [/webjars/**] onto handler of type [class org.springframework.web.servlet.resource.ResourceHttpRequestHandler]
2019-05-17 16:12:27.335  INFO 14680 --- [restartedMain] o.s.w.s.handler.SimpleUrlHandlerMapping  : Mapped URL path [/**] onto handler of type [class org.springframework.web.servlet.resource.ResourceHttpRequestHandler]
2019-05-17 16:12:27.365  INFO 14680 --- [restartedMain] o.s.w.s.handler.SimpleUrlHandlerMapping  : Mapped URL path [/**/favicon.ico] onto handler of type [class org.springframework.web.servlet.resource.ResourceHttpRequestHandler]
2019-05-17 16:12:27.935  INFO 14680 --- [restartedMain] o.s.b.d.a.OptionalLiveReloadServer       : LiveReload server is running on port 35729
2019-05-17 16:12:27.990  INFO 14680 --- [restartedMain] o.s.w.s.s.s.ServerEndpointExporter       : Registering @ServerEndpoint class: class cn.edkso.candiandian.controller.WebSocket
2019-05-17 16:12:27.996  INFO 14680 --- [restartedMain] o.s.j.e.a.AnnotationMBeanExporter        : Registering beans for JMX exposure on startup
2019-05-17 16:12:28.004  INFO 14680 --- [restartedMain] o.s.c.support.DefaultLifecycleProcessor  : Starting beans in phase 2147483647
2019-05-17 16:12:28.015  INFO 14680 --- [restartedMain] s.a.ScheduledAnnotationBeanPostProcessor : No TaskScheduler/ScheduledExecutorService bean found for scheduled processing
2019-05-17 16:12:28.025  INFO 14680 --- [restartedMain] o.a.coyote.http11.Http11NioProtocol      : Initializing ProtocolHandler ["http-nio-8080"]
2019-05-17 16:12:28.033  INFO 14680 --- [restartedMain] o.a.coyote.http11.Http11NioProtocol      : Starting ProtocolHandler ["http-nio-8080"]
2019-05-17 16:12:28.045  INFO 14680 --- [restartedMain] o.a.tomcat.util.net.NioSelectorPool      : Using a shared selector for servlet write/read
2019-05-17 16:12:28.219  INFO 14680 --- [restartedMain] s.b.c.e.t.TomcatEmbeddedServletContainer : Tomcat started on port(s): 8080 (http)
2019-05-17 16:12:28.235  INFO 14680 --- [restartedMain] c.e.candiandian.CandiandianApplication   : Started CandiandianApplication in 7.66 seconds (JVM running for 8.85)
2019-05-17 16:13:09.096  INFO 14680 --- [http-nio-8080-exec-2] o.a.c.c.C.[.[localhost].[/candiandian]   : Initializing Spring FrameworkServlet 'dispatcherServlet'
2019-05-17 16:13:09.096  INFO 14680 --- [http-nio-8080-exec-2] o.s.web.servlet.DispatcherServlet        : FrameworkServlet 'dispatcherServlet': initialization started
2019-05-17 16:13:09.130  INFO 14680 --- [http-nio-8080-exec-2] o.s.web.servlet.DispatcherServlet        : FrameworkServlet 'dispatcherServlet': initialization completed in 34 ms
2019-05-17 16:13:12.560  INFO 14680 --- [http-nio-8080-exec-6] o.h.h.i.QueryTranslatorFactoryInitiator  : HHH000397: Using ASTQueryTranslatorFactory
2019-05-17 21:25:15.594  INFO 14680 --- [http-nio-8080-exec-9] c.e.candiandian.controller.WebSocket     : [WebSocket消息]有新的连接，总数:1
2019-05-17 21:25:15.595  INFO 14680 --- [http-nio-8080-exec-9] c.e.candiandian.controller.WebSocket     : 新的连接，总数:1
2019-05-17 21:25:32.716  INFO 14680 --- [http-nio-8080-exec-6] c.e.candiandian.controller.WebSocket     : [WebSocket消息]连接断开，总数:0
2019-05-17 21:25:33.052  INFO 14680 --- [http-nio-8080-exec-2] c.e.candiandian.controller.WebSocket     : [WebSocket消息]有新的连接，总数:1
2019-05-17 21:25:33.053  INFO 14680 --- [http-nio-8080-exec-2] c.e.candiandian.controller.WebSocket     : 新的连接，总数:1
2019-05-17 21:25:33.813  INFO 14680 --- [http-nio-8080-exec-3] c.e.candiandian.controller.WebSocket     : [WebSocket消息]连接断开，总数:0
2019-05-17 21:25:34.138  INFO 14680 --- [http-nio-8080-exec-2] c.e.candiandian.controller.WebSocket     : [WebSocket消息]有新的连接，总数:1
2019-05-17 21:25:34.138  INFO 14680 --- [http-nio-8080-exec-2] c.e.candiandian.controller.WebSocket     : 新的连接，总数:1
2019-05-17 21:25:36.106  INFO 14680 --- [http-nio-8080-exec-3] c.e.candiandian.controller.WebSocket     : [WebSocket消息]连接断开，总数:0
2019-05-17 21:25:36.443  INFO 14680 --- [http-nio-8080-exec-7] c.e.candiandian.controller.WebSocket     : [WebSocket消息]有新的连接，总数:1
2019-05-17 21:25:36.443  INFO 14680 --- [http-nio-8080-exec-7] c.e.candiandian.controller.WebSocket     : 新的连接，总数:1
2019-05-17 21:25:45.272  INFO 14680 --- [http-nio-8080-exec-9] c.e.candiandian.controller.WebSocket     : [WebSocket消息]连接断开，总数:0
2019-05-17 21:25:45.597  INFO 14680 --- [http-nio-8080-exec-4] c.e.candiandian.controller.WebSocket     : [WebSocket消息]有新的连接，总数:1
2019-05-17 21:25:45.597  INFO 14680 --- [http-nio-8080-exec-4] c.e.candiandian.controller.WebSocket     : 新的连接，总数:1
2019-05-17 21:25:47.720  INFO 14680 --- [http-nio-8080-exec-1] c.e.candiandian.controller.WebSocket     : [WebSocket消息]连接断开，总数:0
2019-05-17 21:25:48.052  INFO 14680 --- [http-nio-8080-exec-4] c.e.candiandian.controller.WebSocket     : [WebSocket消息]有新的连接，总数:1
2019-05-17 21:25:48.053  INFO 14680 --- [http-nio-8080-exec-4] c.e.candiandian.controller.WebSocket     : 新的连接，总数:1
2019-05-17 21:30:48.059  INFO 14680 --- [http-nio-8080-exec-8] c.e.candiandian.controller.WebSocket     : [WebSocket消息]连接断开，总数:0
