2019-02-24 17:17:04.659  INFO 13672 --- [main] c.e.c.dao.impl.RestaurantDaoImplTest     : Starting RestaurantDaoImplTest on DESKTOP-AA1U7VH with PID 13672 (started by 14980 in J:\learn\java\idea workspace\candiandian)
2019-02-24 17:17:04.661  INFO 13672 --- [main] c.e.c.dao.impl.RestaurantDaoImplTest     : No active profile set, falling back to default profiles: default
2019-02-24 17:17:04.706  INFO 13672 --- [main] o.s.w.c.s.GenericWebApplicationContext   : Refreshing org.springframework.web.context.support.GenericWebApplicationContext@303cf2ba: startup date [Sun Feb 24 17:17:04 CST 2019]; root of context hierarchy
2019-02-24 17:17:05.381  INFO 13672 --- [background-preinit] o.h.validator.internal.util.Version      : HV000001: Hibernate Validator 5.3.5.Final
2019-02-24 17:17:14.084  INFO 13672 --- [main] j.LocalContainerEntityManagerFactoryBean : Building JPA container EntityManagerFactory for persistence unit 'default'
2019-02-24 17:17:14.116  INFO 13672 --- [main] o.hibernate.jpa.internal.util.LogHelper  : HHH000204: Processing PersistenceUnitInfo [
	name: default
	...]
2019-02-24 17:17:14.315  INFO 13672 --- [main] org.hibernate.Version                    : HHH000412: Hibernate Core {5.0.12.Final}
2019-02-24 17:17:14.320  INFO 13672 --- [main] org.hibernate.cfg.Environment            : HHH000206: hibernate.properties not found
2019-02-24 17:17:14.322  INFO 13672 --- [main] org.hibernate.cfg.Environment            : HHH000021: Bytecode provider name : javassist
2019-02-24 17:17:14.473  INFO 13672 --- [main] o.hibernate.annotations.common.Version   : HCANN000001: Hibernate Commons Annotations {5.0.1.Final}
2019-02-24 17:17:14.845  INFO 13672 --- [main] org.hibernate.dialect.Dialect            : HHH000400: Using dialect: org.hibernate.dialect.MySQL5Dialect
2019-02-24 17:17:16.400  INFO 13672 --- [main] j.LocalContainerEntityManagerFactoryBean : Initialized JPA EntityManagerFactory for persistence unit 'default'
2019-02-24 17:17:17.591  INFO 13672 --- [main] j.LocalContainerEntityManagerFactoryBean : Closing JPA EntityManagerFactory for persistence unit 'default'
2019-02-24 17:17:17.606  INFO 13672 --- [main] utoConfigurationReportLoggingInitializer : 

Error starting ApplicationContext. To display the auto-configuration report re-run your application with 'debug' enabled.
2019-02-24 17:19:49.026  INFO 14108 --- [main] c.e.c.dao.impl.RestaurantDaoImplTest     : Starting RestaurantDaoImplTest on DESKTOP-AA1U7VH with PID 14108 (started by 14980 in J:\learn\java\idea workspace\candiandian)
2019-02-24 17:19:49.027  INFO 14108 --- [main] c.e.c.dao.impl.RestaurantDaoImplTest     : No active profile set, falling back to default profiles: default
2019-02-24 17:19:49.073  INFO 14108 --- [main] o.s.w.c.s.GenericWebApplicationContext   : Refreshing org.springframework.web.context.support.GenericWebApplicationContext@76494737: startup date [Sun Feb 24 17:19:49 CST 2019]; root of context hierarchy
2019-02-24 17:19:49.598  INFO 14108 --- [background-preinit] o.h.validator.internal.util.Version      : HV000001: Hibernate Validator 5.3.5.Final
2019-02-24 17:19:57.094  INFO 14108 --- [main] j.LocalContainerEntityManagerFactoryBean : Building JPA container EntityManagerFactory for persistence unit 'default'
2019-02-24 17:19:57.115  INFO 14108 --- [main] o.hibernate.jpa.internal.util.LogHelper  : HHH000204: Processing PersistenceUnitInfo [
	name: default
	...]
2019-02-24 17:19:57.208  INFO 14108 --- [main] org.hibernate.Version                    : HHH000412: Hibernate Core {5.0.12.Final}
2019-02-24 17:19:57.210  INFO 14108 --- [main] org.hibernate.cfg.Environment            : HHH000206: hibernate.properties not found
2019-02-24 17:19:57.213  INFO 14108 --- [main] org.hibernate.cfg.Environment            : HHH000021: Bytecode provider name : javassist
2019-02-24 17:19:57.273  INFO 14108 --- [main] o.hibernate.annotations.common.Version   : HCANN000001: Hibernate Commons Annotations {5.0.1.Final}
2019-02-24 17:19:57.433  INFO 14108 --- [main] org.hibernate.dialect.Dialect            : HHH000400: Using dialect: org.hibernate.dialect.MySQL5Dialect
2019-02-24 17:19:58.559  INFO 14108 --- [main] j.LocalContainerEntityManagerFactoryBean : Initialized JPA EntityManagerFactory for persistence unit 'default'
2019-02-24 17:19:59.607  INFO 14108 --- [main] s.w.s.m.m.a.RequestMappingHandlerAdapter : Looking for @ControllerAdvice: org.springframework.web.context.support.GenericWebApplicationContext@76494737: startup date [Sun Feb 24 17:19:49 CST 2019]; root of context hierarchy
2019-02-24 17:19:59.820  INFO 14108 --- [main] s.w.s.m.m.a.RequestMappingHandlerMapping : Mapped "{[/error]}" onto public org.springframework.http.ResponseEntity<java.util.Map<java.lang.String, java.lang.Object>> org.springframework.boot.autoconfigure.web.BasicErrorController.error(javax.servlet.http.HttpServletRequest)
2019-02-24 17:19:59.822  INFO 14108 --- [main] s.w.s.m.m.a.RequestMappingHandlerMapping : Mapped "{[/error],produces=[text/html]}" onto public org.springframework.web.servlet.ModelAndView org.springframework.boot.autoconfigure.web.BasicErrorController.errorHtml(javax.servlet.http.HttpServletRequest,javax.servlet.http.HttpServletResponse)
2019-02-24 17:19:59.862  INFO 14108 --- [main] o.s.w.s.handler.SimpleUrlHandlerMapping  : Mapped URL path [/webjars/**] onto handler of type [class org.springframework.web.servlet.resource.ResourceHttpRequestHandler]
2019-02-24 17:19:59.864  INFO 14108 --- [main] o.s.w.s.handler.SimpleUrlHandlerMapping  : Mapped URL path [/**] onto handler of type [class org.springframework.web.servlet.resource.ResourceHttpRequestHandler]
2019-02-24 17:19:59.915  INFO 14108 --- [main] o.s.w.s.handler.SimpleUrlHandlerMapping  : Mapped URL path [/**/favicon.ico] onto handler of type [class org.springframework.web.servlet.resource.ResourceHttpRequestHandler]
2019-02-24 17:20:00.356  INFO 14108 --- [main] c.e.c.dao.impl.RestaurantDaoImplTest     : Started RestaurantDaoImplTest in 12.158 seconds (JVM running for 13.5)
2019-02-24 17:20:00.606  INFO 14108 --- [main] o.s.b.f.xml.XmlBeanDefinitionReader      : Loading XML bean definitions from class path resource [org/springframework/jdbc/support/sql-error-codes.xml]
2019-02-24 17:20:00.677  INFO 14108 --- [main] o.s.jdbc.support.SQLErrorCodesFactory    : SQLErrorCodes loaded: [DB2, Derby, H2, HSQL, Informix, MS-SQL, MySQL, Oracle, PostgreSQL, Sybase, Hana]
2019-02-24 17:20:00.701  INFO 14108 --- [Thread-3] o.s.w.c.s.GenericWebApplicationContext   : Closing org.springframework.web.context.support.GenericWebApplicationContext@76494737: startup date [Sun Feb 24 17:19:49 CST 2019]; root of context hierarchy
2019-02-24 17:20:00.707  INFO 14108 --- [Thread-3] j.LocalContainerEntityManagerFactoryBean : Closing JPA EntityManagerFactory for persistence unit 'default'
2019-02-24 19:01:47.536  INFO 17288 --- [main] c.e.c.dao.impl.RestaurantDaoImplTest     : Starting RestaurantDaoImplTest on DESKTOP-AA1U7VH with PID 17288 (started by 14980 in J:\learn\java\idea workspace\candiandian)
2019-02-24 19:01:47.537  INFO 17288 --- [main] c.e.c.dao.impl.RestaurantDaoImplTest     : No active profile set, falling back to default profiles: default
2019-02-24 19:01:47.590  INFO 17288 --- [main] o.s.w.c.s.GenericWebApplicationContext   : Refreshing org.springframework.web.context.support.GenericWebApplicationContext@4ae33a11: startup date [Sun Feb 24 19:01:47 CST 2019]; root of context hierarchy
2019-02-24 19:01:48.106  INFO 17288 --- [background-preinit] o.h.validator.internal.util.Version      : HV000001: Hibernate Validator 5.3.5.Final
2019-02-24 19:01:52.561  INFO 17288 --- [main] j.LocalContainerEntityManagerFactoryBean : Building JPA container EntityManagerFactory for persistence unit 'default'
2019-02-24 19:01:52.586  INFO 17288 --- [main] o.hibernate.jpa.internal.util.LogHelper  : HHH000204: Processing PersistenceUnitInfo [
	name: default
	...]
2019-02-24 19:01:52.692  INFO 17288 --- [main] org.hibernate.Version                    : HHH000412: Hibernate Core {5.0.12.Final}
2019-02-24 19:01:52.695  INFO 17288 --- [main] org.hibernate.cfg.Environment            : HHH000206: hibernate.properties not found
2019-02-24 19:01:52.697  INFO 17288 --- [main] org.hibernate.cfg.Environment            : HHH000021: Bytecode provider name : javassist
2019-02-24 19:01:52.763  INFO 17288 --- [main] o.hibernate.annotations.common.Version   : HCANN000001: Hibernate Commons Annotations {5.0.1.Final}
2019-02-24 19:01:52.997  INFO 17288 --- [main] org.hibernate.dialect.Dialect            : HHH000400: Using dialect: org.hibernate.dialect.MySQL5Dialect
2019-02-24 19:01:53.843  INFO 17288 --- [main] j.LocalContainerEntityManagerFactoryBean : Initialized JPA EntityManagerFactory for persistence unit 'default'
2019-02-24 19:01:54.800  INFO 17288 --- [main] s.w.s.m.m.a.RequestMappingHandlerAdapter : Looking for @ControllerAdvice: org.springframework.web.context.support.GenericWebApplicationContext@4ae33a11: startup date [Sun Feb 24 19:01:47 CST 2019]; root of context hierarchy
2019-02-24 19:01:54.928  INFO 17288 --- [main] s.w.s.m.m.a.RequestMappingHandlerMapping : Mapped "{[/error]}" onto public org.springframework.http.ResponseEntity<java.util.Map<java.lang.String, java.lang.Object>> org.springframework.boot.autoconfigure.web.BasicErrorController.error(javax.servlet.http.HttpServletRequest)
2019-02-24 19:01:54.930  INFO 17288 --- [main] s.w.s.m.m.a.RequestMappingHandlerMapping : Mapped "{[/error],produces=[text/html]}" onto public org.springframework.web.servlet.ModelAndView org.springframework.boot.autoconfigure.web.BasicErrorController.errorHtml(javax.servlet.http.HttpServletRequest,javax.servlet.http.HttpServletResponse)
2019-02-24 19:01:54.979  INFO 17288 --- [main] o.s.w.s.handler.SimpleUrlHandlerMapping  : Mapped URL path [/webjars/**] onto handler of type [class org.springframework.web.servlet.resource.ResourceHttpRequestHandler]
2019-02-24 19:01:54.980  INFO 17288 --- [main] o.s.w.s.handler.SimpleUrlHandlerMapping  : Mapped URL path [/**] onto handler of type [class org.springframework.web.servlet.resource.ResourceHttpRequestHandler]
2019-02-24 19:01:55.063  INFO 17288 --- [main] o.s.w.s.handler.SimpleUrlHandlerMapping  : Mapped URL path [/**/favicon.ico] onto handler of type [class org.springframework.web.servlet.resource.ResourceHttpRequestHandler]
2019-02-24 19:01:55.701  INFO 17288 --- [main] c.e.c.dao.impl.RestaurantDaoImplTest     : Started RestaurantDaoImplTest in 8.829 seconds (JVM running for 11.458)
2019-02-24 19:03:13.507  INFO 17288 --- [main] o.s.b.f.xml.XmlBeanDefinitionReader      : Loading XML bean definitions from class path resource [org/springframework/jdbc/support/sql-error-codes.xml]
2019-02-24 19:03:13.589  INFO 17288 --- [main] o.s.jdbc.support.SQLErrorCodesFactory    : SQLErrorCodes loaded: [DB2, Derby, H2, HSQL, Informix, MS-SQL, MySQL, Oracle, PostgreSQL, Sybase, Hana]
2019-02-24 19:03:13.623  INFO 17288 --- [Thread-3] o.s.w.c.s.GenericWebApplicationContext   : Closing org.springframework.web.context.support.GenericWebApplicationContext@4ae33a11: startup date [Sun Feb 24 19:01:47 CST 2019]; root of context hierarchy
2019-02-24 19:03:13.629  INFO 17288 --- [Thread-3] j.LocalContainerEntityManagerFactoryBean : Closing JPA EntityManagerFactory for persistence unit 'default'
2019-02-24 19:03:17.101  INFO 16524 --- [main] c.e.c.dao.impl.RestaurantDaoImplTest     : Starting RestaurantDaoImplTest on DESKTOP-AA1U7VH with PID 16524 (started by 14980 in J:\learn\java\idea workspace\candiandian)
2019-02-24 19:03:17.103  INFO 16524 --- [main] c.e.c.dao.impl.RestaurantDaoImplTest     : No active profile set, falling back to default profiles: default
2019-02-24 19:03:17.179  INFO 16524 --- [main] o.s.w.c.s.GenericWebApplicationContext   : Refreshing org.springframework.web.context.support.GenericWebApplicationContext@76494737: startup date [Sun Feb 24 19:03:17 CST 2019]; root of context hierarchy
2019-02-24 19:03:17.824  INFO 16524 --- [background-preinit] o.h.validator.internal.util.Version      : HV000001: Hibernate Validator 5.3.5.Final
2019-02-24 19:03:21.668  INFO 16524 --- [main] j.LocalContainerEntityManagerFactoryBean : Building JPA container EntityManagerFactory for persistence unit 'default'
2019-02-24 19:03:21.689  INFO 16524 --- [main] o.hibernate.jpa.internal.util.LogHelper  : HHH000204: Processing PersistenceUnitInfo [
	name: default
	...]
2019-02-24 19:03:21.780  INFO 16524 --- [main] org.hibernate.Version                    : HHH000412: Hibernate Core {5.0.12.Final}
2019-02-24 19:03:21.782  INFO 16524 --- [main] org.hibernate.cfg.Environment            : HHH000206: hibernate.properties not found
2019-02-24 19:03:21.784  INFO 16524 --- [main] org.hibernate.cfg.Environment            : HHH000021: Bytecode provider name : javassist
2019-02-24 19:03:21.839  INFO 16524 --- [main] o.hibernate.annotations.common.Version   : HCANN000001: Hibernate Commons Annotations {5.0.1.Final}
2019-02-24 19:03:22.004  INFO 16524 --- [main] org.hibernate.dialect.Dialect            : HHH000400: Using dialect: org.hibernate.dialect.MySQL5Dialect
2019-02-24 19:03:23.068  INFO 16524 --- [main] j.LocalContainerEntityManagerFactoryBean : Initialized JPA EntityManagerFactory for persistence unit 'default'
2019-02-24 19:03:23.814  INFO 16524 --- [main] s.w.s.m.m.a.RequestMappingHandlerAdapter : Looking for @ControllerAdvice: org.springframework.web.context.support.GenericWebApplicationContext@76494737: startup date [Sun Feb 24 19:03:17 CST 2019]; root of context hierarchy
2019-02-24 19:03:23.917  INFO 16524 --- [main] s.w.s.m.m.a.RequestMappingHandlerMapping : Mapped "{[/error]}" onto public org.springframework.http.ResponseEntity<java.util.Map<java.lang.String, java.lang.Object>> org.springframework.boot.autoconfigure.web.BasicErrorController.error(javax.servlet.http.HttpServletRequest)
2019-02-24 19:03:23.919  INFO 16524 --- [main] s.w.s.m.m.a.RequestMappingHandlerMapping : Mapped "{[/error],produces=[text/html]}" onto public org.springframework.web.servlet.ModelAndView org.springframework.boot.autoconfigure.web.BasicErrorController.errorHtml(javax.servlet.http.HttpServletRequest,javax.servlet.http.HttpServletResponse)
2019-02-24 19:03:23.953  INFO 16524 --- [main] o.s.w.s.handler.SimpleUrlHandlerMapping  : Mapped URL path [/webjars/**] onto handler of type [class org.springframework.web.servlet.resource.ResourceHttpRequestHandler]
2019-02-24 19:03:23.953  INFO 16524 --- [main] o.s.w.s.handler.SimpleUrlHandlerMapping  : Mapped URL path [/**] onto handler of type [class org.springframework.web.servlet.resource.ResourceHttpRequestHandler]
2019-02-24 19:03:24.012  INFO 16524 --- [main] o.s.w.s.handler.SimpleUrlHandlerMapping  : Mapped URL path [/**/favicon.ico] onto handler of type [class org.springframework.web.servlet.resource.ResourceHttpRequestHandler]
2019-02-24 19:03:24.390  INFO 16524 --- [main] c.e.c.dao.impl.RestaurantDaoImplTest     : Started RestaurantDaoImplTest in 8.042 seconds (JVM running for 9.211)
2019-02-24 19:03:24.562  INFO 16524 --- [main] o.s.b.f.xml.XmlBeanDefinitionReader      : Loading XML bean definitions from class path resource [org/springframework/jdbc/support/sql-error-codes.xml]
2019-02-24 19:03:24.621  INFO 16524 --- [main] o.s.jdbc.support.SQLErrorCodesFactory    : SQLErrorCodes loaded: [DB2, Derby, H2, HSQL, Informix, MS-SQL, MySQL, Oracle, PostgreSQL, Sybase, Hana]
2019-02-24 19:03:24.640  INFO 16524 --- [Thread-3] o.s.w.c.s.GenericWebApplicationContext   : Closing org.springframework.web.context.support.GenericWebApplicationContext@76494737: startup date [Sun Feb 24 19:03:17 CST 2019]; root of context hierarchy
2019-02-24 19:03:24.645  INFO 16524 --- [Thread-3] j.LocalContainerEntityManagerFactoryBean : Closing JPA EntityManagerFactory for persistence unit 'default'
2019-02-24 19:07:07.555  INFO 7096 --- [main] c.e.c.dao.impl.RestaurantDaoImplTest     : Starting RestaurantDaoImplTest on DESKTOP-AA1U7VH with PID 7096 (started by 14980 in J:\learn\java\idea workspace\candiandian)
2019-02-24 19:07:07.556  INFO 7096 --- [main] c.e.c.dao.impl.RestaurantDaoImplTest     : No active profile set, falling back to default profiles: default
2019-02-24 19:07:07.605  INFO 7096 --- [main] o.s.w.c.s.GenericWebApplicationContext   : Refreshing org.springframework.web.context.support.GenericWebApplicationContext@76494737: startup date [Sun Feb 24 19:07:07 CST 2019]; root of context hierarchy
2019-02-24 19:07:08.274  INFO 7096 --- [background-preinit] o.h.validator.internal.util.Version      : HV000001: Hibernate Validator 5.3.5.Final
2019-02-24 19:07:11.873  INFO 7096 --- [main] j.LocalContainerEntityManagerFactoryBean : Building JPA container EntityManagerFactory for persistence unit 'default'
2019-02-24 19:07:11.893  INFO 7096 --- [main] o.hibernate.jpa.internal.util.LogHelper  : HHH000204: Processing PersistenceUnitInfo [
	name: default
	...]
2019-02-24 19:07:11.988  INFO 7096 --- [main] org.hibernate.Version                    : HHH000412: Hibernate Core {5.0.12.Final}
2019-02-24 19:07:11.990  INFO 7096 --- [main] org.hibernate.cfg.Environment            : HHH000206: hibernate.properties not found
2019-02-24 19:07:11.992  INFO 7096 --- [main] org.hibernate.cfg.Environment            : HHH000021: Bytecode provider name : javassist
2019-02-24 19:07:12.047  INFO 7096 --- [main] o.hibernate.annotations.common.Version   : HCANN000001: Hibernate Commons Annotations {5.0.1.Final}
2019-02-24 19:07:12.212  INFO 7096 --- [main] org.hibernate.dialect.Dialect            : HHH000400: Using dialect: org.hibernate.dialect.MySQL5Dialect
2019-02-24 19:07:13.272  INFO 7096 --- [main] j.LocalContainerEntityManagerFactoryBean : Initialized JPA EntityManagerFactory for persistence unit 'default'
2019-02-24 19:07:14.015  INFO 7096 --- [main] s.w.s.m.m.a.RequestMappingHandlerAdapter : Looking for @ControllerAdvice: org.springframework.web.context.support.GenericWebApplicationContext@76494737: startup date [Sun Feb 24 19:07:07 CST 2019]; root of context hierarchy
2019-02-24 19:07:14.115  INFO 7096 --- [main] s.w.s.m.m.a.RequestMappingHandlerMapping : Mapped "{[/error]}" onto public org.springframework.http.ResponseEntity<java.util.Map<java.lang.String, java.lang.Object>> org.springframework.boot.autoconfigure.web.BasicErrorController.error(javax.servlet.http.HttpServletRequest)
2019-02-24 19:07:14.117  INFO 7096 --- [main] s.w.s.m.m.a.RequestMappingHandlerMapping : Mapped "{[/error],produces=[text/html]}" onto public org.springframework.web.servlet.ModelAndView org.springframework.boot.autoconfigure.web.BasicErrorController.errorHtml(javax.servlet.http.HttpServletRequest,javax.servlet.http.HttpServletResponse)
2019-02-24 19:07:14.156  INFO 7096 --- [main] o.s.w.s.handler.SimpleUrlHandlerMapping  : Mapped URL path [/webjars/**] onto handler of type [class org.springframework.web.servlet.resource.ResourceHttpRequestHandler]
2019-02-24 19:07:14.157  INFO 7096 --- [main] o.s.w.s.handler.SimpleUrlHandlerMapping  : Mapped URL path [/**] onto handler of type [class org.springframework.web.servlet.resource.ResourceHttpRequestHandler]
2019-02-24 19:07:14.205  INFO 7096 --- [main] o.s.w.s.handler.SimpleUrlHandlerMapping  : Mapped URL path [/**/favicon.ico] onto handler of type [class org.springframework.web.servlet.resource.ResourceHttpRequestHandler]
2019-02-24 19:07:14.559  INFO 7096 --- [main] c.e.c.dao.impl.RestaurantDaoImplTest     : Started RestaurantDaoImplTest in 7.835 seconds (JVM running for 9.013)
2019-02-24 19:07:14.698  INFO 7096 --- [main] o.s.b.f.xml.XmlBeanDefinitionReader      : Loading XML bean definitions from class path resource [org/springframework/jdbc/support/sql-error-codes.xml]
2019-02-24 19:07:14.759  INFO 7096 --- [main] o.s.jdbc.support.SQLErrorCodesFactory    : SQLErrorCodes loaded: [DB2, Derby, H2, HSQL, Informix, MS-SQL, MySQL, Oracle, PostgreSQL, Sybase, Hana]
2019-02-24 19:07:14.803  INFO 7096 --- [Thread-3] o.s.w.c.s.GenericWebApplicationContext   : Closing org.springframework.web.context.support.GenericWebApplicationContext@76494737: startup date [Sun Feb 24 19:07:07 CST 2019]; root of context hierarchy
2019-02-24 19:07:14.805  INFO 7096 --- [Thread-3] j.LocalContainerEntityManagerFactoryBean : Closing JPA EntityManagerFactory for persistence unit 'default'
2019-02-24 19:07:51.129  INFO 6128 --- [main] c.e.c.dao.impl.RestaurantDaoImplTest     : Starting RestaurantDaoImplTest on DESKTOP-AA1U7VH with PID 6128 (started by 14980 in J:\learn\java\idea workspace\candiandian)
2019-02-24 19:07:51.131  INFO 6128 --- [main] c.e.c.dao.impl.RestaurantDaoImplTest     : No active profile set, falling back to default profiles: default
2019-02-24 19:07:51.200  INFO 6128 --- [main] o.s.w.c.s.GenericWebApplicationContext   : Refreshing org.springframework.web.context.support.GenericWebApplicationContext@76494737: startup date [Sun Feb 24 19:07:51 CST 2019]; root of context hierarchy
2019-02-24 19:07:51.911  INFO 6128 --- [background-preinit] o.h.validator.internal.util.Version      : HV000001: Hibernate Validator 5.3.5.Final
2019-02-24 19:07:56.286  INFO 6128 --- [main] j.LocalContainerEntityManagerFactoryBean : Building JPA container EntityManagerFactory for persistence unit 'default'
2019-02-24 19:07:56.307  INFO 6128 --- [main] o.hibernate.jpa.internal.util.LogHelper  : HHH000204: Processing PersistenceUnitInfo [
	name: default
	...]
2019-02-24 19:07:56.401  INFO 6128 --- [main] org.hibernate.Version                    : HHH000412: Hibernate Core {5.0.12.Final}
2019-02-24 19:07:56.403  INFO 6128 --- [main] org.hibernate.cfg.Environment            : HHH000206: hibernate.properties not found
2019-02-24 19:07:56.405  INFO 6128 --- [main] org.hibernate.cfg.Environment            : HHH000021: Bytecode provider name : javassist
2019-02-24 19:07:56.471  INFO 6128 --- [main] o.hibernate.annotations.common.Version   : HCANN000001: Hibernate Commons Annotations {5.0.1.Final}
2019-02-24 19:07:56.633  INFO 6128 --- [main] org.hibernate.dialect.Dialect            : HHH000400: Using dialect: org.hibernate.dialect.MySQL5Dialect
2019-02-24 19:07:57.710  INFO 6128 --- [main] j.LocalContainerEntityManagerFactoryBean : Initialized JPA EntityManagerFactory for persistence unit 'default'
2019-02-24 19:07:58.537  INFO 6128 --- [main] s.w.s.m.m.a.RequestMappingHandlerAdapter : Looking for @ControllerAdvice: org.springframework.web.context.support.GenericWebApplicationContext@76494737: startup date [Sun Feb 24 19:07:51 CST 2019]; root of context hierarchy
2019-02-24 19:07:58.679  INFO 6128 --- [main] s.w.s.m.m.a.RequestMappingHandlerMapping : Mapped "{[/error]}" onto public org.springframework.http.ResponseEntity<java.util.Map<java.lang.String, java.lang.Object>> org.springframework.boot.autoconfigure.web.BasicErrorController.error(javax.servlet.http.HttpServletRequest)
2019-02-24 19:07:58.681  INFO 6128 --- [main] s.w.s.m.m.a.RequestMappingHandlerMapping : Mapped "{[/error],produces=[text/html]}" onto public org.springframework.web.servlet.ModelAndView org.springframework.boot.autoconfigure.web.BasicErrorController.errorHtml(javax.servlet.http.HttpServletRequest,javax.servlet.http.HttpServletResponse)
2019-02-24 19:07:58.720  INFO 6128 --- [main] o.s.w.s.handler.SimpleUrlHandlerMapping  : Mapped URL path [/webjars/**] onto handler of type [class org.springframework.web.servlet.resource.ResourceHttpRequestHandler]
2019-02-24 19:07:58.720  INFO 6128 --- [main] o.s.w.s.handler.SimpleUrlHandlerMapping  : Mapped URL path [/**] onto handler of type [class org.springframework.web.servlet.resource.ResourceHttpRequestHandler]
2019-02-24 19:07:58.789  INFO 6128 --- [main] o.s.w.s.handler.SimpleUrlHandlerMapping  : Mapped URL path [/**/favicon.ico] onto handler of type [class org.springframework.web.servlet.resource.ResourceHttpRequestHandler]
2019-02-24 19:07:59.159  INFO 6128 --- [main] c.e.c.dao.impl.RestaurantDaoImplTest     : Started RestaurantDaoImplTest in 8.93 seconds (JVM running for 10.053)
2019-02-24 19:07:59.335  INFO 6128 --- [main] o.s.b.f.xml.XmlBeanDefinitionReader      : Loading XML bean definitions from class path resource [org/springframework/jdbc/support/sql-error-codes.xml]
2019-02-24 19:07:59.395  INFO 6128 --- [main] o.s.jdbc.support.SQLErrorCodesFactory    : SQLErrorCodes loaded: [DB2, Derby, H2, HSQL, Informix, MS-SQL, MySQL, Oracle, PostgreSQL, Sybase, Hana]
2019-02-24 19:07:59.416  INFO 6128 --- [Thread-3] o.s.w.c.s.GenericWebApplicationContext   : Closing org.springframework.web.context.support.GenericWebApplicationContext@76494737: startup date [Sun Feb 24 19:07:51 CST 2019]; root of context hierarchy
2019-02-24 19:07:59.418  INFO 6128 --- [Thread-3] j.LocalContainerEntityManagerFactoryBean : Closing JPA EntityManagerFactory for persistence unit 'default'
2019-02-24 19:09:14.788  INFO 14448 --- [main] c.e.c.dao.impl.RestaurantDaoImplTest     : Starting RestaurantDaoImplTest on DESKTOP-AA1U7VH with PID 14448 (started by 14980 in J:\learn\java\idea workspace\candiandian)
2019-02-24 19:09:14.790  INFO 14448 --- [main] c.e.c.dao.impl.RestaurantDaoImplTest     : No active profile set, falling back to default profiles: default
2019-02-24 19:09:14.847  INFO 14448 --- [main] o.s.w.c.s.GenericWebApplicationContext   : Refreshing org.springframework.web.context.support.GenericWebApplicationContext@76494737: startup date [Sun Feb 24 19:09:14 CST 2019]; root of context hierarchy
2019-02-24 19:09:15.434  INFO 14448 --- [background-preinit] o.h.validator.internal.util.Version      : HV000001: Hibernate Validator 5.3.5.Final
2019-02-24 19:09:22.132  INFO 14448 --- [main] j.LocalContainerEntityManagerFactoryBean : Building JPA container EntityManagerFactory for persistence unit 'default'
2019-02-24 19:09:22.152  INFO 14448 --- [main] o.hibernate.jpa.internal.util.LogHelper  : HHH000204: Processing PersistenceUnitInfo [
	name: default
	...]
2019-02-24 19:09:22.246  INFO 14448 --- [main] org.hibernate.Version                    : HHH000412: Hibernate Core {5.0.12.Final}
2019-02-24 19:09:22.248  INFO 14448 --- [main] org.hibernate.cfg.Environment            : HHH000206: hibernate.properties not found
2019-02-24 19:09:22.250  INFO 14448 --- [main] org.hibernate.cfg.Environment            : HHH000021: Bytecode provider name : javassist
2019-02-24 19:09:22.306  INFO 14448 --- [main] o.hibernate.annotations.common.Version   : HCANN000001: Hibernate Commons Annotations {5.0.1.Final}
2019-02-24 19:09:22.474  INFO 14448 --- [main] org.hibernate.dialect.Dialect            : HHH000400: Using dialect: org.hibernate.dialect.MySQL5Dialect
2019-02-24 19:09:23.600  INFO 14448 --- [main] j.LocalContainerEntityManagerFactoryBean : Initialized JPA EntityManagerFactory for persistence unit 'default'
2019-02-24 19:09:24.406  INFO 14448 --- [main] s.w.s.m.m.a.RequestMappingHandlerAdapter : Looking for @ControllerAdvice: org.springframework.web.context.support.GenericWebApplicationContext@76494737: startup date [Sun Feb 24 19:09:14 CST 2019]; root of context hierarchy
2019-02-24 19:09:24.508  INFO 14448 --- [main] s.w.s.m.m.a.RequestMappingHandlerMapping : Mapped "{[/error]}" onto public org.springframework.http.ResponseEntity<java.util.Map<java.lang.String, java.lang.Object>> org.springframework.boot.autoconfigure.web.BasicErrorController.error(javax.servlet.http.HttpServletRequest)
2019-02-24 19:09:24.510  INFO 14448 --- [main] s.w.s.m.m.a.RequestMappingHandlerMapping : Mapped "{[/error],produces=[text/html]}" onto public org.springframework.web.servlet.ModelAndView org.springframework.boot.autoconfigure.web.BasicErrorController.errorHtml(javax.servlet.http.HttpServletRequest,javax.servlet.http.HttpServletResponse)
2019-02-24 19:09:24.543  INFO 14448 --- [main] o.s.w.s.handler.SimpleUrlHandlerMapping  : Mapped URL path [/webjars/**] onto handler of type [class org.springframework.web.servlet.resource.ResourceHttpRequestHandler]
2019-02-24 19:09:24.545  INFO 14448 --- [main] o.s.w.s.handler.SimpleUrlHandlerMapping  : Mapped URL path [/**] onto handler of type [class org.springframework.web.servlet.resource.ResourceHttpRequestHandler]
2019-02-24 19:09:24.596  INFO 14448 --- [main] o.s.w.s.handler.SimpleUrlHandlerMapping  : Mapped URL path [/**/favicon.ico] onto handler of type [class org.springframework.web.servlet.resource.ResourceHttpRequestHandler]
2019-02-24 19:09:24.955  INFO 14448 --- [main] c.e.c.dao.impl.RestaurantDaoImplTest     : Started RestaurantDaoImplTest in 10.982 seconds (JVM running for 12.062)
2019-02-24 19:09:25.256  INFO 14448 --- [Thread-3] o.s.w.c.s.GenericWebApplicationContext   : Closing org.springframework.web.context.support.GenericWebApplicationContext@76494737: startup date [Sun Feb 24 19:09:14 CST 2019]; root of context hierarchy
2019-02-24 19:09:25.259  INFO 14448 --- [Thread-3] j.LocalContainerEntityManagerFactoryBean : Closing JPA EntityManagerFactory for persistence unit 'default'
2019-02-24 19:09:56.425  INFO 12876 --- [main] c.e.c.dao.impl.RestaurantDaoImplTest     : Starting RestaurantDaoImplTest on DESKTOP-AA1U7VH with PID 12876 (started by 14980 in J:\learn\java\idea workspace\candiandian)
2019-02-24 19:09:56.427  INFO 12876 --- [main] c.e.c.dao.impl.RestaurantDaoImplTest     : No active profile set, falling back to default profiles: default
2019-02-24 19:09:56.467  INFO 12876 --- [main] o.s.w.c.s.GenericWebApplicationContext   : Refreshing org.springframework.web.context.support.GenericWebApplicationContext@76494737: startup date [Sun Feb 24 19:09:56 CST 2019]; root of context hierarchy
2019-02-24 19:09:57.092  INFO 12876 --- [background-preinit] o.h.validator.internal.util.Version      : HV000001: Hibernate Validator 5.3.5.Final
2019-02-24 19:10:02.332  INFO 12876 --- [main] j.LocalContainerEntityManagerFactoryBean : Building JPA container EntityManagerFactory for persistence unit 'default'
2019-02-24 19:10:02.353  INFO 12876 --- [main] o.hibernate.jpa.internal.util.LogHelper  : HHH000204: Processing PersistenceUnitInfo [
	name: default
	...]
2019-02-24 19:10:02.450  INFO 12876 --- [main] org.hibernate.Version                    : HHH000412: Hibernate Core {5.0.12.Final}
2019-02-24 19:10:02.452  INFO 12876 --- [main] org.hibernate.cfg.Environment            : HHH000206: hibernate.properties not found
2019-02-24 19:10:02.453  INFO 12876 --- [main] org.hibernate.cfg.Environment            : HHH000021: Bytecode provider name : javassist
2019-02-24 19:10:02.508  INFO 12876 --- [main] o.hibernate.annotations.common.Version   : HCANN000001: Hibernate Commons Annotations {5.0.1.Final}
2019-02-24 19:10:02.673  INFO 12876 --- [main] org.hibernate.dialect.Dialect            : HHH000400: Using dialect: org.hibernate.dialect.MySQL5Dialect
2019-02-24 19:10:03.730  INFO 12876 --- [main] j.LocalContainerEntityManagerFactoryBean : Initialized JPA EntityManagerFactory for persistence unit 'default'
2019-02-24 19:10:04.474  INFO 12876 --- [main] s.w.s.m.m.a.RequestMappingHandlerAdapter : Looking for @ControllerAdvice: org.springframework.web.context.support.GenericWebApplicationContext@76494737: startup date [Sun Feb 24 19:09:56 CST 2019]; root of context hierarchy
2019-02-24 19:10:04.575  INFO 12876 --- [main] s.w.s.m.m.a.RequestMappingHandlerMapping : Mapped "{[/error]}" onto public org.springframework.http.ResponseEntity<java.util.Map<java.lang.String, java.lang.Object>> org.springframework.boot.autoconfigure.web.BasicErrorController.error(javax.servlet.http.HttpServletRequest)
2019-02-24 19:10:04.576  INFO 12876 --- [main] s.w.s.m.m.a.RequestMappingHandlerMapping : Mapped "{[/error],produces=[text/html]}" onto public org.springframework.web.servlet.ModelAndView org.springframework.boot.autoconfigure.web.BasicErrorController.errorHtml(javax.servlet.http.HttpServletRequest,javax.servlet.http.HttpServletResponse)
2019-02-24 19:10:04.613  INFO 12876 --- [main] o.s.w.s.handler.SimpleUrlHandlerMapping  : Mapped URL path [/webjars/**] onto handler of type [class org.springframework.web.servlet.resource.ResourceHttpRequestHandler]
2019-02-24 19:10:04.614  INFO 12876 --- [main] o.s.w.s.handler.SimpleUrlHandlerMapping  : Mapped URL path [/**] onto handler of type [class org.springframework.web.servlet.resource.ResourceHttpRequestHandler]
2019-02-24 19:10:04.661  INFO 12876 --- [main] o.s.w.s.handler.SimpleUrlHandlerMapping  : Mapped URL path [/**/favicon.ico] onto handler of type [class org.springframework.web.servlet.resource.ResourceHttpRequestHandler]
2019-02-24 19:10:05.029  INFO 12876 --- [main] c.e.c.dao.impl.RestaurantDaoImplTest     : Started RestaurantDaoImplTest in 9.383 seconds (JVM running for 10.472)
2019-02-24 19:10:05.180  INFO 12876 --- [Thread-3] o.s.w.c.s.GenericWebApplicationContext   : Closing org.springframework.web.context.support.GenericWebApplicationContext@76494737: startup date [Sun Feb 24 19:09:56 CST 2019]; root of context hierarchy
2019-02-24 19:10:05.182  INFO 12876 --- [Thread-3] j.LocalContainerEntityManagerFactoryBean : Closing JPA EntityManagerFactory for persistence unit 'default'
2019-02-24 19:19:14.575  INFO 5304 --- [main] c.e.c.dao.impl.RestaurantDaoImplTest     : Starting RestaurantDaoImplTest on DESKTOP-AA1U7VH with PID 5304 (started by 14980 in J:\learn\java\idea workspace\candiandian)
2019-02-24 19:19:14.578  INFO 5304 --- [main] c.e.c.dao.impl.RestaurantDaoImplTest     : No active profile set, falling back to default profiles: default
2019-02-24 19:19:14.665  INFO 5304 --- [main] o.s.w.c.s.GenericWebApplicationContext   : Refreshing org.springframework.web.context.support.GenericWebApplicationContext@76494737: startup date [Sun Feb 24 19:19:14 CST 2019]; root of context hierarchy
2019-02-24 19:19:15.204  INFO 5304 --- [background-preinit] o.h.validator.internal.util.Version      : HV000001: Hibernate Validator 5.3.5.Final
2019-02-24 19:19:19.004  INFO 5304 --- [main] j.LocalContainerEntityManagerFactoryBean : Building JPA container EntityManagerFactory for persistence unit 'default'
2019-02-24 19:19:19.024  INFO 5304 --- [main] o.hibernate.jpa.internal.util.LogHelper  : HHH000204: Processing PersistenceUnitInfo [
	name: default
	...]
2019-02-24 19:19:19.115  INFO 5304 --- [main] org.hibernate.Version                    : HHH000412: Hibernate Core {5.0.12.Final}
2019-02-24 19:19:19.117  INFO 5304 --- [main] org.hibernate.cfg.Environment            : HHH000206: hibernate.properties not found
2019-02-24 19:19:19.119  INFO 5304 --- [main] org.hibernate.cfg.Environment            : HHH000021: Bytecode provider name : javassist
2019-02-24 19:19:19.174  INFO 5304 --- [main] o.hibernate.annotations.common.Version   : HCANN000001: Hibernate Commons Annotations {5.0.1.Final}
2019-02-24 19:19:19.332  INFO 5304 --- [main] org.hibernate.dialect.Dialect            : HHH000400: Using dialect: org.hibernate.dialect.MySQL5Dialect
2019-02-24 19:19:20.402  INFO 5304 --- [main] j.LocalContainerEntityManagerFactoryBean : Initialized JPA EntityManagerFactory for persistence unit 'default'
2019-02-24 19:19:21.078  INFO 5304 --- [main] s.w.s.m.m.a.RequestMappingHandlerAdapter : Looking for @ControllerAdvice: org.springframework.web.context.support.GenericWebApplicationContext@76494737: startup date [Sun Feb 24 19:19:14 CST 2019]; root of context hierarchy
2019-02-24 19:19:21.185  INFO 5304 --- [main] s.w.s.m.m.a.RequestMappingHandlerMapping : Mapped "{[/buyer/restaurant/list],methods=[POST]}" onto public java.util.List<cn.edkso.candiandian.domain.Restaurant> cn.edkso.candiandian.controller.RestaurantController.list(java.lang.Double,java.lang.Double)
2019-02-24 19:19:21.188  INFO 5304 --- [main] s.w.s.m.m.a.RequestMappingHandlerMapping : Mapped "{[/error]}" onto public org.springframework.http.ResponseEntity<java.util.Map<java.lang.String, java.lang.Object>> org.springframework.boot.autoconfigure.web.BasicErrorController.error(javax.servlet.http.HttpServletRequest)
2019-02-24 19:19:21.188  INFO 5304 --- [main] s.w.s.m.m.a.RequestMappingHandlerMapping : Mapped "{[/error],produces=[text/html]}" onto public org.springframework.web.servlet.ModelAndView org.springframework.boot.autoconfigure.web.BasicErrorController.errorHtml(javax.servlet.http.HttpServletRequest,javax.servlet.http.HttpServletResponse)
2019-02-24 19:19:21.225  INFO 5304 --- [main] o.s.w.s.handler.SimpleUrlHandlerMapping  : Mapped URL path [/webjars/**] onto handler of type [class org.springframework.web.servlet.resource.ResourceHttpRequestHandler]
2019-02-24 19:19:21.225  INFO 5304 --- [main] o.s.w.s.handler.SimpleUrlHandlerMapping  : Mapped URL path [/**] onto handler of type [class org.springframework.web.servlet.resource.ResourceHttpRequestHandler]
2019-02-24 19:19:21.276  INFO 5304 --- [main] o.s.w.s.handler.SimpleUrlHandlerMapping  : Mapped URL path [/**/favicon.ico] onto handler of type [class org.springframework.web.servlet.resource.ResourceHttpRequestHandler]
2019-02-24 19:19:21.672  INFO 5304 --- [main] c.e.c.dao.impl.RestaurantDaoImplTest     : Started RestaurantDaoImplTest in 7.943 seconds (JVM running for 9.101)
2019-02-24 19:19:21.808  INFO 5304 --- [Thread-3] o.s.w.c.s.GenericWebApplicationContext   : Closing org.springframework.web.context.support.GenericWebApplicationContext@76494737: startup date [Sun Feb 24 19:19:14 CST 2019]; root of context hierarchy
2019-02-24 19:19:21.810  INFO 5304 --- [Thread-3] j.LocalContainerEntityManagerFactoryBean : Closing JPA EntityManagerFactory for persistence unit 'default'
2019-02-24 19:26:31.160  INFO 16428 --- [main] c.e.c.dao.impl.RestaurantDaoImplTest     : Starting RestaurantDaoImplTest on DESKTOP-AA1U7VH with PID 16428 (started by 14980 in J:\learn\java\idea workspace\candiandian)
2019-02-24 19:26:31.162  INFO 16428 --- [main] c.e.c.dao.impl.RestaurantDaoImplTest     : No active profile set, falling back to default profiles: default
2019-02-24 19:26:31.224  INFO 16428 --- [main] o.s.w.c.s.GenericWebApplicationContext   : Refreshing org.springframework.web.context.support.GenericWebApplicationContext@76494737: startup date [Sun Feb 24 19:26:31 CST 2019]; root of context hierarchy
2019-02-24 19:26:32.181  INFO 16428 --- [background-preinit] o.h.validator.internal.util.Version      : HV000001: Hibernate Validator 5.3.5.Final
2019-02-24 19:26:37.968  INFO 16428 --- [main] j.LocalContainerEntityManagerFactoryBean : Building JPA container EntityManagerFactory for persistence unit 'default'
2019-02-24 19:26:37.990  INFO 16428 --- [main] o.hibernate.jpa.internal.util.LogHelper  : HHH000204: Processing PersistenceUnitInfo [
	name: default
	...]
2019-02-24 19:26:38.085  INFO 16428 --- [main] org.hibernate.Version                    : HHH000412: Hibernate Core {5.0.12.Final}
2019-02-24 19:26:38.087  INFO 16428 --- [main] org.hibernate.cfg.Environment            : HHH000206: hibernate.properties not found
2019-02-24 19:26:38.089  INFO 16428 --- [main] org.hibernate.cfg.Environment            : HHH000021: Bytecode provider name : javassist
2019-02-24 19:26:38.147  INFO 16428 --- [main] o.hibernate.annotations.common.Version   : HCANN000001: Hibernate Commons Annotations {5.0.1.Final}
2019-02-24 19:26:38.306  INFO 16428 --- [main] org.hibernate.dialect.Dialect            : HHH000400: Using dialect: org.hibernate.dialect.MySQL5Dialect
2019-02-24 19:26:39.448  INFO 16428 --- [main] j.LocalContainerEntityManagerFactoryBean : Initialized JPA EntityManagerFactory for persistence unit 'default'
2019-02-24 19:26:40.289  INFO 16428 --- [main] s.w.s.m.m.a.RequestMappingHandlerAdapter : Looking for @ControllerAdvice: org.springframework.web.context.support.GenericWebApplicationContext@76494737: startup date [Sun Feb 24 19:26:31 CST 2019]; root of context hierarchy
2019-02-24 19:26:40.413  INFO 16428 --- [main] s.w.s.m.m.a.RequestMappingHandlerMapping : Mapped "{[/buyer/restaurant/list],methods=[POST]}" onto public java.util.List<cn.edkso.candiandian.domain.Restaurant> cn.edkso.candiandian.controller.RestaurantController.list(java.lang.Double,java.lang.Double)
2019-02-24 19:26:40.419  INFO 16428 --- [main] s.w.s.m.m.a.RequestMappingHandlerMapping : Mapped "{[/error]}" onto public org.springframework.http.ResponseEntity<java.util.Map<java.lang.String, java.lang.Object>> org.springframework.boot.autoconfigure.web.BasicErrorController.error(javax.servlet.http.HttpServletRequest)
2019-02-24 19:26:40.420  INFO 16428 --- [main] s.w.s.m.m.a.RequestMappingHandlerMapping : Mapped "{[/error],produces=[text/html]}" onto public org.springframework.web.servlet.ModelAndView org.springframework.boot.autoconfigure.web.BasicErrorController.errorHtml(javax.servlet.http.HttpServletRequest,javax.servlet.http.HttpServletResponse)
2019-02-24 19:26:40.460  INFO 16428 --- [main] o.s.w.s.handler.SimpleUrlHandlerMapping  : Mapped URL path [/webjars/**] onto handler of type [class org.springframework.web.servlet.resource.ResourceHttpRequestHandler]
2019-02-24 19:26:40.461  INFO 16428 --- [main] o.s.w.s.handler.SimpleUrlHandlerMapping  : Mapped URL path [/**] onto handler of type [class org.springframework.web.servlet.resource.ResourceHttpRequestHandler]
2019-02-24 19:26:40.519  INFO 16428 --- [main] o.s.w.s.handler.SimpleUrlHandlerMapping  : Mapped URL path [/**/favicon.ico] onto handler of type [class org.springframework.web.servlet.resource.ResourceHttpRequestHandler]
2019-02-24 19:26:40.945  INFO 16428 --- [main] c.e.c.dao.impl.RestaurantDaoImplTest     : Started RestaurantDaoImplTest in 10.726 seconds (JVM running for 12.036)
2019-02-24 19:26:41.093  INFO 16428 --- [Thread-3] o.s.w.c.s.GenericWebApplicationContext   : Closing org.springframework.web.context.support.GenericWebApplicationContext@76494737: startup date [Sun Feb 24 19:26:31 CST 2019]; root of context hierarchy
2019-02-24 19:26:41.098  INFO 16428 --- [Thread-3] j.LocalContainerEntityManagerFactoryBean : Closing JPA EntityManagerFactory for persistence unit 'default'
2019-02-24 19:26:54.263  INFO 13812 --- [main] c.e.candiandian.CandiandianApplication   : Starting CandiandianApplication on DESKTOP-AA1U7VH with PID 13812 (started by 14980 in J:\learn\java\idea workspace\candiandian)
2019-02-24 19:26:54.266  INFO 13812 --- [main] c.e.candiandian.CandiandianApplication   : No active profile set, falling back to default profiles: default
2019-02-24 19:26:54.337  INFO 13812 --- [main] ationConfigEmbeddedWebApplicationContext : Refreshing org.springframework.boot.context.embedded.AnnotationConfigEmbeddedWebApplicationContext@293a5bf6: startup date [Sun Feb 24 19:26:54 CST 2019]; root of context hierarchy
2019-02-24 19:26:54.506  INFO 13812 --- [background-preinit] o.h.validator.internal.util.Version      : HV000001: Hibernate Validator 5.3.5.Final
2019-02-24 19:26:56.459  INFO 13812 --- [main] s.b.c.e.t.TomcatEmbeddedServletContainer : Tomcat initialized with port(s): 8080 (http)
2019-02-24 19:26:56.477  INFO 13812 --- [main] o.apache.catalina.core.StandardService   : Starting service [Tomcat]
2019-02-24 19:26:56.479  INFO 13812 --- [main] org.apache.catalina.core.StandardEngine  : Starting Servlet Engine: Apache Tomcat/8.5.16
2019-02-24 19:26:56.629  INFO 13812 --- [localhost-startStop-1] o.a.c.c.C.[.[localhost].[/candiandian]   : Initializing Spring embedded WebApplicationContext
2019-02-24 19:26:56.630  INFO 13812 --- [localhost-startStop-1] o.s.web.context.ContextLoader            : Root WebApplicationContext: initialization completed in 2293 ms
2019-02-24 19:26:56.830  INFO 13812 --- [localhost-startStop-1] o.s.b.w.servlet.ServletRegistrationBean  : Mapping servlet: 'dispatcherServlet' to [/]
2019-02-24 19:26:56.834  INFO 13812 --- [localhost-startStop-1] o.s.b.w.servlet.FilterRegistrationBean   : Mapping filter: 'characterEncodingFilter' to: [/*]
2019-02-24 19:26:56.835  INFO 13812 --- [localhost-startStop-1] o.s.b.w.servlet.FilterRegistrationBean   : Mapping filter: 'hiddenHttpMethodFilter' to: [/*]
2019-02-24 19:26:56.835  INFO 13812 --- [localhost-startStop-1] o.s.b.w.servlet.FilterRegistrationBean   : Mapping filter: 'httpPutFormContentFilter' to: [/*]
2019-02-24 19:26:56.836  INFO 13812 --- [localhost-startStop-1] o.s.b.w.servlet.FilterRegistrationBean   : Mapping filter: 'requestContextFilter' to: [/*]
2019-02-24 19:26:59.191  INFO 13812 --- [main] j.LocalContainerEntityManagerFactoryBean : Building JPA container EntityManagerFactory for persistence unit 'default'
2019-02-24 19:26:59.204  INFO 13812 --- [main] o.hibernate.jpa.internal.util.LogHelper  : HHH000204: Processing PersistenceUnitInfo [
	name: default
	...]
2019-02-24 19:26:59.268  INFO 13812 --- [main] org.hibernate.Version                    : HHH000412: Hibernate Core {5.0.12.Final}
2019-02-24 19:26:59.270  INFO 13812 --- [main] org.hibernate.cfg.Environment            : HHH000206: hibernate.properties not found
2019-02-24 19:26:59.271  INFO 13812 --- [main] org.hibernate.cfg.Environment            : HHH000021: Bytecode provider name : javassist
2019-02-24 19:26:59.323  INFO 13812 --- [main] o.hibernate.annotations.common.Version   : HCANN000001: Hibernate Commons Annotations {5.0.1.Final}
2019-02-24 19:26:59.434  INFO 13812 --- [main] org.hibernate.dialect.Dialect            : HHH000400: Using dialect: org.hibernate.dialect.MySQL5Dialect
2019-02-24 19:26:59.896  INFO 13812 --- [main] j.LocalContainerEntityManagerFactoryBean : Initialized JPA EntityManagerFactory for persistence unit 'default'
2019-02-24 19:27:00.203  INFO 13812 --- [main] s.w.s.m.m.a.RequestMappingHandlerAdapter : Looking for @ControllerAdvice: org.springframework.boot.context.embedded.AnnotationConfigEmbeddedWebApplicationContext@293a5bf6: startup date [Sun Feb 24 19:26:54 CST 2019]; root of context hierarchy
2019-02-24 19:27:00.264  INFO 13812 --- [main] s.w.s.m.m.a.RequestMappingHandlerMapping : Mapped "{[/buyer/restaurant/list],methods=[POST]}" onto public java.util.List<cn.edkso.candiandian.domain.Restaurant> cn.edkso.candiandian.controller.RestaurantController.list(java.lang.Double,java.lang.Double)
2019-02-24 19:27:00.267  INFO 13812 --- [main] s.w.s.m.m.a.RequestMappingHandlerMapping : Mapped "{[/error]}" onto public org.springframework.http.ResponseEntity<java.util.Map<java.lang.String, java.lang.Object>> org.springframework.boot.autoconfigure.web.BasicErrorController.error(javax.servlet.http.HttpServletRequest)
2019-02-24 19:27:00.267  INFO 13812 --- [main] s.w.s.m.m.a.RequestMappingHandlerMapping : Mapped "{[/error],produces=[text/html]}" onto public org.springframework.web.servlet.ModelAndView org.springframework.boot.autoconfigure.web.BasicErrorController.errorHtml(javax.servlet.http.HttpServletRequest,javax.servlet.http.HttpServletResponse)
2019-02-24 19:27:00.294  INFO 13812 --- [main] o.s.w.s.handler.SimpleUrlHandlerMapping  : Mapped URL path [/webjars/**] onto handler of type [class org.springframework.web.servlet.resource.ResourceHttpRequestHandler]
2019-02-24 19:27:00.295  INFO 13812 --- [main] o.s.w.s.handler.SimpleUrlHandlerMapping  : Mapped URL path [/**] onto handler of type [class org.springframework.web.servlet.resource.ResourceHttpRequestHandler]
2019-02-24 19:27:00.331  INFO 13812 --- [main] o.s.w.s.handler.SimpleUrlHandlerMapping  : Mapped URL path [/**/favicon.ico] onto handler of type [class org.springframework.web.servlet.resource.ResourceHttpRequestHandler]
2019-02-24 19:27:00.593  INFO 13812 --- [main] o.s.j.e.a.AnnotationMBeanExporter        : Registering beans for JMX exposure on startup
2019-02-24 19:27:00.610  INFO 13812 --- [main] o.a.coyote.http11.Http11NioProtocol      : Initializing ProtocolHandler ["http-nio-8080"]
2019-02-24 19:27:00.621  INFO 13812 --- [main] o.a.coyote.http11.Http11NioProtocol      : Starting ProtocolHandler ["http-nio-8080"]
2019-02-24 19:27:00.636  INFO 13812 --- [main] o.a.coyote.http11.Http11NioProtocol      : Pausing ProtocolHandler ["http-nio-8080"]
2019-02-24 19:27:00.637  INFO 13812 --- [main] o.apache.catalina.core.StandardService   : Stopping service [Tomcat]
2019-02-24 19:27:00.644  INFO 13812 --- [main] org.apache.catalina.util.LifecycleBase   : The stop() method was called on component [StandardServer[-1]] after stop() had already been called. The second call will be ignored.
2019-02-24 19:27:00.644  INFO 13812 --- [main] o.a.coyote.http11.Http11NioProtocol      : Stopping ProtocolHandler ["http-nio-8080"]
2019-02-24 19:27:00.645  INFO 13812 --- [main] o.a.coyote.http11.Http11NioProtocol      : Destroying ProtocolHandler ["http-nio-8080"]
2019-02-24 19:27:00.647  INFO 13812 --- [main] utoConfigurationReportLoggingInitializer : 

Error starting ApplicationContext. To display the auto-configuration report re-run your application with 'debug' enabled.
2019-02-24 19:27:00.655  INFO 13812 --- [main] ationConfigEmbeddedWebApplicationContext : Closing org.springframework.boot.context.embedded.AnnotationConfigEmbeddedWebApplicationContext@293a5bf6: startup date [Sun Feb 24 19:26:54 CST 2019]; root of context hierarchy
2019-02-24 19:27:00.656  INFO 13812 --- [main] o.s.j.e.a.AnnotationMBeanExporter        : Unregistering JMX-exposed beans on shutdown
2019-02-24 19:27:00.658  INFO 13812 --- [main] j.LocalContainerEntityManagerFactoryBean : Closing JPA EntityManagerFactory for persistence unit 'default'
2019-02-24 19:28:26.740  INFO 13244 --- [main] c.e.candiandian.CandiandianApplication   : Starting CandiandianApplication on DESKTOP-AA1U7VH with PID 13244 (started by 14980 in J:\learn\java\idea workspace\candiandian)
2019-02-24 19:28:26.746  INFO 13244 --- [main] c.e.candiandian.CandiandianApplication   : No active profile set, falling back to default profiles: default
2019-02-24 19:28:26.838  INFO 13244 --- [main] ationConfigEmbeddedWebApplicationContext : Refreshing org.springframework.boot.context.embedded.AnnotationConfigEmbeddedWebApplicationContext@7d8995e: startup date [Sun Feb 24 19:28:26 CST 2019]; root of context hierarchy
2019-02-24 19:28:27.003  INFO 13244 --- [background-preinit] o.h.validator.internal.util.Version      : HV000001: Hibernate Validator 5.3.5.Final
2019-02-24 19:28:28.238  INFO 13244 --- [main] s.b.c.e.t.TomcatEmbeddedServletContainer : Tomcat initialized with port(s): 8080 (http)
2019-02-24 19:28:28.253  INFO 13244 --- [main] o.apache.catalina.core.StandardService   : Starting service [Tomcat]
2019-02-24 19:28:28.254  INFO 13244 --- [main] org.apache.catalina.core.StandardEngine  : Starting Servlet Engine: Apache Tomcat/8.5.16
2019-02-24 19:28:28.359  INFO 13244 --- [localhost-startStop-1] o.a.c.c.C.[.[localhost].[/candiandian]   : Initializing Spring embedded WebApplicationContext
2019-02-24 19:28:28.360  INFO 13244 --- [localhost-startStop-1] o.s.web.context.ContextLoader            : Root WebApplicationContext: initialization completed in 1522 ms
2019-02-24 19:28:28.528  INFO 13244 --- [localhost-startStop-1] o.s.b.w.servlet.ServletRegistrationBean  : Mapping servlet: 'dispatcherServlet' to [/]
2019-02-24 19:28:28.533  INFO 13244 --- [localhost-startStop-1] o.s.b.w.servlet.FilterRegistrationBean   : Mapping filter: 'characterEncodingFilter' to: [/*]
2019-02-24 19:28:28.534  INFO 13244 --- [localhost-startStop-1] o.s.b.w.servlet.FilterRegistrationBean   : Mapping filter: 'hiddenHttpMethodFilter' to: [/*]
2019-02-24 19:28:28.535  INFO 13244 --- [localhost-startStop-1] o.s.b.w.servlet.FilterRegistrationBean   : Mapping filter: 'httpPutFormContentFilter' to: [/*]
2019-02-24 19:28:28.535  INFO 13244 --- [localhost-startStop-1] o.s.b.w.servlet.FilterRegistrationBean   : Mapping filter: 'requestContextFilter' to: [/*]
2019-02-24 19:28:30.871  INFO 13244 --- [main] j.LocalContainerEntityManagerFactoryBean : Building JPA container EntityManagerFactory for persistence unit 'default'
2019-02-24 19:28:30.884  INFO 13244 --- [main] o.hibernate.jpa.internal.util.LogHelper  : HHH000204: Processing PersistenceUnitInfo [
	name: default
	...]
2019-02-24 19:28:30.950  INFO 13244 --- [main] org.hibernate.Version                    : HHH000412: Hibernate Core {5.0.12.Final}
2019-02-24 19:28:30.952  INFO 13244 --- [main] org.hibernate.cfg.Environment            : HHH000206: hibernate.properties not found
2019-02-24 19:28:30.953  INFO 13244 --- [main] org.hibernate.cfg.Environment            : HHH000021: Bytecode provider name : javassist
2019-02-24 19:28:30.994  INFO 13244 --- [main] o.hibernate.annotations.common.Version   : HCANN000001: Hibernate Commons Annotations {5.0.1.Final}
2019-02-24 19:28:31.109  INFO 13244 --- [main] org.hibernate.dialect.Dialect            : HHH000400: Using dialect: org.hibernate.dialect.MySQL5Dialect
2019-02-24 19:28:31.603  INFO 13244 --- [main] j.LocalContainerEntityManagerFactoryBean : Initialized JPA EntityManagerFactory for persistence unit 'default'
2019-02-24 19:28:31.960  INFO 13244 --- [main] s.w.s.m.m.a.RequestMappingHandlerAdapter : Looking for @ControllerAdvice: org.springframework.boot.context.embedded.AnnotationConfigEmbeddedWebApplicationContext@7d8995e: startup date [Sun Feb 24 19:28:26 CST 2019]; root of context hierarchy
2019-02-24 19:28:32.026  INFO 13244 --- [main] s.w.s.m.m.a.RequestMappingHandlerMapping : Mapped "{[/buyer/restaurant/list],methods=[POST]}" onto public java.util.List<cn.edkso.candiandian.domain.Restaurant> cn.edkso.candiandian.controller.RestaurantController.list(java.lang.Double,java.lang.Double)
2019-02-24 19:28:32.028  INFO 13244 --- [main] s.w.s.m.m.a.RequestMappingHandlerMapping : Mapped "{[/error]}" onto public org.springframework.http.ResponseEntity<java.util.Map<java.lang.String, java.lang.Object>> org.springframework.boot.autoconfigure.web.BasicErrorController.error(javax.servlet.http.HttpServletRequest)
2019-02-24 19:28:32.029  INFO 13244 --- [main] s.w.s.m.m.a.RequestMappingHandlerMapping : Mapped "{[/error],produces=[text/html]}" onto public org.springframework.web.servlet.ModelAndView org.springframework.boot.autoconfigure.web.BasicErrorController.errorHtml(javax.servlet.http.HttpServletRequest,javax.servlet.http.HttpServletResponse)
2019-02-24 19:28:32.054  INFO 13244 --- [main] o.s.w.s.handler.SimpleUrlHandlerMapping  : Mapped URL path [/webjars/**] onto handler of type [class org.springframework.web.servlet.resource.ResourceHttpRequestHandler]
2019-02-24 19:28:32.054  INFO 13244 --- [main] o.s.w.s.handler.SimpleUrlHandlerMapping  : Mapped URL path [/**] onto handler of type [class org.springframework.web.servlet.resource.ResourceHttpRequestHandler]
2019-02-24 19:28:32.088  INFO 13244 --- [main] o.s.w.s.handler.SimpleUrlHandlerMapping  : Mapped URL path [/**/favicon.ico] onto handler of type [class org.springframework.web.servlet.resource.ResourceHttpRequestHandler]
2019-02-24 19:28:32.356  INFO 13244 --- [main] o.s.j.e.a.AnnotationMBeanExporter        : Registering beans for JMX exposure on startup
2019-02-24 19:28:32.372  INFO 13244 --- [main] o.a.coyote.http11.Http11NioProtocol      : Initializing ProtocolHandler ["http-nio-8080"]
2019-02-24 19:28:32.382  INFO 13244 --- [main] o.a.coyote.http11.Http11NioProtocol      : Starting ProtocolHandler ["http-nio-8080"]
2019-02-24 19:28:32.394  INFO 13244 --- [main] o.a.coyote.http11.Http11NioProtocol      : Pausing ProtocolHandler ["http-nio-8080"]
2019-02-24 19:28:32.395  INFO 13244 --- [main] o.apache.catalina.core.StandardService   : Stopping service [Tomcat]
2019-02-24 19:28:32.401  INFO 13244 --- [main] org.apache.catalina.util.LifecycleBase   : The stop() method was called on component [StandardServer[-1]] after stop() had already been called. The second call will be ignored.
2019-02-24 19:28:32.402  INFO 13244 --- [main] o.a.coyote.http11.Http11NioProtocol      : Stopping ProtocolHandler ["http-nio-8080"]
2019-02-24 19:28:32.402  INFO 13244 --- [main] o.a.coyote.http11.Http11NioProtocol      : Destroying ProtocolHandler ["http-nio-8080"]
2019-02-24 19:28:32.404  INFO 13244 --- [main] utoConfigurationReportLoggingInitializer : 

Error starting ApplicationContext. To display the auto-configuration report re-run your application with 'debug' enabled.
2019-02-24 19:28:32.410  INFO 13244 --- [main] ationConfigEmbeddedWebApplicationContext : Closing org.springframework.boot.context.embedded.AnnotationConfigEmbeddedWebApplicationContext@7d8995e: startup date [Sun Feb 24 19:28:26 CST 2019]; root of context hierarchy
2019-02-24 19:28:32.412  INFO 13244 --- [main] o.s.j.e.a.AnnotationMBeanExporter        : Unregistering JMX-exposed beans on shutdown
2019-02-24 19:28:32.413  INFO 13244 --- [main] j.LocalContainerEntityManagerFactoryBean : Closing JPA EntityManagerFactory for persistence unit 'default'
2019-02-24 19:30:09.813  INFO 15892 --- [main] c.e.candiandian.CandiandianApplication   : Starting CandiandianApplication on DESKTOP-AA1U7VH with PID 15892 (started by 14980 in J:\learn\java\idea workspace\candiandian)
2019-02-24 19:30:09.816  INFO 15892 --- [main] c.e.candiandian.CandiandianApplication   : No active profile set, falling back to default profiles: default
2019-02-24 19:30:10.072  INFO 15892 --- [main] ationConfigEmbeddedWebApplicationContext : Refreshing org.springframework.boot.context.embedded.AnnotationConfigEmbeddedWebApplicationContext@293a5bf6: startup date [Sun Feb 24 19:30:10 CST 2019]; root of context hierarchy
2019-02-24 19:30:10.293  INFO 15892 --- [background-preinit] o.h.validator.internal.util.Version      : HV000001: Hibernate Validator 5.3.5.Final
2019-02-24 19:30:11.564  INFO 15892 --- [main] s.b.c.e.t.TomcatEmbeddedServletContainer : Tomcat initialized with port(s): 8080 (http)
2019-02-24 19:30:11.580  INFO 15892 --- [main] o.apache.catalina.core.StandardService   : Starting service [Tomcat]
2019-02-24 19:30:11.581  INFO 15892 --- [main] org.apache.catalina.core.StandardEngine  : Starting Servlet Engine: Apache Tomcat/8.5.16
2019-02-24 19:30:11.683  INFO 15892 --- [localhost-startStop-1] o.a.c.c.C.[.[localhost].[/candiandian]   : Initializing Spring embedded WebApplicationContext
2019-02-24 19:30:11.683  INFO 15892 --- [localhost-startStop-1] o.s.web.context.ContextLoader            : Root WebApplicationContext: initialization completed in 1611 ms
2019-02-24 19:30:11.894  INFO 15892 --- [localhost-startStop-1] o.s.b.w.servlet.ServletRegistrationBean  : Mapping servlet: 'dispatcherServlet' to [/]
2019-02-24 19:30:11.900  INFO 15892 --- [localhost-startStop-1] o.s.b.w.servlet.FilterRegistrationBean   : Mapping filter: 'characterEncodingFilter' to: [/*]
2019-02-24 19:30:11.900  INFO 15892 --- [localhost-startStop-1] o.s.b.w.servlet.FilterRegistrationBean   : Mapping filter: 'hiddenHttpMethodFilter' to: [/*]
2019-02-24 19:30:11.901  INFO 15892 --- [localhost-startStop-1] o.s.b.w.servlet.FilterRegistrationBean   : Mapping filter: 'httpPutFormContentFilter' to: [/*]
2019-02-24 19:30:11.901  INFO 15892 --- [localhost-startStop-1] o.s.b.w.servlet.FilterRegistrationBean   : Mapping filter: 'requestContextFilter' to: [/*]
2019-02-24 19:30:17.379  INFO 15892 --- [main] j.LocalContainerEntityManagerFactoryBean : Building JPA container EntityManagerFactory for persistence unit 'default'
2019-02-24 19:30:17.391  INFO 15892 --- [main] o.hibernate.jpa.internal.util.LogHelper  : HHH000204: Processing PersistenceUnitInfo [
	name: default
	...]
2019-02-24 19:30:17.456  INFO 15892 --- [main] org.hibernate.Version                    : HHH000412: Hibernate Core {5.0.12.Final}
2019-02-24 19:30:17.457  INFO 15892 --- [main] org.hibernate.cfg.Environment            : HHH000206: hibernate.properties not found
2019-02-24 19:30:17.459  INFO 15892 --- [main] org.hibernate.cfg.Environment            : HHH000021: Bytecode provider name : javassist
2019-02-24 19:30:17.500  INFO 15892 --- [main] o.hibernate.annotations.common.Version   : HCANN000001: Hibernate Commons Annotations {5.0.1.Final}
2019-02-24 19:30:17.616  INFO 15892 --- [main] org.hibernate.dialect.Dialect            : HHH000400: Using dialect: org.hibernate.dialect.MySQL5Dialect
2019-02-24 19:30:18.124  INFO 15892 --- [main] j.LocalContainerEntityManagerFactoryBean : Initialized JPA EntityManagerFactory for persistence unit 'default'
2019-02-24 19:30:18.464  INFO 15892 --- [main] s.w.s.m.m.a.RequestMappingHandlerAdapter : Looking for @ControllerAdvice: org.springframework.boot.context.embedded.AnnotationConfigEmbeddedWebApplicationContext@293a5bf6: startup date [Sun Feb 24 19:30:10 CST 2019]; root of context hierarchy
2019-02-24 19:30:18.526  INFO 15892 --- [main] s.w.s.m.m.a.RequestMappingHandlerMapping : Mapped "{[/buyer/restaurant/list],methods=[POST]}" onto public java.util.List<cn.edkso.candiandian.domain.Restaurant> cn.edkso.candiandian.controller.RestaurantController.list(java.lang.Double,java.lang.Double)
2019-02-24 19:30:18.528  INFO 15892 --- [main] s.w.s.m.m.a.RequestMappingHandlerMapping : Mapped "{[/error]}" onto public org.springframework.http.ResponseEntity<java.util.Map<java.lang.String, java.lang.Object>> org.springframework.boot.autoconfigure.web.BasicErrorController.error(javax.servlet.http.HttpServletRequest)
2019-02-24 19:30:18.530  INFO 15892 --- [main] s.w.s.m.m.a.RequestMappingHandlerMapping : Mapped "{[/error],produces=[text/html]}" onto public org.springframework.web.servlet.ModelAndView org.springframework.boot.autoconfigure.web.BasicErrorController.errorHtml(javax.servlet.http.HttpServletRequest,javax.servlet.http.HttpServletResponse)
2019-02-24 19:30:18.554  INFO 15892 --- [main] o.s.w.s.handler.SimpleUrlHandlerMapping  : Mapped URL path [/webjars/**] onto handler of type [class org.springframework.web.servlet.resource.ResourceHttpRequestHandler]
2019-02-24 19:30:18.555  INFO 15892 --- [main] o.s.w.s.handler.SimpleUrlHandlerMapping  : Mapped URL path [/**] onto handler of type [class org.springframework.web.servlet.resource.ResourceHttpRequestHandler]
2019-02-24 19:30:18.586  INFO 15892 --- [main] o.s.w.s.handler.SimpleUrlHandlerMapping  : Mapped URL path [/**/favicon.ico] onto handler of type [class org.springframework.web.servlet.resource.ResourceHttpRequestHandler]
2019-02-24 19:30:18.887  INFO 15892 --- [main] o.s.j.e.a.AnnotationMBeanExporter        : Registering beans for JMX exposure on startup
2019-02-24 19:30:18.902  INFO 15892 --- [main] o.a.coyote.http11.Http11NioProtocol      : Initializing ProtocolHandler ["http-nio-8080"]
2019-02-24 19:30:18.921  INFO 15892 --- [main] o.a.coyote.http11.Http11NioProtocol      : Starting ProtocolHandler ["http-nio-8080"]
2019-02-24 19:30:18.934  INFO 15892 --- [main] o.a.coyote.http11.Http11NioProtocol      : Pausing ProtocolHandler ["http-nio-8080"]
2019-02-24 19:30:18.934  INFO 15892 --- [main] o.apache.catalina.core.StandardService   : Stopping service [Tomcat]
2019-02-24 19:30:18.941  INFO 15892 --- [main] org.apache.catalina.util.LifecycleBase   : The stop() method was called on component [StandardServer[-1]] after stop() had already been called. The second call will be ignored.
2019-02-24 19:30:18.941  INFO 15892 --- [main] o.a.coyote.http11.Http11NioProtocol      : Stopping ProtocolHandler ["http-nio-8080"]
2019-02-24 19:30:18.942  INFO 15892 --- [main] o.a.coyote.http11.Http11NioProtocol      : Destroying ProtocolHandler ["http-nio-8080"]
2019-02-24 19:30:18.945  INFO 15892 --- [main] utoConfigurationReportLoggingInitializer : 

Error starting ApplicationContext. To display the auto-configuration report re-run your application with 'debug' enabled.
2019-02-24 19:30:18.951  INFO 15892 --- [main] ationConfigEmbeddedWebApplicationContext : Closing org.springframework.boot.context.embedded.AnnotationConfigEmbeddedWebApplicationContext@293a5bf6: startup date [Sun Feb 24 19:30:10 CST 2019]; root of context hierarchy
2019-02-24 19:30:18.953  INFO 15892 --- [main] o.s.j.e.a.AnnotationMBeanExporter        : Unregistering JMX-exposed beans on shutdown
2019-02-24 19:30:18.954  INFO 15892 --- [main] j.LocalContainerEntityManagerFactoryBean : Closing JPA EntityManagerFactory for persistence unit 'default'
2019-02-24 19:31:13.362  INFO 2784 --- [main] c.e.candiandian.CandiandianApplication   : Starting CandiandianApplication on DESKTOP-AA1U7VH with PID 2784 (started by 14980 in J:\learn\java\idea workspace\candiandian)
2019-02-24 19:31:13.378  INFO 2784 --- [main] c.e.candiandian.CandiandianApplication   : No active profile set, falling back to default profiles: default
2019-02-24 19:31:13.485  INFO 2784 --- [main] ationConfigEmbeddedWebApplicationContext : Refreshing org.springframework.boot.context.embedded.AnnotationConfigEmbeddedWebApplicationContext@7d8995e: startup date [Sun Feb 24 19:31:13 CST 2019]; root of context hierarchy
2019-02-24 19:31:13.745  INFO 2784 --- [background-preinit] o.h.validator.internal.util.Version      : HV000001: Hibernate Validator 5.3.5.Final
2019-02-24 19:31:15.175  INFO 2784 --- [main] s.b.c.e.t.TomcatEmbeddedServletContainer : Tomcat initialized with port(s): 8080 (http)
2019-02-24 19:31:15.194  INFO 2784 --- [main] o.apache.catalina.core.StandardService   : Starting service [Tomcat]
2019-02-24 19:31:15.195  INFO 2784 --- [main] org.apache.catalina.core.StandardEngine  : Starting Servlet Engine: Apache Tomcat/8.5.16
2019-02-24 19:31:15.304  INFO 2784 --- [localhost-startStop-1] o.a.c.c.C.[.[localhost].[/candiandian]   : Initializing Spring embedded WebApplicationContext
2019-02-24 19:31:15.304  INFO 2784 --- [localhost-startStop-1] o.s.web.context.ContextLoader            : Root WebApplicationContext: initialization completed in 1820 ms
2019-02-24 19:31:15.475  INFO 2784 --- [localhost-startStop-1] o.s.b.w.servlet.ServletRegistrationBean  : Mapping servlet: 'dispatcherServlet' to [/]
2019-02-24 19:31:15.481  INFO 2784 --- [localhost-startStop-1] o.s.b.w.servlet.FilterRegistrationBean   : Mapping filter: 'characterEncodingFilter' to: [/*]
2019-02-24 19:31:15.482  INFO 2784 --- [localhost-startStop-1] o.s.b.w.servlet.FilterRegistrationBean   : Mapping filter: 'hiddenHttpMethodFilter' to: [/*]
2019-02-24 19:31:15.484  INFO 2784 --- [localhost-startStop-1] o.s.b.w.servlet.FilterRegistrationBean   : Mapping filter: 'httpPutFormContentFilter' to: [/*]
2019-02-24 19:31:15.485  INFO 2784 --- [localhost-startStop-1] o.s.b.w.servlet.FilterRegistrationBean   : Mapping filter: 'requestContextFilter' to: [/*]
2019-02-24 19:31:20.458  INFO 2784 --- [main] j.LocalContainerEntityManagerFactoryBean : Building JPA container EntityManagerFactory for persistence unit 'default'
2019-02-24 19:31:20.470  INFO 2784 --- [main] o.hibernate.jpa.internal.util.LogHelper  : HHH000204: Processing PersistenceUnitInfo [
	name: default
	...]
2019-02-24 19:31:20.535  INFO 2784 --- [main] org.hibernate.Version                    : HHH000412: Hibernate Core {5.0.12.Final}
2019-02-24 19:31:20.537  INFO 2784 --- [main] org.hibernate.cfg.Environment            : HHH000206: hibernate.properties not found
2019-02-24 19:31:20.538  INFO 2784 --- [main] org.hibernate.cfg.Environment            : HHH000021: Bytecode provider name : javassist
2019-02-24 19:31:20.578  INFO 2784 --- [main] o.hibernate.annotations.common.Version   : HCANN000001: Hibernate Commons Annotations {5.0.1.Final}
2019-02-24 19:31:20.687  INFO 2784 --- [main] org.hibernate.dialect.Dialect            : HHH000400: Using dialect: org.hibernate.dialect.MySQL5Dialect
2019-02-24 19:31:21.164  INFO 2784 --- [main] j.LocalContainerEntityManagerFactoryBean : Initialized JPA EntityManagerFactory for persistence unit 'default'
2019-02-24 19:31:21.481  INFO 2784 --- [main] s.w.s.m.m.a.RequestMappingHandlerAdapter : Looking for @ControllerAdvice: org.springframework.boot.context.embedded.AnnotationConfigEmbeddedWebApplicationContext@7d8995e: startup date [Sun Feb 24 19:31:13 CST 2019]; root of context hierarchy
2019-02-24 19:31:21.543  INFO 2784 --- [main] s.w.s.m.m.a.RequestMappingHandlerMapping : Mapped "{[/buyer/restaurant/list],methods=[POST]}" onto public java.util.List<cn.edkso.candiandian.domain.Restaurant> cn.edkso.candiandian.controller.RestaurantController.list(java.lang.Double,java.lang.Double)
2019-02-24 19:31:21.546  INFO 2784 --- [main] s.w.s.m.m.a.RequestMappingHandlerMapping : Mapped "{[/error]}" onto public org.springframework.http.ResponseEntity<java.util.Map<java.lang.String, java.lang.Object>> org.springframework.boot.autoconfigure.web.BasicErrorController.error(javax.servlet.http.HttpServletRequest)
2019-02-24 19:31:21.547  INFO 2784 --- [main] s.w.s.m.m.a.RequestMappingHandlerMapping : Mapped "{[/error],produces=[text/html]}" onto public org.springframework.web.servlet.ModelAndView org.springframework.boot.autoconfigure.web.BasicErrorController.errorHtml(javax.servlet.http.HttpServletRequest,javax.servlet.http.HttpServletResponse)
2019-02-24 19:31:21.571  INFO 2784 --- [main] o.s.w.s.handler.SimpleUrlHandlerMapping  : Mapped URL path [/webjars/**] onto handler of type [class org.springframework.web.servlet.resource.ResourceHttpRequestHandler]
2019-02-24 19:31:21.572  INFO 2784 --- [main] o.s.w.s.handler.SimpleUrlHandlerMapping  : Mapped URL path [/**] onto handler of type [class org.springframework.web.servlet.resource.ResourceHttpRequestHandler]
2019-02-24 19:31:21.603  INFO 2784 --- [main] o.s.w.s.handler.SimpleUrlHandlerMapping  : Mapped URL path [/**/favicon.ico] onto handler of type [class org.springframework.web.servlet.resource.ResourceHttpRequestHandler]
2019-02-24 19:31:21.866  INFO 2784 --- [main] o.s.j.e.a.AnnotationMBeanExporter        : Registering beans for JMX exposure on startup
2019-02-24 19:31:21.881  INFO 2784 --- [main] o.a.coyote.http11.Http11NioProtocol      : Initializing ProtocolHandler ["http-nio-8080"]
2019-02-24 19:31:21.890  INFO 2784 --- [main] o.a.coyote.http11.Http11NioProtocol      : Starting ProtocolHandler ["http-nio-8080"]
2019-02-24 19:31:21.901  INFO 2784 --- [main] o.a.tomcat.util.net.NioSelectorPool      : Using a shared selector for servlet write/read
2019-02-24 19:31:21.931  INFO 2784 --- [main] s.b.c.e.t.TomcatEmbeddedServletContainer : Tomcat started on port(s): 8080 (http)
2019-02-24 19:31:21.935  INFO 2784 --- [main] c.e.candiandian.CandiandianApplication   : Started CandiandianApplication in 9.084 seconds (JVM running for 10.254)
2019-02-24 19:31:39.729  INFO 2784 --- [http-nio-8080-exec-2] o.a.c.c.C.[.[localhost].[/candiandian]   : Initializing Spring FrameworkServlet 'dispatcherServlet'
2019-02-24 19:31:39.730  INFO 2784 --- [http-nio-8080-exec-2] o.s.web.servlet.DispatcherServlet        : FrameworkServlet 'dispatcherServlet': initialization started
2019-02-24 19:31:39.756  INFO 2784 --- [http-nio-8080-exec-2] o.s.web.servlet.DispatcherServlet        : FrameworkServlet 'dispatcherServlet': initialization completed in 26 ms
2019-02-24 19:33:48.856  INFO 12984 --- [main] c.e.candiandian.CandiandianApplication   : Starting CandiandianApplication on DESKTOP-AA1U7VH with PID 12984 (started by 14980 in J:\learn\java\idea workspace\candiandian)
2019-02-24 19:33:48.859  INFO 12984 --- [main] c.e.candiandian.CandiandianApplication   : No active profile set, falling back to default profiles: default
2019-02-24 19:33:48.938  INFO 12984 --- [main] ationConfigEmbeddedWebApplicationContext : Refreshing org.springframework.boot.context.embedded.AnnotationConfigEmbeddedWebApplicationContext@42a48628: startup date [Sun Feb 24 19:33:48 CST 2019]; root of context hierarchy
2019-02-24 19:33:49.114  INFO 12984 --- [background-preinit] o.h.validator.internal.util.Version      : HV000001: Hibernate Validator 5.3.5.Final
2019-02-24 19:33:50.618  INFO 12984 --- [main] s.b.c.e.t.TomcatEmbeddedServletContainer : Tomcat initialized with port(s): 8080 (http)
2019-02-24 19:33:50.633  INFO 12984 --- [main] o.apache.catalina.core.StandardService   : Starting service [Tomcat]
2019-02-24 19:33:50.634  INFO 12984 --- [main] org.apache.catalina.core.StandardEngine  : Starting Servlet Engine: Apache Tomcat/8.5.16
2019-02-24 19:33:50.735  INFO 12984 --- [localhost-startStop-1] o.a.c.c.C.[.[localhost].[/candiandian]   : Initializing Spring embedded WebApplicationContext
2019-02-24 19:33:50.736  INFO 12984 --- [localhost-startStop-1] o.s.web.context.ContextLoader            : Root WebApplicationContext: initialization completed in 1798 ms
2019-02-24 19:33:50.909  INFO 12984 --- [localhost-startStop-1] o.s.b.w.servlet.ServletRegistrationBean  : Mapping servlet: 'dispatcherServlet' to [/]
2019-02-24 19:33:50.914  INFO 12984 --- [localhost-startStop-1] o.s.b.w.servlet.FilterRegistrationBean   : Mapping filter: 'characterEncodingFilter' to: [/*]
2019-02-24 19:33:50.915  INFO 12984 --- [localhost-startStop-1] o.s.b.w.servlet.FilterRegistrationBean   : Mapping filter: 'hiddenHttpMethodFilter' to: [/*]
2019-02-24 19:33:50.915  INFO 12984 --- [localhost-startStop-1] o.s.b.w.servlet.FilterRegistrationBean   : Mapping filter: 'httpPutFormContentFilter' to: [/*]
2019-02-24 19:33:50.916  INFO 12984 --- [localhost-startStop-1] o.s.b.w.servlet.FilterRegistrationBean   : Mapping filter: 'requestContextFilter' to: [/*]
2019-02-24 19:33:52.941  INFO 12984 --- [main] j.LocalContainerEntityManagerFactoryBean : Building JPA container EntityManagerFactory for persistence unit 'default'
2019-02-24 19:33:52.958  INFO 12984 --- [main] o.hibernate.jpa.internal.util.LogHelper  : HHH000204: Processing PersistenceUnitInfo [
	name: default
	...]
2019-02-24 19:33:53.036  INFO 12984 --- [main] org.hibernate.Version                    : HHH000412: Hibernate Core {5.0.12.Final}
2019-02-24 19:33:53.038  INFO 12984 --- [main] org.hibernate.cfg.Environment            : HHH000206: hibernate.properties not found
2019-02-24 19:33:53.040  INFO 12984 --- [main] org.hibernate.cfg.Environment            : HHH000021: Bytecode provider name : javassist
2019-02-24 19:33:53.084  INFO 12984 --- [main] o.hibernate.annotations.common.Version   : HCANN000001: Hibernate Commons Annotations {5.0.1.Final}
2019-02-24 19:33:53.201  INFO 12984 --- [main] org.hibernate.dialect.Dialect            : HHH000400: Using dialect: org.hibernate.dialect.MySQL5Dialect
2019-02-24 19:33:53.687  INFO 12984 --- [main] j.LocalContainerEntityManagerFactoryBean : Initialized JPA EntityManagerFactory for persistence unit 'default'
2019-02-24 19:33:54.012  INFO 12984 --- [main] s.w.s.m.m.a.RequestMappingHandlerAdapter : Looking for @ControllerAdvice: org.springframework.boot.context.embedded.AnnotationConfigEmbeddedWebApplicationContext@42a48628: startup date [Sun Feb 24 19:33:48 CST 2019]; root of context hierarchy
2019-02-24 19:33:54.081  INFO 12984 --- [main] s.w.s.m.m.a.RequestMappingHandlerMapping : Mapped "{[/buyer/restaurant/list],methods=[POST]}" onto public java.util.List<cn.edkso.candiandian.domain.Restaurant> cn.edkso.candiandian.controller.RestaurantController.list(java.lang.Double,java.lang.Double)
2019-02-24 19:33:54.083  INFO 12984 --- [main] s.w.s.m.m.a.RequestMappingHandlerMapping : Mapped "{[/error]}" onto public org.springframework.http.ResponseEntity<java.util.Map<java.lang.String, java.lang.Object>> org.springframework.boot.autoconfigure.web.BasicErrorController.error(javax.servlet.http.HttpServletRequest)
2019-02-24 19:33:54.084  INFO 12984 --- [main] s.w.s.m.m.a.RequestMappingHandlerMapping : Mapped "{[/error],produces=[text/html]}" onto public org.springframework.web.servlet.ModelAndView org.springframework.boot.autoconfigure.web.BasicErrorController.errorHtml(javax.servlet.http.HttpServletRequest,javax.servlet.http.HttpServletResponse)
2019-02-24 19:33:54.109  INFO 12984 --- [main] o.s.w.s.handler.SimpleUrlHandlerMapping  : Mapped URL path [/webjars/**] onto handler of type [class org.springframework.web.servlet.resource.ResourceHttpRequestHandler]
2019-02-24 19:33:54.109  INFO 12984 --- [main] o.s.w.s.handler.SimpleUrlHandlerMapping  : Mapped URL path [/**] onto handler of type [class org.springframework.web.servlet.resource.ResourceHttpRequestHandler]
2019-02-24 19:33:54.142  INFO 12984 --- [main] o.s.w.s.handler.SimpleUrlHandlerMapping  : Mapped URL path [/**/favicon.ico] onto handler of type [class org.springframework.web.servlet.resource.ResourceHttpRequestHandler]
2019-02-24 19:33:54.418  INFO 12984 --- [main] o.s.j.e.a.AnnotationMBeanExporter        : Registering beans for JMX exposure on startup
2019-02-24 19:33:54.433  INFO 12984 --- [main] o.a.coyote.http11.Http11NioProtocol      : Initializing ProtocolHandler ["http-nio-8080"]
2019-02-24 19:33:54.443  INFO 12984 --- [main] o.a.coyote.http11.Http11NioProtocol      : Starting ProtocolHandler ["http-nio-8080"]
2019-02-24 19:33:54.482  INFO 12984 --- [main] o.a.tomcat.util.net.NioSelectorPool      : Using a shared selector for servlet write/read
2019-02-24 19:33:54.535  INFO 12984 --- [main] s.b.c.e.t.TomcatEmbeddedServletContainer : Tomcat started on port(s): 8080 (http)
2019-02-24 19:33:54.542  INFO 12984 --- [main] c.e.candiandian.CandiandianApplication   : Started CandiandianApplication in 6.495 seconds (JVM running for 7.632)
2019-02-24 19:34:50.573  INFO 12984 --- [http-nio-8080-exec-2] o.a.c.c.C.[.[localhost].[/candiandian]   : Initializing Spring FrameworkServlet 'dispatcherServlet'
2019-02-24 19:34:50.574  INFO 12984 --- [http-nio-8080-exec-2] o.s.web.servlet.DispatcherServlet        : FrameworkServlet 'dispatcherServlet': initialization started
2019-02-24 19:34:50.600  INFO 12984 --- [http-nio-8080-exec-2] o.s.web.servlet.DispatcherServlet        : FrameworkServlet 'dispatcherServlet': initialization completed in 26 ms
2019-02-24 19:49:16.448  INFO 2668 --- [main] c.e.c.dao.impl.RestaurantDaoImplTest     : Starting RestaurantDaoImplTest on DESKTOP-AA1U7VH with PID 2668 (started by 14980 in J:\learn\java\idea workspace\candiandian)
2019-02-24 19:49:16.452  INFO 2668 --- [main] c.e.c.dao.impl.RestaurantDaoImplTest     : No active profile set, falling back to default profiles: default
2019-02-24 19:49:16.506  INFO 2668 --- [main] o.s.w.c.s.GenericWebApplicationContext   : Refreshing org.springframework.web.context.support.GenericWebApplicationContext@76494737: startup date [Sun Feb 24 19:49:16 CST 2019]; root of context hierarchy
2019-02-24 19:49:17.193  INFO 2668 --- [background-preinit] o.h.validator.internal.util.Version      : HV000001: Hibernate Validator 5.3.5.Final
2019-02-24 19:49:20.483  INFO 2668 --- [main] j.LocalContainerEntityManagerFactoryBean : Building JPA container EntityManagerFactory for persistence unit 'default'
2019-02-24 19:49:20.509  INFO 2668 --- [main] o.hibernate.jpa.internal.util.LogHelper  : HHH000204: Processing PersistenceUnitInfo [
	name: default
	...]
2019-02-24 19:49:20.615  INFO 2668 --- [main] org.hibernate.Version                    : HHH000412: Hibernate Core {5.0.12.Final}
2019-02-24 19:49:20.618  INFO 2668 --- [main] org.hibernate.cfg.Environment            : HHH000206: hibernate.properties not found
2019-02-24 19:49:20.619  INFO 2668 --- [main] org.hibernate.cfg.Environment            : HHH000021: Bytecode provider name : javassist
2019-02-24 19:49:20.679  INFO 2668 --- [main] o.hibernate.annotations.common.Version   : HCANN000001: Hibernate Commons Annotations {5.0.1.Final}
2019-02-24 19:49:20.846  INFO 2668 --- [main] org.hibernate.dialect.Dialect            : HHH000400: Using dialect: org.hibernate.dialect.MySQL5Dialect
2019-02-24 19:49:21.946  INFO 2668 --- [main] j.LocalContainerEntityManagerFactoryBean : Initialized JPA EntityManagerFactory for persistence unit 'default'
2019-02-24 19:49:22.698  INFO 2668 --- [main] s.w.s.m.m.a.RequestMappingHandlerAdapter : Looking for @ControllerAdvice: org.springframework.web.context.support.GenericWebApplicationContext@76494737: startup date [Sun Feb 24 19:49:16 CST 2019]; root of context hierarchy
2019-02-24 19:49:22.805  INFO 2668 --- [main] s.w.s.m.m.a.RequestMappingHandlerMapping : Mapped "{[/buyer/restaurant/list],methods=[POST]}" onto public java.util.List<cn.edkso.candiandian.domain.Restaurant> cn.edkso.candiandian.controller.RestaurantController.list(java.lang.Double,java.lang.Double)
2019-02-24 19:49:22.808  INFO 2668 --- [main] s.w.s.m.m.a.RequestMappingHandlerMapping : Mapped "{[/error]}" onto public org.springframework.http.ResponseEntity<java.util.Map<java.lang.String, java.lang.Object>> org.springframework.boot.autoconfigure.web.BasicErrorController.error(javax.servlet.http.HttpServletRequest)
2019-02-24 19:49:22.809  INFO 2668 --- [main] s.w.s.m.m.a.RequestMappingHandlerMapping : Mapped "{[/error],produces=[text/html]}" onto public org.springframework.web.servlet.ModelAndView org.springframework.boot.autoconfigure.web.BasicErrorController.errorHtml(javax.servlet.http.HttpServletRequest,javax.servlet.http.HttpServletResponse)
2019-02-24 19:49:22.843  INFO 2668 --- [main] o.s.w.s.handler.SimpleUrlHandlerMapping  : Mapped URL path [/webjars/**] onto handler of type [class org.springframework.web.servlet.resource.ResourceHttpRequestHandler]
2019-02-24 19:49:22.843  INFO 2668 --- [main] o.s.w.s.handler.SimpleUrlHandlerMapping  : Mapped URL path [/**] onto handler of type [class org.springframework.web.servlet.resource.ResourceHttpRequestHandler]
2019-02-24 19:49:22.894  INFO 2668 --- [main] o.s.w.s.handler.SimpleUrlHandlerMapping  : Mapped URL path [/**/favicon.ico] onto handler of type [class org.springframework.web.servlet.resource.ResourceHttpRequestHandler]
2019-02-24 19:49:23.293  INFO 2668 --- [main] c.e.c.dao.impl.RestaurantDaoImplTest     : Started RestaurantDaoImplTest in 7.656 seconds (JVM running for 8.975)
2019-02-24 19:49:23.458  INFO 2668 --- [Thread-3] o.s.w.c.s.GenericWebApplicationContext   : Closing org.springframework.web.context.support.GenericWebApplicationContext@76494737: startup date [Sun Feb 24 19:49:16 CST 2019]; root of context hierarchy
2019-02-24 19:49:23.463  INFO 2668 --- [Thread-3] j.LocalContainerEntityManagerFactoryBean : Closing JPA EntityManagerFactory for persistence unit 'default'
2019-02-24 19:50:38.141  INFO 16540 --- [main] c.e.c.dao.impl.RestaurantDaoImplTest     : Starting RestaurantDaoImplTest on DESKTOP-AA1U7VH with PID 16540 (started by 14980 in J:\learn\java\idea workspace\candiandian)
2019-02-24 19:50:38.142  INFO 16540 --- [main] c.e.c.dao.impl.RestaurantDaoImplTest     : No active profile set, falling back to default profiles: default
2019-02-24 19:50:38.195  INFO 16540 --- [main] o.s.w.c.s.GenericWebApplicationContext   : Refreshing org.springframework.web.context.support.GenericWebApplicationContext@76494737: startup date [Sun Feb 24 19:50:38 CST 2019]; root of context hierarchy
2019-02-24 19:50:38.787  INFO 16540 --- [background-preinit] o.h.validator.internal.util.Version      : HV000001: Hibernate Validator 5.3.5.Final
2019-02-24 19:50:43.573  INFO 16540 --- [main] j.LocalContainerEntityManagerFactoryBean : Building JPA container EntityManagerFactory for persistence unit 'default'
2019-02-24 19:50:43.657  INFO 16540 --- [main] o.hibernate.jpa.internal.util.LogHelper  : HHH000204: Processing PersistenceUnitInfo [
	name: default
	...]
2019-02-24 19:50:43.802  INFO 16540 --- [main] org.hibernate.Version                    : HHH000412: Hibernate Core {5.0.12.Final}
2019-02-24 19:50:43.805  INFO 16540 --- [main] org.hibernate.cfg.Environment            : HHH000206: hibernate.properties not found
2019-02-24 19:50:43.807  INFO 16540 --- [main] org.hibernate.cfg.Environment            : HHH000021: Bytecode provider name : javassist
2019-02-24 19:50:43.871  INFO 16540 --- [main] o.hibernate.annotations.common.Version   : HCANN000001: Hibernate Commons Annotations {5.0.1.Final}
2019-02-24 19:50:44.126  INFO 16540 --- [main] org.hibernate.dialect.Dialect            : HHH000400: Using dialect: org.hibernate.dialect.MySQL5Dialect
2019-02-24 19:50:45.841  INFO 16540 --- [main] j.LocalContainerEntityManagerFactoryBean : Initialized JPA EntityManagerFactory for persistence unit 'default'
2019-02-24 19:50:46.617  INFO 16540 --- [main] s.w.s.m.m.a.RequestMappingHandlerAdapter : Looking for @ControllerAdvice: org.springframework.web.context.support.GenericWebApplicationContext@76494737: startup date [Sun Feb 24 19:50:38 CST 2019]; root of context hierarchy
2019-02-24 19:50:46.810  INFO 16540 --- [main] s.w.s.m.m.a.RequestMappingHandlerMapping : Mapped "{[/buyer/restaurant/list],methods=[POST]}" onto public java.util.List<cn.edkso.candiandian.domain.Restaurant> cn.edkso.candiandian.controller.RestaurantController.list(java.lang.Double,java.lang.Double)
2019-02-24 19:50:46.815  INFO 16540 --- [main] s.w.s.m.m.a.RequestMappingHandlerMapping : Mapped "{[/error]}" onto public org.springframework.http.ResponseEntity<java.util.Map<java.lang.String, java.lang.Object>> org.springframework.boot.autoconfigure.web.BasicErrorController.error(javax.servlet.http.HttpServletRequest)
2019-02-24 19:50:46.827  INFO 16540 --- [main] s.w.s.m.m.a.RequestMappingHandlerMapping : Mapped "{[/error],produces=[text/html]}" onto public org.springframework.web.servlet.ModelAndView org.springframework.boot.autoconfigure.web.BasicErrorController.errorHtml(javax.servlet.http.HttpServletRequest,javax.servlet.http.HttpServletResponse)
2019-02-24 19:50:46.903  INFO 16540 --- [main] o.s.w.s.handler.SimpleUrlHandlerMapping  : Mapped URL path [/webjars/**] onto handler of type [class org.springframework.web.servlet.resource.ResourceHttpRequestHandler]
2019-02-24 19:50:46.903  INFO 16540 --- [main] o.s.w.s.handler.SimpleUrlHandlerMapping  : Mapped URL path [/**] onto handler of type [class org.springframework.web.servlet.resource.ResourceHttpRequestHandler]
2019-02-24 19:50:47.338  INFO 16540 --- [main] o.s.w.s.handler.SimpleUrlHandlerMapping  : Mapped URL path [/**/favicon.ico] onto handler of type [class org.springframework.web.servlet.resource.ResourceHttpRequestHandler]
2019-02-24 19:50:47.843  INFO 16540 --- [main] c.e.c.dao.impl.RestaurantDaoImplTest     : Started RestaurantDaoImplTest in 10.73 seconds (JVM running for 12.025)
2019-02-24 19:50:48.031  INFO 16540 --- [Thread-3] o.s.w.c.s.GenericWebApplicationContext   : Closing org.springframework.web.context.support.GenericWebApplicationContext@76494737: startup date [Sun Feb 24 19:50:38 CST 2019]; root of context hierarchy
2019-02-24 19:50:48.036  INFO 16540 --- [Thread-3] j.LocalContainerEntityManagerFactoryBean : Closing JPA EntityManagerFactory for persistence unit 'default'
2019-02-24 20:00:10.298  INFO 17204 --- [main] c.e.candiandian.CandiandianApplication   : Starting CandiandianApplication on DESKTOP-AA1U7VH with PID 17204 (started by 14980 in J:\learn\java\idea workspace\candiandian)
2019-02-24 20:00:10.304  INFO 17204 --- [main] c.e.candiandian.CandiandianApplication   : No active profile set, falling back to default profiles: default
2019-02-24 20:00:10.365  INFO 17204 --- [main] ationConfigEmbeddedWebApplicationContext : Refreshing org.springframework.boot.context.embedded.AnnotationConfigEmbeddedWebApplicationContext@7d8995e: startup date [Sun Feb 24 20:00:10 CST 2019]; root of context hierarchy
2019-02-24 20:00:10.596  INFO 17204 --- [background-preinit] o.h.validator.internal.util.Version      : HV000001: Hibernate Validator 5.3.5.Final
2019-02-24 20:00:11.785  INFO 17204 --- [main] s.b.c.e.t.TomcatEmbeddedServletContainer : Tomcat initialized with port(s): 8080 (http)
2019-02-24 20:00:11.800  INFO 17204 --- [main] o.apache.catalina.core.StandardService   : Starting service [Tomcat]
2019-02-24 20:00:11.801  INFO 17204 --- [main] org.apache.catalina.core.StandardEngine  : Starting Servlet Engine: Apache Tomcat/8.5.16
2019-02-24 20:00:11.900  INFO 17204 --- [localhost-startStop-1] o.a.c.c.C.[.[localhost].[/candiandian]   : Initializing Spring embedded WebApplicationContext
2019-02-24 20:00:11.901  INFO 17204 --- [localhost-startStop-1] o.s.web.context.ContextLoader            : Root WebApplicationContext: initialization completed in 1535 ms
2019-02-24 20:00:12.063  INFO 17204 --- [localhost-startStop-1] o.s.b.w.servlet.ServletRegistrationBean  : Mapping servlet: 'dispatcherServlet' to [/]
2019-02-24 20:00:12.067  INFO 17204 --- [localhost-startStop-1] o.s.b.w.servlet.FilterRegistrationBean   : Mapping filter: 'characterEncodingFilter' to: [/*]
2019-02-24 20:00:12.068  INFO 17204 --- [localhost-startStop-1] o.s.b.w.servlet.FilterRegistrationBean   : Mapping filter: 'hiddenHttpMethodFilter' to: [/*]
2019-02-24 20:00:12.068  INFO 17204 --- [localhost-startStop-1] o.s.b.w.servlet.FilterRegistrationBean   : Mapping filter: 'httpPutFormContentFilter' to: [/*]
2019-02-24 20:00:12.069  INFO 17204 --- [localhost-startStop-1] o.s.b.w.servlet.FilterRegistrationBean   : Mapping filter: 'requestContextFilter' to: [/*]
2019-02-24 20:00:17.002  INFO 17204 --- [main] j.LocalContainerEntityManagerFactoryBean : Building JPA container EntityManagerFactory for persistence unit 'default'
2019-02-24 20:00:17.014  INFO 17204 --- [main] o.hibernate.jpa.internal.util.LogHelper  : HHH000204: Processing PersistenceUnitInfo [
	name: default
	...]
2019-02-24 20:00:17.078  INFO 17204 --- [main] org.hibernate.Version                    : HHH000412: Hibernate Core {5.0.12.Final}
2019-02-24 20:00:17.080  INFO 17204 --- [main] org.hibernate.cfg.Environment            : HHH000206: hibernate.properties not found
2019-02-24 20:00:17.082  INFO 17204 --- [main] org.hibernate.cfg.Environment            : HHH000021: Bytecode provider name : javassist
2019-02-24 20:00:17.123  INFO 17204 --- [main] o.hibernate.annotations.common.Version   : HCANN000001: Hibernate Commons Annotations {5.0.1.Final}
2019-02-24 20:00:17.231  INFO 17204 --- [main] org.hibernate.dialect.Dialect            : HHH000400: Using dialect: org.hibernate.dialect.MySQL5Dialect
2019-02-24 20:00:17.698  INFO 17204 --- [main] j.LocalContainerEntityManagerFactoryBean : Initialized JPA EntityManagerFactory for persistence unit 'default'
2019-02-24 20:00:18.017  INFO 17204 --- [main] s.w.s.m.m.a.RequestMappingHandlerAdapter : Looking for @ControllerAdvice: org.springframework.boot.context.embedded.AnnotationConfigEmbeddedWebApplicationContext@7d8995e: startup date [Sun Feb 24 20:00:10 CST 2019]; root of context hierarchy
2019-02-24 20:00:18.079  INFO 17204 --- [main] s.w.s.m.m.a.RequestMappingHandlerMapping : Mapped "{[/buyer/restaurant/list],methods=[POST]}" onto public java.util.List<cn.edkso.candiandian.domain.Restaurant> cn.edkso.candiandian.controller.RestaurantController.list(java.lang.Double,java.lang.Double)
2019-02-24 20:00:18.082  INFO 17204 --- [main] s.w.s.m.m.a.RequestMappingHandlerMapping : Mapped "{[/error]}" onto public org.springframework.http.ResponseEntity<java.util.Map<java.lang.String, java.lang.Object>> org.springframework.boot.autoconfigure.web.BasicErrorController.error(javax.servlet.http.HttpServletRequest)
2019-02-24 20:00:18.082  INFO 17204 --- [main] s.w.s.m.m.a.RequestMappingHandlerMapping : Mapped "{[/error],produces=[text/html]}" onto public org.springframework.web.servlet.ModelAndView org.springframework.boot.autoconfigure.web.BasicErrorController.errorHtml(javax.servlet.http.HttpServletRequest,javax.servlet.http.HttpServletResponse)
2019-02-24 20:00:18.106  INFO 17204 --- [main] o.s.w.s.handler.SimpleUrlHandlerMapping  : Mapped URL path [/webjars/**] onto handler of type [class org.springframework.web.servlet.resource.ResourceHttpRequestHandler]
2019-02-24 20:00:18.106  INFO 17204 --- [main] o.s.w.s.handler.SimpleUrlHandlerMapping  : Mapped URL path [/**] onto handler of type [class org.springframework.web.servlet.resource.ResourceHttpRequestHandler]
2019-02-24 20:00:18.137  INFO 17204 --- [main] o.s.w.s.handler.SimpleUrlHandlerMapping  : Mapped URL path [/**/favicon.ico] onto handler of type [class org.springframework.web.servlet.resource.ResourceHttpRequestHandler]
2019-02-24 20:00:18.387  INFO 17204 --- [main] o.s.j.e.a.AnnotationMBeanExporter        : Registering beans for JMX exposure on startup
2019-02-24 20:00:18.402  INFO 17204 --- [main] o.a.coyote.http11.Http11NioProtocol      : Initializing ProtocolHandler ["http-nio-8080"]
2019-02-24 20:00:18.415  INFO 17204 --- [main] o.a.coyote.http11.Http11NioProtocol      : Starting ProtocolHandler ["http-nio-8080"]
2019-02-24 20:00:18.429  INFO 17204 --- [main] o.a.tomcat.util.net.NioSelectorPool      : Using a shared selector for servlet write/read
2019-02-24 20:00:18.446  INFO 17204 --- [main] s.b.c.e.t.TomcatEmbeddedServletContainer : Tomcat started on port(s): 8080 (http)
2019-02-24 20:00:18.451  INFO 17204 --- [main] c.e.candiandian.CandiandianApplication   : Started CandiandianApplication in 8.675 seconds (JVM running for 9.866)
2019-02-24 20:00:24.574  INFO 17204 --- [http-nio-8080-exec-1] o.a.c.c.C.[.[localhost].[/candiandian]   : Initializing Spring FrameworkServlet 'dispatcherServlet'
2019-02-24 20:00:24.574  INFO 17204 --- [http-nio-8080-exec-1] o.s.web.servlet.DispatcherServlet        : FrameworkServlet 'dispatcherServlet': initialization started
2019-02-24 20:00:24.601  INFO 17204 --- [http-nio-8080-exec-1] o.s.web.servlet.DispatcherServlet        : FrameworkServlet 'dispatcherServlet': initialization completed in 27 ms
2019-02-24 20:01:54.861  INFO 1480 --- [main] c.e.candiandian.CandiandianApplication   : Starting CandiandianApplication on DESKTOP-AA1U7VH with PID 1480 (started by 14980 in J:\learn\java\idea workspace\candiandian)
2019-02-24 20:01:54.863  INFO 1480 --- [main] c.e.candiandian.CandiandianApplication   : No active profile set, falling back to default profiles: default
2019-02-24 20:01:54.941  INFO 1480 --- [main] ationConfigEmbeddedWebApplicationContext : Refreshing org.springframework.boot.context.embedded.AnnotationConfigEmbeddedWebApplicationContext@7d8995e: startup date [Sun Feb 24 20:01:54 CST 2019]; root of context hierarchy
2019-02-24 20:01:55.065  INFO 1480 --- [background-preinit] o.h.validator.internal.util.Version      : HV000001: Hibernate Validator 5.3.5.Final
2019-02-24 20:01:56.308  INFO 1480 --- [main] s.b.c.e.t.TomcatEmbeddedServletContainer : Tomcat initialized with port(s): 8080 (http)
2019-02-24 20:01:56.323  INFO 1480 --- [main] o.apache.catalina.core.StandardService   : Starting service [Tomcat]
2019-02-24 20:01:56.325  INFO 1480 --- [main] org.apache.catalina.core.StandardEngine  : Starting Servlet Engine: Apache Tomcat/8.5.16
2019-02-24 20:01:56.428  INFO 1480 --- [localhost-startStop-1] o.a.c.c.C.[.[localhost].[/candiandian]   : Initializing Spring embedded WebApplicationContext
2019-02-24 20:01:56.428  INFO 1480 --- [localhost-startStop-1] o.s.web.context.ContextLoader            : Root WebApplicationContext: initialization completed in 1487 ms
2019-02-24 20:01:56.596  INFO 1480 --- [localhost-startStop-1] o.s.b.w.servlet.ServletRegistrationBean  : Mapping servlet: 'dispatcherServlet' to [/]
2019-02-24 20:01:56.601  INFO 1480 --- [localhost-startStop-1] o.s.b.w.servlet.FilterRegistrationBean   : Mapping filter: 'characterEncodingFilter' to: [/*]
2019-02-24 20:01:56.602  INFO 1480 --- [localhost-startStop-1] o.s.b.w.servlet.FilterRegistrationBean   : Mapping filter: 'hiddenHttpMethodFilter' to: [/*]
2019-02-24 20:01:56.602  INFO 1480 --- [localhost-startStop-1] o.s.b.w.servlet.FilterRegistrationBean   : Mapping filter: 'httpPutFormContentFilter' to: [/*]
2019-02-24 20:01:56.602  INFO 1480 --- [localhost-startStop-1] o.s.b.w.servlet.FilterRegistrationBean   : Mapping filter: 'requestContextFilter' to: [/*]
2019-02-24 20:01:58.579  INFO 1480 --- [main] j.LocalContainerEntityManagerFactoryBean : Building JPA container EntityManagerFactory for persistence unit 'default'
2019-02-24 20:01:58.592  INFO 1480 --- [main] o.hibernate.jpa.internal.util.LogHelper  : HHH000204: Processing PersistenceUnitInfo [
	name: default
	...]
2019-02-24 20:01:58.658  INFO 1480 --- [main] org.hibernate.Version                    : HHH000412: Hibernate Core {5.0.12.Final}
2019-02-24 20:01:58.660  INFO 1480 --- [main] org.hibernate.cfg.Environment            : HHH000206: hibernate.properties not found
2019-02-24 20:01:58.661  INFO 1480 --- [main] org.hibernate.cfg.Environment            : HHH000021: Bytecode provider name : javassist
2019-02-24 20:01:58.704  INFO 1480 --- [main] o.hibernate.annotations.common.Version   : HCANN000001: Hibernate Commons Annotations {5.0.1.Final}
2019-02-24 20:01:58.828  INFO 1480 --- [main] org.hibernate.dialect.Dialect            : HHH000400: Using dialect: org.hibernate.dialect.MySQL5Dialect
2019-02-24 20:01:59.299  INFO 1480 --- [main] j.LocalContainerEntityManagerFactoryBean : Initialized JPA EntityManagerFactory for persistence unit 'default'
2019-02-24 20:01:59.622  INFO 1480 --- [main] s.w.s.m.m.a.RequestMappingHandlerAdapter : Looking for @ControllerAdvice: org.springframework.boot.context.embedded.AnnotationConfigEmbeddedWebApplicationContext@7d8995e: startup date [Sun Feb 24 20:01:54 CST 2019]; root of context hierarchy
2019-02-24 20:01:59.688  INFO 1480 --- [main] s.w.s.m.m.a.RequestMappingHandlerMapping : Mapped "{[/buyer/restaurant/list],methods=[POST]}" onto public java.util.List<cn.edkso.candiandian.domain.Restaurant> cn.edkso.candiandian.controller.RestaurantController.list(java.lang.Double,java.lang.Double)
2019-02-24 20:01:59.691  INFO 1480 --- [main] s.w.s.m.m.a.RequestMappingHandlerMapping : Mapped "{[/error]}" onto public org.springframework.http.ResponseEntity<java.util.Map<java.lang.String, java.lang.Object>> org.springframework.boot.autoconfigure.web.BasicErrorController.error(javax.servlet.http.HttpServletRequest)
2019-02-24 20:01:59.694  INFO 1480 --- [main] s.w.s.m.m.a.RequestMappingHandlerMapping : Mapped "{[/error],produces=[text/html]}" onto public org.springframework.web.servlet.ModelAndView org.springframework.boot.autoconfigure.web.BasicErrorController.errorHtml(javax.servlet.http.HttpServletRequest,javax.servlet.http.HttpServletResponse)
2019-02-24 20:01:59.722  INFO 1480 --- [main] o.s.w.s.handler.SimpleUrlHandlerMapping  : Mapped URL path [/webjars/**] onto handler of type [class org.springframework.web.servlet.resource.ResourceHttpRequestHandler]
2019-02-24 20:01:59.722  INFO 1480 --- [main] o.s.w.s.handler.SimpleUrlHandlerMapping  : Mapped URL path [/**] onto handler of type [class org.springframework.web.servlet.resource.ResourceHttpRequestHandler]
2019-02-24 20:01:59.755  INFO 1480 --- [main] o.s.w.s.handler.SimpleUrlHandlerMapping  : Mapped URL path [/**/favicon.ico] onto handler of type [class org.springframework.web.servlet.resource.ResourceHttpRequestHandler]
2019-02-24 20:02:00.042  INFO 1480 --- [main] o.s.j.e.a.AnnotationMBeanExporter        : Registering beans for JMX exposure on startup
2019-02-24 20:02:00.059  INFO 1480 --- [main] o.a.coyote.http11.Http11NioProtocol      : Initializing ProtocolHandler ["http-nio-8080"]
2019-02-24 20:02:00.068  INFO 1480 --- [main] o.a.coyote.http11.Http11NioProtocol      : Starting ProtocolHandler ["http-nio-8080"]
2019-02-24 20:02:00.086  INFO 1480 --- [main] o.a.tomcat.util.net.NioSelectorPool      : Using a shared selector for servlet write/read
2019-02-24 20:02:00.104  INFO 1480 --- [main] s.b.c.e.t.TomcatEmbeddedServletContainer : Tomcat started on port(s): 8080 (http)
2019-02-24 20:02:00.108  INFO 1480 --- [main] c.e.candiandian.CandiandianApplication   : Started CandiandianApplication in 5.817 seconds (JVM running for 7.057)
2019-02-24 20:02:20.585  INFO 1480 --- [http-nio-8080-exec-1] o.a.c.c.C.[.[localhost].[/candiandian]   : Initializing Spring FrameworkServlet 'dispatcherServlet'
2019-02-24 20:02:20.585  INFO 1480 --- [http-nio-8080-exec-1] o.s.web.servlet.DispatcherServlet        : FrameworkServlet 'dispatcherServlet': initialization started
2019-02-24 20:02:20.613  INFO 1480 --- [http-nio-8080-exec-1] o.s.web.servlet.DispatcherServlet        : FrameworkServlet 'dispatcherServlet': initialization completed in 28 ms
