2019-05-06 11:49:20.535  INFO 5324 --- [restartedMain] c.e.candiandian.CandiandianApplication   : Starting CandiandianApplication on DESKTOP-KJ8GN76 with PID 5324 (I:\learn\java\ideaWorkspace\candiandian\target\classes started by dingmengdi in I:\learn\java\ideaWorkspace\candiandian)
2019-05-06 11:49:20.538  INFO 5324 --- [restartedMain] c.e.candiandian.CandiandianApplication   : No active profile set, falling back to default profiles: default
2019-05-06 11:49:20.823  INFO 5324 --- [background-preinit] o.h.validator.internal.util.Version      : HV000001: Hibernate Validator 5.3.5.Final
2019-05-06 11:49:21.033  INFO 5324 --- [restartedMain] ationConfigEmbeddedWebApplicationContext : Refreshing org.springframework.boot.context.embedded.AnnotationConfigEmbeddedWebApplicationContext@fd744ca: startup date [Mon May 06 11:49:21 CST 2019]; root of context hierarchy
2019-05-06 11:49:22.231  INFO 5324 --- [restartedMain] .s.d.r.c.RepositoryConfigurationDelegate : Multiple Spring Data modules found, entering strict repository configuration mode!
2019-05-06 11:49:22.339  INFO 5324 --- [restartedMain] .s.d.r.c.RepositoryConfigurationDelegate : Multiple Spring Data modules found, entering strict repository configuration mode!
2019-05-06 11:49:22.402  INFO 5324 --- [restartedMain] .RepositoryConfigurationExtensionSupport : Spring Data Redis - Could not safely identify store assignment for repository candidate interface cn.edkso.candiandian.dao.RestaurantImgDao.
2019-05-06 11:49:22.403  INFO 5324 --- [restartedMain] .RepositoryConfigurationExtensionSupport : Spring Data Redis - Could not safely identify store assignment for repository candidate interface cn.edkso.candiandian.dao.OrderDetailDao.
2019-05-06 11:49:22.406  INFO 5324 --- [restartedMain] .RepositoryConfigurationExtensionSupport : Spring Data Redis - Could not safely identify store assignment for repository candidate interface cn.edkso.candiandian.dao.OrderMasterDao.
2019-05-06 11:49:22.408  INFO 5324 --- [restartedMain] .RepositoryConfigurationExtensionSupport : Spring Data Redis - Could not safely identify store assignment for repository candidate interface cn.edkso.candiandian.dao.StoreDao.
2019-05-06 11:49:22.409  INFO 5324 --- [restartedMain] .RepositoryConfigurationExtensionSupport : Spring Data Redis - Could not safely identify store assignment for repository candidate interface cn.edkso.candiandian.dao.UserDao.
2019-05-06 11:49:22.410  INFO 5324 --- [restartedMain] .RepositoryConfigurationExtensionSupport : Spring Data Redis - Could not safely identify store assignment for repository candidate interface cn.edkso.candiandian.dao.ProductDao.
2019-05-06 11:49:22.410  INFO 5324 --- [restartedMain] .RepositoryConfigurationExtensionSupport : Spring Data Redis - Could not safely identify store assignment for repository candidate interface cn.edkso.candiandian.dao.RestaurantDao.
2019-05-06 11:49:23.547  INFO 5324 --- [restartedMain] s.b.c.e.t.TomcatEmbeddedServletContainer : Tomcat initialized with port(s): 8080 (http)
2019-05-06 11:49:23.558  INFO 5324 --- [restartedMain] o.apache.catalina.core.StandardService   : Starting service [Tomcat]
2019-05-06 11:49:23.559  INFO 5324 --- [restartedMain] org.apache.catalina.core.StandardEngine  : Starting Servlet Engine: Apache Tomcat/8.5.16
2019-05-06 11:49:23.700  INFO 5324 --- [localhost-startStop-1] o.a.c.c.C.[.[localhost].[/candiandian]   : Initializing Spring embedded WebApplicationContext
2019-05-06 11:49:23.700  INFO 5324 --- [localhost-startStop-1] o.s.web.context.ContextLoader            : Root WebApplicationContext: initialization completed in 2667 ms
2019-05-06 11:49:24.038  INFO 5324 --- [localhost-startStop-1] o.s.b.w.servlet.ServletRegistrationBean  : Mapping servlet: 'dispatcherServlet' to [/]
2019-05-06 11:49:24.042  INFO 5324 --- [localhost-startStop-1] o.s.b.w.servlet.FilterRegistrationBean   : Mapping filter: 'characterEncodingFilter' to: [/*]
2019-05-06 11:49:24.043  INFO 5324 --- [localhost-startStop-1] o.s.b.w.servlet.FilterRegistrationBean   : Mapping filter: 'springSessionRepositoryFilter' to: [/*]
2019-05-06 11:49:24.043  INFO 5324 --- [localhost-startStop-1] o.s.b.w.servlet.FilterRegistrationBean   : Mapping filter: 'hiddenHttpMethodFilter' to: [/*]
2019-05-06 11:49:24.043  INFO 5324 --- [localhost-startStop-1] o.s.b.w.servlet.FilterRegistrationBean   : Mapping filter: 'httpPutFormContentFilter' to: [/*]
2019-05-06 11:49:24.043  INFO 5324 --- [localhost-startStop-1] o.s.b.w.servlet.FilterRegistrationBean   : Mapping filter: 'requestContextFilter' to: [/*]
2019-05-06 11:49:37.838  INFO 5324 --- [restartedMain] j.LocalContainerEntityManagerFactoryBean : Building JPA container EntityManagerFactory for persistence unit 'default'
2019-05-06 11:49:37.930  INFO 5324 --- [restartedMain] o.hibernate.jpa.internal.util.LogHelper  : HHH000204: Processing PersistenceUnitInfo [
	name: default
	...]
2019-05-06 11:49:38.049  INFO 5324 --- [restartedMain] org.hibernate.Version                    : HHH000412: Hibernate Core {5.0.12.Final}
2019-05-06 11:49:38.051  INFO 5324 --- [restartedMain] org.hibernate.cfg.Environment            : HHH000206: hibernate.properties not found
2019-05-06 11:49:38.051  INFO 5324 --- [restartedMain] org.hibernate.cfg.Environment            : HHH000021: Bytecode provider name : javassist
2019-05-06 11:49:38.116  INFO 5324 --- [restartedMain] o.hibernate.annotations.common.Version   : HCANN000001: Hibernate Commons Annotations {5.0.1.Final}
2019-05-06 11:49:38.607  INFO 5324 --- [restartedMain] org.hibernate.dialect.Dialect            : HHH000400: Using dialect: org.hibernate.dialect.MySQL5Dialect
2019-05-06 11:49:39.337  INFO 5324 --- [restartedMain] j.LocalContainerEntityManagerFactoryBean : Initialized JPA EntityManagerFactory for persistence unit 'default'
2019-05-06 11:49:40.181  INFO 5324 --- [restartedMain] s.w.s.m.m.a.RequestMappingHandlerAdapter : Looking for @ControllerAdvice: org.springframework.boot.context.embedded.AnnotationConfigEmbeddedWebApplicationContext@fd744ca: startup date [Mon May 06 11:49:21 CST 2019]; root of context hierarchy
2019-05-06 11:49:40.257  INFO 5324 --- [restartedMain] s.w.s.m.m.a.RequestMappingHandlerMapping : Mapped "{[/buyer/order/create || /seller/order/create],methods=[POST]}" onto public java.util.List<cn.edkso.candiandian.domain.OrderMaster> cn.edkso.candiandian.controller.OrderController.create(cn.edkso.candiandian.form.RestaurantForm)
2019-05-06 11:49:40.258  INFO 5324 --- [restartedMain] s.w.s.m.m.a.RequestMappingHandlerMapping : Mapped "{[/buyer/order/cancel || /seller/order/cancel],methods=[POST]}" onto public java.lang.String cn.edkso.candiandian.controller.OrderController.cancel(java.lang.String)
2019-05-06 11:49:40.258  INFO 5324 --- [restartedMain] s.w.s.m.m.a.RequestMappingHandlerMapping : Mapped "{[/buyer/order/findAll || /seller/order/findAll],methods=[POST]}" onto public java.util.List<cn.edkso.candiandian.dto.OrderDTO> cn.edkso.candiandian.controller.OrderController.findAll(java.lang.String)
2019-05-06 11:49:40.259  INFO 5324 --- [restartedMain] s.w.s.m.m.a.RequestMappingHandlerMapping : Mapped "{[/buyer/order/waitOrder || /seller/order/waitOrder],methods=[POST]}" onto public cn.edkso.candiandian.vo.ResuleVo<cn.edkso.candiandian.domain.Store> cn.edkso.candiandian.controller.OrderController.waitOrder()
2019-05-06 11:49:40.259  INFO 5324 --- [restartedMain] s.w.s.m.m.a.RequestMappingHandlerMapping : Mapped "{[/buyer/order/sendOrder || /seller/order/sendOrder],methods=[POST]}" onto public cn.edkso.candiandian.vo.ResuleVo<cn.edkso.candiandian.domain.Store> cn.edkso.candiandian.controller.OrderController.sendingOrder(java.lang.Integer,java.lang.Integer)
2019-05-06 11:49:40.259  INFO 5324 --- [restartedMain] s.w.s.m.m.a.RequestMappingHandlerMapping : Mapped "{[/buyer/order/buyerSum || /seller/order/buyerSum]}" onto public cn.edkso.candiandian.vo.ResuleVo<cn.edkso.candiandian.dto.IndexShowDTO> cn.edkso.candiandian.controller.OrderController.buyerSum()
2019-05-06 11:49:40.260  INFO 5324 --- [restartedMain] s.w.s.m.m.a.RequestMappingHandlerMapping : Mapped "{[/buyer/order/orderPriceSum || /seller/order/orderPriceSum],methods=[POST]}" onto public cn.edkso.candiandian.vo.ResuleVo<java.math.BigDecimal> cn.edkso.candiandian.controller.OrderController.orderPriceSum()
2019-05-06 11:49:40.260  INFO 5324 --- [restartedMain] s.w.s.m.m.a.RequestMappingHandlerMapping : Mapped "{[/buyer/order/productRank || /seller/order/productRank],methods=[POST]}" onto public cn.edkso.candiandian.vo.ResuleVo<java.util.List<cn.edkso.candiandian.domain.Product>> cn.edkso.candiandian.controller.OrderController.productRank()
2019-05-06 11:49:40.260  INFO 5324 --- [restartedMain] s.w.s.m.m.a.RequestMappingHandlerMapping : Mapped "{[/buyer/order/achivedOrder || /seller/order/achivedOrder],methods=[POST]}" onto public cn.edkso.candiandian.vo.ResuleVo cn.edkso.candiandian.controller.OrderController.achivedOrder(java.lang.String)
2019-05-06 11:49:40.261  INFO 5324 --- [restartedMain] s.w.s.m.m.a.RequestMappingHandlerMapping : Mapped "{[/buyer/order/sendedOrder || /seller/order/sendedOrder],methods=[POST]}" onto public cn.edkso.candiandian.vo.ResuleVo cn.edkso.candiandian.controller.OrderController.sendedOrder(java.lang.String)
2019-05-06 11:49:40.261  INFO 5324 --- [restartedMain] s.w.s.m.m.a.RequestMappingHandlerMapping : Mapped "{[/buyer/order/acceptOrder || /seller/order/acceptOrder],methods=[POST]}" onto public cn.edkso.candiandian.vo.ResuleVo<cn.edkso.candiandian.domain.Store> cn.edkso.candiandian.controller.OrderController.acceptOrder(java.lang.Integer,java.lang.Integer)
2019-05-06 11:49:40.261  INFO 5324 --- [restartedMain] s.w.s.m.m.a.RequestMappingHandlerMapping : Mapped "{[/buyer/order/finshSend || /seller/order/finshSend],methods=[POST]}" onto public java.lang.String cn.edkso.candiandian.controller.OrderController.finshSend(java.lang.String,java.lang.String)
2019-05-06 11:49:40.262  INFO 5324 --- [restartedMain] s.w.s.m.m.a.RequestMappingHandlerMapping : Mapped "{[/buyer/order/finishOrder || /seller/order/finishOrder],methods=[POST]}" onto public cn.edkso.candiandian.vo.ResuleVo<cn.edkso.candiandian.domain.Store> cn.edkso.candiandian.controller.OrderController.finishOrder(java.lang.Integer,java.lang.Integer)
2019-05-06 11:49:40.262  INFO 5324 --- [restartedMain] s.w.s.m.m.a.RequestMappingHandlerMapping : Mapped "{[/buyer/order/orderSum || /seller/order/orderSum],methods=[POST]}" onto public cn.edkso.candiandian.vo.ResuleVo<java.lang.Integer> cn.edkso.candiandian.controller.OrderController.orderSum()
2019-05-06 11:49:40.262  INFO 5324 --- [restartedMain] s.w.s.m.m.a.RequestMappingHandlerMapping : Mapped "{[/buyer/order/toPay || /seller/order/toPay],methods=[POST]}" onto public java.lang.String cn.edkso.candiandian.controller.OrderController.toPay(java.util.List<java.lang.String>)
2019-05-06 11:49:40.262  INFO 5324 --- [restartedMain] s.w.s.m.m.a.RequestMappingHandlerMapping : Mapped "{[/buyer/order/receivedOrder || /seller/order/receivedOrder],methods=[POST]}" onto public cn.edkso.candiandian.vo.ResuleVo cn.edkso.candiandian.controller.OrderController.receivedOrder(java.lang.String)
2019-05-06 11:49:40.263  INFO 5324 --- [restartedMain] s.w.s.m.m.a.RequestMappingHandlerMapping : Mapped "{[/buyer/order/receiveSend || /seller/order/receiveSend],methods=[POST]}" onto public java.lang.String cn.edkso.candiandian.controller.OrderController.receiveSend(java.lang.String,java.lang.String)
2019-05-06 11:49:40.263  INFO 5324 --- [restartedMain] s.w.s.m.m.a.RequestMappingHandlerMapping : Mapped "{[/buyer/product/list],methods=[POST]}" onto public java.util.List<cn.edkso.candiandian.domain.Product> cn.edkso.candiandian.controller.ProductController.list(java.lang.String,javax.servlet.http.HttpServletRequest)
2019-05-06 11:49:40.264  INFO 5324 --- [restartedMain] s.w.s.m.m.a.RequestMappingHandlerMapping : Mapped "{[/buyer/restaurant/list],methods=[POST]}" onto public java.util.List<cn.edkso.candiandian.domain.Restaurant> cn.edkso.candiandian.controller.RestaurantController.list(java.lang.Double,java.lang.Double)
2019-05-06 11:49:40.264  INFO 5324 --- [restartedMain] s.w.s.m.m.a.RequestMappingHandlerMapping : Mapped "{[/buyer/restaurant/ordering],methods=[POST]}" onto public cn.edkso.candiandian.dto.RestaurantDTO cn.edkso.candiandian.controller.RestaurantController.ordering(java.lang.String)
2019-05-06 11:49:40.266  INFO 5324 --- [restartedMain] s.w.s.m.m.a.RequestMappingHandlerMapping : Mapped "{[/buyer/store/list],methods=[POST]}" onto public java.util.List<cn.edkso.candiandian.domain.Store> cn.edkso.candiandian.controller.StoreController.list(java.lang.String)
2019-05-06 11:49:40.266  INFO 5324 --- [restartedMain] s.w.s.m.m.a.RequestMappingHandlerMapping : Mapped "{[/buyer/store/findProductOne],methods=[POST]}" onto public cn.edkso.candiandian.vo.ResuleVo<cn.edkso.candiandian.domain.Product> cn.edkso.candiandian.controller.StoreController.findProductOne(java.lang.String)
2019-05-06 11:49:40.266  INFO 5324 --- [restartedMain] s.w.s.m.m.a.RequestMappingHandlerMapping : Mapped "{[/buyer/store/storeInfo],methods=[POST]}" onto public cn.edkso.candiandian.domain.Store cn.edkso.candiandian.controller.StoreController.storeInfo()
2019-05-06 11:49:40.266  INFO 5324 --- [restartedMain] s.w.s.m.m.a.RequestMappingHandlerMapping : Mapped "{[/buyer/store/addProduct],methods=[POST]}" onto public cn.edkso.candiandian.vo.ResuleVo cn.edkso.candiandian.controller.StoreController.addProduct(org.springframework.web.multipart.MultipartFile,cn.edkso.candiandian.domain.Product)
2019-05-06 11:49:40.267  INFO 5324 --- [restartedMain] s.w.s.m.m.a.RequestMappingHandlerMapping : Mapped "{[/buyer/store/updataProduct],methods=[POST]}" onto public cn.edkso.candiandian.vo.ResuleVo cn.edkso.candiandian.controller.StoreController.updataProduct(org.springframework.web.multipart.MultipartFile,cn.edkso.candiandian.domain.Product)
2019-05-06 11:49:40.267  INFO 5324 --- [restartedMain] s.w.s.m.m.a.RequestMappingHandlerMapping : Mapped "{[/buyer/store/findProductAll],methods=[POST]}" onto public cn.edkso.candiandian.vo.ResuleVo<java.util.List<cn.edkso.candiandian.domain.Product>> cn.edkso.candiandian.controller.StoreController.findProductAll()
2019-05-06 11:49:40.269  INFO 5324 --- [restartedMain] s.w.s.m.m.a.RequestMappingHandlerMapping : Mapped "{[/buyer/user/register || /seller/user/register],methods=[POST]}" onto public cn.edkso.candiandian.vo.ResuleVo<cn.edkso.candiandian.domain.Store> cn.edkso.candiandian.controller.UserController.register(cn.edkso.candiandian.domain.Store)
2019-05-06 11:49:40.270  INFO 5324 --- [restartedMain] s.w.s.m.m.a.RequestMappingHandlerMapping : Mapped "{[/buyer/user/update || /seller/user/update],methods=[POST]}" onto public cn.edkso.candiandian.vo.ResuleVo<cn.edkso.candiandian.domain.Store> cn.edkso.candiandian.controller.UserController.update(cn.edkso.candiandian.domain.Store)
2019-05-06 11:49:40.270  INFO 5324 --- [restartedMain] s.w.s.m.m.a.RequestMappingHandlerMapping : Mapped "{[/buyer/user/findStore || /seller/user/findStore],methods=[POST]}" onto public cn.edkso.candiandian.vo.ResuleVo<cn.edkso.candiandian.domain.Store> cn.edkso.candiandian.controller.UserController.findStore()
2019-05-06 11:49:40.270  INFO 5324 --- [restartedMain] s.w.s.m.m.a.RequestMappingHandlerMapping : Mapped "{[/buyer/user/authenCheck || /seller/user/authenCheck],methods=[POST]}" onto public cn.edkso.candiandian.domain.User cn.edkso.candiandian.controller.UserController.authenCheck(java.lang.String)
2019-05-06 11:49:40.271  INFO 5324 --- [restartedMain] s.w.s.m.m.a.RequestMappingHandlerMapping : Mapped "{[/buyer/user/authenUpload || /seller/user/authenUpload],methods=[POST]}" onto public cn.edkso.candiandian.vo.ResuleVo cn.edkso.candiandian.controller.UserController.authenUpload(org.springframework.web.multipart.MultipartFile,java.lang.String,java.lang.String)
2019-05-06 11:49:40.271  INFO 5324 --- [restartedMain] s.w.s.m.m.a.RequestMappingHandlerMapping : Mapped "{[/buyer/user/login_seller || /seller/user/login_seller],methods=[POST]}" onto public cn.edkso.candiandian.vo.ResuleVo<cn.edkso.candiandian.domain.Store> cn.edkso.candiandian.controller.UserController.login_seller(cn.edkso.candiandian.domain.Store)
2019-05-06 11:49:40.271  INFO 5324 --- [restartedMain] s.w.s.m.m.a.RequestMappingHandlerMapping : Mapped "{[/buyer/user/login || /seller/user/login],methods=[POST]}" onto public cn.edkso.candiandian.domain.User cn.edkso.candiandian.controller.UserController.login(cn.edkso.candiandian.form.UserInfoForm,javax.servlet.http.HttpServletRequest)
2019-05-06 11:49:40.273  INFO 5324 --- [restartedMain] s.w.s.m.m.a.RequestMappingHandlerMapping : Mapped "{[/error]}" onto public org.springframework.http.ResponseEntity<java.util.Map<java.lang.String, java.lang.Object>> org.springframework.boot.autoconfigure.web.BasicErrorController.error(javax.servlet.http.HttpServletRequest)
2019-05-06 11:49:40.274  INFO 5324 --- [restartedMain] s.w.s.m.m.a.RequestMappingHandlerMapping : Mapped "{[/error],produces=[text/html]}" onto public org.springframework.web.servlet.ModelAndView org.springframework.boot.autoconfigure.web.BasicErrorController.errorHtml(javax.servlet.http.HttpServletRequest,javax.servlet.http.HttpServletResponse)
2019-05-06 11:49:40.325  INFO 5324 --- [restartedMain] o.s.w.s.handler.SimpleUrlHandlerMapping  : Mapped URL path [/webjars/**] onto handler of type [class org.springframework.web.servlet.resource.ResourceHttpRequestHandler]
2019-05-06 11:49:40.325  INFO 5324 --- [restartedMain] o.s.w.s.handler.SimpleUrlHandlerMapping  : Mapped URL path [/**] onto handler of type [class org.springframework.web.servlet.resource.ResourceHttpRequestHandler]
2019-05-06 11:49:40.373  INFO 5324 --- [restartedMain] o.s.w.s.handler.SimpleUrlHandlerMapping  : Mapped URL path [/**/favicon.ico] onto handler of type [class org.springframework.web.servlet.resource.ResourceHttpRequestHandler]
2019-05-06 11:49:41.102  INFO 5324 --- [restartedMain] o.s.b.d.a.OptionalLiveReloadServer       : LiveReload server is running on port 35729
2019-05-06 11:49:41.155  INFO 5324 --- [restartedMain] o.s.w.s.s.s.ServerEndpointExporter       : Registering @ServerEndpoint class: class cn.edkso.candiandian.controller.WebSocket
2019-05-06 11:49:41.162  INFO 5324 --- [restartedMain] o.s.j.e.a.AnnotationMBeanExporter        : Registering beans for JMX exposure on startup
2019-05-06 11:49:41.171  INFO 5324 --- [restartedMain] o.s.c.support.DefaultLifecycleProcessor  : Starting beans in phase 2147483647
2019-05-06 11:49:41.184  INFO 5324 --- [restartedMain] s.a.ScheduledAnnotationBeanPostProcessor : No TaskScheduler/ScheduledExecutorService bean found for scheduled processing
2019-05-06 11:49:41.193  INFO 5324 --- [restartedMain] o.a.coyote.http11.Http11NioProtocol      : Initializing ProtocolHandler ["http-nio-8080"]
2019-05-06 11:49:41.201  INFO 5324 --- [restartedMain] o.a.coyote.http11.Http11NioProtocol      : Starting ProtocolHandler ["http-nio-8080"]
2019-05-06 11:49:41.212  INFO 5324 --- [restartedMain] o.a.tomcat.util.net.NioSelectorPool      : Using a shared selector for servlet write/read
2019-05-06 11:49:41.228  INFO 5324 --- [restartedMain] s.b.c.e.t.TomcatEmbeddedServletContainer : Tomcat started on port(s): 8080 (http)
2019-05-06 11:49:41.233  INFO 5324 --- [restartedMain] c.e.candiandian.CandiandianApplication   : Started CandiandianApplication in 21.458 seconds (JVM running for 23.08)
2019-05-06 11:49:42.487  INFO 5324 --- [http-nio-8080-exec-1] o.a.c.c.C.[.[localhost].[/candiandian]   : Initializing Spring FrameworkServlet 'dispatcherServlet'
2019-05-06 11:49:42.487  INFO 5324 --- [http-nio-8080-exec-1] o.s.web.servlet.DispatcherServlet        : FrameworkServlet 'dispatcherServlet': initialization started
2019-05-06 11:49:42.516  INFO 5324 --- [http-nio-8080-exec-1] o.s.web.servlet.DispatcherServlet        : FrameworkServlet 'dispatcherServlet': initialization completed in 29 ms
2019-05-06 11:49:47.912  INFO 5324 --- [http-nio-8080-exec-8] o.h.h.i.QueryTranslatorFactoryInitiator  : HHH000397: Using ASTQueryTranslatorFactory
2019-05-06 11:49:50.330  INFO 5324 --- [http-nio-8080-exec-1] c.e.candiandian.controller.WebSocket     : [WebSocket消息]有新的连接，总数:1
2019-05-06 11:49:50.330  INFO 5324 --- [http-nio-8080-exec-1] c.e.candiandian.controller.WebSocket     : 新的连接，总数:1
2019-05-06 11:54:50.424  INFO 5324 --- [http-nio-8080-exec-8] c.e.candiandian.controller.WebSocket     : [WebSocket消息]连接断开，总数:0
