2019-04-06 10:55:27.785  INFO 3404 --- [main] c.e.candiandian.CandiandianApplication   : Starting CandiandianApplication on DESKTOP-AA1U7VH with PID 3404 (started by Dingmengdi in J:\learn\java\idea workspace\candiandian)
2019-04-06 10:55:27.805  INFO 3404 --- [main] c.e.candiandian.CandiandianApplication   : No active profile set, falling back to default profiles: default
2019-04-06 10:55:28.255  INFO 3404 --- [background-preinit] o.h.validator.internal.util.Version      : HV000001: Hibernate Validator 5.3.5.Final
2019-04-06 10:55:28.404  INFO 3404 --- [main] ationConfigEmbeddedWebApplicationContext : Refreshing org.springframework.boot.context.embedded.AnnotationConfigEmbeddedWebApplicationContext@5bda8e08: startup date [Sat Apr 06 10:55:28 CST 2019]; root of context hierarchy
2019-04-06 10:55:29.874  INFO 3404 --- [main] .s.d.r.c.RepositoryConfigurationDelegate : Multiple Spring Data modules found, entering strict repository configuration mode!
2019-04-06 10:55:30.054  INFO 3404 --- [main] .s.d.r.c.RepositoryConfigurationDelegate : Multiple Spring Data modules found, entering strict repository configuration mode!
2019-04-06 10:55:30.144  INFO 3404 --- [main] .RepositoryConfigurationExtensionSupport : Spring Data Redis - Could not safely identify store assignment for repository candidate interface cn.edkso.candiandian.dao.RestaurantImgDao.
2019-04-06 10:55:30.144  INFO 3404 --- [main] .RepositoryConfigurationExtensionSupport : Spring Data Redis - Could not safely identify store assignment for repository candidate interface cn.edkso.candiandian.dao.OrderDetailDao.
2019-04-06 10:55:30.144  INFO 3404 --- [main] .RepositoryConfigurationExtensionSupport : Spring Data Redis - Could not safely identify store assignment for repository candidate interface cn.edkso.candiandian.dao.OrderMasterDao.
2019-04-06 10:55:30.144  INFO 3404 --- [main] .RepositoryConfigurationExtensionSupport : Spring Data Redis - Could not safely identify store assignment for repository candidate interface cn.edkso.candiandian.dao.StoreDao.
2019-04-06 10:55:30.144  INFO 3404 --- [main] .RepositoryConfigurationExtensionSupport : Spring Data Redis - Could not safely identify store assignment for repository candidate interface cn.edkso.candiandian.dao.UserDao.
2019-04-06 10:55:30.144  INFO 3404 --- [main] .RepositoryConfigurationExtensionSupport : Spring Data Redis - Could not safely identify store assignment for repository candidate interface cn.edkso.candiandian.dao.ProductDao.
2019-04-06 10:55:30.144  INFO 3404 --- [main] .RepositoryConfigurationExtensionSupport : Spring Data Redis - Could not safely identify store assignment for repository candidate interface cn.edkso.candiandian.dao.RestaurantDao.
2019-04-06 10:55:31.363  INFO 3404 --- [main] s.b.c.e.t.TomcatEmbeddedServletContainer : Tomcat initialized with port(s): 8080 (http)
2019-04-06 10:55:31.373  INFO 3404 --- [main] o.apache.catalina.core.StandardService   : Starting service [Tomcat]
2019-04-06 10:55:31.373  INFO 3404 --- [main] org.apache.catalina.core.StandardEngine  : Starting Servlet Engine: Apache Tomcat/8.5.16
2019-04-06 10:55:31.643  INFO 3404 --- [localhost-startStop-1] o.a.c.c.C.[.[localhost].[/candiandian]   : Initializing Spring embedded WebApplicationContext
2019-04-06 10:55:31.643  INFO 3404 --- [localhost-startStop-1] o.s.web.context.ContextLoader            : Root WebApplicationContext: initialization completed in 3239 ms
2019-04-06 10:55:31.813  INFO 3404 --- [localhost-startStop-1] o.s.b.w.servlet.ServletRegistrationBean  : Mapping servlet: 'dispatcherServlet' to [/]
2019-04-06 10:55:31.823  INFO 3404 --- [localhost-startStop-1] o.s.b.w.servlet.FilterRegistrationBean   : Mapping filter: 'characterEncodingFilter' to: [/*]
2019-04-06 10:55:31.823  INFO 3404 --- [localhost-startStop-1] o.s.b.w.servlet.FilterRegistrationBean   : Mapping filter: 'hiddenHttpMethodFilter' to: [/*]
2019-04-06 10:55:31.823  INFO 3404 --- [localhost-startStop-1] o.s.b.w.servlet.FilterRegistrationBean   : Mapping filter: 'httpPutFormContentFilter' to: [/*]
2019-04-06 10:55:31.823  INFO 3404 --- [localhost-startStop-1] o.s.b.w.servlet.FilterRegistrationBean   : Mapping filter: 'requestContextFilter' to: [/*]
2019-04-06 10:55:34.121  INFO 3404 --- [main] j.LocalContainerEntityManagerFactoryBean : Building JPA container EntityManagerFactory for persistence unit 'default'
2019-04-06 10:55:34.141  INFO 3404 --- [main] o.hibernate.jpa.internal.util.LogHelper  : HHH000204: Processing PersistenceUnitInfo [
	name: default
	...]
2019-04-06 10:55:34.351  INFO 3404 --- [main] org.hibernate.Version                    : HHH000412: Hibernate Core {5.0.12.Final}
2019-04-06 10:55:34.361  INFO 3404 --- [main] org.hibernate.cfg.Environment            : HHH000206: hibernate.properties not found
2019-04-06 10:55:34.361  INFO 3404 --- [main] org.hibernate.cfg.Environment            : HHH000021: Bytecode provider name : javassist
2019-04-06 10:55:34.462  INFO 3404 --- [main] o.hibernate.annotations.common.Version   : HCANN000001: Hibernate Commons Annotations {5.0.1.Final}
2019-04-06 10:55:35.161  INFO 3404 --- [main] org.hibernate.dialect.Dialect            : HHH000400: Using dialect: org.hibernate.dialect.MySQL5Dialect
2019-04-06 10:55:35.871  INFO 3404 --- [main] j.LocalContainerEntityManagerFactoryBean : Initialized JPA EntityManagerFactory for persistence unit 'default'
2019-04-06 10:55:36.530  INFO 3404 --- [main] s.w.s.m.m.a.RequestMappingHandlerAdapter : Looking for @ControllerAdvice: org.springframework.boot.context.embedded.AnnotationConfigEmbeddedWebApplicationContext@5bda8e08: startup date [Sat Apr 06 10:55:28 CST 2019]; root of context hierarchy
2019-04-06 10:55:36.590  INFO 3404 --- [main] s.w.s.m.m.a.RequestMappingHandlerMapping : Mapped "{[/buyer/order/create || /seller/order/create],methods=[POST]}" onto public java.util.List<cn.edkso.candiandian.domain.OrderMaster> cn.edkso.candiandian.controller.OrderController.create(cn.edkso.candiandian.form.RestaurantForm)
2019-04-06 10:55:36.590  INFO 3404 --- [main] s.w.s.m.m.a.RequestMappingHandlerMapping : Mapped "{[/buyer/order/cancel || /seller/order/cancel],methods=[POST]}" onto public java.lang.String cn.edkso.candiandian.controller.OrderController.cancel(java.lang.String)
2019-04-06 10:55:36.590  INFO 3404 --- [main] s.w.s.m.m.a.RequestMappingHandlerMapping : Mapped "{[/buyer/order/findAll || /seller/order/findAll],methods=[POST]}" onto public java.util.List<cn.edkso.candiandian.dto.OrderDTO> cn.edkso.candiandian.controller.OrderController.findAll(java.lang.String)
2019-04-06 10:55:36.590  INFO 3404 --- [main] s.w.s.m.m.a.RequestMappingHandlerMapping : Mapped "{[/buyer/order/toPay || /seller/order/toPay],methods=[POST]}" onto public java.lang.String cn.edkso.candiandian.controller.OrderController.toPay(java.util.List<java.lang.String>)
2019-04-06 10:55:36.600  INFO 3404 --- [main] s.w.s.m.m.a.RequestMappingHandlerMapping : Mapped "{[/buyer/order/acceptOrder || /seller/order/acceptOrder],methods=[POST]}" onto public cn.edkso.candiandian.vo.ResuleVo<cn.edkso.candiandian.domain.Store> cn.edkso.candiandian.controller.OrderController.acceptOrder(java.lang.Integer,java.lang.Integer)
2019-04-06 10:55:36.600  INFO 3404 --- [main] s.w.s.m.m.a.RequestMappingHandlerMapping : Mapped "{[/buyer/order/sendOrder || /seller/order/sendOrder],methods=[POST]}" onto public cn.edkso.candiandian.vo.ResuleVo<cn.edkso.candiandian.domain.Store> cn.edkso.candiandian.controller.OrderController.sendingOrder(java.lang.Integer,java.lang.Integer)
2019-04-06 10:55:36.600  INFO 3404 --- [main] s.w.s.m.m.a.RequestMappingHandlerMapping : Mapped "{[/buyer/order/waitOrder || /seller/order/waitOrder],methods=[POST]}" onto public cn.edkso.candiandian.vo.ResuleVo<cn.edkso.candiandian.domain.Store> cn.edkso.candiandian.controller.OrderController.waitOrder()
2019-04-06 10:55:36.600  INFO 3404 --- [main] s.w.s.m.m.a.RequestMappingHandlerMapping : Mapped "{[/buyer/order/finishOrder || /seller/order/finishOrder],methods=[POST]}" onto public cn.edkso.candiandian.vo.ResuleVo<cn.edkso.candiandian.domain.Store> cn.edkso.candiandian.controller.OrderController.finishOrder(java.lang.Integer,java.lang.Integer)
2019-04-06 10:55:36.600  INFO 3404 --- [main] s.w.s.m.m.a.RequestMappingHandlerMapping : Mapped "{[/buyer/product/list],methods=[POST]}" onto public java.util.List<cn.edkso.candiandian.domain.Product> cn.edkso.candiandian.controller.ProductController.list(java.lang.String,javax.servlet.http.HttpServletRequest)
2019-04-06 10:55:36.600  INFO 3404 --- [main] s.w.s.m.m.a.RequestMappingHandlerMapping : Mapped "{[/buyer/restaurant/list],methods=[POST]}" onto public java.util.List<cn.edkso.candiandian.domain.Restaurant> cn.edkso.candiandian.controller.RestaurantController.list(java.lang.Double,java.lang.Double)
2019-04-06 10:55:36.600  INFO 3404 --- [main] s.w.s.m.m.a.RequestMappingHandlerMapping : Mapped "{[/buyer/restaurant/ordering],methods=[POST]}" onto public cn.edkso.candiandian.dto.RestaurantDTO cn.edkso.candiandian.controller.RestaurantController.ordering(java.lang.String)
2019-04-06 10:55:36.600  INFO 3404 --- [main] s.w.s.m.m.a.RequestMappingHandlerMapping : Mapped "{[/buyer/store/list],methods=[POST]}" onto public java.util.List<cn.edkso.candiandian.domain.Store> cn.edkso.candiandian.controller.StoreController.list(java.lang.String)
2019-04-06 10:55:36.600  INFO 3404 --- [main] s.w.s.m.m.a.RequestMappingHandlerMapping : Mapped "{[/buyer/user/register || /seller/user/register],methods=[POST]}" onto public cn.edkso.candiandian.vo.ResuleVo<cn.edkso.candiandian.domain.Store> cn.edkso.candiandian.controller.UserController.register(cn.edkso.candiandian.domain.Store)
2019-04-06 10:55:36.600  INFO 3404 --- [main] s.w.s.m.m.a.RequestMappingHandlerMapping : Mapped "{[/buyer/user/login || /seller/user/login],methods=[POST]}" onto public cn.edkso.candiandian.domain.User cn.edkso.candiandian.controller.UserController.login(cn.edkso.candiandian.form.UserInfoForm,javax.servlet.http.HttpServletRequest)
2019-04-06 10:55:36.600  INFO 3404 --- [main] s.w.s.m.m.a.RequestMappingHandlerMapping : Mapped "{[/buyer/user/login_seller || /seller/user/login_seller],methods=[POST]}" onto public cn.edkso.candiandian.vo.ResuleVo<cn.edkso.candiandian.domain.Store> cn.edkso.candiandian.controller.UserController.login_seller(cn.edkso.candiandian.domain.Store)
2019-04-06 10:55:36.600  INFO 3404 --- [main] s.w.s.m.m.a.RequestMappingHandlerMapping : Mapped "{[/error]}" onto public org.springframework.http.ResponseEntity<java.util.Map<java.lang.String, java.lang.Object>> org.springframework.boot.autoconfigure.web.BasicErrorController.error(javax.servlet.http.HttpServletRequest)
2019-04-06 10:55:36.600  INFO 3404 --- [main] s.w.s.m.m.a.RequestMappingHandlerMapping : Mapped "{[/error],produces=[text/html]}" onto public org.springframework.web.servlet.ModelAndView org.springframework.boot.autoconfigure.web.BasicErrorController.errorHtml(javax.servlet.http.HttpServletRequest,javax.servlet.http.HttpServletResponse)
2019-04-06 10:55:36.630  INFO 3404 --- [main] o.s.w.s.handler.SimpleUrlHandlerMapping  : Mapped URL path [/webjars/**] onto handler of type [class org.springframework.web.servlet.resource.ResourceHttpRequestHandler]
2019-04-06 10:55:36.630  INFO 3404 --- [main] o.s.w.s.handler.SimpleUrlHandlerMapping  : Mapped URL path [/**] onto handler of type [class org.springframework.web.servlet.resource.ResourceHttpRequestHandler]
2019-04-06 10:55:36.650  INFO 3404 --- [main] o.s.w.s.handler.SimpleUrlHandlerMapping  : Mapped URL path [/**/favicon.ico] onto handler of type [class org.springframework.web.servlet.resource.ResourceHttpRequestHandler]
2019-04-06 10:55:37.600  INFO 3404 --- [main] o.s.j.e.a.AnnotationMBeanExporter        : Registering beans for JMX exposure on startup
2019-04-06 10:55:37.630  INFO 3404 --- [main] o.a.coyote.http11.Http11NioProtocol      : Initializing ProtocolHandler ["http-nio-8080"]
2019-04-06 10:55:37.650  INFO 3404 --- [main] o.a.coyote.http11.Http11NioProtocol      : Starting ProtocolHandler ["http-nio-8080"]
2019-04-06 10:55:37.660  INFO 3404 --- [main] o.a.tomcat.util.net.NioSelectorPool      : Using a shared selector for servlet write/read
2019-04-06 10:55:37.670  INFO 3404 --- [main] s.b.c.e.t.TomcatEmbeddedServletContainer : Tomcat started on port(s): 8080 (http)
2019-04-06 10:55:37.680  INFO 3404 --- [main] c.e.candiandian.CandiandianApplication   : Started CandiandianApplication in 10.905 seconds (JVM running for 12.493)
2019-04-06 19:53:24.294  INFO 3404 --- [http-nio-8080-exec-1] o.a.c.c.C.[.[localhost].[/candiandian]   : Initializing Spring FrameworkServlet 'dispatcherServlet'
2019-04-06 19:53:24.294  INFO 3404 --- [http-nio-8080-exec-1] o.s.web.servlet.DispatcherServlet        : FrameworkServlet 'dispatcherServlet': initialization started
2019-04-06 19:53:24.364  INFO 3404 --- [http-nio-8080-exec-1] o.s.web.servlet.DispatcherServlet        : FrameworkServlet 'dispatcherServlet': initialization completed in 70 ms
2019-04-06 19:53:24.986  INFO 3404 --- [http-nio-8080-exec-1] o.h.h.i.QueryTranslatorFactoryInitiator  : HHH000397: Using ASTQueryTranslatorFactory
