2019-04-18 00:43:15.642  WARN 2892 --- [restartedMain] .t.AbstractTemplateResolverConfiguration : Cannot find template location: classpath:/templates/ (please add some templates or check your Thymeleaf configuration)
2019-04-18 00:43:16.155  WARN 2892 --- [restartedMain] arterDeprecationWarningAutoConfiguration : spring-boot-starter-redis is deprecated as of Spring Boot 1.4, please migrate to spring-boot-starter-data-redis
2019-04-18 00:45:00.178  WARN 2892 --- [http-nio-8080-exec-5] .w.s.m.s.DefaultHandlerExceptionResolver : Resolved exception caused by Handler execution: org.springframework.web.bind.MissingServletRequestParameterException: Required String parameter 'openId' is not present
2019-04-18 00:45:46.843  WARN 2892 --- [http-nio-8080-exec-7] o.s.web.servlet.PageNotFound             : Request method 'GET' not supported
2019-04-18 00:45:46.843  WARN 2892 --- [http-nio-8080-exec-7] .w.s.m.s.DefaultHandlerExceptionResolver : Resolved exception caused by Handler execution: org.springframework.web.HttpRequestMethodNotSupportedException: Request method 'GET' not supported
2019-04-18 00:47:08.873  WARN 2892 --- [http-nio-8080-exec-1] .w.s.m.s.DefaultHandlerExceptionResolver : Resolved exception caused by Handler execution: org.springframework.web.bind.MissingServletRequestParameterException: Required String parameter 'openId' is not present
2019-04-18 00:47:44.115  WARN 2892 --- [http-nio-8080-exec-5] .w.s.m.s.DefaultHandlerExceptionResolver : Resolved exception caused by Handler execution: org.springframework.web.bind.MissingServletRequestParameterException: Required String parameter 'openId' is not present
2019-04-18 00:48:05.775  WARN 9840 --- [restartedMain] .t.AbstractTemplateResolverConfiguration : Cannot find template location: classpath:/templates/ (please add some templates or check your Thymeleaf configuration)
2019-04-18 00:48:06.412  WARN 9840 --- [restartedMain] arterDeprecationWarningAutoConfiguration : spring-boot-starter-redis is deprecated as of Spring Boot 1.4, please migrate to spring-boot-starter-data-redis
2019-04-18 00:48:26.764  WARN 2184 --- [restartedMain] .t.AbstractTemplateResolverConfiguration : Cannot find template location: classpath:/templates/ (please add some templates or check your Thymeleaf configuration)
2019-04-18 00:48:27.285  WARN 2184 --- [restartedMain] arterDeprecationWarningAutoConfiguration : spring-boot-starter-redis is deprecated as of Spring Boot 1.4, please migrate to spring-boot-starter-data-redis
2019-04-18 00:48:34.714  WARN 2184 --- [http-nio-8080-exec-1] .w.s.m.s.DefaultHandlerExceptionResolver : Resolved exception caused by Handler execution: org.springframework.web.bind.MissingServletRequestParameterException: Required String parameter 'openId' is not present
2019-04-18 00:48:47.213  WARN 2184 --- [http-nio-8080-exec-3] .w.s.m.s.DefaultHandlerExceptionResolver : Resolved exception caused by Handler execution: org.springframework.web.bind.MissingServletRequestParameterException: Required String parameter 'openId' is not present
2019-04-18 00:49:47.640  WARN 9948 --- [restartedMain] .t.AbstractTemplateResolverConfiguration : Cannot find template location: classpath:/templates/ (please add some templates or check your Thymeleaf configuration)
2019-04-18 00:49:48.261  WARN 9948 --- [restartedMain] arterDeprecationWarningAutoConfiguration : spring-boot-starter-redis is deprecated as of Spring Boot 1.4, please migrate to spring-boot-starter-data-redis
2019-04-18 00:50:32.331  WARN 9948 --- [http-nio-8080-exec-4] .w.s.m.s.DefaultHandlerExceptionResolver : Resolved exception caused by Handler execution: org.springframework.web.bind.MissingServletRequestParameterException: Required String parameter 'openId' is not present
2019-04-18 00:50:51.948  WARN 9948 --- [http-nio-8080-exec-7] .w.s.m.s.DefaultHandlerExceptionResolver : Resolved exception caused by Handler execution: org.springframework.web.bind.MissingServletRequestParameterException: Required String parameter 'openId' is not present
2019-04-18 00:51:49.011  WARN 9948 --- [http-nio-8080-exec-8] .w.s.m.s.DefaultHandlerExceptionResolver : Resolved exception caused by Handler execution: org.springframework.web.bind.MissingServletRequestParameterException: Required String parameter 'openId' is not present
2019-04-18 01:01:22.867  WARN 9948 --- [http-nio-8080-exec-9] net.sf.json.JSONObject                   : Tried to assign property language:java.lang.String to bean of class cn.edkso.candiandian.domain.User
2019-04-18 01:01:24.000  WARN 9948 --- [http-nio-8080-exec-9] o.h.engine.jdbc.spi.SqlExceptionHelper   : SQL Error: 1048, SQLState: 23000
2019-04-18 01:01:28.292  WARN 9948 --- [http-nio-8080-exec-10] net.sf.json.JSONObject                   : Tried to assign property language:java.lang.String to bean of class cn.edkso.candiandian.domain.User
2019-04-18 01:01:28.683  WARN 9948 --- [http-nio-8080-exec-10] o.h.engine.jdbc.spi.SqlExceptionHelper   : SQL Error: 1048, SQLState: 23000
2019-04-18 01:01:48.289  WARN 9948 --- [http-nio-8080-exec-7] net.sf.json.JSONObject                   : Tried to assign property language:java.lang.String to bean of class cn.edkso.candiandian.domain.User
2019-04-18 01:01:48.440  WARN 9948 --- [http-nio-8080-exec-7] o.h.engine.jdbc.spi.SqlExceptionHelper   : SQL Error: 1048, SQLState: 23000
2019-04-18 01:05:42.349  WARN 2800 --- [restartedMain] .t.AbstractTemplateResolverConfiguration : Cannot find template location: classpath:/templates/ (please add some templates or check your Thymeleaf configuration)
2019-04-18 01:05:42.872  WARN 2800 --- [restartedMain] arterDeprecationWarningAutoConfiguration : spring-boot-starter-redis is deprecated as of Spring Boot 1.4, please migrate to spring-boot-starter-data-redis
2019-04-18 01:06:31.869  WARN 2800 --- [http-nio-8080-exec-3] net.sf.json.JSONObject                   : Tried to assign property language:java.lang.String to bean of class cn.edkso.candiandian.domain.User
2019-04-18 01:07:38.471  WARN 2800 --- [http-nio-8080-exec-7] net.sf.json.JSONObject                   : Tried to assign property language:java.lang.String to bean of class cn.edkso.candiandian.domain.User
2019-04-18 01:07:38.493  WARN 2800 --- [http-nio-8080-exec-8] net.sf.json.JSONObject                   : Tried to assign property language:java.lang.String to bean of class cn.edkso.candiandian.domain.User
2019-04-18 01:07:46.517  WARN 2800 --- [http-nio-8080-exec-4] net.sf.json.JSONObject                   : Tried to assign property language:java.lang.String to bean of class cn.edkso.candiandian.domain.User
2019-04-18 01:07:46.518  WARN 2800 --- [http-nio-8080-exec-5] net.sf.json.JSONObject                   : Tried to assign property language:java.lang.String to bean of class cn.edkso.candiandian.domain.User
2019-04-18 01:08:03.724  WARN 2800 --- [http-nio-8080-exec-10] net.sf.json.JSONObject                   : Tried to assign property language:java.lang.String to bean of class cn.edkso.candiandian.domain.User
2019-04-18 01:08:03.741  WARN 2800 --- [http-nio-8080-exec-9] net.sf.json.JSONObject                   : Tried to assign property language:java.lang.String to bean of class cn.edkso.candiandian.domain.User
2019-04-18 01:08:33.408  WARN 2800 --- [http-nio-8080-exec-1] net.sf.json.JSONObject                   : Tried to assign property language:java.lang.String to bean of class cn.edkso.candiandian.domain.User
2019-04-18 01:08:37.366  WARN 2800 --- [http-nio-8080-exec-2] net.sf.json.JSONObject                   : Tried to assign property language:java.lang.String to bean of class cn.edkso.candiandian.domain.User
2019-04-18 01:10:22.665  WARN 2800 --- [http-nio-8080-exec-8] net.sf.json.JSONObject                   : Tried to assign property language:java.lang.String to bean of class cn.edkso.candiandian.domain.User
2019-04-18 01:10:31.587  WARN 2800 --- [http-nio-8080-exec-6] net.sf.json.JSONObject                   : Tried to assign property language:java.lang.String to bean of class cn.edkso.candiandian.domain.User
2019-04-18 01:10:33.749  WARN 2800 --- [http-nio-8080-exec-4] net.sf.json.JSONObject                   : Tried to assign property language:java.lang.String to bean of class cn.edkso.candiandian.domain.User
2019-04-18 01:10:46.743  WARN 2800 --- [http-nio-8080-exec-4] net.sf.json.JSONObject                   : Tried to assign property language:java.lang.String to bean of class cn.edkso.candiandian.domain.User
2019-04-18 01:15:15.453  WARN 2800 --- [http-nio-8080-exec-3] net.sf.json.JSONObject                   : Tried to assign property language:java.lang.String to bean of class cn.edkso.candiandian.domain.User
2019-04-18 01:15:20.193  WARN 2800 --- [http-nio-8080-exec-2] net.sf.json.JSONObject                   : Tried to assign property language:java.lang.String to bean of class cn.edkso.candiandian.domain.User
2019-04-18 07:43:13.267  WARN 2800 --- [http-nio-8080-exec-10] o.h.engine.jdbc.spi.SqlExceptionHelper   : SQL Error: 0, SQLState: 08S01
2019-04-18 07:43:13.641  WARN 2800 --- [http-nio-8080-exec-2] o.h.engine.jdbc.spi.SqlExceptionHelper   : SQL Error: 0, SQLState: 08S01
2019-04-18 07:43:18.923  WARN 2800 --- [http-nio-8080-exec-4] o.h.engine.jdbc.spi.SqlExceptionHelper   : SQL Error: 0, SQLState: 08S01
2019-04-18 10:41:10.245  WARN 14176 --- [restartedMain] .t.AbstractTemplateResolverConfiguration : Cannot find template location: classpath:/templates/ (please add some templates or check your Thymeleaf configuration)
2019-04-18 10:41:11.133  WARN 14176 --- [restartedMain] arterDeprecationWarningAutoConfiguration : spring-boot-starter-redis is deprecated as of Spring Boot 1.4, please migrate to spring-boot-starter-data-redis
2019-04-18 11:28:51.625  WARN 14324 --- [restartedMain] .t.AbstractTemplateResolverConfiguration : Cannot find template location: classpath:/templates/ (please add some templates or check your Thymeleaf configuration)
2019-04-18 11:28:52.156  WARN 14324 --- [restartedMain] arterDeprecationWarningAutoConfiguration : spring-boot-starter-redis is deprecated as of Spring Boot 1.4, please migrate to spring-boot-starter-data-redis
2019-04-18 11:32:49.582  WARN 1624 --- [restartedMain] .t.AbstractTemplateResolverConfiguration : Cannot find template location: classpath:/templates/ (please add some templates or check your Thymeleaf configuration)
2019-04-18 11:32:50.172  WARN 1624 --- [restartedMain] arterDeprecationWarningAutoConfiguration : spring-boot-starter-redis is deprecated as of Spring Boot 1.4, please migrate to spring-boot-starter-data-redis
2019-04-18 11:36:20.767  WARN 10076 --- [restartedMain] .t.AbstractTemplateResolverConfiguration : Cannot find template location: classpath:/templates/ (please add some templates or check your Thymeleaf configuration)
2019-04-18 11:36:21.320  WARN 10076 --- [restartedMain] arterDeprecationWarningAutoConfiguration : spring-boot-starter-redis is deprecated as of Spring Boot 1.4, please migrate to spring-boot-starter-data-redis
2019-04-18 11:43:26.376  WARN 14608 --- [restartedMain] .t.AbstractTemplateResolverConfiguration : Cannot find template location: classpath:/templates/ (please add some templates or check your Thymeleaf configuration)
2019-04-18 11:43:27.229  WARN 14608 --- [restartedMain] arterDeprecationWarningAutoConfiguration : spring-boot-starter-redis is deprecated as of Spring Boot 1.4, please migrate to spring-boot-starter-data-redis
2019-04-18 11:58:19.031  WARN 12420 --- [restartedMain] .t.AbstractTemplateResolverConfiguration : Cannot find template location: classpath:/templates/ (please add some templates or check your Thymeleaf configuration)
2019-04-18 11:58:19.550  WARN 12420 --- [restartedMain] arterDeprecationWarningAutoConfiguration : spring-boot-starter-redis is deprecated as of Spring Boot 1.4, please migrate to spring-boot-starter-data-redis
2019-04-18 11:59:54.873  WARN 9536 --- [restartedMain] .t.AbstractTemplateResolverConfiguration : Cannot find template location: classpath:/templates/ (please add some templates or check your Thymeleaf configuration)
2019-04-18 11:59:55.491  WARN 9536 --- [restartedMain] arterDeprecationWarningAutoConfiguration : spring-boot-starter-redis is deprecated as of Spring Boot 1.4, please migrate to spring-boot-starter-data-redis
2019-04-18 12:01:20.256  WARN 6620 --- [restartedMain] .t.AbstractTemplateResolverConfiguration : Cannot find template location: classpath:/templates/ (please add some templates or check your Thymeleaf configuration)
2019-04-18 12:01:20.814  WARN 6620 --- [restartedMain] arterDeprecationWarningAutoConfiguration : spring-boot-starter-redis is deprecated as of Spring Boot 1.4, please migrate to spring-boot-starter-data-redis
2019-04-18 12:03:44.000  WARN 10268 --- [restartedMain] .t.AbstractTemplateResolverConfiguration : Cannot find template location: classpath:/templates/ (please add some templates or check your Thymeleaf configuration)
2019-04-18 12:03:44.652  WARN 10268 --- [restartedMain] arterDeprecationWarningAutoConfiguration : spring-boot-starter-redis is deprecated as of Spring Boot 1.4, please migrate to spring-boot-starter-data-redis
2019-04-18 12:07:08.598  WARN 13956 --- [restartedMain] .t.AbstractTemplateResolverConfiguration : Cannot find template location: classpath:/templates/ (please add some templates or check your Thymeleaf configuration)
2019-04-18 12:07:09.132  WARN 13956 --- [restartedMain] arterDeprecationWarningAutoConfiguration : spring-boot-starter-redis is deprecated as of Spring Boot 1.4, please migrate to spring-boot-starter-data-redis
2019-04-18 12:09:11.886  WARN 4632 --- [restartedMain] .t.AbstractTemplateResolverConfiguration : Cannot find template location: classpath:/templates/ (please add some templates or check your Thymeleaf configuration)
2019-04-18 12:09:12.381  WARN 4632 --- [restartedMain] arterDeprecationWarningAutoConfiguration : spring-boot-starter-redis is deprecated as of Spring Boot 1.4, please migrate to spring-boot-starter-data-redis
2019-04-18 12:11:00.178  WARN 14168 --- [restartedMain] .t.AbstractTemplateResolverConfiguration : Cannot find template location: classpath:/templates/ (please add some templates or check your Thymeleaf configuration)
2019-04-18 12:11:00.725  WARN 14168 --- [restartedMain] arterDeprecationWarningAutoConfiguration : spring-boot-starter-redis is deprecated as of Spring Boot 1.4, please migrate to spring-boot-starter-data-redis
2019-04-18 12:12:11.021  WARN 14528 --- [restartedMain] .t.AbstractTemplateResolverConfiguration : Cannot find template location: classpath:/templates/ (please add some templates or check your Thymeleaf configuration)
2019-04-18 12:12:11.995  WARN 14528 --- [restartedMain] arterDeprecationWarningAutoConfiguration : spring-boot-starter-redis is deprecated as of Spring Boot 1.4, please migrate to spring-boot-starter-data-redis
2019-04-18 12:16:24.451  WARN 14528 --- [http-nio-8080-exec-8] o.s.web.servlet.PageNotFound             : Request method 'GET' not supported
2019-04-18 12:16:24.594  WARN 14528 --- [http-nio-8080-exec-8] .w.s.m.s.DefaultHandlerExceptionResolver : Resolved exception caused by Handler execution: org.springframework.web.HttpRequestMethodNotSupportedException: Request method 'GET' not supported
2019-04-18 12:17:01.881  WARN 14180 --- [restartedMain] .t.AbstractTemplateResolverConfiguration : Cannot find template location: classpath:/templates/ (please add some templates or check your Thymeleaf configuration)
2019-04-18 12:17:02.453  WARN 14180 --- [restartedMain] arterDeprecationWarningAutoConfiguration : spring-boot-starter-redis is deprecated as of Spring Boot 1.4, please migrate to spring-boot-starter-data-redis
2019-04-18 12:20:16.361  WARN 5476 --- [restartedMain] .t.AbstractTemplateResolverConfiguration : Cannot find template location: classpath:/templates/ (please add some templates or check your Thymeleaf configuration)
2019-04-18 12:20:16.907  WARN 5476 --- [restartedMain] arterDeprecationWarningAutoConfiguration : spring-boot-starter-redis is deprecated as of Spring Boot 1.4, please migrate to spring-boot-starter-data-redis
2019-04-18 12:21:18.678  WARN 14640 --- [restartedMain] .t.AbstractTemplateResolverConfiguration : Cannot find template location: classpath:/templates/ (please add some templates or check your Thymeleaf configuration)
2019-04-18 12:21:19.235  WARN 14640 --- [restartedMain] arterDeprecationWarningAutoConfiguration : spring-boot-starter-redis is deprecated as of Spring Boot 1.4, please migrate to spring-boot-starter-data-redis
2019-04-18 12:28:21.013  WARN 14656 --- [restartedMain] .t.AbstractTemplateResolverConfiguration : Cannot find template location: classpath:/templates/ (please add some templates or check your Thymeleaf configuration)
2019-04-18 12:28:21.592  WARN 14656 --- [restartedMain] arterDeprecationWarningAutoConfiguration : spring-boot-starter-redis is deprecated as of Spring Boot 1.4, please migrate to spring-boot-starter-data-redis
2019-04-18 12:32:22.095  WARN 8508 --- [restartedMain] .t.AbstractTemplateResolverConfiguration : Cannot find template location: classpath:/templates/ (please add some templates or check your Thymeleaf configuration)
2019-04-18 12:32:22.610  WARN 8508 --- [restartedMain] arterDeprecationWarningAutoConfiguration : spring-boot-starter-redis is deprecated as of Spring Boot 1.4, please migrate to spring-boot-starter-data-redis
2019-04-18 12:48:25.026  WARN 14264 --- [restartedMain] .t.AbstractTemplateResolverConfiguration : Cannot find template location: classpath:/templates/ (please add some templates or check your Thymeleaf configuration)
2019-04-18 12:48:25.487  WARN 14264 --- [restartedMain] arterDeprecationWarningAutoConfiguration : spring-boot-starter-redis is deprecated as of Spring Boot 1.4, please migrate to spring-boot-starter-data-redis
2019-04-18 12:57:01.598  WARN 3952 --- [restartedMain] .t.AbstractTemplateResolverConfiguration : Cannot find template location: classpath:/templates/ (please add some templates or check your Thymeleaf configuration)
2019-04-18 12:57:02.050  WARN 3952 --- [restartedMain] arterDeprecationWarningAutoConfiguration : spring-boot-starter-redis is deprecated as of Spring Boot 1.4, please migrate to spring-boot-starter-data-redis
2019-04-18 12:58:11.767  WARN 5952 --- [restartedMain] .t.AbstractTemplateResolverConfiguration : Cannot find template location: classpath:/templates/ (please add some templates or check your Thymeleaf configuration)
2019-04-18 12:58:12.215  WARN 5952 --- [restartedMain] arterDeprecationWarningAutoConfiguration : spring-boot-starter-redis is deprecated as of Spring Boot 1.4, please migrate to spring-boot-starter-data-redis
2019-04-18 13:13:08.949  WARN 6064 --- [restartedMain] .t.AbstractTemplateResolverConfiguration : Cannot find template location: classpath:/templates/ (please add some templates or check your Thymeleaf configuration)
2019-04-18 13:13:09.400  WARN 6064 --- [restartedMain] arterDeprecationWarningAutoConfiguration : spring-boot-starter-redis is deprecated as of Spring Boot 1.4, please migrate to spring-boot-starter-data-redis
2019-04-18 13:14:28.215  WARN 3616 --- [restartedMain] .t.AbstractTemplateResolverConfiguration : Cannot find template location: classpath:/templates/ (please add some templates or check your Thymeleaf configuration)
2019-04-18 13:14:28.855  WARN 3616 --- [restartedMain] arterDeprecationWarningAutoConfiguration : spring-boot-starter-redis is deprecated as of Spring Boot 1.4, please migrate to spring-boot-starter-data-redis
2019-04-18 13:18:11.720  WARN 15232 --- [restartedMain] .t.AbstractTemplateResolverConfiguration : Cannot find template location: classpath:/templates/ (please add some templates or check your Thymeleaf configuration)
2019-04-18 13:18:12.236  WARN 15232 --- [restartedMain] arterDeprecationWarningAutoConfiguration : spring-boot-starter-redis is deprecated as of Spring Boot 1.4, please migrate to spring-boot-starter-data-redis
2019-04-18 13:19:56.340  WARN 3188 --- [restartedMain] .t.AbstractTemplateResolverConfiguration : Cannot find template location: classpath:/templates/ (please add some templates or check your Thymeleaf configuration)
2019-04-18 13:19:56.892  WARN 3188 --- [restartedMain] arterDeprecationWarningAutoConfiguration : spring-boot-starter-redis is deprecated as of Spring Boot 1.4, please migrate to spring-boot-starter-data-redis
2019-04-18 13:21:32.900  WARN 11068 --- [restartedMain] .t.AbstractTemplateResolverConfiguration : Cannot find template location: classpath:/templates/ (please add some templates or check your Thymeleaf configuration)
2019-04-18 13:21:33.411  WARN 11068 --- [restartedMain] arterDeprecationWarningAutoConfiguration : spring-boot-starter-redis is deprecated as of Spring Boot 1.4, please migrate to spring-boot-starter-data-redis
2019-04-18 13:23:12.494  WARN 14184 --- [restartedMain] .t.AbstractTemplateResolverConfiguration : Cannot find template location: classpath:/templates/ (please add some templates or check your Thymeleaf configuration)
2019-04-18 13:23:12.966  WARN 14184 --- [restartedMain] arterDeprecationWarningAutoConfiguration : spring-boot-starter-redis is deprecated as of Spring Boot 1.4, please migrate to spring-boot-starter-data-redis
2019-04-18 13:24:06.574  WARN 15004 --- [restartedMain] .t.AbstractTemplateResolverConfiguration : Cannot find template location: classpath:/templates/ (please add some templates or check your Thymeleaf configuration)
2019-04-18 13:24:07.063  WARN 15004 --- [restartedMain] arterDeprecationWarningAutoConfiguration : spring-boot-starter-redis is deprecated as of Spring Boot 1.4, please migrate to spring-boot-starter-data-redis
2019-04-18 13:26:21.924  WARN 12040 --- [restartedMain] .t.AbstractTemplateResolverConfiguration : Cannot find template location: classpath:/templates/ (please add some templates or check your Thymeleaf configuration)
2019-04-18 13:26:22.438  WARN 12040 --- [restartedMain] arterDeprecationWarningAutoConfiguration : spring-boot-starter-redis is deprecated as of Spring Boot 1.4, please migrate to spring-boot-starter-data-redis
2019-04-18 13:27:20.923  WARN 13176 --- [restartedMain] .t.AbstractTemplateResolverConfiguration : Cannot find template location: classpath:/templates/ (please add some templates or check your Thymeleaf configuration)
2019-04-18 13:27:21.476  WARN 13176 --- [restartedMain] arterDeprecationWarningAutoConfiguration : spring-boot-starter-redis is deprecated as of Spring Boot 1.4, please migrate to spring-boot-starter-data-redis
2019-04-18 13:42:21.456  WARN 268 --- [restartedMain] .t.AbstractTemplateResolverConfiguration : Cannot find template location: classpath:/templates/ (please add some templates or check your Thymeleaf configuration)
2019-04-18 13:42:21.926  WARN 268 --- [restartedMain] arterDeprecationWarningAutoConfiguration : spring-boot-starter-redis is deprecated as of Spring Boot 1.4, please migrate to spring-boot-starter-data-redis
2019-04-18 13:43:45.906  WARN 7960 --- [restartedMain] .t.AbstractTemplateResolverConfiguration : Cannot find template location: classpath:/templates/ (please add some templates or check your Thymeleaf configuration)
2019-04-18 13:43:47.016  WARN 7960 --- [restartedMain] arterDeprecationWarningAutoConfiguration : spring-boot-starter-redis is deprecated as of Spring Boot 1.4, please migrate to spring-boot-starter-data-redis
2019-04-18 13:45:49.856  WARN 14328 --- [restartedMain] .t.AbstractTemplateResolverConfiguration : Cannot find template location: classpath:/templates/ (please add some templates or check your Thymeleaf configuration)
2019-04-18 13:45:50.316  WARN 14328 --- [restartedMain] arterDeprecationWarningAutoConfiguration : spring-boot-starter-redis is deprecated as of Spring Boot 1.4, please migrate to spring-boot-starter-data-redis
2019-04-18 13:46:14.296  WARN 14328 --- [http-nio-8080-exec-5] .w.s.m.s.DefaultHandlerExceptionResolver : Resolved exception caused by Handler execution: org.springframework.validation.BindException: org.springframework.validation.BeanPropertyBindingResult: 1 errors
Field error in object 'store' on field 'registerTime': rejected value [1554985713000]; codes [typeMismatch.store.registerTime,typeMismatch.registerTime,typeMismatch.java.sql.Timestamp,typeMismatch]; arguments [org.springframework.context.support.DefaultMessageSourceResolvable: codes [store.registerTime,registerTime]; arguments []; default message [registerTime]]; default message [Failed to convert property value of type 'java.lang.String' to required type 'java.sql.Timestamp' for property 'registerTime'; nested exception is org.springframework.core.convert.ConversionFailedException: Failed to convert from type [java.lang.String] to type [java.sql.Timestamp] for value '1554985713000'; nested exception is java.lang.IllegalArgumentException: Timestamp format must be yyyy-mm-dd hh:mm:ss[.fffffffff]]
2019-04-18 13:46:34.746  WARN 14328 --- [http-nio-8080-exec-6] .w.s.m.s.DefaultHandlerExceptionResolver : Resolved exception caused by Handler execution: org.springframework.validation.BindException: org.springframework.validation.BeanPropertyBindingResult: 1 errors
Field error in object 'store' on field 'registerTime': rejected value [1554985713000]; codes [typeMismatch.store.registerTime,typeMismatch.registerTime,typeMismatch.java.sql.Timestamp,typeMismatch]; arguments [org.springframework.context.support.DefaultMessageSourceResolvable: codes [store.registerTime,registerTime]; arguments []; default message [registerTime]]; default message [Failed to convert property value of type 'java.lang.String' to required type 'java.sql.Timestamp' for property 'registerTime'; nested exception is org.springframework.core.convert.ConversionFailedException: Failed to convert from type [java.lang.String] to type [java.sql.Timestamp] for value '1554985713000'; nested exception is java.lang.IllegalArgumentException: Timestamp format must be yyyy-mm-dd hh:mm:ss[.fffffffff]]
2019-04-18 13:55:14.365  WARN 11060 --- [restartedMain] .t.AbstractTemplateResolverConfiguration : Cannot find template location: classpath:/templates/ (please add some templates or check your Thymeleaf configuration)
2019-04-18 13:55:14.869  WARN 11060 --- [restartedMain] arterDeprecationWarningAutoConfiguration : spring-boot-starter-redis is deprecated as of Spring Boot 1.4, please migrate to spring-boot-starter-data-redis
2019-04-18 14:22:02.831  WARN 11060 --- [http-nio-8080-exec-1] o.h.engine.jdbc.spi.SqlExceptionHelper   : SQL Error: 1048, SQLState: 23000
2019-04-18 14:22:04.479  WARN 11060 --- [http-nio-8080-exec-10] o.h.engine.jdbc.spi.SqlExceptionHelper   : SQL Error: 1048, SQLState: 23000
2019-04-18 14:22:04.916  WARN 11060 --- [http-nio-8080-exec-4] o.h.engine.jdbc.spi.SqlExceptionHelper   : SQL Error: 1048, SQLState: 23000
2019-04-18 14:22:05.126  WARN 11060 --- [http-nio-8080-exec-9] o.h.engine.jdbc.spi.SqlExceptionHelper   : SQL Error: 1048, SQLState: 23000
2019-04-18 14:22:06.817  WARN 11060 --- [http-nio-8080-exec-7] o.h.engine.jdbc.spi.SqlExceptionHelper   : SQL Error: 1048, SQLState: 23000
2019-04-18 14:22:07.045  WARN 11060 --- [http-nio-8080-exec-6] o.h.engine.jdbc.spi.SqlExceptionHelper   : SQL Error: 1048, SQLState: 23000
2019-04-18 14:22:07.240  WARN 11060 --- [http-nio-8080-exec-2] o.h.engine.jdbc.spi.SqlExceptionHelper   : SQL Error: 1048, SQLState: 23000
2019-04-18 14:22:07.416  WARN 11060 --- [http-nio-8080-exec-5] o.h.engine.jdbc.spi.SqlExceptionHelper   : SQL Error: 1048, SQLState: 23000
2019-04-18 14:22:07.601  WARN 11060 --- [http-nio-8080-exec-3] o.h.engine.jdbc.spi.SqlExceptionHelper   : SQL Error: 1048, SQLState: 23000
2019-04-18 14:22:07.804  WARN 11060 --- [http-nio-8080-exec-8] o.h.engine.jdbc.spi.SqlExceptionHelper   : SQL Error: 1048, SQLState: 23000
2019-04-18 14:22:08.029  WARN 11060 --- [http-nio-8080-exec-1] o.h.engine.jdbc.spi.SqlExceptionHelper   : SQL Error: 1048, SQLState: 23000
2019-04-18 14:24:40.047  WARN 1028 --- [restartedMain] .t.AbstractTemplateResolverConfiguration : Cannot find template location: classpath:/templates/ (please add some templates or check your Thymeleaf configuration)
2019-04-18 14:24:40.482  WARN 1028 --- [restartedMain] arterDeprecationWarningAutoConfiguration : spring-boot-starter-redis is deprecated as of Spring Boot 1.4, please migrate to spring-boot-starter-data-redis
2019-04-18 14:30:11.258  WARN 13436 --- [restartedMain] .t.AbstractTemplateResolverConfiguration : Cannot find template location: classpath:/templates/ (please add some templates or check your Thymeleaf configuration)
2019-04-18 14:30:11.722  WARN 13436 --- [restartedMain] arterDeprecationWarningAutoConfiguration : spring-boot-starter-redis is deprecated as of Spring Boot 1.4, please migrate to spring-boot-starter-data-redis
2019-04-18 14:31:43.781  WARN 4116 --- [restartedMain] .t.AbstractTemplateResolverConfiguration : Cannot find template location: classpath:/templates/ (please add some templates or check your Thymeleaf configuration)
2019-04-18 14:31:44.368  WARN 4116 --- [restartedMain] arterDeprecationWarningAutoConfiguration : spring-boot-starter-redis is deprecated as of Spring Boot 1.4, please migrate to spring-boot-starter-data-redis
2019-04-18 14:33:18.053  WARN 12340 --- [restartedMain] .t.AbstractTemplateResolverConfiguration : Cannot find template location: classpath:/templates/ (please add some templates or check your Thymeleaf configuration)
2019-04-18 14:33:18.574  WARN 12340 --- [restartedMain] arterDeprecationWarningAutoConfiguration : spring-boot-starter-redis is deprecated as of Spring Boot 1.4, please migrate to spring-boot-starter-data-redis
2019-04-18 14:34:35.629  WARN 8828 --- [restartedMain] .t.AbstractTemplateResolverConfiguration : Cannot find template location: classpath:/templates/ (please add some templates or check your Thymeleaf configuration)
2019-04-18 14:34:36.171  WARN 8828 --- [restartedMain] arterDeprecationWarningAutoConfiguration : spring-boot-starter-redis is deprecated as of Spring Boot 1.4, please migrate to spring-boot-starter-data-redis
2019-04-18 14:41:30.847  WARN 12440 --- [restartedMain] .t.AbstractTemplateResolverConfiguration : Cannot find template location: classpath:/templates/ (please add some templates or check your Thymeleaf configuration)
2019-04-18 14:41:31.301  WARN 12440 --- [restartedMain] arterDeprecationWarningAutoConfiguration : spring-boot-starter-redis is deprecated as of Spring Boot 1.4, please migrate to spring-boot-starter-data-redis
2019-04-18 14:43:56.859  WARN 12812 --- [restartedMain] .t.AbstractTemplateResolverConfiguration : Cannot find template location: classpath:/templates/ (please add some templates or check your Thymeleaf configuration)
2019-04-18 14:43:57.309  WARN 12812 --- [restartedMain] arterDeprecationWarningAutoConfiguration : spring-boot-starter-redis is deprecated as of Spring Boot 1.4, please migrate to spring-boot-starter-data-redis
2019-04-18 14:45:17.384  WARN 4812 --- [restartedMain] .t.AbstractTemplateResolverConfiguration : Cannot find template location: classpath:/templates/ (please add some templates or check your Thymeleaf configuration)
2019-04-18 14:45:17.848  WARN 4812 --- [restartedMain] arterDeprecationWarningAutoConfiguration : spring-boot-starter-redis is deprecated as of Spring Boot 1.4, please migrate to spring-boot-starter-data-redis
2019-04-18 14:46:21.733  WARN 5172 --- [restartedMain] .t.AbstractTemplateResolverConfiguration : Cannot find template location: classpath:/templates/ (please add some templates or check your Thymeleaf configuration)
2019-04-18 14:46:22.203  WARN 5172 --- [restartedMain] arterDeprecationWarningAutoConfiguration : spring-boot-starter-redis is deprecated as of Spring Boot 1.4, please migrate to spring-boot-starter-data-redis
2019-04-18 14:48:00.264  WARN 5172 --- [http-nio-8080-exec-3] net.sf.json.JSONObject                   : Tried to assign property language:java.lang.String to bean of class cn.edkso.candiandian.domain.User
2019-04-18 14:48:00.264  WARN 5172 --- [http-nio-8080-exec-2] net.sf.json.JSONObject                   : Tried to assign property language:java.lang.String to bean of class cn.edkso.candiandian.domain.User
2019-04-18 14:48:00.264  WARN 5172 --- [http-nio-8080-exec-8] net.sf.json.JSONObject                   : Tried to assign property language:java.lang.String to bean of class cn.edkso.candiandian.domain.User
2019-04-18 14:48:01.065  WARN 5172 --- [http-nio-8080-exec-1] net.sf.json.JSONObject                   : Tried to assign property language:java.lang.String to bean of class cn.edkso.candiandian.domain.User
2019-04-18 14:48:44.752  WARN 5172 --- [http-nio-8080-exec-8] net.sf.json.JSONObject                   : Tried to assign property language:java.lang.String to bean of class cn.edkso.candiandian.domain.User
2019-04-18 14:48:44.812  WARN 5172 --- [http-nio-8080-exec-6] net.sf.json.JSONObject                   : Tried to assign property language:java.lang.String to bean of class cn.edkso.candiandian.domain.User
2019-04-18 14:48:50.975  WARN 5172 --- [http-nio-8080-exec-3] net.sf.json.JSONObject                   : Tried to assign property language:java.lang.String to bean of class cn.edkso.candiandian.domain.User
2019-04-18 14:48:53.034  WARN 5172 --- [http-nio-8080-exec-9] net.sf.json.JSONObject                   : Tried to assign property language:java.lang.String to bean of class cn.edkso.candiandian.domain.User
2019-04-18 14:48:58.344  WARN 5172 --- [http-nio-8080-exec-5] net.sf.json.JSONObject                   : Tried to assign property language:java.lang.String to bean of class cn.edkso.candiandian.domain.User
2019-04-18 14:48:59.788  WARN 5172 --- [http-nio-8080-exec-9] net.sf.json.JSONObject                   : Tried to assign property language:java.lang.String to bean of class cn.edkso.candiandian.domain.User
2019-04-18 14:49:00.628  WARN 5172 --- [http-nio-8080-exec-5] net.sf.json.JSONObject                   : Tried to assign property language:java.lang.String to bean of class cn.edkso.candiandian.domain.User
2019-04-18 14:49:04.416  WARN 5172 --- [http-nio-8080-exec-10] net.sf.json.JSONObject                   : Tried to assign property language:java.lang.String to bean of class cn.edkso.candiandian.domain.User
2019-04-18 14:49:13.025  WARN 5172 --- [http-nio-8080-exec-8] net.sf.json.JSONObject                   : Tried to assign property language:java.lang.String to bean of class cn.edkso.candiandian.domain.User
2019-04-18 14:50:27.250  WARN 5172 --- [http-nio-8080-exec-5] net.sf.json.JSONObject                   : Tried to assign property language:java.lang.String to bean of class cn.edkso.candiandian.domain.User
2019-04-18 14:50:27.694  WARN 5172 --- [http-nio-8080-exec-10] net.sf.json.JSONObject                   : Tried to assign property language:java.lang.String to bean of class cn.edkso.candiandian.domain.User
2019-04-18 14:50:57.504  WARN 13024 --- [restartedMain] .t.AbstractTemplateResolverConfiguration : Cannot find template location: classpath:/templates/ (please add some templates or check your Thymeleaf configuration)
2019-04-18 14:50:58.064  WARN 13024 --- [restartedMain] arterDeprecationWarningAutoConfiguration : spring-boot-starter-redis is deprecated as of Spring Boot 1.4, please migrate to spring-boot-starter-data-redis
2019-04-18 14:51:33.016  WARN 14480 --- [restartedMain] .t.AbstractTemplateResolverConfiguration : Cannot find template location: classpath:/templates/ (please add some templates or check your Thymeleaf configuration)
2019-04-18 14:51:33.539  WARN 14480 --- [restartedMain] arterDeprecationWarningAutoConfiguration : spring-boot-starter-redis is deprecated as of Spring Boot 1.4, please migrate to spring-boot-starter-data-redis
2019-04-18 14:53:21.306  WARN 14904 --- [restartedMain] .t.AbstractTemplateResolverConfiguration : Cannot find template location: classpath:/templates/ (please add some templates or check your Thymeleaf configuration)
2019-04-18 14:53:21.784  WARN 14904 --- [restartedMain] arterDeprecationWarningAutoConfiguration : spring-boot-starter-redis is deprecated as of Spring Boot 1.4, please migrate to spring-boot-starter-data-redis
2019-04-18 14:54:50.728  WARN 13124 --- [restartedMain] .t.AbstractTemplateResolverConfiguration : Cannot find template location: classpath:/templates/ (please add some templates or check your Thymeleaf configuration)
2019-04-18 14:54:51.279  WARN 13124 --- [restartedMain] arterDeprecationWarningAutoConfiguration : spring-boot-starter-redis is deprecated as of Spring Boot 1.4, please migrate to spring-boot-starter-data-redis
2019-04-18 14:58:03.231  WARN 13124 --- [http-nio-8080-exec-2] net.sf.json.JSONObject                   : Tried to assign property language:java.lang.String to bean of class cn.edkso.candiandian.domain.User
2019-04-18 14:58:04.075  WARN 13124 --- [http-nio-8080-exec-8] net.sf.json.JSONObject                   : Tried to assign property language:java.lang.String to bean of class cn.edkso.candiandian.domain.User
2019-04-18 14:58:04.568  WARN 13124 --- [http-nio-8080-exec-5] net.sf.json.JSONObject                   : Tried to assign property language:java.lang.String to bean of class cn.edkso.candiandian.domain.User
2019-04-18 14:58:14.385  WARN 13124 --- [http-nio-8080-exec-7] net.sf.json.JSONObject                   : Tried to assign property language:java.lang.String to bean of class cn.edkso.candiandian.domain.User
2019-04-18 15:01:47.453  WARN 13124 --- [http-nio-8080-exec-9] net.sf.json.JSONObject                   : Tried to assign property language:java.lang.String to bean of class cn.edkso.candiandian.domain.User
2019-04-18 16:04:42.547  WARN 13136 --- [restartedMain] .t.AbstractTemplateResolverConfiguration : Cannot find template location: classpath:/templates/ (please add some templates or check your Thymeleaf configuration)
2019-04-18 16:04:43.008  WARN 13136 --- [restartedMain] arterDeprecationWarningAutoConfiguration : spring-boot-starter-redis is deprecated as of Spring Boot 1.4, please migrate to spring-boot-starter-data-redis
2019-04-18 16:06:35.035  WARN 14432 --- [restartedMain] .t.AbstractTemplateResolverConfiguration : Cannot find template location: classpath:/templates/ (please add some templates or check your Thymeleaf configuration)
2019-04-18 16:06:35.489  WARN 14432 --- [restartedMain] arterDeprecationWarningAutoConfiguration : spring-boot-starter-redis is deprecated as of Spring Boot 1.4, please migrate to spring-boot-starter-data-redis
2019-04-18 16:23:52.949  WARN 9300 --- [restartedMain] .t.AbstractTemplateResolverConfiguration : Cannot find template location: classpath:/templates/ (please add some templates or check your Thymeleaf configuration)
2019-04-18 16:23:53.412  WARN 9300 --- [restartedMain] arterDeprecationWarningAutoConfiguration : spring-boot-starter-redis is deprecated as of Spring Boot 1.4, please migrate to spring-boot-starter-data-redis
2019-04-18 16:27:14.658  WARN 3292 --- [restartedMain] .t.AbstractTemplateResolverConfiguration : Cannot find template location: classpath:/templates/ (please add some templates or check your Thymeleaf configuration)
2019-04-18 16:27:15.153  WARN 3292 --- [restartedMain] arterDeprecationWarningAutoConfiguration : spring-boot-starter-redis is deprecated as of Spring Boot 1.4, please migrate to spring-boot-starter-data-redis
2019-04-18 16:28:50.411  WARN 4956 --- [restartedMain] .t.AbstractTemplateResolverConfiguration : Cannot find template location: classpath:/templates/ (please add some templates or check your Thymeleaf configuration)
2019-04-18 16:28:50.869  WARN 4956 --- [restartedMain] arterDeprecationWarningAutoConfiguration : spring-boot-starter-redis is deprecated as of Spring Boot 1.4, please migrate to spring-boot-starter-data-redis
2019-04-18 16:30:26.503  WARN 12992 --- [restartedMain] .t.AbstractTemplateResolverConfiguration : Cannot find template location: classpath:/templates/ (please add some templates or check your Thymeleaf configuration)
2019-04-18 16:30:26.978  WARN 12992 --- [restartedMain] arterDeprecationWarningAutoConfiguration : spring-boot-starter-redis is deprecated as of Spring Boot 1.4, please migrate to spring-boot-starter-data-redis
2019-04-18 16:34:03.924  WARN 13800 --- [restartedMain] .t.AbstractTemplateResolverConfiguration : Cannot find template location: classpath:/templates/ (please add some templates or check your Thymeleaf configuration)
2019-04-18 16:34:04.392  WARN 13800 --- [restartedMain] arterDeprecationWarningAutoConfiguration : spring-boot-starter-redis is deprecated as of Spring Boot 1.4, please migrate to spring-boot-starter-data-redis
2019-04-18 16:35:25.963  WARN 1676 --- [restartedMain] .t.AbstractTemplateResolverConfiguration : Cannot find template location: classpath:/templates/ (please add some templates or check your Thymeleaf configuration)
2019-04-18 16:35:26.413  WARN 1676 --- [restartedMain] arterDeprecationWarningAutoConfiguration : spring-boot-starter-redis is deprecated as of Spring Boot 1.4, please migrate to spring-boot-starter-data-redis
2019-04-18 16:38:26.207  WARN 14808 --- [restartedMain] .t.AbstractTemplateResolverConfiguration : Cannot find template location: classpath:/templates/ (please add some templates or check your Thymeleaf configuration)
2019-04-18 16:38:26.667  WARN 14808 --- [restartedMain] arterDeprecationWarningAutoConfiguration : spring-boot-starter-redis is deprecated as of Spring Boot 1.4, please migrate to spring-boot-starter-data-redis
2019-04-18 16:38:50.899  WARN 6312 --- [restartedMain] .t.AbstractTemplateResolverConfiguration : Cannot find template location: classpath:/templates/ (please add some templates or check your Thymeleaf configuration)
2019-04-18 16:38:51.353  WARN 6312 --- [restartedMain] arterDeprecationWarningAutoConfiguration : spring-boot-starter-redis is deprecated as of Spring Boot 1.4, please migrate to spring-boot-starter-data-redis
2019-04-18 16:39:58.413  WARN 2920 --- [restartedMain] .t.AbstractTemplateResolverConfiguration : Cannot find template location: classpath:/templates/ (please add some templates or check your Thymeleaf configuration)
2019-04-18 16:39:58.892  WARN 2920 --- [restartedMain] arterDeprecationWarningAutoConfiguration : spring-boot-starter-redis is deprecated as of Spring Boot 1.4, please migrate to spring-boot-starter-data-redis
2019-04-18 16:40:46.722  WARN 13852 --- [restartedMain] .t.AbstractTemplateResolverConfiguration : Cannot find template location: classpath:/templates/ (please add some templates or check your Thymeleaf configuration)
2019-04-18 16:40:47.210  WARN 13852 --- [restartedMain] arterDeprecationWarningAutoConfiguration : spring-boot-starter-redis is deprecated as of Spring Boot 1.4, please migrate to spring-boot-starter-data-redis
2019-04-18 16:43:18.039  WARN 10760 --- [restartedMain] .t.AbstractTemplateResolverConfiguration : Cannot find template location: classpath:/templates/ (please add some templates or check your Thymeleaf configuration)
2019-04-18 16:43:18.480  WARN 10760 --- [restartedMain] arterDeprecationWarningAutoConfiguration : spring-boot-starter-redis is deprecated as of Spring Boot 1.4, please migrate to spring-boot-starter-data-redis
2019-04-18 17:30:00.154  WARN 10760 --- [http-nio-8080-exec-5] net.sf.json.JSONObject                   : Tried to assign property language:java.lang.String to bean of class cn.edkso.candiandian.domain.User
2019-04-18 17:30:00.154  WARN 10760 --- [http-nio-8080-exec-2] net.sf.json.JSONObject                   : Tried to assign property language:java.lang.String to bean of class cn.edkso.candiandian.domain.User
2019-04-18 17:30:05.566  WARN 10760 --- [http-nio-8080-exec-7] net.sf.json.JSONObject                   : Tried to assign property language:java.lang.String to bean of class cn.edkso.candiandian.domain.User
2019-04-18 17:31:09.765  WARN 10760 --- [http-nio-8080-exec-6] net.sf.json.JSONObject                   : Tried to assign property language:java.lang.String to bean of class cn.edkso.candiandian.domain.User
2019-04-18 17:40:18.245  WARN 10760 --- [http-nio-8080-exec-10] o.s.web.servlet.PageNotFound             : Request method 'GET' not supported
2019-04-18 17:40:18.377  WARN 10760 --- [http-nio-8080-exec-10] .w.s.m.s.DefaultHandlerExceptionResolver : Resolved exception caused by Handler execution: org.springframework.web.HttpRequestMethodNotSupportedException: Request method 'GET' not supported
2019-04-18 17:40:36.462  WARN 14332 --- [restartedMain] .t.AbstractTemplateResolverConfiguration : Cannot find template location: classpath:/templates/ (please add some templates or check your Thymeleaf configuration)
2019-04-18 17:40:36.952  WARN 14332 --- [restartedMain] arterDeprecationWarningAutoConfiguration : spring-boot-starter-redis is deprecated as of Spring Boot 1.4, please migrate to spring-boot-starter-data-redis
2019-04-18 17:45:42.420  WARN 14332 --- [http-nio-8080-exec-10] net.sf.json.JSONObject                   : Tried to assign property language:java.lang.String to bean of class cn.edkso.candiandian.domain.User
2019-04-18 17:45:42.420  WARN 14332 --- [http-nio-8080-exec-8] net.sf.json.JSONObject                   : Tried to assign property language:java.lang.String to bean of class cn.edkso.candiandian.domain.User
2019-04-18 17:45:43.534  WARN 14332 --- [http-nio-8080-exec-6] net.sf.json.JSONObject                   : Tried to assign property language:java.lang.String to bean of class cn.edkso.candiandian.domain.User
2019-04-18 17:46:55.146  WARN 14332 --- [http-nio-8080-exec-6] net.sf.json.JSONObject                   : Tried to assign property language:java.lang.String to bean of class cn.edkso.candiandian.domain.User
2019-04-18 17:46:57.354  WARN 14332 --- [http-nio-8080-exec-3] net.sf.json.JSONObject                   : Tried to assign property language:java.lang.String to bean of class cn.edkso.candiandian.domain.User
2019-04-18 17:47:03.516  WARN 14332 --- [http-nio-8080-exec-2] net.sf.json.JSONObject                   : Tried to assign property language:java.lang.String to bean of class cn.edkso.candiandian.domain.User
2019-04-18 17:47:08.280  WARN 14332 --- [http-nio-8080-exec-1] net.sf.json.JSONObject                   : Tried to assign property language:java.lang.String to bean of class cn.edkso.candiandian.domain.User
2019-04-18 17:47:11.035  WARN 14332 --- [http-nio-8080-exec-8] net.sf.json.JSONObject                   : Tried to assign property language:java.lang.String to bean of class cn.edkso.candiandian.domain.User
2019-04-18 17:49:06.796  WARN 14332 --- [http-nio-8080-exec-8] net.sf.json.JSONObject                   : Tried to assign property language:java.lang.String to bean of class cn.edkso.candiandian.domain.User
2019-04-18 17:49:53.597  WARN 14332 --- [http-nio-8080-exec-4] net.sf.json.JSONObject                   : Tried to assign property language:java.lang.String to bean of class cn.edkso.candiandian.domain.User
2019-04-18 17:49:53.765  WARN 14332 --- [http-nio-8080-exec-1] net.sf.json.JSONObject                   : Tried to assign property language:java.lang.String to bean of class cn.edkso.candiandian.domain.User
2019-04-18 17:51:38.605  WARN 14332 --- [http-nio-8080-exec-3] net.sf.json.JSONObject                   : Tried to assign property language:java.lang.String to bean of class cn.edkso.candiandian.domain.User
2019-04-18 17:51:40.595  WARN 14332 --- [http-nio-8080-exec-9] net.sf.json.JSONObject                   : Tried to assign property language:java.lang.String to bean of class cn.edkso.candiandian.domain.User
2019-04-18 19:40:41.073  WARN 14332 --- [http-nio-8080-exec-5] net.sf.json.JSONObject                   : Tried to assign property language:java.lang.String to bean of class cn.edkso.candiandian.domain.User
2019-04-18 19:40:41.191  WARN 14332 --- [http-nio-8080-exec-8] net.sf.json.JSONObject                   : Tried to assign property language:java.lang.String to bean of class cn.edkso.candiandian.domain.User
2019-04-18 19:40:43.479  WARN 14332 --- [http-nio-8080-exec-10] net.sf.json.JSONObject                   : Tried to assign property language:java.lang.String to bean of class cn.edkso.candiandian.domain.User
2019-04-18 19:41:53.903  WARN 14332 --- [http-nio-8080-exec-10] net.sf.json.JSONObject                   : Tried to assign property language:java.lang.String to bean of class cn.edkso.candiandian.domain.User
2019-04-18 19:41:54.070  WARN 14332 --- [http-nio-8080-exec-6] net.sf.json.JSONObject                   : Tried to assign property language:java.lang.String to bean of class cn.edkso.candiandian.domain.User
2019-04-18 19:42:27.809  WARN 14332 --- [http-nio-8080-exec-5] net.sf.json.JSONObject                   : Tried to assign property language:java.lang.String to bean of class cn.edkso.candiandian.domain.User
2019-04-18 19:42:28.201  WARN 14332 --- [http-nio-8080-exec-8] net.sf.json.JSONObject                   : Tried to assign property language:java.lang.String to bean of class cn.edkso.candiandian.domain.User
2019-04-18 19:43:15.238  WARN 5840 --- [restartedMain] .t.AbstractTemplateResolverConfiguration : Cannot find template location: classpath:/templates/ (please add some templates or check your Thymeleaf configuration)
2019-04-18 19:43:15.778  WARN 5840 --- [restartedMain] arterDeprecationWarningAutoConfiguration : spring-boot-starter-redis is deprecated as of Spring Boot 1.4, please migrate to spring-boot-starter-data-redis
2019-04-18 19:44:10.651  WARN 5840 --- [http-nio-8080-exec-5] net.sf.json.JSONObject                   : Tried to assign property language:java.lang.String to bean of class cn.edkso.candiandian.domain.User
2019-04-18 19:44:12.334  WARN 5840 --- [http-nio-8080-exec-3] net.sf.json.JSONObject                   : Tried to assign property language:java.lang.String to bean of class cn.edkso.candiandian.domain.User
2019-04-18 19:45:05.746  WARN 5840 --- [http-nio-8080-exec-7] net.sf.json.JSONObject                   : Tried to assign property language:java.lang.String to bean of class cn.edkso.candiandian.domain.User
2019-04-18 19:46:24.149  WARN 11344 --- [restartedMain] .t.AbstractTemplateResolverConfiguration : Cannot find template location: classpath:/templates/ (please add some templates or check your Thymeleaf configuration)
2019-04-18 19:46:24.593  WARN 11344 --- [restartedMain] arterDeprecationWarningAutoConfiguration : spring-boot-starter-redis is deprecated as of Spring Boot 1.4, please migrate to spring-boot-starter-data-redis
2019-04-18 19:46:47.741  WARN 11344 --- [http-nio-8080-exec-1] net.sf.json.JSONObject                   : Tried to assign property language:java.lang.String to bean of class cn.edkso.candiandian.domain.User
2019-04-18 19:46:51.046  WARN 11344 --- [http-nio-8080-exec-3] net.sf.json.JSONObject                   : Tried to assign property language:java.lang.String to bean of class cn.edkso.candiandian.domain.User
2019-04-18 19:51:41.134  WARN 11344 --- [http-nio-8080-exec-7] net.sf.json.JSONObject                   : Tried to assign property language:java.lang.String to bean of class cn.edkso.candiandian.domain.User
2019-04-18 19:51:41.224  WARN 11344 --- [http-nio-8080-exec-8] net.sf.json.JSONObject                   : Tried to assign property language:java.lang.String to bean of class cn.edkso.candiandian.domain.User
2019-04-18 19:51:52.971  WARN 11344 --- [http-nio-8080-exec-3] net.sf.json.JSONObject                   : Tried to assign property language:java.lang.String to bean of class cn.edkso.candiandian.domain.User
2019-04-18 19:51:52.994  WARN 11344 --- [http-nio-8080-exec-4] net.sf.json.JSONObject                   : Tried to assign property language:java.lang.String to bean of class cn.edkso.candiandian.domain.User
2019-04-18 19:52:05.665  WARN 11344 --- [http-nio-8080-exec-2] net.sf.json.JSONObject                   : Tried to assign property language:java.lang.String to bean of class cn.edkso.candiandian.domain.User
2019-04-18 19:52:06.639  WARN 11344 --- [http-nio-8080-exec-1] net.sf.json.JSONObject                   : Tried to assign property language:java.lang.String to bean of class cn.edkso.candiandian.domain.User
2019-04-18 20:08:06.721  WARN 11344 --- [http-nio-8080-exec-3] net.sf.json.JSONObject                   : Tried to assign property language:java.lang.String to bean of class cn.edkso.candiandian.domain.User
2019-04-18 20:08:07.569  WARN 11344 --- [http-nio-8080-exec-1] net.sf.json.JSONObject                   : Tried to assign property language:java.lang.String to bean of class cn.edkso.candiandian.domain.User
2019-04-18 20:09:16.846  WARN 11344 --- [http-nio-8080-exec-3] net.sf.json.JSONObject                   : Tried to assign property language:java.lang.String to bean of class cn.edkso.candiandian.domain.User
2019-04-18 20:09:26.823  WARN 11344 --- [http-nio-8080-exec-2] net.sf.json.JSONObject                   : Tried to assign property language:java.lang.String to bean of class cn.edkso.candiandian.domain.User
2019-04-18 20:09:46.936  WARN 11344 --- [http-nio-8080-exec-6] net.sf.json.JSONObject                   : Tried to assign property language:java.lang.String to bean of class cn.edkso.candiandian.domain.User
2019-04-18 20:09:47.875  WARN 11344 --- [http-nio-8080-exec-10] net.sf.json.JSONObject                   : Tried to assign property language:java.lang.String to bean of class cn.edkso.candiandian.domain.User
2019-04-18 20:09:57.934  WARN 11344 --- [http-nio-8080-exec-3] net.sf.json.JSONObject                   : Tried to assign property language:java.lang.String to bean of class cn.edkso.candiandian.domain.User
2019-04-18 20:17:18.323  WARN 11344 --- [http-nio-8080-exec-4] net.sf.json.JSONObject                   : Tried to assign property language:java.lang.String to bean of class cn.edkso.candiandian.domain.User
2019-04-18 20:26:21.506  WARN 11344 --- [http-nio-8080-exec-4] net.sf.json.JSONObject                   : Tried to assign property language:java.lang.String to bean of class cn.edkso.candiandian.domain.User
2019-04-18 20:26:21.646  WARN 11344 --- [http-nio-8080-exec-10] net.sf.json.JSONObject                   : Tried to assign property language:java.lang.String to bean of class cn.edkso.candiandian.domain.User
2019-04-18 20:27:20.032  WARN 11344 --- [http-nio-8080-exec-1] net.sf.json.JSONObject                   : Tried to assign property language:java.lang.String to bean of class cn.edkso.candiandian.domain.User
2019-04-18 20:27:20.116  WARN 11344 --- [http-nio-8080-exec-8] net.sf.json.JSONObject                   : Tried to assign property language:java.lang.String to bean of class cn.edkso.candiandian.domain.User
2019-04-18 20:32:17.506  WARN 11344 --- [http-nio-8080-exec-10] net.sf.json.JSONObject                   : Tried to assign property language:java.lang.String to bean of class cn.edkso.candiandian.domain.User
2019-04-18 20:34:09.271  WARN 11344 --- [http-nio-8080-exec-5] net.sf.json.JSONObject                   : Tried to assign property language:java.lang.String to bean of class cn.edkso.candiandian.domain.User
2019-04-18 20:34:25.367  WARN 11344 --- [http-nio-8080-exec-3] net.sf.json.JSONObject                   : Tried to assign property language:java.lang.String to bean of class cn.edkso.candiandian.domain.User
2019-04-18 20:35:45.420  WARN 11344 --- [http-nio-8080-exec-8] net.sf.json.JSONObject                   : Tried to assign property language:java.lang.String to bean of class cn.edkso.candiandian.domain.User
2019-04-18 20:35:49.493  WARN 11344 --- [http-nio-8080-exec-1] net.sf.json.JSONObject                   : Tried to assign property language:java.lang.String to bean of class cn.edkso.candiandian.domain.User
2019-04-18 20:37:13.589  WARN 11344 --- [http-nio-8080-exec-4] net.sf.json.JSONObject                   : Tried to assign property language:java.lang.String to bean of class cn.edkso.candiandian.domain.User
2019-04-18 20:37:15.523  WARN 11344 --- [http-nio-8080-exec-10] net.sf.json.JSONObject                   : Tried to assign property language:java.lang.String to bean of class cn.edkso.candiandian.domain.User
2019-04-18 20:37:19.658  WARN 11344 --- [http-nio-8080-exec-9] net.sf.json.JSONObject                   : Tried to assign property language:java.lang.String to bean of class cn.edkso.candiandian.domain.User
2019-04-18 20:37:19.845  WARN 11344 --- [http-nio-8080-exec-6] net.sf.json.JSONObject                   : Tried to assign property language:java.lang.String to bean of class cn.edkso.candiandian.domain.User
2019-04-18 20:38:16.134  WARN 11344 --- [http-nio-8080-exec-4] net.sf.json.JSONObject                   : Tried to assign property language:java.lang.String to bean of class cn.edkso.candiandian.domain.User
2019-04-18 20:38:16.175  WARN 11344 --- [http-nio-8080-exec-10] net.sf.json.JSONObject                   : Tried to assign property language:java.lang.String to bean of class cn.edkso.candiandian.domain.User
2019-04-18 20:38:29.953  WARN 11344 --- [http-nio-8080-exec-2] net.sf.json.JSONObject                   : Tried to assign property language:java.lang.String to bean of class cn.edkso.candiandian.domain.User
2019-04-18 20:38:31.290  WARN 11344 --- [http-nio-8080-exec-6] net.sf.json.JSONObject                   : Tried to assign property language:java.lang.String to bean of class cn.edkso.candiandian.domain.User
2019-04-18 20:38:32.657  WARN 11344 --- [http-nio-8080-exec-8] net.sf.json.JSONObject                   : Tried to assign property language:java.lang.String to bean of class cn.edkso.candiandian.domain.User
2019-04-18 20:38:34.218  WARN 11344 --- [http-nio-8080-exec-6] net.sf.json.JSONObject                   : Tried to assign property language:java.lang.String to bean of class cn.edkso.candiandian.domain.User
2019-04-18 20:38:36.139  WARN 11344 --- [http-nio-8080-exec-8] net.sf.json.JSONObject                   : Tried to assign property language:java.lang.String to bean of class cn.edkso.candiandian.domain.User
2019-04-18 20:38:37.917  WARN 11344 --- [http-nio-8080-exec-2] net.sf.json.JSONObject                   : Tried to assign property language:java.lang.String to bean of class cn.edkso.candiandian.domain.User
2019-04-18 20:39:53.636  WARN 11344 --- [http-nio-8080-exec-2] net.sf.json.JSONObject                   : Tried to assign property language:java.lang.String to bean of class cn.edkso.candiandian.domain.User
2019-04-18 20:45:34.064  WARN 7028 --- [restartedMain] .t.AbstractTemplateResolverConfiguration : Cannot find template location: classpath:/templates/ (please add some templates or check your Thymeleaf configuration)
2019-04-18 20:45:34.586  WARN 7028 --- [restartedMain] arterDeprecationWarningAutoConfiguration : spring-boot-starter-redis is deprecated as of Spring Boot 1.4, please migrate to spring-boot-starter-data-redis
2019-04-18 20:48:30.450  WARN 14380 --- [restartedMain] .t.AbstractTemplateResolverConfiguration : Cannot find template location: classpath:/templates/ (please add some templates or check your Thymeleaf configuration)
2019-04-18 20:48:30.903  WARN 14380 --- [restartedMain] arterDeprecationWarningAutoConfiguration : spring-boot-starter-redis is deprecated as of Spring Boot 1.4, please migrate to spring-boot-starter-data-redis
2019-04-18 20:58:56.186  WARN 12644 --- [restartedMain] .t.AbstractTemplateResolverConfiguration : Cannot find template location: classpath:/templates/ (please add some templates or check your Thymeleaf configuration)
2019-04-18 20:58:56.744  WARN 12644 --- [restartedMain] arterDeprecationWarningAutoConfiguration : spring-boot-starter-redis is deprecated as of Spring Boot 1.4, please migrate to spring-boot-starter-data-redis
2019-04-18 21:09:42.642  WARN 11220 --- [restartedMain] .t.AbstractTemplateResolverConfiguration : Cannot find template location: classpath:/templates/ (please add some templates or check your Thymeleaf configuration)
2019-04-18 21:09:43.153  WARN 11220 --- [restartedMain] arterDeprecationWarningAutoConfiguration : spring-boot-starter-redis is deprecated as of Spring Boot 1.4, please migrate to spring-boot-starter-data-redis
2019-04-18 21:12:31.423  WARN 12420 --- [restartedMain] .t.AbstractTemplateResolverConfiguration : Cannot find template location: classpath:/templates/ (please add some templates or check your Thymeleaf configuration)
2019-04-18 21:12:31.960  WARN 12420 --- [restartedMain] arterDeprecationWarningAutoConfiguration : spring-boot-starter-redis is deprecated as of Spring Boot 1.4, please migrate to spring-boot-starter-data-redis
2019-04-18 21:17:49.925  WARN 12420 --- [http-nio-8080-exec-1] net.sf.json.JSONObject                   : Tried to assign property language:java.lang.String to bean of class cn.edkso.candiandian.domain.User
2019-04-18 21:17:49.925  WARN 12420 --- [http-nio-8080-exec-10] net.sf.json.JSONObject                   : Tried to assign property language:java.lang.String to bean of class cn.edkso.candiandian.domain.User
2019-04-18 21:18:00.390  WARN 12420 --- [http-nio-8080-exec-2] net.sf.json.JSONObject                   : Tried to assign property language:java.lang.String to bean of class cn.edkso.candiandian.domain.User
2019-04-18 21:18:03.937  WARN 12420 --- [http-nio-8080-exec-3] net.sf.json.JSONObject                   : Tried to assign property language:java.lang.String to bean of class cn.edkso.candiandian.domain.User
2019-04-18 21:18:19.415  WARN 12420 --- [http-nio-8080-exec-4] net.sf.json.JSONObject                   : Tried to assign property language:java.lang.String to bean of class cn.edkso.candiandian.domain.User
2019-04-18 21:18:21.048  WARN 12420 --- [http-nio-8080-exec-1] net.sf.json.JSONObject                   : Tried to assign property language:java.lang.String to bean of class cn.edkso.candiandian.domain.User
2019-04-18 21:18:23.131  WARN 12420 --- [http-nio-8080-exec-7] net.sf.json.JSONObject                   : Tried to assign property language:java.lang.String to bean of class cn.edkso.candiandian.domain.User
2019-04-18 21:18:24.828  WARN 12420 --- [http-nio-8080-exec-4] net.sf.json.JSONObject                   : Tried to assign property language:java.lang.String to bean of class cn.edkso.candiandian.domain.User
2019-04-18 21:18:26.525  WARN 12420 --- [http-nio-8080-exec-2] net.sf.json.JSONObject                   : Tried to assign property language:java.lang.String to bean of class cn.edkso.candiandian.domain.User
2019-04-18 21:18:27.602  WARN 12420 --- [http-nio-8080-exec-9] net.sf.json.JSONObject                   : Tried to assign property language:java.lang.String to bean of class cn.edkso.candiandian.domain.User
2019-04-18 21:18:29.362  WARN 12420 --- [http-nio-8080-exec-1] net.sf.json.JSONObject                   : Tried to assign property language:java.lang.String to bean of class cn.edkso.candiandian.domain.User
2019-04-18 21:18:30.930  WARN 12420 --- [http-nio-8080-exec-3] net.sf.json.JSONObject                   : Tried to assign property language:java.lang.String to bean of class cn.edkso.candiandian.domain.User
2019-04-18 21:22:07.893  WARN 12420 --- [http-nio-8080-exec-8] net.sf.json.JSONObject                   : Tried to assign property language:java.lang.String to bean of class cn.edkso.candiandian.domain.User
2019-04-18 21:22:28.920  WARN 12420 --- [http-nio-8080-exec-2] net.sf.json.JSONObject                   : Tried to assign property language:java.lang.String to bean of class cn.edkso.candiandian.domain.User
2019-04-18 21:22:29.009  WARN 12420 --- [http-nio-8080-exec-4] net.sf.json.JSONObject                   : Tried to assign property language:java.lang.String to bean of class cn.edkso.candiandian.domain.User
2019-04-18 21:22:38.402  WARN 12420 --- [http-nio-8080-exec-4] net.sf.json.JSONObject                   : Tried to assign property language:java.lang.String to bean of class cn.edkso.candiandian.domain.User
2019-04-18 21:22:38.593  WARN 12420 --- [http-nio-8080-exec-5] net.sf.json.JSONObject                   : Tried to assign property language:java.lang.String to bean of class cn.edkso.candiandian.domain.User
2019-04-18 21:30:38.050  WARN 6304 --- [restartedMain] .t.AbstractTemplateResolverConfiguration : Cannot find template location: classpath:/templates/ (please add some templates or check your Thymeleaf configuration)
2019-04-18 21:30:38.567  WARN 6304 --- [restartedMain] arterDeprecationWarningAutoConfiguration : spring-boot-starter-redis is deprecated as of Spring Boot 1.4, please migrate to spring-boot-starter-data-redis
2019-04-18 21:33:47.206  WARN 11208 --- [restartedMain] .t.AbstractTemplateResolverConfiguration : Cannot find template location: classpath:/templates/ (please add some templates or check your Thymeleaf configuration)
2019-04-18 21:33:47.741  WARN 11208 --- [restartedMain] arterDeprecationWarningAutoConfiguration : spring-boot-starter-redis is deprecated as of Spring Boot 1.4, please migrate to spring-boot-starter-data-redis
2019-04-18 21:35:30.570  WARN 432 --- [restartedMain] .t.AbstractTemplateResolverConfiguration : Cannot find template location: classpath:/templates/ (please add some templates or check your Thymeleaf configuration)
2019-04-18 21:35:31.089  WARN 432 --- [restartedMain] arterDeprecationWarningAutoConfiguration : spring-boot-starter-redis is deprecated as of Spring Boot 1.4, please migrate to spring-boot-starter-data-redis
2019-04-18 21:38:18.130  WARN 14272 --- [restartedMain] .t.AbstractTemplateResolverConfiguration : Cannot find template location: classpath:/templates/ (please add some templates or check your Thymeleaf configuration)
2019-04-18 21:38:18.599  WARN 14272 --- [restartedMain] arterDeprecationWarningAutoConfiguration : spring-boot-starter-redis is deprecated as of Spring Boot 1.4, please migrate to spring-boot-starter-data-redis
2019-04-18 21:43:10.949  WARN 10548 --- [restartedMain] .t.AbstractTemplateResolverConfiguration : Cannot find template location: classpath:/templates/ (please add some templates or check your Thymeleaf configuration)
2019-04-18 21:43:11.471  WARN 10548 --- [restartedMain] arterDeprecationWarningAutoConfiguration : spring-boot-starter-redis is deprecated as of Spring Boot 1.4, please migrate to spring-boot-starter-data-redis
2019-04-18 21:46:19.282  WARN 14984 --- [restartedMain] .t.AbstractTemplateResolverConfiguration : Cannot find template location: classpath:/templates/ (please add some templates or check your Thymeleaf configuration)
2019-04-18 21:46:19.764  WARN 14984 --- [restartedMain] arterDeprecationWarningAutoConfiguration : spring-boot-starter-redis is deprecated as of Spring Boot 1.4, please migrate to spring-boot-starter-data-redis
2019-04-18 21:50:47.530  WARN 1572 --- [restartedMain] .t.AbstractTemplateResolverConfiguration : Cannot find template location: classpath:/templates/ (please add some templates or check your Thymeleaf configuration)
2019-04-18 21:50:48.065  WARN 1572 --- [restartedMain] arterDeprecationWarningAutoConfiguration : spring-boot-starter-redis is deprecated as of Spring Boot 1.4, please migrate to spring-boot-starter-data-redis
2019-04-18 22:00:43.474  WARN 12732 --- [restartedMain] .t.AbstractTemplateResolverConfiguration : Cannot find template location: classpath:/templates/ (please add some templates or check your Thymeleaf configuration)
2019-04-18 22:00:43.937  WARN 12732 --- [restartedMain] arterDeprecationWarningAutoConfiguration : spring-boot-starter-redis is deprecated as of Spring Boot 1.4, please migrate to spring-boot-starter-data-redis
2019-04-18 22:04:36.168  WARN 13540 --- [restartedMain] .t.AbstractTemplateResolverConfiguration : Cannot find template location: classpath:/templates/ (please add some templates or check your Thymeleaf configuration)
2019-04-18 22:04:36.660  WARN 13540 --- [restartedMain] arterDeprecationWarningAutoConfiguration : spring-boot-starter-redis is deprecated as of Spring Boot 1.4, please migrate to spring-boot-starter-data-redis
2019-04-18 22:06:45.614  WARN 12980 --- [restartedMain] .t.AbstractTemplateResolverConfiguration : Cannot find template location: classpath:/templates/ (please add some templates or check your Thymeleaf configuration)
2019-04-18 22:06:46.133  WARN 12980 --- [restartedMain] arterDeprecationWarningAutoConfiguration : spring-boot-starter-redis is deprecated as of Spring Boot 1.4, please migrate to spring-boot-starter-data-redis
2019-04-18 22:08:38.582  WARN 13832 --- [restartedMain] .t.AbstractTemplateResolverConfiguration : Cannot find template location: classpath:/templates/ (please add some templates or check your Thymeleaf configuration)
2019-04-18 22:08:39.080  WARN 13832 --- [restartedMain] arterDeprecationWarningAutoConfiguration : spring-boot-starter-redis is deprecated as of Spring Boot 1.4, please migrate to spring-boot-starter-data-redis
2019-04-18 22:09:00.005  WARN 8812 --- [restartedMain] .t.AbstractTemplateResolverConfiguration : Cannot find template location: classpath:/templates/ (please add some templates or check your Thymeleaf configuration)
2019-04-18 22:09:00.530  WARN 8812 --- [restartedMain] arterDeprecationWarningAutoConfiguration : spring-boot-starter-redis is deprecated as of Spring Boot 1.4, please migrate to spring-boot-starter-data-redis
2019-04-18 22:09:08.883  WARN 8812 --- [http-nio-8080-exec-4] .w.s.m.s.DefaultHandlerExceptionResolver : Resolved exception caused by Handler execution: org.springframework.web.bind.MissingServletRequestParameterException: Required Integer parameter 'page' is not present
2019-04-18 22:14:37.055  WARN 8812 --- [http-nio-8080-exec-10] net.sf.json.JSONObject                   : Tried to assign property language:java.lang.String to bean of class cn.edkso.candiandian.domain.User
2019-04-18 22:14:45.708  WARN 8812 --- [http-nio-8080-exec-8] net.sf.json.JSONObject                   : Tried to assign property language:java.lang.String to bean of class cn.edkso.candiandian.domain.User
2019-04-18 22:14:54.233  WARN 8812 --- [http-nio-8080-exec-9] net.sf.json.JSONObject                   : Tried to assign property language:java.lang.String to bean of class cn.edkso.candiandian.domain.User
2019-04-18 22:22:36.507  WARN 8812 --- [http-nio-8080-exec-1] net.sf.json.JSONObject                   : Tried to assign property language:java.lang.String to bean of class cn.edkso.candiandian.domain.User
2019-04-18 22:22:36.540  WARN 8812 --- [http-nio-8080-exec-10] net.sf.json.JSONObject                   : Tried to assign property language:java.lang.String to bean of class cn.edkso.candiandian.domain.User
2019-04-18 22:22:44.761  WARN 8812 --- [http-nio-8080-exec-8] net.sf.json.JSONObject                   : Tried to assign property language:java.lang.String to bean of class cn.edkso.candiandian.domain.User
2019-04-18 22:53:43.873  WARN 16212 --- [restartedMain] .t.AbstractTemplateResolverConfiguration : Cannot find template location: classpath:/templates/ (please add some templates or check your Thymeleaf configuration)
2019-04-18 22:53:44.354  WARN 16212 --- [restartedMain] arterDeprecationWarningAutoConfiguration : spring-boot-starter-redis is deprecated as of Spring Boot 1.4, please migrate to spring-boot-starter-data-redis
2019-04-18 23:12:28.483  WARN 12920 --- [restartedMain] .t.AbstractTemplateResolverConfiguration : Cannot find template location: classpath:/templates/ (please add some templates or check your Thymeleaf configuration)
2019-04-18 23:12:28.980  WARN 12920 --- [restartedMain] arterDeprecationWarningAutoConfiguration : spring-boot-starter-redis is deprecated as of Spring Boot 1.4, please migrate to spring-boot-starter-data-redis
2019-04-18 23:18:32.193  WARN 4500 --- [restartedMain] .t.AbstractTemplateResolverConfiguration : Cannot find template location: classpath:/templates/ (please add some templates or check your Thymeleaf configuration)
2019-04-18 23:18:32.681  WARN 4500 --- [restartedMain] arterDeprecationWarningAutoConfiguration : spring-boot-starter-redis is deprecated as of Spring Boot 1.4, please migrate to spring-boot-starter-data-redis
